#
# A fatal error has been detected by the Java Runtime Environment:
#
#  SIGSEGV (0xb) at pc=0x0000000040564c9d, pid=9714, tid=140134961239808
#
# JRE version: 7.0_09
# Java VM: OpenJDK 64-Bit Server VM (23.2-b09 mixed mode linux-amd64 compressed oops)
# Problematic frame:
# C  0x0000000040564c9d
#
# Failed to write core dump. Core dumps have been disabled. To enable core dumping, try "ulimit -c unlimited" before starting Java again
#
# If you would like to submit a bug report, please include
# instructions on how to reproduce the bug and visit:
#   http://icedtea.classpath.org/bugzilla
# The crash happened outside the Java Virtual Machine in native code.
# See problematic frame for where to report the bug.
#

---------------  T H R E A D  ---------------

Current thread (0x00007f73b0008000):  JavaThread "main" [_thread_in_native, id=9719, stack(0x00007f73b685d000,0x00007f73b695e000)]

siginfo:si_signo=SIGSEGV: si_errno=0, si_code=1 (SEGV_MAPERR), si_addr=0x0000000000000000

Registers:
RAX=0x00007f73948f1990, RBX=0x00000000417aa000, RCX=0x0000000000000000, RDX=0x0000000000000003
RSP=0x00007f73b695c4a8, RBP=0x000000003e912cae, RSI=0x0000000000000000, RDI=0x0000000000000000
R8 =0x00007f7396bb9010, R9 =0x0000000008ab0000, R10=0x0000000000000007, R11=0x0000000000000000
R12=0x0000000000000003, R13=0x00007f7396c3d638, R14=0x0000000000000000, R15=0x0000000000000000
RIP=0x0000000040564c9d, EFLAGS=0x0000000000010246, CSGSFS=0x0000000000000033, ERR=0x0000000000000004
  TRAPNO=0x000000000000000e

Top of Stack: (sp=0x00007f73b695c4a8)
0x00007f73b695c4a8:   00000000417aa000 00007f73948f1990
0x00007f73b695c4b8:   0000000000000054 00000000417aa000
0x00007f73b695c4c8:   000000396ad60e8f 00007f7396bb9010
0x00007f73b695c4d8:   0000000400000003 00000000417f0618
0x00007f73b695c4e8:   0000000000000004 00007f73b0008000
0x00007f73b695c4f8:   000000396ad627d8 00007f73948f1990
0x00007f73b695c508:   0000000098c63210 00007f73b695c5a8
0x00007f73b695c518:   0000000000000000 0000000098c63210
0x00007f73b695c528:   00007f73b695c5e8 00007f73b0008000
0x00007f73b695c538:   00007f73ad011f90 00007f73fffffffe
0x00007f73b695c548:   00000000fffffffe 00007f73b695c5c8
0x00007f73b695c558:   00007f73ad01d023 00007f73ad005410
0x00007f73b695c568:   00007f73b695c568 0000000098c63210
0x00007f73b695c578:   00007f73b695c5e8 0000000098c80bf0
0x00007f73b695c588:   0000000000000000 0000000098c63210
0x00007f73b695c598:   0000000000000000 00007f73b695c5c8
0x00007f73b695c5a8:   00007f73b695c630 00007f73ad006158
0x00007f73b695c5b8:   00000000e3efb520 00007f73ad00edd8
0x00007f73b695c5c8:   000000396dcf8f20 00007f73b695c630
0x00007f73b695c5d8:   0000000000000003 0000000000000000
0x00007f73b695c5e8:   0000000000000004 00007f73b695c5f0
0x00007f73b695c5f8:   0000000098c630f4 00007f73b695c668
0x00007f73b695c608:   0000000098c80bf0 0000000000000000
0x00007f73b695c618:   0000000098c63140 00007f73b695c5c8
0x00007f73b695c628:   00007f73b695c658 00007f73b695c6b0
0x00007f73b695c638:   00007f73ad006158 000000396dcf8f20
0x00007f73b695c648:   0000000000000000 00000000e3ed6380
0x00007f73b695c658:   0000000000000003 0000000000000000
0x00007f73b695c668:   0000000000000004 00007f73b695c670
0x00007f73b695c678:   0000000098f27655 00007f73b695c6c0
0x00007f73b695c688:   0000000098f31ea0 0000000000000000
0x00007f73b695c698:   0000000098f27680 00007f73b695c658 

Instructions: (pc=0x0000000040564c9d)
0x0000000040564c7d:   78 08 48 be 98 10 7f 41 00 00 00 00 48 8b 36 48
0x0000000040564c8d:   8b b6 c8 01 00 00 48 8b f9 48 c1 e7 04 48 03 f7
0x0000000040564c9d:   8b 3e 8b 6e 04 89 78 0c 89 68 10 8b 7e 08 8b 6e
0x0000000040564cad:   0c 89 78 14 89 68 18 48 83 c0 1c ff c1 ff ca 75 

Register to memory mapping:

RAX=0x00007f73948f1990 is an unknown value
RBX=0x00000000417aa000 is an unknown value
RCX=0x0000000000000000 is an unknown value
RDX=0x0000000000000003 is an unknown value
RSP=0x00007f73b695c4a8 is pointing into the stack for thread: 0x00007f73b0008000
RBP=0x000000003e912cae is an unknown value
RSI=0x0000000000000000 is an unknown value
RDI=0x0000000000000000 is an unknown value
R8 =0x00007f7396bb9010 is an unknown value
R9 =0x0000000008ab0000 is an unknown value
R10=0x0000000000000007 is an unknown value
R11=0x0000000000000000 is an unknown value
R12=0x0000000000000003 is an unknown value
R13=0x00007f7396c3d638 is an unknown value
R14=0x0000000000000000 is an unknown value
R15=0x0000000000000000 is an unknown value


Stack: [0x00007f73b685d000,0x00007f73b695e000],  sp=0x00007f73b695c4a8,  free space=1021k
Native frames: (J=compiled Java code, j=interpreted, Vv=VM code, C=native code)
C  0x0000000040564c9d

Java frames: (J=compiled Java code, j=interpreted, Vv=VM code)
j  org.lwjgl.opengl.GL11.nglDrawArrays(IIIJ)V+0
j  org.lwjgl.opengl.GL11.glDrawArrays(III)V+20
j  twelveengine.graphics.Triangle.drawSkinned()V+109
j  twelveengine.graphics.Model.draw()V+301
j  twelveengine.actors.Bender.draw()V+8
j  twelveengine.Game.drawActors()V+23
j  twelveengine.Game.drawGame()V+5
j  twelveengine.graphics.GraphicsCore.renderGraphics()V+100
j  twelveengine.Engine.renderGame()V+11
j  twelveengine.Engine.run()V+73
j  Executable.main([Ljava/lang/String;)V+13
v  ~StubRoutines::call_stub

---------------  P R O C E S S  ---------------

Java Threads: ( => current thread )
  0x00007f73b028f000 JavaThread "process reaper" daemon [_thread_blocked, id=9739, stack(0x00007f73b4088000,0x00007f73b40b0000)]
  0x00007f73b0270800 JavaThread "AWT-XAWT" daemon [_thread_in_native, id=9737, stack(0x00007f739720b000,0x00007f739730c000)]
  0x00007f73b0239000 JavaThread "Java2D Disposer" daemon [_thread_blocked, id=9736, stack(0x00007f739c000000,0x00007f739c101000)]
  0x00007f73b0116000 JavaThread "Service Thread" daemon [_thread_blocked, id=9734, stack(0x00007f739c72b000,0x00007f739c82c000)]
  0x00007f73b0114000 JavaThread "C2 CompilerThread1" daemon [_thread_blocked, id=9733, stack(0x00007f739c82c000,0x00007f739c92d000)]
  0x00007f73b0111000 JavaThread "C2 CompilerThread0" daemon [_thread_blocked, id=9732, stack(0x00007f739c92d000,0x00007f739ca2e000)]
  0x00007f73b010f000 JavaThread "Signal Dispatcher" daemon [_thread_blocked, id=9731, stack(0x00007f739ca2e000,0x00007f739cb2f000)]
  0x00007f73b00b9000 JavaThread "Finalizer" daemon [_thread_blocked, id=9730, stack(0x00007f739cb2f000,0x00007f739cc30000)]
  0x00007f73b00b7000 JavaThread "Reference Handler" daemon [_thread_blocked, id=9729, stack(0x00007f73ac06d000,0x00007f73ac16e000)]
=>0x00007f73b0008000 JavaThread "main" [_thread_in_native, id=9719, stack(0x00007f73b685d000,0x00007f73b695e000)]

Other Threads:
  0x00007f73b00ae800 VMThread [stack: 0x00007f73ac16e000,0x00007f73ac26f000] [id=9728]
  0x00007f73b0121000 WatcherThread [stack: 0x00007f739c62a000,0x00007f739c72b000] [id=9735]

VM state:not at safepoint (normal execution)

VM Mutex/Monitor currently owned by a thread: None

Heap
 PSYoungGen      total 51712K, used 43281K [0x00000000e0eb0000, 0x00000000e77f0000, 0x0000000100000000)
  eden space 47744K, 82% used [0x00000000e0eb0000,0x00000000e3517fa0,0x00000000e3d50000)
  from space 3968K, 99% used [0x00000000e3d50000,0x00000000e412c6e8,0x00000000e4130000)
  to   space 6144K, 0% used [0x00000000e71f0000,0x00000000e71f0000,0x00000000e77f0000)
 ParOldGen       total 63616K, used 2646K [0x00000000a2c00000, 0x00000000a6a20000, 0x00000000e0eb0000)
  object space 63616K, 4% used [0x00000000a2c00000,0x00000000a2e95970,0x00000000a6a20000)
 PSPermGen       total 21248K, used 9658K [0x0000000098600000, 0x0000000099ac0000, 0x00000000a2c00000)
  object space 21248K, 45% used [0x0000000098600000,0x0000000098f6eae0,0x0000000099ac0000)

Card table byte_map: [0x00007f73b5bf9000,0x00007f73b5f37000] byte_map_base: 0x00007f73b5736000

Polling page: 0x00007f73b7646000

Code Cache  [0x00007f73ad000000, 0x00007f73ad270000, 0x00007f73b0000000)
 total_blobs=645 nmethods=179 adapters=419 free_code_cache=48127Kb largest_free_block=49245760

Compilation events (10 events):
Event: 1.665 Thread 0x00007f73b0111000 nmethod 165 0x00007f73ad0edb90 code [0x00007f73ad0edce0, 0x00007f73ad0eddd8]
Event: 1.665 Thread 0x00007f73b0111000  166             java.nio.FloatBuffer::<init> (22 bytes)
Event: 1.666 Thread 0x00007f73b0111000 nmethod 166 0x00007f73ad0ed790 code [0x00007f73ad0ed8e0, 0x00007f73ad0eda18]
Event: 1.666 Thread 0x00007f73b0111000  167             java.nio.Buffer::rewind (12 bytes)
Event: 1.666 Thread 0x00007f73b0111000 nmethod 167 0x00007f73ad0d0350 code [0x00007f73ad0d0480, 0x00007f73ad0d04d8]
Event: 1.721 Thread 0x00007f73b0111000  169             org.lwjgl.opengl.GLContext::getCapabilities (23 bytes)
Event: 1.721 Thread 0x00007f73b0111000 nmethod 169 0x00007f73ad0ec890 code [0x00007f73ad0ec9e0, 0x00007f73ad0eca78]
Event: 1.721 Thread 0x00007f73b0111000  170             org.lwjgl.BufferChecks::checkFunctionAddress (23 bytes)
Event: 1.722 Thread 0x00007f73b0114000 nmethod 9% 0x00007f73ad0fce10 code [0x00007f73ad0fd740, 0x00007f73ad100810]
Event: 1.722 Thread 0x00007f73b0111000 nmethod 170 0x00007f73ad0ef1d0 code [0x00007f73ad0ef300, 0x00007f73ad0ef358]

GC Heap History (10 events):
Event: 1.279 GC heap before
{Heap before GC invocations=1 (full 0):
 PSYoungGen      total 27840K, used 23872K [0x00000000e0eb0000, 0x00000000e2dc0000, 0x0000000100000000)
  eden space 23872K, 100% used [0x00000000e0eb0000,0x00000000e2600000,0x00000000e2600000)
  from space 3968K, 0% used [0x00000000e29e0000,0x00000000e29e0000,0x00000000e2dc0000)
  to   space 3968K, 0% used [0x00000000e2600000,0x00000000e2600000,0x00000000e29e0000)
 ParOldGen       total 63616K, used 0K [0x00000000a2c00000, 0x00000000a6a20000, 0x00000000e0eb0000)
  object space 63616K, 0% used [0x00000000a2c00000,0x00000000a2c00000,0x00000000a6a20000)
 PSPermGen       total 21248K, used 9415K [0x0000000098600000, 0x0000000099ac0000, 0x00000000a2c00000)
  object space 21248K, 44% used [0x0000000098600000,0x0000000098f31dd8,0x0000000099ac0000)
Event: 1.284 GC heap after
Heap after GC invocations=1 (full 0):
 PSYoungGen      total 27840K, used 3773K [0x00000000e0eb0000, 0x00000000e2dc0000, 0x0000000100000000)
  eden space 23872K, 0% used [0x00000000e0eb0000,0x00000000e0eb0000,0x00000000e2600000)
  from space 3968K, 95% used [0x00000000e2600000,0x00000000e29af7b0,0x00000000e29e0000)
  to   space 3968K, 0% used [0x00000000e29e0000,0x00000000e29e0000,0x00000000e2dc0000)
 ParOldGen       total 63616K, used 8K [0x00000000a2c00000, 0x00000000a6a20000, 0x00000000e0eb0000)
  object space 63616K, 0% used [0x00000000a2c00000,0x00000000a2c02000,0x00000000a6a20000)
 PSPermGen       total 21248K, used 9415K [0x0000000098600000, 0x0000000099ac0000, 0x00000000a2c00000)
  object space 21248K, 44% used [0x0000000098600000,0x0000000098f31dd8,0x0000000099ac0000)
}
Event: 1.335 GC heap before
{Heap before GC invocations=2 (full 0):
 PSYoungGen      total 27840K, used 27645K [0x00000000e0eb0000, 0x00000000e2dc0000, 0x0000000100000000)
  eden space 23872K, 100% used [0x00000000e0eb0000,0x00000000e2600000,0x00000000e2600000)
  from space 3968K, 95% used [0x00000000e2600000,0x00000000e29af7b0,0x00000000e29e0000)
  to   space 3968K, 0% used [0x00000000e29e0000,0x00000000e29e0000,0x00000000e2dc0000)
 ParOldGen       total 63616K, used 8K [0x00000000a2c00000, 0x00000000a6a20000, 0x00000000e0eb0000)
  object space 63616K, 0% used [0x00000000a2c00000,0x00000000a2c02000,0x00000000a6a20000)
 PSPermGen       total 21248K, used 9415K [0x0000000098600000, 0x0000000099ac0000, 0x00000000a2c00000)
  object space 21248K, 44% used [0x0000000098600000,0x0000000098f31ea0,0x0000000099ac0000)
Event: 1.339 GC heap after
Heap after GC invocations=2 (full 0):
 PSYoungGen      total 27840K, used 2665K [0x00000000e0eb0000, 0x00000000e4510000, 0x0000000100000000)
  eden space 23872K, 0% used [0x00000000e0eb0000,0x00000000e0eb0000,0x00000000e2600000)
  from space 3968K, 67% used [0x00000000e29e0000,0x00000000e2c7a6f0,0x00000000e2dc0000)
  to   space 3968K, 0% used [0x00000000e2600000,0x00000000e2600000,0x00000000e29e0000)
 ParOldGen       total 63616K, used 16K [0x00000000a2c00000, 0x00000000a6a20000, 0x00000000e0eb0000)
  object space 63616K, 0% used [0x00000000a2c00000,0x00000000a2c04000,0x00000000a6a20000)
 PSPermGen       total 21248K, used 9415K [0x0000000098600000, 0x0000000099ac0000, 0x00000000a2c00000)
  object space 21248K, 44% used [0x0000000098600000,0x0000000098f31ea0,0x0000000099ac0000)
}
Event: 1.493 GC heap before
{Heap before GC invocations=3 (full 0):
 PSYoungGen      total 27840K, used 26537K [0x00000000e0eb0000, 0x00000000e4510000, 0x0000000100000000)
  eden space 23872K, 100% used [0x00000000e0eb0000,0x00000000e2600000,0x00000000e2600000)
  from space 3968K, 67% used [0x00000000e29e0000,0x00000000e2c7a6f0,0x00000000e2dc0000)
  to   space 3968K, 0% used [0x00000000e2600000,0x00000000e2600000,0x00000000e29e0000)
 ParOldGen       total 63616K, used 16K [0x00000000a2c00000, 0x00000000a6a20000, 0x00000000e0eb0000)
  object space 63616K, 0% used [0x00000000a2c00000,0x00000000a2c04000,0x00000000a6a20000)
 PSPermGen       total 21248K, used 9453K [0x0000000098600000, 0x0000000099ac0000, 0x00000000a2c00000)
  object space 21248K, 44% used [0x0000000098600000,0x0000000098f3b4e0,0x0000000099ac0000)
Event: 1.496 GC heap after
Heap after GC invocations=3 (full 0):
 PSYoungGen      total 27840K, used 3952K [0x00000000e0eb0000, 0x00000000e4510000, 0x0000000100000000)
  eden space 23872K, 0% used [0x00000000e0eb0000,0x00000000e0eb0000,0x00000000e2600000)
  from space 3968K, 99% used [0x00000000e2600000,0x00000000e29dc010,0x00000000e29e0000)
  to   space 3968K, 0% used [0x00000000e4130000,0x00000000e4130000,0x00000000e4510000)
 ParOldGen       total 63616K, used 792K [0x00000000a2c00000, 0x00000000a6a20000, 0x00000000e0eb0000)
  object space 63616K, 1% used [0x00000000a2c00000,0x00000000a2cc6000,0x00000000a6a20000)
 PSPermGen       total 21248K, used 9453K [0x0000000098600000, 0x0000000099ac0000, 0x00000000a2c00000)
  object space 21248K, 44% used [0x0000000098600000,0x0000000098f3b4e0,0x0000000099ac0000)
}
Event: 1.536 GC heap before
{Heap before GC invocations=4 (full 0):
 PSYoungGen      total 27840K, used 27824K [0x00000000e0eb0000, 0x00000000e4510000, 0x0000000100000000)
  eden space 23872K, 100% used [0x00000000e0eb0000,0x00000000e2600000,0x00000000e2600000)
  from space 3968K, 99% used [0x00000000e2600000,0x00000000e29dc010,0x00000000e29e0000)
  to   space 3968K, 0% used [0x00000000e4130000,0x00000000e4130000,0x00000000e4510000)
 ParOldGen       total 63616K, used 792K [0x00000000a2c00000, 0x00000000a6a20000, 0x00000000e0eb0000)
  object space 63616K, 1% used [0x00000000a2c00000,0x00000000a2cc6000,0x00000000a6a20000)
 PSPermGen       total 21248K, used 9473K [0x0000000098600000, 0x0000000099ac0000, 0x00000000a2c00000)
  object space 21248K, 44% used [0x0000000098600000,0x0000000098f404f8,0x0000000099ac0000)
Event: 1.541 GC heap after
Heap after GC invocations=4 (full 0):
 PSYoungGen      total 51712K, used 3940K [0x00000000e0eb0000, 0x00000000e4510000, 0x0000000100000000)
  eden space 47744K, 0% used [0x00000000e0eb0000,0x00000000e0eb0000,0x00000000e3d50000)
  from space 3968K, 99% used [0x00000000e4130000,0x00000000e4509378,0x00000000e4510000)
  to   space 3968K, 0% used [0x00000000e3d50000,0x00000000e3d50000,0x00000000e4130000)
 ParOldGen       total 63616K, used 1264K [0x00000000a2c00000, 0x00000000a6a20000, 0x00000000e0eb0000)
  object space 63616K, 1% used [0x00000000a2c00000,0x00000000a2d3c000,0x00000000a6a20000)
 PSPermGen       total 21248K, used 9473K [0x0000000098600000, 0x0000000099ac0000, 0x00000000a2c00000)
  object space 21248K, 44% used [0x0000000098600000,0x0000000098f404f8,0x0000000099ac0000)
}
Event: 1.640 GC heap before
{Heap before GC invocations=5 (full 0):
 PSYoungGen      total 51712K, used 51684K [0x00000000e0eb0000, 0x00000000e4510000, 0x0000000100000000)
  eden space 47744K, 100% used [0x00000000e0eb0000,0x00000000e3d50000,0x00000000e3d50000)
  from space 3968K, 99% used [0x00000000e4130000,0x00000000e4509378,0x00000000e4510000)
  to   space 3968K, 0% used [0x00000000e3d50000,0x00000000e3d50000,0x00000000e4130000)
 ParOldGen       total 63616K, used 1264K [0x00000000a2c00000, 0x00000000a6a20000, 0x00000000e0eb0000)
  object space 63616K, 1% used [0x00000000a2c00000,0x00000000a2d3c000,0x00000000a6a20000)
 PSPermGen       total 21248K, used 9537K [0x0000000098600000, 0x0000000099ac0000, 0x00000000a2c00000)
  object space 21248K, 44% used [0x0000000098600000,0x0000000098f50530,0x0000000099ac0000)
Event: 1.646 GC heap after
Heap after GC invocations=5 (full 0):
 PSYoungGen      total 51712K, used 3953K [0x00000000e0eb0000, 0x00000000e77f0000, 0x0000000100000000)
  eden space 47744K, 0% used [0x00000000e0eb0000,0x00000000e0eb0000,0x00000000e3d50000)
  from space 3968K, 99% used [0x00000000e3d50000,0x00000000e412c6e8,0x00000000e4130000)
  to   space 6144K, 0% used [0x00000000e71f0000,0x00000000e71f0000,0x00000000e77f0000)
 ParOldGen       total 63616K, used 2646K [0x00000000a2c00000, 0x00000000a6a20000, 0x00000000e0eb0000)
  object space 63616K, 4% used [0x00000000a2c00000,0x00000000a2e95970,0x00000000a6a20000)
 PSPermGen       total 21248K, used 9537K [0x0000000098600000, 0x0000000099ac0000, 0x00000000a2c00000)
  object space 21248K, 44% used [0x0000000098600000,0x0000000098f50530,0x0000000099ac0000)
}

Deoptimization events (10 events):
Event: 1.342 Thread 0x00007f73b0008000 Uncommon trap -34 fr.pc 0x00007f73ad0b96b8
Event: 1.342 Thread 0x00007f73b0008000 Uncommon trap -34 fr.pc 0x00007f73ad0d3468
Event: 1.342 Thread 0x00007f73b0008000 Uncommon trap -34 fr.pc 0x00007f73ad0b96b8
Event: 1.342 Thread 0x00007f73b0008000 Uncommon trap -34 fr.pc 0x00007f73ad0b96b8
Event: 1.363 Thread 0x00007f73b0008000 Uncommon trap -34 fr.pc 0x00007f73ad0d3468
Event: 1.363 Thread 0x00007f73b0008000 Uncommon trap -34 fr.pc 0x00007f73ad0b96b8
Event: 1.391 Thread 0x00007f73b0008000 Uncommon trap -34 fr.pc 0x00007f73ad0d3468
Event: 1.491 Thread 0x00007f73b0008000 Uncommon trap -83 fr.pc 0x00007f73ad0e4fb8
Event: 1.550 Thread 0x00007f73b0008000 Uncommon trap -75 fr.pc 0x00007f73ad0f49bc
Event: 1.560 Thread 0x00007f73b0008000 Uncommon trap -83 fr.pc 0x00007f73ad0da970

Internal exceptions (10 events):
Event: 1.500 Thread 0x00007f73b0008000 Threw 0x00000000e0fd5038 at /builddir/build/BUILD/java-1.7.0-openjdk/openjdk/hotspot/src/share/vm/prims/jvm.cpp:1166
Event: 1.561 Thread 0x00007f73b0008000 Threw 0x00000000e1636c90 at /builddir/build/BUILD/java-1.7.0-openjdk/openjdk/hotspot/src/share/vm/prims/jvm.cpp:1166
Event: 1.578 Thread 0x00007f73b0008000 Threw 0x00000000e16dd410 at /builddir/build/BUILD/java-1.7.0-openjdk/openjdk/hotspot/src/share/vm/prims/jvm.cpp:1166
Event: 1.578 Thread 0x00007f73b0008000 Threw 0x00000000e16deef8 at /builddir/build/BUILD/java-1.7.0-openjdk/openjdk/hotspot/src/share/vm/prims/jvm.cpp:1166
Event: 1.694 Thread 0x00007f73b0008000 Threw 0x00000000e2a93c08 at /builddir/build/BUILD/java-1.7.0-openjdk/openjdk/hotspot/src/share/vm/prims/jvm.cpp:1166
Event: 1.696 Thread 0x00007f73b0008000 Threw 0x00000000e2b0c8f0 at /builddir/build/BUILD/java-1.7.0-openjdk/openjdk/hotspot/src/share/vm/prims/jvm.cpp:1166
Event: 1.696 Thread 0x00007f73b0008000 Threw 0x00000000e2b190b8 at /builddir/build/BUILD/java-1.7.0-openjdk/openjdk/hotspot/src/share/vm/prims/jvm.cpp:1166
Event: 1.697 Thread 0x00007f73b0008000 Threw 0x00000000e2b1cec0 at /builddir/build/BUILD/java-1.7.0-openjdk/openjdk/hotspot/src/share/vm/prims/jvm.cpp:1166
Event: 1.709 Thread 0x00007f73b0008000 Threw 0x00000000e34891d8 at /builddir/build/BUILD/java-1.7.0-openjdk/openjdk/hotspot/src/share/vm/prims/jvm.cpp:1166
Event: 1.711 Thread 0x00007f73b0008000 Threw 0x00000000e349fbe0 at /builddir/build/BUILD/java-1.7.0-openjdk/openjdk/hotspot/src/share/vm/prims/jvm.cpp:1166

Events (10 events):
Event: 1.696 loading class 0x00007f73b08047d0
Event: 1.696 loading class 0x00007f73b08047d0 done
Event: 1.696 loading class 0x00007f73b0812790
Event: 1.696 loading class 0x00007f73b0812790 done
Event: 1.697 loading class 0x00007f73b0812830
Event: 1.697 loading class 0x00007f73b0812830 done
Event: 1.709 loading class 0x00007f73b08128e0
Event: 1.709 loading class 0x00007f73b08128e0 done
Event: 1.711 loading class 0x00007f73b04a2d00
Event: 1.711 loading class 0x00007f73b04a2d00 done


Dynamic libraries:
00400000-00401000 r-xp 00000000 fd:01 399012                             /usr/lib/jvm/java-1.7.0-openjdk-1.7.0.9.x86_64/bin/java
00600000-00602000 rw-p 00000000 fd:01 399012                             /usr/lib/jvm/java-1.7.0-openjdk-1.7.0.9.x86_64/bin/java
01f5d000-01f7e000 rw-p 00000000 00:00 0                                  [heap]
40563000-40565000 r-xs 00000000 fd:01 2003                               /tmp/gletNDQ2 (deleted)
417aa000-41828000 rw-p 00000000 00:00 0 
98600000-99ac0000 rw-p 00000000 00:00 0 
99ac0000-a2c00000 rw-p 00000000 00:00 0 
a2c00000-a6a20000 rw-p 00000000 00:00 0 
a6a20000-e0eb0000 rw-p 00000000 00:00 0 
e0eb0000-e77f0000 rw-p 00000000 00:00 0 
e77f0000-100000000 rw-p 00000000 00:00 0 
324e400000-324e40c000 r-xp 00000000 fd:01 398177                         /usr/lib/jvm/java-1.7.0-openjdk-1.7.0.9.x86_64/jre/lib/amd64/jli/libjli.so
324e40c000-324e60c000 ---p 0000c000 fd:01 398177                         /usr/lib/jvm/java-1.7.0-openjdk-1.7.0.9.x86_64/jre/lib/amd64/jli/libjli.so
324e60c000-324e60d000 rw-p 0000c000 fd:01 398177                         /usr/lib/jvm/java-1.7.0-openjdk-1.7.0.9.x86_64/jre/lib/amd64/jli/libjli.so
394c200000-394c220000 r-xp 00000000 fd:01 132915                         /usr/lib64/ld-2.15.so
394c41f000-394c420000 r--p 0001f000 fd:01 132915                         /usr/lib64/ld-2.15.so
394c420000-394c421000 rw-p 00020000 fd:01 132915                         /usr/lib64/ld-2.15.so
394c421000-394c422000 rw-p 00000000 00:00 0 
394c600000-394c7ac000 r-xp 00000000 fd:01 153144                         /usr/lib64/libc-2.15.so
394c7ac000-394c9ac000 ---p 001ac000 fd:01 153144                         /usr/lib64/libc-2.15.so
394c9ac000-394c9b0000 r--p 001ac000 fd:01 153144                         /usr/lib64/libc-2.15.so
394c9b0000-394c9b2000 rw-p 001b0000 fd:01 153144                         /usr/lib64/libc-2.15.so
394c9b2000-394c9b7000 rw-p 00000000 00:00 0 
394ca00000-394ca16000 r-xp 00000000 fd:01 154797                         /usr/lib64/libpthread-2.15.so
394ca16000-394cc16000 ---p 00016000 fd:01 154797                         /usr/lib64/libpthread-2.15.so
394cc16000-394cc17000 r--p 00016000 fd:01 154797                         /usr/lib64/libpthread-2.15.so
394cc17000-394cc18000 rw-p 00017000 fd:01 154797                         /usr/lib64/libpthread-2.15.so
394cc18000-394cc1c000 rw-p 00000000 00:00 0 
394ce00000-394ce03000 r-xp 00000000 fd:01 153297                         /usr/lib64/libdl-2.15.so
394ce03000-394d002000 ---p 00003000 fd:01 153297                         /usr/lib64/libdl-2.15.so
394d002000-394d003000 r--p 00002000 fd:01 153297                         /usr/lib64/libdl-2.15.so
394d003000-394d004000 rw-p 00003000 fd:01 153297                         /usr/lib64/libdl-2.15.so
394d200000-394d207000 r-xp 00000000 fd:01 154929                         /usr/lib64/librt-2.15.so
394d207000-394d406000 ---p 00007000 fd:01 154929                         /usr/lib64/librt-2.15.so
394d406000-394d407000 r--p 00006000 fd:01 154929                         /usr/lib64/librt-2.15.so
394d407000-394d408000 rw-p 00007000 fd:01 154929                         /usr/lib64/librt-2.15.so
394da00000-394dafa000 r-xp 00000000 fd:01 163524                         /usr/lib64/libm-2.15.so
394dafa000-394dcf9000 ---p 000fa000 fd:01 163524                         /usr/lib64/libm-2.15.so
394dcf9000-394dcfa000 r--p 000f9000 fd:01 163524                         /usr/lib64/libm-2.15.so
394dcfa000-394dcfb000 rw-p 000fa000 fd:01 163524                         /usr/lib64/libm-2.15.so
394e600000-394e616000 r-xp 00000000 fd:01 160186                         /usr/lib64/libresolv-2.15.so
394e616000-394e815000 ---p 00016000 fd:01 160186                         /usr/lib64/libresolv-2.15.so
394e815000-394e816000 r--p 00015000 fd:01 160186                         /usr/lib64/libresolv-2.15.so
394e816000-394e817000 rw-p 00016000 fd:01 160186                         /usr/lib64/libresolv-2.15.so
394e817000-394e819000 rw-p 00000000 00:00 0 
394fe00000-394fe02000 r-xp 00000000 fd:01 165636                         /usr/lib64/libXau.so.6.0.0
394fe02000-3950002000 ---p 00002000 fd:01 165636                         /usr/lib64/libXau.so.6.0.0
3950002000-3950003000 r--p 00002000 fd:01 165636                         /usr/lib64/libXau.so.6.0.0
3950003000-3950004000 rw-p 00003000 fd:01 165636                         /usr/lib64/libXau.so.6.0.0
3950200000-3950334000 r-xp 00000000 fd:01 167814                         /usr/lib64/libX11.so.6.3.0
3950334000-3950534000 ---p 00134000 fd:01 167814                         /usr/lib64/libX11.so.6.3.0
3950534000-3950535000 r--p 00134000 fd:01 167814                         /usr/lib64/libX11.so.6.3.0
3950535000-395053a000 rw-p 00135000 fd:01 167814                         /usr/lib64/libX11.so.6.3.0
3950600000-395061d000 r-xp 00000000 fd:01 167409                         /usr/lib64/libxcb.so.1.1.0
395061d000-395081c000 ---p 0001d000 fd:01 167409                         /usr/lib64/libxcb.so.1.1.0
395081c000-395081d000 r--p 0001c000 fd:01 167409                         /usr/lib64/libxcb.so.1.1.0
395081d000-395081e000 rw-p 0001d000 fd:01 167409                         /usr/lib64/libxcb.so.1.1.0
3950a00000-3950a10000 r-xp 00000000 fd:01 170834                         /usr/lib64/libXext.so.6.4.0
3950a10000-3950c10000 ---p 00010000 fd:01 170834                         /usr/lib64/libXext.so.6.4.0
3950c10000-3950c11000 r--p 00010000 fd:01 170834                         /usr/lib64/libXext.so.6.4.0
3950c11000-3950c12000 rw-p 00011000 fd:01 170834                         /usr/lib64/libXext.so.6.4.0
3950e00000-3950e15000 r-xp 00000000 fd:01 163917                         /usr/lib64/libgcc_s-4.7.2-20120921.so.1
3950e15000-3951014000 ---p 00015000 fd:01 163917                         /usr/lib64/libgcc_s-4.7.2-20120921.so.1
3951014000-3951015000 rw-p 00014000 fd:01 163917                         /usr/lib64/libgcc_s-4.7.2-20120921.so.1
3951200000-3951243000 r-xp 00000000 fd:01 171703                         /usr/lib64/libdbus-1.so.3.5.6
3951243000-3951442000 ---p 00043000 fd:01 171703                         /usr/lib64/libdbus-1.so.3.5.6
3951442000-3951443000 r--p 00042000 fd:01 171703                         /usr/lib64/libdbus-1.so.3.5.6
3951443000-3951444000 rw-p 00043000 fd:01 171703                         /usr/lib64/libdbus-1.so.3.5.6
3951600000-3951609000 r-xp 00000000 fd:01 167820                         /usr/lib64/libXrender.so.1.3.0
3951609000-3951808000 ---p 00009000 fd:01 167820                         /usr/lib64/libXrender.so.1.3.0
3951808000-3951809000 r--p 00008000 fd:01 167820                         /usr/lib64/libXrender.so.1.3.0
3951809000-395180a000 rw-p 00009000 fd:01 167820                         /usr/lib64/libXrender.so.1.3.0
3952200000-3952207000 r-xp 00000000 fd:01 171184                         /usr/lib64/libXrandr.so.2.2.0
3952207000-3952406000 ---p 00007000 fd:01 171184                         /usr/lib64/libXrandr.so.2.2.0
3952406000-3952407000 r--p 00006000 fd:01 171184                         /usr/lib64/libXrandr.so.2.2.0
3952407000-3952408000 rw-p 00007000 fd:01 171184                         /usr/lib64/libXrandr.so.2.2.0
3953200000-395320e000 r-xp 00000000 fd:01 171172                         /usr/lib64/libXi.so.6.1.0
395320e000-395340d000 ---p 0000e000 fd:01 171172                         /usr/lib64/libXi.so.6.1.0
395340d000-395340e000 r--p 0000d000 fd:01 171172                         /usr/lib64/libXi.so.6.1.0
395340e000-395340f000 rw-p 0000e000 fd:01 171172                         /usr/lib64/libXi.so.6.1.0
3954200000-3954209000 r-xp 00000000 fd:01 171299                         /usr/lib64/libXcursor.so.1.0.2
3954209000-3954409000 ---p 00009000 fd:01 171299                         /usr/lib64/libXcursor.so.1.0.2
3954409000-395440a000 r--p 00009000 fd:01 171299                         /usr/lib64/libXcursor.so.1.0.2
395440a000-395440b000 rw-p 0000a000 fd:01 171299                         /usr/lib64/libXcursor.so.1.0.2
3954e00000-3954e05000 r-xp 00000000 fd:01 171185                         /usr/lib64/libXfixes.so.3.1.0
3954e05000-3955004000 ---p 00005000 fd:01 171185                         /usr/lib64/libXfixes.so.3.1.0
3955004000-3955005000 r--p 00004000 fd:01 171185                         /usr/lib64/libXfixes.so.3.1.0
3955005000-3955006000 rw-p 00005000 fd:01 171185                         /usr/lib64/libXfixes.so.3.1.0
3956600000-3956604000 r-xp 00000000 fd:01 136950                         /usr/lib64/libuuid.so.1.3.0
3956604000-3956803000 ---p 00004000 fd:01 136950                         /usr/lib64/libuuid.so.1.3.0
3956803000-3956804000 r--p 00003000 fd:01 136950                         /usr/lib64/libuuid.so.1.3.0
3956804000-3956805000 rw-p 00004000 fd:01 136950                         /usr/lib64/libuuid.so.1.3.0
3959200000-39592e5000 r-xp 00000000 fd:01 153523                         /usr/lib64/libstdc++.so.6.0.17
39592e5000-39594e4000 ---p 000e5000 fd:01 153523                         /usr/lib64/libstdc++.so.6.0.17
39594e4000-39594ec000 r--p 000e4000 fd:01 153523                         /usr/lib64/libstdc++.so.6.0.17
39594ec000-39594ee000 rw-p 000ec000 fd:01 153523                         /usr/lib64/libstdc++.so.6.0.17
39594ee000-3959503000 rw-p 00000000 00:00 0 
395be00000-395be06000 r-xp 00000000 fd:01 171722                         /usr/lib64/libogg.so.0.8.0
395be06000-395c005000 ---p 00006000 fd:01 171722                         /usr/lib64/libogg.so.0.8.0
395c005000-395c006000 r--p 00005000 fd:01 171722                         /usr/lib64/libogg.so.0.8.0
395c006000-395c007000 rw-p 00006000 fd:01 171722                         /usr/lib64/libogg.so.0.8.0
395ea00000-395ea17000 r-xp 00000000 fd:01 150637                         /usr/lib64/libICE.so.6.3.0
395ea17000-395ec16000 ---p 00017000 fd:01 150637                         /usr/lib64/libICE.so.6.3.0
395ec16000-395ec17000 r--p 00016000 fd:01 150637                         /usr/lib64/libICE.so.6.3.0
395ec17000-395ec18000 rw-p 00017000 fd:01 150637                         /usr/lib64/libICE.so.6.3.0
395ec18000-395ec1c000 rw-p 00000000 00:00 0 
395ee00000-395ee2c000 r-xp 00000000 fd:01 171724                         /usr/lib64/libvorbis.so.0.4.6
395ee2c000-395f02b000 ---p 0002c000 fd:01 171724                         /usr/lib64/libvorbis.so.0.4.6
395f02b000-395f02c000 r--p 0002b000 fd:01 171724                         /usr/lib64/libvorbis.so.0.4.6
395f02c000-395f02d000 rw-p 0002c000 fd:01 171724                         /usr/lib64/libvorbis.so.0.4.6
395f200000-395f207000 r-xp 00000000 fd:01 171746                         /usr/lib64/libSM.so.6.0.1
395f207000-395f406000 ---p 00007000 fd:01 171746                         /usr/lib64/libSM.so.6.0.1
395f406000-395f407000 r--p 00006000 fd:01 171746                         /usr/lib64/libSM.so.6.0.1
395f407000-395f408000 rw-p 00007000 fd:01 171746                         /usr/lib64/libSM.so.6.0.1
3961200000-3961201000 r-xp 00000000 fd:01 171707                         /usr/lib64/libX11-xcb.so.1.0.0
3961201000-3961400000 ---p 00001000 fd:01 171707                         /usr/lib64/libX11-xcb.so.1.0.0
3961400000-3961401000 r--p 00000000 fd:01 171707                         /usr/lib64/libX11-xcb.so.1.0.0
3961401000-3961402000 rw-p 00001000 fd:01 171707                         /usr/lib64/libX11-xcb.so.1.0.0
3961600000-3961616000 r-xp 00000000 fd:01 171751                         /usr/lib64/libnsl-2.15.so
3961616000-3961815000 ---p 00016000 fd:01 171751                         /usr/lib64/libnsl-2.15.so
3961815000-3961816000 r--p 00015000 fd:01 171751                         /usr/lib64/libnsl-2.15.so
3961816000-3961817000 rw-p 00016000 fd:01 171751                         /usr/lib64/libnsl-2.15.so
3961817000-3961819000 rw-p 00000000 00:00 0 
3962a00000-3962a05000 r-xp 00000000 fd:01 171750                         /usr/lib64/libXtst.so.6.1.0
3962a05000-3962c04000 ---p 00005000 fd:01 171750                         /usr/lib64/libXtst.so.6.1.0
3962c04000-3962c05000 r--p 00004000 fd:01 171750                         /usr/lib64/libXtst.so.6.1.0
3962c05000-3962c06000 rw-p 00005000 fd:01 171750                         /usr/lib64/libXtst.so.6.1.0
3962e00000-3962e0b000 r-xp 00000000 fd:01 153313                         /usr/lib64/libgsm.so.1.0.12
3962e0b000-396300a000 ---p 0000b000 fd:01 153313                         /usr/lib64/libgsm.so.1.0.12
396300a000-396300b000 rw-p 0000a000 fd:01 153313                         /usr/lib64/libgsm.so.1.0.12
3963a00000-3963a39000 r-xp 00000000 fd:01 171723                         /usr/lib64/libFLAC.so.8.2.0
3963a39000-3963c38000 ---p 00039000 fd:01 171723                         /usr/lib64/libFLAC.so.8.2.0
3963c38000-3963c39000 r--p 00038000 fd:01 171723                         /usr/lib64/libFLAC.so.8.2.0
3963c39000-3963c3a000 rw-p 00039000 fd:01 171723                         /usr/lib64/libFLAC.so.8.2.0
3964600000-39648b3000 r-xp 00000000 fd:01 171725                         /usr/lib64/libvorbisenc.so.2.0.9
39648b3000-3964ab2000 ---p 002b3000 fd:01 171725                         /usr/lib64/libvorbisenc.so.2.0.9
3964ab2000-3964ace000 r--p 002b2000 fd:01 171725                         /usr/lib64/libvorbisenc.so.2.0.9
3964ace000-3964acf000 rw-p 002ce000 fd:01 171725                         /usr/lib64/libvorbisenc.so.2.0.9
3964c00000-3964c07000 r-xp 00000000 fd:01 135356                         /usr/lib64/libjson.so.0.0.1
3964c07000-3964e06000 ---p 00007000 fd:01 135356                         /usr/lib64/libjson.so.0.0.1
3964e06000-3964e07000 r--p 00006000 fd:01 135356                         /usr/lib64/libjson.so.0.0.1
3964e07000-3964e08000 rw-p 00007000 fd:01 135356                         /usr/lib64/libjson.so.0.0.1
3965000000-3965055000 r-xp 00000000 fd:01 171726                         /usr/lib64/libsndfile.so.1.0.25
3965055000-3965255000 ---p 00055000 fd:01 171726                         /usr/lib64/libsndfile.so.1.0.25
3965255000-3965257000 r--p 00055000 fd:01 171726                         /usr/lib64/libsndfile.so.1.0.25
3965257000-3965258000 rw-p 00057000 fd:01 171726                         /usr/lib64/libsndfile.so.1.0.25
3965258000-396525c000 rw-p 00000000 00:00 0 
3965c00000-3965c60000 r-xp 00000000 fd:01 171754                         /usr/lib64/libpulsecommon-1.1.so
3965c60000-3965e5f000 ---p 00060000 fd:01 171754                         /usr/lib64/libpulsecommon-1.1.so
3965e5f000-3965e60000 r--p 0005f000 fd:01 171754                         /usr/lib64/libpulsecommon-1.1.so
3965e60000-3965e62000 rw-p 00060000 fd:01 171754                         /usr/lib64/libpulsecommon-1.1.so
3966000000-3966047000 r-xp 00000000 fd:01 171755                         /usr/lib64/libpulse.so.0.13.5
3966047000-3966246000 ---p 00047000 fd:01 171755                         /usr/lib64/libpulse.so.0.13.5
3966246000-3966247000 r--p 00046000 fd:01 171755                         /usr/lib64/libpulse.so.0.13.5
3966247000-3966248000 rw-p 00047000 fd:01 171755                         /usr/lib64/libpulse.so.0.13.5
3966400000-3966405000 r-xp 00000000 fd:01 171753                         /usr/lib64/libasyncns.so.0.3.1
3966405000-3966604000 ---p 00005000 fd:01 171753                         /usr/lib64/libasyncns.so.0.3.1
3966604000-3966605000 r--p 00004000 fd:01 171753                         /usr/lib64/libasyncns.so.0.3.1
3966605000-3966606000 rw-p 00005000 fd:01 171753                         /usr/lib64/libasyncns.so.0.3.1
3966800000-3966809000 r-xp 00000000 fd:01 171752                         /usr/lib64/libwrap.so.0.7.6
3966809000-3966a08000 ---p 00009000 fd:01 171752                         /usr/lib64/libwrap.so.0.7.6
3966a08000-3966a09000 r--p 00008000 fd:01 171752                         /usr/lib64/libwrap.so.0.7.6
3966a09000-3966a0a000 rw-p 00009000 fd:01 171752                         /usr/lib64/libwrap.so.0.7.6
3966a0a000-3966a0b000 rw-p 00000000 00:00 0 
3969400000-3969403000 r-xp 00000000 fd:01 399014                         /usr/lib64/nvidia/tls/libnvidia-tls.so.304.64
3969403000-3969602000 ---p 00003000 fd:01 399014                         /usr/lib64/nvidia/tls/libnvidia-tls.so.304.64
3969602000-3969603000 rw-p 00002000 fd:01 399014                         /usr/lib64/nvidia/tls/libnvidia-tls.so.304.64
3969800000-396b1d0000 r-xp 00000000 fd:01 399016                         /usr/lib64/nvidia/libnvidia-glcore.so.304.64
396b1d0000-396b3cf000 ---p 019d0000 fd:01 399016                         /usr/lib64/nvidia/libnvidia-glcore.so.304.64
396b3cf000-396bbd0000 rwxp 019cf000 fd:01 399016                         /usr/lib64/nvidia/libnvidia-glcore.so.304.64
396bbd0000-396bbea000 rwxp 00000000 00:00 0 
396da00000-396daca000 r-xp 00000000 fd:01 399032                         /usr/lib64/nvidia/libGL.so.304.64
396daca000-396dcca000 ---p 000ca000 fd:01 399032                         /usr/lib64/nvidia/libGL.so.304.64
396dcca000-396dd07000 rwxp 000ca000 fd:01 399032                         /usr/lib64/nvidia/libGL.so.304.64
396dd07000-396dd1d000 rwxp 00000000 00:00 0 
3c28800000-3c28817000 r-xp 00000000 fd:01 136784                         /usr/lib64/libz.so.1.2.5
3c28817000-3c28a16000 ---p 00017000 fd:01 136784                         /usr/lib64/libz.so.1.2.5
3c28a16000-3c28a17000 rw-p 00016000 fd:01 136784                         /usr/lib64/libz.so.1.2.5
3c2a000000-3c2a004000 r-xp 00000000 fd:01 155523                         /usr/lib64/libXxf86vm.so.1.0.0
3c2a004000-3c2a204000 ---p 00004000 fd:01 155523                         /usr/lib64/libXxf86vm.so.1.0.0
3c2a204000-3c2a205000 r--p 00004000 fd:01 155523                         /usr/lib64/libXxf86vm.so.1.0.0
3c2a205000-3c2a206000 rw-p 00005000 fd:01 155523                         /usr/lib64/libXxf86vm.so.1.0.0
7f733c000000-7f733c021000 rw-p 00000000 00:00 0 
7f733c021000-7f7340000000 ---p 00000000 00:00 0 
7f7344000000-7f7344021000 rw-p 00000000 00:00 0 
7f7344021000-7f7348000000 ---p 00000000 00:00 0 
7f734bff8000-7f734bfff000 r--s 00000000 fd:01 3373                       /usr/lib64/gconv/gconv-modules.cache
7f734bfff000-7f7350000000 rw-s 00000000 00:0f 50018                      /dev/shm/pulse-shm-2408042890
7f7350000000-7f7350021000 rw-p 00000000 00:00 0 
7f7350021000-7f7354000000 ---p 00000000 00:00 0 
7f7354000000-7f7354021000 rw-p 00000000 00:00 0 
7f7354021000-7f7358000000 ---p 00000000 00:00 0 
7f7358000000-7f7358021000 rw-p 00000000 00:00 0 
7f7358021000-7f735c000000 ---p 00000000 00:00 0 
7f735c000000-7f735c021000 rw-p 00000000 00:00 0 
7f735c021000-7f7360000000 ---p 00000000 00:00 0 
7f7360000000-7f7360736000 rw-p 00000000 00:00 0 
7f7360736000-7f7364000000 ---p 00000000 00:00 0 
7f7364000000-7f7364021000 rw-p 00000000 00:00 0 
7f7364021000-7f7368000000 ---p 00000000 00:00 0 
7f7368000000-7f736867e000 rw-p 00000000 00:00 0 
7f736867e000-7f736c000000 ---p 00000000 00:00 0 
7f736dbd3000-7f7374000000 r--p 00000000 fd:01 171543                     /usr/lib/locale/locale-archive
7f7374000000-7f7374021000 rw-p 00000000 00:00 0 
7f7374021000-7f7378000000 ---p 00000000 00:00 0 
7f7378000000-7f7378021000 rw-p 00000000 00:00 0 
7f7378021000-7f737c000000 ---p 00000000 00:00 0 
7f737c000000-7f737c021000 rw-p 00000000 00:00 0 
7f737c021000-7f7380000000 ---p 00000000 00:00 0 
7f7380000000-7f7380021000 rw-p 00000000 00:00 0 
7f7380021000-7f7384000000 ---p 00000000 00:00 0 
7f7384000000-7f7384021000 rw-p 00000000 00:00 0 
7f7384021000-7f7388000000 ---p 00000000 00:00 0 
7f7388000000-7f7388021000 rw-p 00000000 00:00 0 
7f7388021000-7f738c000000 ---p 00000000 00:00 0 
7f738c000000-7f738c021000 rw-p 00000000 00:00 0 
7f738c021000-7f7390000000 ---p 00000000 00:00 0 
7f7390000000-7f7390021000 rw-p 00000000 00:00 0 
7f7390021000-7f7394000000 ---p 00000000 00:00 0 
7f73941aa000-7f73942ab000 rw-p 00000000 00:00 0 
7f73943ac000-7f73944ad000 rw-p 00000000 00:00 0 
7f73945ae000-7f73946af000 rw-p 00000000 00:00 0 
7f73947b0000-7f73948b1000 rw-p 00000000 00:00 0 
7f73948b1000-7f7394ab1000 rw-s 145102000 00:05 16800                     /dev/nvidia0
7f7394bb2000-7f7394cb3000 rw-p 00000000 00:00 0 
7f7394db4000-7f7394db5000 ---p 00000000 00:00 0 
7f7394db5000-7f73955b5000 rw-p 00000000 00:00 0                          [stack:9747]
7f73955b5000-7f73955b6000 ---p 00000000 00:00 0 
7f73955b6000-7f7395db6000 rw-p 00000000 00:00 0                          [stack:9746]
7f7395db6000-7f7395e0a000 r-xp 00000000 fd:02 5374964                    /home/inferno/Development/12D Client/lib/lwjgl_native/linux/libopenal64.so
7f7395e0a000-7f739600a000 ---p 00054000 fd:02 5374964                    /home/inferno/Development/12D Client/lib/lwjgl_native/linux/libopenal64.so
7f739600a000-7f739600c000 r--p 00054000 fd:02 5374964                    /home/inferno/Development/12D Client/lib/lwjgl_native/linux/libopenal64.so
7f739600c000-7f739600d000 rw-p 00056000 fd:02 5374964                    /home/inferno/Development/12D Client/lib/lwjgl_native/linux/libopenal64.so
7f739600d000-7f739600e000 rw-p 00000000 00:00 0 
7f739600e000-7f7396024000 r-xp 00000000 fd:01 395444                     /usr/lib/jvm/java-1.7.0-openjdk-1.7.0.9.x86_64/jre/lib/amd64/libnet.so
7f7396024000-7f7396224000 ---p 00016000 fd:01 395444                     /usr/lib/jvm/java-1.7.0-openjdk-1.7.0.9.x86_64/jre/lib/amd64/libnet.so
7f7396224000-7f7396225000 rw-p 00016000 fd:01 395444                     /usr/lib/jvm/java-1.7.0-openjdk-1.7.0.9.x86_64/jre/lib/amd64/libnet.so
7f7396225000-7f7396236000 r-xp 00000000 fd:01 395445                     /usr/lib/jvm/java-1.7.0-openjdk-1.7.0.9.x86_64/jre/lib/amd64/libnio.so
7f7396236000-7f7396435000 ---p 00011000 fd:01 395445                     /usr/lib/jvm/java-1.7.0-openjdk-1.7.0.9.x86_64/jre/lib/amd64/libnio.so
7f7396435000-7f7396436000 rw-p 00010000 fd:01 395445                     /usr/lib/jvm/java-1.7.0-openjdk-1.7.0.9.x86_64/jre/lib/amd64/libnio.so
7f7396436000-7f7396438000 rw-p 00000000 00:00 0 
7f7396438000-7f7396638000 rw-s 130e81000 00:05 16800                     /dev/nvidia0
7f7396638000-7f7396838000 rw-s 12e862000 00:05 16800                     /dev/nvidia0
7f7396838000-7f7396a38000 rw-s 18dba1000 00:05 16800                     /dev/nvidia0
7f7396a38000-7f7396b38000 rw-s 130eed000 00:05 16800                     /dev/nvidia0
7f7396b38000-7f7396b58000 rw-s c8060000 00:05 16800                      /dev/nvidia0
7f7396b58000-7f7396b59000 rw-s cfee6000 00:05 16800                      /dev/nvidia0
7f7396b59000-7f7396b99000 rw-s 15167c000 00:05 16800                     /dev/nvidia0
7f7396b99000-7f7396bb9000 rw-s 130e82000 00:05 16800                     /dev/nvidia0
7f7396bb9000-7f7396c57000 rw-p 00000000 00:00 0 
7f7396c57000-7f7396ccb000 rw-p 00000000 00:00 0 
7f7396cd9000-7f7396da2000 rw-p 00000000 00:00 0 
7f7396da2000-7f7396e08000 r-xp 00000000 fd:02 5374962                    /home/inferno/Development/12D Client/lib/lwjgl_native/linux/liblwjgl64.so
7f7396e08000-7f7397007000 ---p 00066000 fd:02 5374962                    /home/inferno/Development/12D Client/lib/lwjgl_native/linux/liblwjgl64.so
7f7397007000-7f7397009000 r--p 00065000 fd:02 5374962                    /home/inferno/Development/12D Client/lib/lwjgl_native/linux/liblwjgl64.so
7f7397009000-7f739700a000 rw-p 00067000 fd:02 5374962                    /home/inferno/Development/12D Client/lib/lwjgl_native/linux/liblwjgl64.so
7f739700a000-7f739700b000 r-xp 00000000 fd:01 395436                     /usr/lib/jvm/java-1.7.0-openjdk-1.7.0.9.x86_64/jre/lib/amd64/libjawt.so
7f739700b000-7f739720a000 ---p 00001000 fd:01 395436                     /usr/lib/jvm/java-1.7.0-openjdk-1.7.0.9.x86_64/jre/lib/amd64/libjawt.so
7f739720a000-7f739720b000 rw-p 00000000 fd:01 395436                     /usr/lib/jvm/java-1.7.0-openjdk-1.7.0.9.x86_64/jre/lib/amd64/libjawt.so
7f739720b000-7f739720e000 ---p 00000000 00:00 0 
7f739720e000-7f7398000000 rw-p 00000000 00:00 0                          [stack:9737]
7f7398000000-7f7398021000 rw-p 00000000 00:00 0 
7f7398021000-7f739c000000 ---p 00000000 00:00 0 
7f739c000000-7f739c003000 ---p 00000000 00:00 0 
7f739c003000-7f739c101000 rw-p 00000000 00:00 0                          [stack:9736]
7f739c101000-7f739c154000 r-xp 00000000 fd:01 395461                     /usr/lib/jvm/java-1.7.0-openjdk-1.7.0.9.x86_64/jre/lib/amd64/xawt/libmawt.so
7f739c154000-7f739c354000 ---p 00053000 fd:01 395461                     /usr/lib/jvm/java-1.7.0-openjdk-1.7.0.9.x86_64/jre/lib/amd64/xawt/libmawt.so
7f739c354000-7f739c358000 rw-p 00053000 fd:01 395461                     /usr/lib/jvm/java-1.7.0-openjdk-1.7.0.9.x86_64/jre/lib/amd64/xawt/libmawt.so
7f739c358000-7f739c359000 rw-p 00000000 00:00 0 
7f739c359000-7f739c3fa000 r-xp 00000000 fd:01 395423                     /usr/lib/jvm/java-1.7.0-openjdk-1.7.0.9.x86_64/jre/lib/amd64/libawt.so
7f739c3fa000-7f739c5fa000 ---p 000a1000 fd:01 395423                     /usr/lib/jvm/java-1.7.0-openjdk-1.7.0.9.x86_64/jre/lib/amd64/libawt.so
7f739c5fa000-7f739c606000 rw-p 000a1000 fd:01 395423                     /usr/lib/jvm/java-1.7.0-openjdk-1.7.0.9.x86_64/jre/lib/amd64/libawt.so
7f739c606000-7f739c62a000 rw-p 00000000 00:00 0 
7f739c62a000-7f739c62b000 ---p 00000000 00:00 0 
7f739c62b000-7f739c72b000 rw-p 00000000 00:00 0                          [stack:9735]
7f739c72b000-7f739c72e000 ---p 00000000 00:00 0 
7f739c72e000-7f739c82c000 rw-p 00000000 00:00 0                          [stack:9734]
7f739c82c000-7f739c82f000 ---p 00000000 00:00 0 
7f739c82f000-7f739c92d000 rw-p 00000000 00:00 0                          [stack:9733]
7f739c92d000-7f739c930000 ---p 00000000 00:00 0 
7f739c930000-7f739ca2e000 rw-p 00000000 00:00 0                          [stack:9732]
7f739ca2e000-7f739ca31000 ---p 00000000 00:00 0 
7f739ca31000-7f739cb2f000 rw-p 00000000 00:00 0                          [stack:9731]
7f739cb2f000-7f739cb32000 ---p 00000000 00:00 0 
7f739cb32000-7f73a0000000 rw-p 00000000 00:00 0                          [stack:9730]
7f73a0000000-7f73a0021000 rw-p 00000000 00:00 0 
7f73a0021000-7f73a4000000 ---p 00000000 00:00 0 
7f73a4000000-7f73a4021000 rw-p 00000000 00:00 0 
7f73a4021000-7f73a8000000 ---p 00000000 00:00 0 
7f73a8000000-7f73a8021000 rw-p 00000000 00:00 0 
7f73a8021000-7f73ac000000 ---p 00000000 00:00 0 
7f73ac00d000-7f73ac04d000 rw-s 1450f2000 00:05 16800                     /dev/nvidia0
7f73ac04d000-7f73ac06d000 rw-s 15b802000 00:05 16800                     /dev/nvidia0
7f73ac06d000-7f73ac070000 ---p 00000000 00:00 0 
7f73ac070000-7f73ac16e000 rw-p 00000000 00:00 0                          [stack:9729]
7f73ac16e000-7f73ac16f000 ---p 00000000 00:00 0 
7f73ac16f000-7f73ad000000 rw-p 00000000 00:00 0                          [stack:9728]
7f73ad000000-7f73ad270000 rwxp 00000000 00:00 0 
7f73ad270000-7f73b0b80000 rw-p 00000000 00:00 0 
7f73b0b80000-7f73b4000000 ---p 00000000 00:00 0 
7f73b400c000-7f73b400d000 r--s 00002000 fd:01 395477                     /usr/lib/jvm/java-1.7.0-openjdk-1.7.0.9.x86_64/jre/lib/ext/dnsns.jar
7f73b400d000-7f73b400f000 rw-s 00000000 fd:01 2003                       /tmp/gletNDQ2 (deleted)
7f73b400f000-7f73b4013000 rw-s 130ca5000 00:05 16800                     /dev/nvidia0
7f73b4013000-7f73b4014000 rw-s 130ca4000 00:05 16800                     /dev/nvidia0
7f73b4014000-7f73b4018000 rw-s 15b8a0000 00:05 16800                     /dev/nvidia0
7f73b4018000-7f73b4019000 rw-s cfee5000 00:05 16800                      /dev/nvidia0
7f73b4019000-7f73b401a000 rw-s dc642000 00:05 16800                      /dev/nvidia0
7f73b401a000-7f73b401b000 rw-s 1b9071000 00:05 16800                     /dev/nvidia0
7f73b401b000-7f73b401c000 rw-s dc641000 00:05 16800                      /dev/nvidia0
7f73b401c000-7f73b4039000 rw-s 1ba210000 00:05 16800                     /dev/nvidia0
7f73b4039000-7f73b403b000 r--s 00002000 fd:02 5374941                    /home/inferno/Development/12D Client/lib/12Packets.jar
7f73b403b000-7f73b403e000 r--s 0001b000 fd:02 5374935                    /home/inferno/Development/12D Client/lib/xpp3-1.1.4c.jar
7f73b403e000-7f73b404b000 r--s 000aa000 fd:02 5374940                    /home/inferno/Development/12D Client/lib/TWL.jar
7f73b404b000-7f73b4088000 rw-p 00000000 00:00 0 
7f73b4088000-7f73b408b000 ---p 00000000 00:00 0 
7f73b408b000-7f73b40b0000 rw-p 00000000 00:00 0                          [stack:9739]
7f73b40b0000-7f73b40ba000 r--s 00263000 fd:01 395520                     /usr/lib/jvm/java-1.7.0-openjdk-1.7.0.9.x86_64/jre/lib/resources.jar
7f73b40ba000-7f73b4fd9000 rw-p 00000000 00:00 0 
7f73b4fd9000-7f73b5184000 r--s 03e6c000 fd:01 395522                     /usr/lib/jvm/java-1.7.0-openjdk-1.7.0.9.x86_64/jre/lib/rt.jar
7f73b5184000-7f73b51ac000 rw-p 00000000 00:00 0 
7f73b51ac000-7f73b51ad000 ---p 00000000 00:00 0 
7f73b51ad000-7f73b52ad000 rw-p 00000000 00:00 0                          [stack:9727]
7f73b52ad000-7f73b52ae000 ---p 00000000 00:00 0 
7f73b52ae000-7f73b53ae000 rw-p 00000000 00:00 0                          [stack:9726]
7f73b53ae000-7f73b53af000 ---p 00000000 00:00 0 
7f73b53af000-7f73b54af000 rw-p 00000000 00:00 0                          [stack:9725]
7f73b54af000-7f73b54b0000 ---p 00000000 00:00 0 
7f73b54b0000-7f73b55b0000 rw-p 00000000 00:00 0                          [stack:9724]
7f73b55b0000-7f73b55b1000 ---p 00000000 00:00 0 
7f73b55b1000-7f73b56b1000 rw-p 00000000 00:00 0                          [stack:9723]
7f73b56b1000-7f73b56b2000 ---p 00000000 00:00 0 
7f73b56b2000-7f73b57b2000 rw-p 00000000 00:00 0                          [stack:9722]
7f73b57b2000-7f73b57b3000 ---p 00000000 00:00 0 
7f73b57b3000-7f73b58b3000 rw-p 00000000 00:00 0                          [stack:9721]
7f73b58b3000-7f73b58b4000 ---p 00000000 00:00 0 
7f73b58b4000-7f73b59bf000 rw-p 00000000 00:00 0                          [stack:9720]
7f73b59bf000-7f73b5a07000 rw-p 00000000 00:00 0 
7f73b5a07000-7f73b5a27000 rw-p 00000000 00:00 0 
7f73b5a27000-7f73b5bf9000 rw-p 00000000 00:00 0 
7f73b5bf9000-7f73b5c04000 rw-p 00000000 00:00 0 
7f73b5c04000-7f73b5c4c000 rw-p 00000000 00:00 0 
7f73b5c4c000-7f73b5c6c000 rw-p 00000000 00:00 0 
7f73b5c6c000-7f73b5e3d000 rw-p 00000000 00:00 0 
7f73b5e3d000-7f73b5e72000 rw-p 00000000 00:00 0 
7f73b5e72000-7f73b5f36000 rw-p 00000000 00:00 0 
7f73b5f36000-7f73b5f41000 rw-p 00000000 00:00 0 
7f73b5f41000-7f73b5ff7000 rw-p 00000000 00:00 0 
7f73b5ff7000-7f73b5fff000 r-xp 00000000 fd:01 395455                     /usr/lib/jvm/java-1.7.0-openjdk-1.7.0.9.x86_64/jre/lib/amd64/libzip.so
7f73b5fff000-7f73b61fe000 ---p 00008000 fd:01 395455                     /usr/lib/jvm/java-1.7.0-openjdk-1.7.0.9.x86_64/jre/lib/amd64/libzip.so
7f73b61fe000-7f73b61ff000 rw-p 00007000 fd:01 395455                     /usr/lib/jvm/java-1.7.0-openjdk-1.7.0.9.x86_64/jre/lib/amd64/libzip.so
7f73b61ff000-7f73b620b000 r-xp 00000000 fd:01 163888                     /usr/lib64/libnss_files-2.15.so
7f73b620b000-7f73b640a000 ---p 0000c000 fd:01 163888                     /usr/lib64/libnss_files-2.15.so
7f73b640a000-7f73b640b000 r--p 0000b000 fd:01 163888                     /usr/lib64/libnss_files-2.15.so
7f73b640b000-7f73b640c000 rw-p 0000c000 fd:01 163888                     /usr/lib64/libnss_files-2.15.so
7f73b640c000-7f73b640d000 rw-s 1b9070000 00:05 16800                     /dev/nvidia0
7f73b640d000-7f73b640e000 rw-s 1aef29000 00:05 16800                     /dev/nvidia0
7f73b640e000-7f73b640f000 rw-s dc060000 00:05 16800                      /dev/nvidia0
7f73b640f000-7f73b641b000 r--s 000d7000 fd:02 5374938                    /home/inferno/Development/12D Client/lib/lwjgl.jar
7f73b641b000-7f73b6423000 rw-s 00000000 fd:01 400932                     /tmp/hsperfdata_inferno/9714
7f73b6423000-7f73b644d000 r-xp 00000000 fd:01 395432                     /usr/lib/jvm/java-1.7.0-openjdk-1.7.0.9.x86_64/jre/lib/amd64/libjava.so
7f73b644d000-7f73b664d000 ---p 0002a000 fd:01 395432                     /usr/lib/jvm/java-1.7.0-openjdk-1.7.0.9.x86_64/jre/lib/amd64/libjava.so
7f73b664d000-7f73b664f000 rw-p 0002a000 fd:01 395432                     /usr/lib/jvm/java-1.7.0-openjdk-1.7.0.9.x86_64/jre/lib/amd64/libjava.so
7f73b664f000-7f73b665c000 r-xp 00000000 fd:01 395454                     /usr/lib/jvm/java-1.7.0-openjdk-1.7.0.9.x86_64/jre/lib/amd64/libverify.so
7f73b665c000-7f73b685b000 ---p 0000d000 fd:01 395454                     /usr/lib/jvm/java-1.7.0-openjdk-1.7.0.9.x86_64/jre/lib/amd64/libverify.so
7f73b685b000-7f73b685d000 rw-p 0000c000 fd:01 395454                     /usr/lib/jvm/java-1.7.0-openjdk-1.7.0.9.x86_64/jre/lib/amd64/libverify.so
7f73b685d000-7f73b6860000 ---p 00000000 00:00 0 
7f73b6860000-7f73b695e000 rw-p 00000000 00:00 0                          [stack:9719]
7f73b695e000-7f73b7360000 r-xp 00000000 fd:01 395459                     /usr/lib/jvm/java-1.7.0-openjdk-1.7.0.9.x86_64/jre/lib/amd64/server/libjvm.so
7f73b7360000-7f73b755f000 ---p 00a02000 fd:01 395459                     /usr/lib/jvm/java-1.7.0-openjdk-1.7.0.9.x86_64/jre/lib/amd64/server/libjvm.so
7f73b755f000-7f73b7600000 rw-p 00a01000 fd:01 395459                     /usr/lib/jvm/java-1.7.0-openjdk-1.7.0.9.x86_64/jre/lib/amd64/server/libjvm.so
7f73b7600000-7f73b7630000 rw-p 00000000 00:00 0 
7f73b7630000-7f73b7631000 r--p 00000000 00:00 0 
7f73b7631000-7f73b7635000 r--s 00027000 fd:02 5374939                    /home/inferno/Development/12D Client/lib/lwjgl_util.jar
7f73b7635000-7f73b7638000 r--s 0002b000 fd:02 5374936                    /home/inferno/Development/12D Client/lib/jflac-1.3.jar
7f73b7638000-7f73b7639000 r--s 00001000 fd:02 5374937                    /home/inferno/Development/12D Client/lib/flibitFile.jar
7f73b7639000-7f73b763c000 r--s 0000f000 fd:01 395481                     /usr/lib/jvm/java-1.7.0-openjdk-1.7.0.9.x86_64/jre/lib/ext/pulse-java.jar
7f73b763c000-7f73b7645000 r--s 00066000 fd:01 395478                     /usr/lib/jvm/java-1.7.0-openjdk-1.7.0.9.x86_64/jre/lib/ext/gnome-java-bridge.jar
7f73b7645000-7f73b7646000 rw-p 00000000 00:00 0 
7f73b7646000-7f73b7647000 r--p 00000000 00:00 0 
7f73b7647000-7f73b7648000 rw-p 00000000 00:00 0 
7fff0cdd8000-7fff0cdf9000 rw-p 00000000 00:00 0                          [stack]
7fff0cdff000-7fff0ce00000 r-xp 00000000 00:00 0                          [vdso]
ffffffffff600000-ffffffffff601000 r-xp 00000000 00:00 0                  [vsyscall]

VM Arguments:
jvm_args: -Djava.library.path=/home/inferno/Development/12D Client/lib/lwjgl_native/linux:/home/inferno/Development/12Snake/lib/lwjgl_native/linux -Dfile.encoding=UTF-8 
java_command: Executable
Launcher Type: SUN_STANDARD

Environment Variables:
PATH=/usr/local/bin:/usr/bin:/bin:/usr/local/sbin:/usr/sbin:/home/inferno/.local/bin:/home/inferno/bin
USERNAME=inferno
SHELL=/bin/bash
DISPLAY=:0.0

Signal Handlers:
SIGSEGV: [libjvm.so+0x85cb80], sa_mask[0]=0x7ffbfeff, sa_flags=0x10000004
SIGBUS: [libjvm.so+0x85cb80], sa_mask[0]=0x7ffbfeff, sa_flags=0x10000004
SIGFPE: [libjvm.so+0x6fe3b0], sa_mask[0]=0x7ffbfeff, sa_flags=0x10000004
SIGPIPE: [libjvm.so+0x6fe3b0], sa_mask[0]=0x7ffbfeff, sa_flags=0x10000004
SIGXFSZ: [libjvm.so+0x6fe3b0], sa_mask[0]=0x7ffbfeff, sa_flags=0x10000004
SIGILL: [libjvm.so+0x6fe3b0], sa_mask[0]=0x7ffbfeff, sa_flags=0x10000004
SIGUSR1: SIG_DFL, sa_mask[0]=0x00000000, sa_flags=0x00000000
SIGUSR2: [libjvm.so+0x6fe5e0], sa_mask[0]=0x00000004, sa_flags=0x10000004
SIGHUP: [libjvm.so+0x6fe720], sa_mask[0]=0x7ffbfeff, sa_flags=0x10000004
SIGINT: [libjvm.so+0x6fe720], sa_mask[0]=0x7ffbfeff, sa_flags=0x10000004
SIGTERM: [libjvm.so+0x6fe720], sa_mask[0]=0x7ffbfeff, sa_flags=0x10000004
SIGQUIT: [libjvm.so+0x6fe720], sa_mask[0]=0x7ffbfeff, sa_flags=0x10000004


---------------  S Y S T E M  ---------------

OS:Fedora release 17 (Beefy Miracle)

uname:Linux 3.6.8-2.fc17.x86_64 #1 SMP Tue Nov 27 19:35:02 UTC 2012 x86_64
libc:glibc 2.15 NPTL 2.15 
rlimit: STACK 8192k, CORE 0k, NPROC 1024, NOFILE 4096, AS infinity
load average:0.91 0.61 0.39

/proc/meminfo:
MemTotal:        6104232 kB
MemFree:         3319688 kB
Buffers:           67344 kB
Cached:          1003792 kB
SwapCached:            0 kB
Active:          1868788 kB
Inactive:         639856 kB
Active(anon):    1439060 kB
Inactive(anon):    11888 kB
Active(file):     429728 kB
Inactive(file):   627968 kB
Unevictable:          16 kB
Mlocked:              16 kB
SwapTotal:       8191996 kB
SwapFree:        8191996 kB
Dirty:               824 kB
Writeback:             0 kB
AnonPages:       1409584 kB
Mapped:           167948 kB
Shmem:             13436 kB
Slab:              93748 kB
SReclaimable:      42568 kB
SUnreclaim:        51180 kB
KernelStack:        3472 kB
PageTables:        34424 kB
NFS_Unstable:          0 kB
Bounce:                0 kB
WritebackTmp:          0 kB
CommitLimit:    11244112 kB
Committed_AS:    3484044 kB
VmallocTotal:   34359738367 kB
VmallocUsed:      364752 kB
VmallocChunk:   34359366460 kB
HardwareCorrupted:     0 kB
AnonHugePages:    659456 kB
HugePages_Total:       0
HugePages_Free:        0
HugePages_Rsvd:        0
HugePages_Surp:        0
Hugepagesize:       2048 kB
DirectMap4k:      167488 kB
DirectMap2M:     6115328 kB


CPU:total 8 (4 cores per cpu, 2 threads per core) family 6 model 26 stepping 5, cmov, cx8, fxsr, mmx, sse, sse2, sse3, ssse3, sse4.1, sse4.2, popcnt, ht, tsc, tscinvbit, tscinv

/proc/cpuinfo:
processor	: 0
vendor_id	: GenuineIntel
cpu family	: 6
model		: 26
model name	: Intel(R) Core(TM) i7 CPU       @ 9200 @ 2.67GHz
stepping	: 5
cpu MHz		: 1596.000
cache size	: 8192 KB
physical id	: 0
siblings	: 8
core id		: 0
cpu cores	: 4
apicid		: 0
initial apicid	: 0
fpu		: yes
fpu_exception	: yes
cpuid level	: 11
wp		: yes
flags		: fpu vme de pse tsc msr pae mce cx8 apic sep mtrr pge mca cmov pat pse36 clflush dts acpi mmx fxsr sse sse2 ss ht tm pbe syscall nx rdtscp lm constant_tsc arch_perfmon pebs bts rep_good nopl xtopology nonstop_tsc aperfmperf pni dtes64 monitor ds_cpl vmx est tm2 ssse3 cx16 xtpr pdcm sse4_1 sse4_2 popcnt lahf_lm ida dtherm tpr_shadow vnmi flexpriority ept vpid
bogomips	: 7141.90
clflush size	: 64
cache_alignment	: 64
address sizes	: 36 bits physical, 48 bits virtual
power management:

processor	: 1
vendor_id	: GenuineIntel
cpu family	: 6
model		: 26
model name	: Intel(R) Core(TM) i7 CPU       @ 9200 @ 2.67GHz
stepping	: 5
cpu MHz		: 1862.000
cache size	: 8192 KB
physical id	: 0
siblings	: 8
core id		: 3
cpu cores	: 4
apicid		: 6
initial apicid	: 6
fpu		: yes
fpu_exception	: yes
cpuid level	: 11
wp		: yes
flags		: fpu vme de pse tsc msr pae mce cx8 apic sep mtrr pge mca cmov pat pse36 clflush dts acpi mmx fxsr sse sse2 ss ht tm pbe syscall nx rdtscp lm constant_tsc arch_perfmon pebs bts rep_good nopl xtopology nonstop_tsc aperfmperf pni dtes64 monitor ds_cpl vmx est tm2 ssse3 cx16 xtpr pdcm sse4_1 sse4_2 popcnt lahf_lm ida dtherm tpr_shadow vnmi flexpriority ept vpid
bogomips	: 7141.90
clflush size	: 64
cache_alignment	: 64
address sizes	: 36 bits physical, 48 bits virtual
power management:

processor	: 2
vendor_id	: GenuineIntel
cpu family	: 6
model		: 26
model name	: Intel(R) Core(TM) i7 CPU       @ 9200 @ 2.67GHz
stepping	: 5
cpu MHz		: 1596.000
cache size	: 8192 KB
physical id	: 0
siblings	: 8
core id		: 1
cpu cores	: 4
apicid		: 2
initial apicid	: 2
fpu		: yes
fpu_exception	: yes
cpuid level	: 11
wp		: yes
flags		: fpu vme de pse tsc msr pae mce cx8 apic sep mtrr pge mca cmov pat pse36 clflush dts acpi mmx fxsr sse sse2 ss ht tm pbe syscall nx rdtscp lm constant_tsc arch_perfmon pebs bts rep_good nopl xtopology nonstop_tsc aperfmperf pni dtes64 monitor ds_cpl vmx est tm2 ssse3 cx16 xtpr pdcm sse4_1 sse4_2 popcnt lahf_lm ida dtherm tpr_shadow vnmi flexpriority ept vpid
bogomips	: 7141.90
clflush size	: 64
cache_alignment	: 64
address sizes	: 36 bits physical, 48 bits virtual
power management:

processor	: 3
vendor_id	: GenuineIntel
cpu family	: 6
model		: 26
model name	: Intel(R) Core(TM) i7 CPU       @ 9200 @ 2.67GHz
stepping	: 5
cpu MHz		: 1596.000
cache size	: 8192 KB
physical id	: 0
siblings	: 8
core id		: 2
cpu cores	: 4
apicid		: 4
initial apicid	: 4
fpu		: yes
fpu_exception	: yes
cpuid level	: 11
wp		: yes
flags		: fpu vme de pse tsc msr pae mce cx8 apic sep mtrr pge mca cmov pat pse36 clflush dts acpi mmx fxsr sse sse2 ss ht tm pbe syscall nx rdtscp lm constant_tsc arch_perfmon pebs bts rep_good nopl xtopology nonstop_tsc aperfmperf pni dtes64 monitor ds_cpl vmx est tm2 ssse3 cx16 xtpr pdcm sse4_1 sse4_2 popcnt lahf_lm ida dtherm tpr_shadow vnmi flexpriority ept vpid
bogomips	: 7141.90
clflush size	: 64
cache_alignment	: 64
address sizes	: 36 bits physical, 48 bits virtual
power management:

processor	: 4
vendor_id	: GenuineIntel
cpu family	: 6
model		: 26
model name	: Intel(R) Core(TM) i7 CPU       @ 9200 @ 2.67GHz
stepping	: 5
cpu MHz		: 1596.000
cache size	: 8192 KB
physical id	: 0
siblings	: 8
core id		: 3
cpu cores	: 4
apicid		: 7
initial apicid	: 7
fpu		: yes
fpu_exception	: yes
cpuid level	: 11
wp		: yes
flags		: fpu vme de pse tsc msr pae mce cx8 apic sep mtrr pge mca cmov pat pse36 clflush dts acpi mmx fxsr sse sse2 ss ht tm pbe syscall nx rdtscp lm constant_tsc arch_perfmon pebs bts rep_good nopl xtopology nonstop_tsc aperfmperf pni dtes64 monitor ds_cpl vmx est tm2 ssse3 cx16 xtpr pdcm sse4_1 sse4_2 popcnt lahf_lm ida dtherm tpr_shadow vnmi flexpriority ept vpid
bogomips	: 7141.90
clflush size	: 64
cache_alignment	: 64
address sizes	: 36 bits physical, 48 bits virtual
power management:

processor	: 5
vendor_id	: GenuineIntel
cpu family	: 6
model		: 26
model name	: Intel(R) Core(TM) i7 CPU       @ 9200 @ 2.67GHz
stepping	: 5
cpu MHz		: 2661.000
cache size	: 8192 KB
physical id	: 0
siblings	: 8
core id		: 1
cpu cores	: 4
apicid		: 3
initial apicid	: 3
fpu		: yes
fpu_exception	: yes
cpuid level	: 11
wp		: yes
flags		: fpu vme de pse tsc msr pae mce cx8 apic sep mtrr pge mca cmov pat pse36 clflush dts acpi mmx fxsr sse sse2 ss ht tm pbe syscall nx rdtscp lm constant_tsc arch_perfmon pebs bts rep_good nopl xtopology nonstop_tsc aperfmperf pni dtes64 monitor ds_cpl vmx est tm2 ssse3 cx16 xtpr pdcm sse4_1 sse4_2 popcnt lahf_lm ida dtherm tpr_shadow vnmi flexpriority ept vpid
bogomips	: 7141.90
clflush size	: 64
cache_alignment	: 64
address sizes	: 36 bits physical, 48 bits virtual
power management:

processor	: 6
vendor_id	: GenuineIntel
cpu family	: 6
model		: 26
model name	: Intel(R) Core(TM) i7 CPU       @ 9200 @ 2.67GHz
stepping	: 5
cpu MHz		: 1596.000
cache size	: 8192 KB
physical id	: 0
siblings	: 8
core id		: 2
cpu cores	: 4
apicid		: 5
initial apicid	: 5
fpu		: yes
fpu_exception	: yes
cpuid level	: 11
wp		: yes
flags		: fpu vme de pse tsc msr pae mce cx8 apic sep mtrr pge mca cmov pat pse36 clflush dts acpi mmx fxsr sse sse2 ss ht tm pbe syscall nx rdtscp lm constant_tsc arch_perfmon pebs bts rep_good nopl xtopology nonstop_tsc aperfmperf pni dtes64 monitor ds_cpl vmx est tm2 ssse3 cx16 xtpr pdcm sse4_1 sse4_2 popcnt lahf_lm ida dtherm tpr_shadow vnmi flexpriority ept vpid
bogomips	: 7141.90
clflush size	: 64
cache_alignment	: 64
address sizes	: 36 bits physical, 48 bits virtual
power management:

processor	: 7
vendor_id	: GenuineIntel
cpu family	: 6
model		: 26
model name	: Intel(R) Core(TM) i7 CPU       @ 9200 @ 2.67GHz
stepping	: 5
cpu MHz		: 1596.000
cache size	: 8192 KB
physical id	: 0
siblings	: 8
core id		: 0
cpu cores	: 4
apicid		: 1
initial apicid	: 1
fpu		: yes
fpu_exception	: yes
cpuid level	: 11
wp		: yes
flags		: fpu vme de pse tsc msr pae mce cx8 apic sep mtrr pge mca cmov pat pse36 clflush dts acpi mmx fxsr sse sse2 ss ht tm pbe syscall nx rdtscp lm constant_tsc arch_perfmon pebs bts rep_good nopl xtopology nonstop_tsc aperfmperf pni dtes64 monitor ds_cpl vmx est tm2 ssse3 cx16 xtpr pdcm sse4_1 sse4_2 popcnt lahf_lm ida dtherm tpr_shadow vnmi flexpriority ept vpid
bogomips	: 7141.90
clflush size	: 64
cache_alignment	: 64
address sizes	: 36 bits physical, 48 bits virtual
power management:



Memory: 4k page, physical 6104232k(3319688k free), swap 8191996k(8191996k free)

vm_info: OpenJDK 64-Bit Server VM (23.2-b09) for linux-amd64 JRE (1.7.0_09-icedtea-mockbuild_2012_10_17_15_53-b00), built on Oct 17 2012 16:01:41 by "mockbuild" with gcc 4.7.2 20120921 (Red Hat 4.7.2-2)

time: Wed Mar 20 20:46:57 2013
elapsed time: 1 seconds

