#
# A fatal error has been detected by the Java Runtime Environment:
#
#  SIGSEGV (0xb) at pc=0x0000000040c37caf, pid=9892, tid=140411480901376
#
# JRE version: 7.0_09
# Java VM: OpenJDK 64-Bit Server VM (23.2-b09 mixed mode linux-amd64 compressed oops)
# Problematic frame:
# C  0x0000000040c37caf
#
# Failed to write core dump. Core dumps have been disabled. To enable core dumping, try "ulimit -c unlimited" before starting Java again
#
# If you would like to submit a bug report, please include
# instructions on how to reproduce the bug and visit:
#   http://icedtea.classpath.org/bugzilla
# The crash happened outside the Java Virtual Machine in native code.
# See problematic frame for where to report the bug.
#

---------------  T H R E A D  ---------------

Current thread (0x00007fb414008000):  JavaThread "main" [_thread_in_native, id=9897, stack(0x00007fb418610000,0x00007fb418711000)]

siginfo:si_signo=SIGSEGV: si_errno=0, si_code=1 (SEGV_MAPERR), si_addr=0x0000000000000000

Registers:
RAX=0x00007fb3f5d07bb0, RBX=0x00000000419aa000, RCX=0x0000000000000000, RDX=0x0000000000000003
RSP=0x00007fb41870f4a8, RBP=0x00007fb41870f4c0, RSI=0x0000000000000000, RDI=0x0000000000000000
R8 =0x00007fb40c9f4010, R9 =0x0000000008cb0000, R10=0x0000000000000007, R11=0x0000000000000000
R12=0x0000000000000003, R13=0x00007fb40ca78638, R14=0x0000000000000000, R15=0x0000000000000000
RIP=0x0000000040c37caf, EFLAGS=0x0000000000010282, CSGSFS=0x0000000000000033, ERR=0x0000000000000004
  TRAPNO=0x000000000000000e

Top of Stack: (sp=0x00007fb41870f4a8)
0x00007fb41870f4a8:   00000000419aa000 00007fb3f5d07bb0
0x00007fb41870f4b8:   0000000000000024 00000000419aa000
0x00007fb41870f4c8:   000000396ad60e8f 00007fb40c9f4010
0x00007fb41870f4d8:   0000000400000003 00000000419f0618
0x00007fb41870f4e8:   0000000000000004 00007fb414008000
0x00007fb41870f4f8:   000000396ad627d8 00007fb3f5d07bb0
0x00007fb41870f508:   0000000098c63210 00007fb41870f5a8
0x00007fb41870f518:   0000000000000000 0000000098c63210
0x00007fb41870f528:   00007fb41870f5e8 00007fb414008000
0x00007fb41870f538:   00007fb410bfcf90 00007fb4fffffffe
0x00007fb41870f548:   00000000fffffffe 00007fb41870f5c8
0x00007fb41870f558:   00007fb410c08023 00007fb410bf0410
0x00007fb41870f568:   00007fb41870f568 0000000098c63210
0x00007fb41870f578:   00007fb41870f5e8 0000000098c80bf0
0x00007fb41870f588:   0000000000000000 0000000098c63210
0x00007fb41870f598:   0000000000000000 00007fb41870f5c8
0x00007fb41870f5a8:   00007fb41870f630 00007fb410bf1158
0x00007fb41870f5b8:   00000000e3e7a1d8 00007fb410bf9dd8
0x00007fb41870f5c8:   000000396dcf8f20 00007fb41870f630
0x00007fb41870f5d8:   0000000000000003 0000000000000000
0x00007fb41870f5e8:   0000000000000004 00007fb41870f5f0
0x00007fb41870f5f8:   0000000098c630f4 00007fb41870f668
0x00007fb41870f608:   0000000098c80bf0 0000000000000000
0x00007fb41870f618:   0000000098c63140 00007fb41870f5c8
0x00007fb41870f628:   00007fb41870f658 00007fb41870f6b0
0x00007fb41870f638:   00007fb410bf1158 000000396dcf8f20
0x00007fb41870f648:   0000000000000000 00000000e3e92580
0x00007fb41870f658:   0000000000000003 0000000000000000
0x00007fb41870f668:   0000000000000004 00007fb41870f670
0x00007fb41870f678:   0000000098f27672 00007fb41870f6c0
0x00007fb41870f688:   0000000098f31ec0 0000000000000000
0x00007fb41870f698:   0000000098f276a0 00007fb41870f658 

Instructions: (pc=0x0000000040c37caf)
0x0000000040c37c8f:   da 48 8b d1 49 8b cb 48 be 98 10 9f 41 00 00 00
0x0000000040c37c9f:   00 48 8b 36 48 8b 76 40 48 8d 3c 49 48 8d 34 be
0x0000000040c37caf:   8b 3e 8b 6e 04 89 38 89 68 04 8b 7e 08 89 78 08
0x0000000040c37cbf:   48 83 c0 0c ff c1 ff ca 75 cd 5f 5e 5b 5d c3 00 

Register to memory mapping:

RAX=0x00007fb3f5d07bb0 is an unknown value
RBX=0x00000000419aa000 is an unknown value
RCX=0x0000000000000000 is an unknown value
RDX=0x0000000000000003 is an unknown value
RSP=0x00007fb41870f4a8 is pointing into the stack for thread: 0x00007fb414008000
RBP=0x00007fb41870f4c0 is pointing into the stack for thread: 0x00007fb414008000
RSI=0x0000000000000000 is an unknown value
RDI=0x0000000000000000 is an unknown value
R8 =0x00007fb40c9f4010 is an unknown value
R9 =0x0000000008cb0000 is an unknown value
R10=0x0000000000000007 is an unknown value
R11=0x0000000000000000 is an unknown value
R12=0x0000000000000003 is an unknown value
R13=0x00007fb40ca78638 is an unknown value
R14=0x0000000000000000 is an unknown value
R15=0x0000000000000000 is an unknown value


Stack: [0x00007fb418610000,0x00007fb418711000],  sp=0x00007fb41870f4a8,  free space=1021k
Native frames: (J=compiled Java code, j=interpreted, Vv=VM code, C=native code)
C  0x0000000040c37caf

Java frames: (J=compiled Java code, j=interpreted, Vv=VM code)
j  org.lwjgl.opengl.GL11.nglDrawArrays(IIIJ)V+0
j  org.lwjgl.opengl.GL11.glDrawArrays(III)V+20
j  twelveengine.graphics.Triangle.drawSkinned()V+114
j  twelveengine.graphics.Model.draw()V+301
j  twelveengine.actors.Bender.draw()V+8
j  twelveengine.Game.drawActors()V+23
j  twelveengine.Game.drawGame()V+5
j  twelveengine.graphics.GraphicsCore.renderGraphics()V+100
j  twelveengine.Engine.renderGame()V+11
j  twelveengine.Engine.run()V+73
j  Executable.main([Ljava/lang/String;)V+13
v  ~StubRoutines::call_stub

---------------  P R O C E S S  ---------------

Java Threads: ( => current thread )
  0x00007fb41429f800 JavaThread "process reaper" daemon [_thread_blocked, id=9917, stack(0x00007fb40d169000,0x00007fb40d191000)]
  0x00007fb414280800 JavaThread "AWT-XAWT" daemon [_thread_in_native, id=9915, stack(0x00007fb40d191000,0x00007fb40d292000)]
  0x00007fb414249800 JavaThread "Java2D Disposer" daemon [_thread_blocked, id=9914, stack(0x00007fb40d292000,0x00007fb40d393000)]
  0x00007fb414116000 JavaThread "Service Thread" daemon [_thread_blocked, id=9912, stack(0x00007fb40d9bd000,0x00007fb40dabe000)]
  0x00007fb414114000 JavaThread "C2 CompilerThread1" daemon [_thread_blocked, id=9911, stack(0x00007fb40dabe000,0x00007fb40dbbf000)]
  0x00007fb414111000 JavaThread "C2 CompilerThread0" daemon [_thread_blocked, id=9910, stack(0x00007fb40dbbf000,0x00007fb40dcc0000)]
  0x00007fb41410f000 JavaThread "Signal Dispatcher" daemon [_thread_blocked, id=9909, stack(0x00007fb40dcc0000,0x00007fb40ddc1000)]
  0x00007fb4140b9000 JavaThread "Finalizer" daemon [_thread_blocked, id=9908, stack(0x00007fb40ddc1000,0x00007fb40dec2000)]
  0x00007fb4140b7000 JavaThread "Reference Handler" daemon [_thread_blocked, id=9907, stack(0x00007fb40dec2000,0x00007fb40dfc3000)]
=>0x00007fb414008000 JavaThread "main" [_thread_in_native, id=9897, stack(0x00007fb418610000,0x00007fb418711000)]

Other Threads:
  0x00007fb4140ae800 VMThread [stack: 0x00007fb40dfc3000,0x00007fb40e0c4000] [id=9906]
  0x00007fb414121000 WatcherThread [stack: 0x00007fb40d8bc000,0x00007fb40d9bd000] [id=9913]

VM state:not at safepoint (normal execution)

VM Mutex/Monitor currently owned by a thread: None

Heap
 PSYoungGen      total 51712K, used 43276K [0x00000000e0eb0000, 0x00000000e7810000, 0x0000000100000000)
  eden space 47744K, 82% used [0x00000000e0eb0000,0x00000000e3517f20,0x00000000e3d50000)
  from space 3968K, 99% used [0x00000000e3d50000,0x00000000e412b470,0x00000000e4130000)
  to   space 6208K, 0% used [0x00000000e7200000,0x00000000e7200000,0x00000000e7810000)
 ParOldGen       total 63616K, used 2657K [0x00000000a2c00000, 0x00000000a6a20000, 0x00000000e0eb0000)
  object space 63616K, 4% used [0x00000000a2c00000,0x00000000a2e98768,0x00000000a6a20000)
 PSPermGen       total 21248K, used 9658K [0x0000000098600000, 0x0000000099ac0000, 0x00000000a2c00000)
  object space 21248K, 45% used [0x0000000098600000,0x0000000098f6eb20,0x0000000099ac0000)

Card table byte_map: [0x00007fb4108ad000,0x00007fb410beb000] byte_map_base: 0x00007fb4103ea000

Polling page: 0x00007fb4193f9000

Code Cache  [0x00007fb410beb000, 0x00007fb410e5b000, 0x00007fb413beb000)
 total_blobs=647 nmethods=181 adapters=419 free_code_cache=48095Kb largest_free_block=49214080

Compilation events (10 events):
Event: 1.861 Thread 0x00007fb414114000 nmethod 166 0x00007fb410cea090 code [0x00007fb410cea1e0, 0x00007fb410cea2d8]
Event: 1.861 Thread 0x00007fb414114000  167             java.nio.FloatBuffer::<init> (22 bytes)
Event: 1.862 Thread 0x00007fb414114000 nmethod 167 0x00007fb410cea490 code [0x00007fb410cea5e0, 0x00007fb410cea718]
Event: 1.862 Thread 0x00007fb414114000  168             java.nio.Buffer::rewind (12 bytes)
Event: 1.862 Thread 0x00007fb414114000 nmethod 168 0x00007fb410cd8010 code [0x00007fb410cd8140, 0x00007fb410cd8198]
Event: 1.895 Thread 0x00007fb414114000  170             org.lwjgl.opengl.GLContext::getCapabilities (23 bytes)
Event: 1.895 Thread 0x00007fb414114000 nmethod 170 0x00007fb410ca6090 code [0x00007fb410ca61e0, 0x00007fb410ca6278]
Event: 1.895 Thread 0x00007fb414114000  171             org.lwjgl.BufferChecks::checkFunctionAddress (23 bytes)
Event: 1.895 Thread 0x00007fb414114000 nmethod 171 0x00007fb410cea890 code [0x00007fb410cea9c0, 0x00007fb410ceaa18]
Event: 1.897 Thread 0x00007fb414111000 nmethod 10% 0x00007fb410cef9d0 code [0x00007fb410cf0300, 0x00007fb410cf33d0]

GC Heap History (10 events):
Event: 1.435 GC heap before
{Heap before GC invocations=1 (full 0):
 PSYoungGen      total 27840K, used 23872K [0x00000000e0eb0000, 0x00000000e2dc0000, 0x0000000100000000)
  eden space 23872K, 100% used [0x00000000e0eb0000,0x00000000e2600000,0x00000000e2600000)
  from space 3968K, 0% used [0x00000000e29e0000,0x00000000e29e0000,0x00000000e2dc0000)
  to   space 3968K, 0% used [0x00000000e2600000,0x00000000e2600000,0x00000000e29e0000)
 ParOldGen       total 63616K, used 0K [0x00000000a2c00000, 0x00000000a6a20000, 0x00000000e0eb0000)
  object space 63616K, 0% used [0x00000000a2c00000,0x00000000a2c00000,0x00000000a6a20000)
 PSPermGen       total 21248K, used 9415K [0x0000000098600000, 0x0000000099ac0000, 0x00000000a2c00000)
  object space 21248K, 44% used [0x0000000098600000,0x0000000098f31df8,0x0000000099ac0000)
Event: 1.440 GC heap after
Heap after GC invocations=1 (full 0):
 PSYoungGen      total 27840K, used 3805K [0x00000000e0eb0000, 0x00000000e2dc0000, 0x0000000100000000)
  eden space 23872K, 0% used [0x00000000e0eb0000,0x00000000e0eb0000,0x00000000e2600000)
  from space 3968K, 95% used [0x00000000e2600000,0x00000000e29b77b0,0x00000000e29e0000)
  to   space 3968K, 0% used [0x00000000e29e0000,0x00000000e29e0000,0x00000000e2dc0000)
 ParOldGen       total 63616K, used 8K [0x00000000a2c00000, 0x00000000a6a20000, 0x00000000e0eb0000)
  object space 63616K, 0% used [0x00000000a2c00000,0x00000000a2c02000,0x00000000a6a20000)
 PSPermGen       total 21248K, used 9415K [0x0000000098600000, 0x0000000099ac0000, 0x00000000a2c00000)
  object space 21248K, 44% used [0x0000000098600000,0x0000000098f31df8,0x0000000099ac0000)
}
Event: 1.505 GC heap before
{Heap before GC invocations=2 (full 0):
 PSYoungGen      total 27840K, used 27677K [0x00000000e0eb0000, 0x00000000e2dc0000, 0x0000000100000000)
  eden space 23872K, 100% used [0x00000000e0eb0000,0x00000000e2600000,0x00000000e2600000)
  from space 3968K, 95% used [0x00000000e2600000,0x00000000e29b77b0,0x00000000e29e0000)
  to   space 3968K, 0% used [0x00000000e29e0000,0x00000000e29e0000,0x00000000e2dc0000)
 ParOldGen       total 63616K, used 8K [0x00000000a2c00000, 0x00000000a6a20000, 0x00000000e0eb0000)
  object space 63616K, 0% used [0x00000000a2c00000,0x00000000a2c02000,0x00000000a6a20000)
 PSPermGen       total 21248K, used 9415K [0x0000000098600000, 0x0000000099ac0000, 0x00000000a2c00000)
  object space 21248K, 44% used [0x0000000098600000,0x0000000098f31ec0,0x0000000099ac0000)
Event: 1.508 GC heap after
Heap after GC invocations=2 (full 0):
 PSYoungGen      total 27840K, used 2660K [0x00000000e0eb0000, 0x00000000e4510000, 0x0000000100000000)
  eden space 23872K, 0% used [0x00000000e0eb0000,0x00000000e0eb0000,0x00000000e2600000)
  from space 3968K, 67% used [0x00000000e29e0000,0x00000000e2c79378,0x00000000e2dc0000)
  to   space 3968K, 0% used [0x00000000e2600000,0x00000000e2600000,0x00000000e29e0000)
 ParOldGen       total 63616K, used 16K [0x00000000a2c00000, 0x00000000a6a20000, 0x00000000e0eb0000)
  object space 63616K, 0% used [0x00000000a2c00000,0x00000000a2c04000,0x00000000a6a20000)
 PSPermGen       total 21248K, used 9415K [0x0000000098600000, 0x0000000099ac0000, 0x00000000a2c00000)
  object space 21248K, 44% used [0x0000000098600000,0x0000000098f31ec0,0x0000000099ac0000)
}
Event: 1.714 GC heap before
{Heap before GC invocations=3 (full 0):
 PSYoungGen      total 27840K, used 26532K [0x00000000e0eb0000, 0x00000000e4510000, 0x0000000100000000)
  eden space 23872K, 100% used [0x00000000e0eb0000,0x00000000e2600000,0x00000000e2600000)
  from space 3968K, 67% used [0x00000000e29e0000,0x00000000e2c79378,0x00000000e2dc0000)
  to   space 3968K, 0% used [0x00000000e2600000,0x00000000e2600000,0x00000000e29e0000)
 ParOldGen       total 63616K, used 16K [0x00000000a2c00000, 0x00000000a6a20000, 0x00000000e0eb0000)
  object space 63616K, 0% used [0x00000000a2c00000,0x00000000a2c04000,0x00000000a6a20000)
 PSPermGen       total 21248K, used 9453K [0x0000000098600000, 0x0000000099ac0000, 0x00000000a2c00000)
  object space 21248K, 44% used [0x0000000098600000,0x0000000098f3b520,0x0000000099ac0000)
Event: 1.717 GC heap after
Heap after GC invocations=3 (full 0):
 PSYoungGen      total 27840K, used 3961K [0x00000000e0eb0000, 0x00000000e4510000, 0x0000000100000000)
  eden space 23872K, 0% used [0x00000000e0eb0000,0x00000000e0eb0000,0x00000000e2600000)
  from space 3968K, 99% used [0x00000000e2600000,0x00000000e29de6e0,0x00000000e29e0000)
  to   space 3968K, 0% used [0x00000000e4130000,0x00000000e4130000,0x00000000e4510000)
 ParOldGen       total 63616K, used 744K [0x00000000a2c00000, 0x00000000a6a20000, 0x00000000e0eb0000)
  object space 63616K, 1% used [0x00000000a2c00000,0x00000000a2cba000,0x00000000a6a20000)
 PSPermGen       total 21248K, used 9453K [0x0000000098600000, 0x0000000099ac0000, 0x00000000a2c00000)
  object space 21248K, 44% used [0x0000000098600000,0x0000000098f3b520,0x0000000099ac0000)
}
Event: 1.743 GC heap before
{Heap before GC invocations=4 (full 0):
 PSYoungGen      total 27840K, used 27833K [0x00000000e0eb0000, 0x00000000e4510000, 0x0000000100000000)
  eden space 23872K, 100% used [0x00000000e0eb0000,0x00000000e2600000,0x00000000e2600000)
  from space 3968K, 99% used [0x00000000e2600000,0x00000000e29de6e0,0x00000000e29e0000)
  to   space 3968K, 0% used [0x00000000e4130000,0x00000000e4130000,0x00000000e4510000)
 ParOldGen       total 63616K, used 744K [0x00000000a2c00000, 0x00000000a6a20000, 0x00000000e0eb0000)
  object space 63616K, 1% used [0x00000000a2c00000,0x00000000a2cba000,0x00000000a6a20000)
 PSPermGen       total 21248K, used 9473K [0x0000000098600000, 0x0000000099ac0000, 0x00000000a2c00000)
  object space 21248K, 44% used [0x0000000098600000,0x0000000098f40538,0x0000000099ac0000)
Event: 1.749 GC heap after
Heap after GC invocations=4 (full 0):
 PSYoungGen      total 51712K, used 3966K [0x00000000e0eb0000, 0x00000000e4510000, 0x0000000100000000)
  eden space 47744K, 0% used [0x00000000e0eb0000,0x00000000e0eb0000,0x00000000e3d50000)
  from space 3968K, 99% used [0x00000000e4130000,0x00000000e450fa58,0x00000000e4510000)
  to   space 3968K, 0% used [0x00000000e3d50000,0x00000000e3d50000,0x00000000e4130000)
 ParOldGen       total 63616K, used 1288K [0x00000000a2c00000, 0x00000000a6a20000, 0x00000000e0eb0000)
  object space 63616K, 2% used [0x00000000a2c00000,0x00000000a2d42000,0x00000000a6a20000)
 PSPermGen       total 21248K, used 9473K [0x0000000098600000, 0x0000000099ac0000, 0x00000000a2c00000)
  object space 21248K, 44% used [0x0000000098600000,0x0000000098f40538,0x0000000099ac0000)
}
Event: 1.844 GC heap before
{Heap before GC invocations=5 (full 0):
 PSYoungGen      total 51712K, used 51710K [0x00000000e0eb0000, 0x00000000e4510000, 0x0000000100000000)
  eden space 47744K, 100% used [0x00000000e0eb0000,0x00000000e3d50000,0x00000000e3d50000)
  from space 3968K, 99% used [0x00000000e4130000,0x00000000e450fa58,0x00000000e4510000)
  to   space 3968K, 0% used [0x00000000e3d50000,0x00000000e3d50000,0x00000000e4130000)
 ParOldGen       total 63616K, used 1288K [0x00000000a2c00000, 0x00000000a6a20000, 0x00000000e0eb0000)
  object space 63616K, 2% used [0x00000000a2c00000,0x00000000a2d42000,0x00000000a6a20000)
 PSPermGen       total 21248K, used 9537K [0x0000000098600000, 0x0000000099ac0000, 0x00000000a2c00000)
  object space 21248K, 44% used [0x0000000098600000,0x0000000098f50570,0x0000000099ac0000)
Event: 1.850 GC heap after
Heap after GC invocations=5 (full 0):
 PSYoungGen      total 51712K, used 3949K [0x00000000e0eb0000, 0x00000000e7810000, 0x0000000100000000)
  eden space 47744K, 0% used [0x00000000e0eb0000,0x00000000e0eb0000,0x00000000e3d50000)
  from space 3968K, 99% used [0x00000000e3d50000,0x00000000e412b470,0x00000000e4130000)
  to   space 6208K, 0% used [0x00000000e7200000,0x00000000e7200000,0x00000000e7810000)
 ParOldGen       total 63616K, used 2657K [0x00000000a2c00000, 0x00000000a6a20000, 0x00000000e0eb0000)
  object space 63616K, 4% used [0x00000000a2c00000,0x00000000a2e98768,0x00000000a6a20000)
 PSPermGen       total 21248K, used 9537K [0x0000000098600000, 0x0000000099ac0000, 0x00000000a2c00000)
  object space 21248K, 44% used [0x0000000098600000,0x0000000098f50570,0x0000000099ac0000)
}

Deoptimization events (10 events):
Event: 1.514 Thread 0x00007fb414008000 Uncommon trap -34 fr.pc 0x00007fb410ca59c8
Event: 1.514 Thread 0x00007fb414008000 Uncommon trap -34 fr.pc 0x00007fb410cbe4a8
Event: 1.514 Thread 0x00007fb414008000 Uncommon trap -34 fr.pc 0x00007fb410ca59c8
Event: 1.514 Thread 0x00007fb414008000 Uncommon trap -34 fr.pc 0x00007fb410ca59c8
Event: 1.548 Thread 0x00007fb414008000 Uncommon trap -34 fr.pc 0x00007fb410cbe4a8
Event: 1.548 Thread 0x00007fb414008000 Uncommon trap -34 fr.pc 0x00007fb410ca59c8
Event: 1.577 Thread 0x00007fb414008000 Uncommon trap -75 fr.pc 0x00007fb410ccadfc
Event: 1.592 Thread 0x00007fb414008000 Uncommon trap -34 fr.pc 0x00007fb410cbe4a8
Event: 1.757 Thread 0x00007fb414008000 Uncommon trap -75 fr.pc 0x00007fb410cdacfc
Event: 1.767 Thread 0x00007fb414008000 Uncommon trap -83 fr.pc 0x00007fb410cc7ef0

Internal exceptions (10 events):
Event: 1.720 Thread 0x00007fb414008000 Threw 0x00000000e0fd51d8 at /builddir/build/BUILD/java-1.7.0-openjdk/openjdk/hotspot/src/share/vm/prims/jvm.cpp:1166
Event: 1.768 Thread 0x00007fb414008000 Threw 0x00000000e1636d50 at /builddir/build/BUILD/java-1.7.0-openjdk/openjdk/hotspot/src/share/vm/prims/jvm.cpp:1166
Event: 1.783 Thread 0x00007fb414008000 Threw 0x00000000e16dd4d0 at /builddir/build/BUILD/java-1.7.0-openjdk/openjdk/hotspot/src/share/vm/prims/jvm.cpp:1166
Event: 1.783 Thread 0x00007fb414008000 Threw 0x00000000e16defb8 at /builddir/build/BUILD/java-1.7.0-openjdk/openjdk/hotspot/src/share/vm/prims/jvm.cpp:1166
Event: 1.878 Thread 0x00007fb414008000 Threw 0x00000000e2a93c90 at /builddir/build/BUILD/java-1.7.0-openjdk/openjdk/hotspot/src/share/vm/prims/jvm.cpp:1166
Event: 1.879 Thread 0x00007fb414008000 Threw 0x00000000e2b0c870 at /builddir/build/BUILD/java-1.7.0-openjdk/openjdk/hotspot/src/share/vm/prims/jvm.cpp:1166
Event: 1.880 Thread 0x00007fb414008000 Threw 0x00000000e2b19038 at /builddir/build/BUILD/java-1.7.0-openjdk/openjdk/hotspot/src/share/vm/prims/jvm.cpp:1166
Event: 1.880 Thread 0x00007fb414008000 Threw 0x00000000e2b1ce40 at /builddir/build/BUILD/java-1.7.0-openjdk/openjdk/hotspot/src/share/vm/prims/jvm.cpp:1166
Event: 1.887 Thread 0x00007fb414008000 Threw 0x00000000e3489158 at /builddir/build/BUILD/java-1.7.0-openjdk/openjdk/hotspot/src/share/vm/prims/jvm.cpp:1166
Event: 1.889 Thread 0x00007fb414008000 Threw 0x00000000e349fb60 at /builddir/build/BUILD/java-1.7.0-openjdk/openjdk/hotspot/src/share/vm/prims/jvm.cpp:1166

Events (10 events):
Event: 1.879 loading class 0x00007fb41481c800
Event: 1.879 loading class 0x00007fb41481c800 done
Event: 1.880 loading class 0x00007fb41482a7a0
Event: 1.880 loading class 0x00007fb41482a7a0 done
Event: 1.880 loading class 0x00007fb41482a840
Event: 1.880 loading class 0x00007fb41482a840 done
Event: 1.887 loading class 0x00007fb41482a8f0
Event: 1.887 loading class 0x00007fb41482a8f0 done
Event: 1.889 loading class 0x00007fb41482a550
Event: 1.889 loading class 0x00007fb41482a550 done


Dynamic libraries:
00400000-00401000 r-xp 00000000 fd:01 399012                             /usr/lib/jvm/java-1.7.0-openjdk-1.7.0.9.x86_64/bin/java
00600000-00602000 rw-p 00000000 fd:01 399012                             /usr/lib/jvm/java-1.7.0-openjdk-1.7.0.9.x86_64/bin/java
01353000-01374000 rw-p 00000000 00:00 0                                  [heap]
40c36000-40c38000 r-xs 00000000 fd:01 2003                               /tmp/glHnzA9H (deleted)
419aa000-41a28000 rw-p 00000000 00:00 0 
98600000-99ac0000 rw-p 00000000 00:00 0 
99ac0000-a2c00000 rw-p 00000000 00:00 0 
a2c00000-a6a20000 rw-p 00000000 00:00 0 
a6a20000-e0eb0000 rw-p 00000000 00:00 0 
e0eb0000-e7810000 rw-p 00000000 00:00 0 
e7810000-100000000 rw-p 00000000 00:00 0 
324e400000-324e40c000 r-xp 00000000 fd:01 398177                         /usr/lib/jvm/java-1.7.0-openjdk-1.7.0.9.x86_64/jre/lib/amd64/jli/libjli.so
324e40c000-324e60c000 ---p 0000c000 fd:01 398177                         /usr/lib/jvm/java-1.7.0-openjdk-1.7.0.9.x86_64/jre/lib/amd64/jli/libjli.so
324e60c000-324e60d000 rw-p 0000c000 fd:01 398177                         /usr/lib/jvm/java-1.7.0-openjdk-1.7.0.9.x86_64/jre/lib/amd64/jli/libjli.so
394c200000-394c220000 r-xp 00000000 fd:01 132915                         /usr/lib64/ld-2.15.so
394c41f000-394c420000 r--p 0001f000 fd:01 132915                         /usr/lib64/ld-2.15.so
394c420000-394c421000 rw-p 00020000 fd:01 132915                         /usr/lib64/ld-2.15.so
394c421000-394c422000 rw-p 00000000 00:00 0 
394c600000-394c7ac000 r-xp 00000000 fd:01 153144                         /usr/lib64/libc-2.15.so
394c7ac000-394c9ac000 ---p 001ac000 fd:01 153144                         /usr/lib64/libc-2.15.so
394c9ac000-394c9b0000 r--p 001ac000 fd:01 153144                         /usr/lib64/libc-2.15.so
394c9b0000-394c9b2000 rw-p 001b0000 fd:01 153144                         /usr/lib64/libc-2.15.so
394c9b2000-394c9b7000 rw-p 00000000 00:00 0 
394ca00000-394ca16000 r-xp 00000000 fd:01 154797                         /usr/lib64/libpthread-2.15.so
394ca16000-394cc16000 ---p 00016000 fd:01 154797                         /usr/lib64/libpthread-2.15.so
394cc16000-394cc17000 r--p 00016000 fd:01 154797                         /usr/lib64/libpthread-2.15.so
394cc17000-394cc18000 rw-p 00017000 fd:01 154797                         /usr/lib64/libpthread-2.15.so
394cc18000-394cc1c000 rw-p 00000000 00:00 0 
394ce00000-394ce03000 r-xp 00000000 fd:01 153297                         /usr/lib64/libdl-2.15.so
394ce03000-394d002000 ---p 00003000 fd:01 153297                         /usr/lib64/libdl-2.15.so
394d002000-394d003000 r--p 00002000 fd:01 153297                         /usr/lib64/libdl-2.15.so
394d003000-394d004000 rw-p 00003000 fd:01 153297                         /usr/lib64/libdl-2.15.so
394d200000-394d207000 r-xp 00000000 fd:01 154929                         /usr/lib64/librt-2.15.so
394d207000-394d406000 ---p 00007000 fd:01 154929                         /usr/lib64/librt-2.15.so
394d406000-394d407000 r--p 00006000 fd:01 154929                         /usr/lib64/librt-2.15.so
394d407000-394d408000 rw-p 00007000 fd:01 154929                         /usr/lib64/librt-2.15.so
394da00000-394dafa000 r-xp 00000000 fd:01 163524                         /usr/lib64/libm-2.15.so
394dafa000-394dcf9000 ---p 000fa000 fd:01 163524                         /usr/lib64/libm-2.15.so
394dcf9000-394dcfa000 r--p 000f9000 fd:01 163524                         /usr/lib64/libm-2.15.so
394dcfa000-394dcfb000 rw-p 000fa000 fd:01 163524                         /usr/lib64/libm-2.15.so
394e600000-394e616000 r-xp 00000000 fd:01 160186                         /usr/lib64/libresolv-2.15.so
394e616000-394e815000 ---p 00016000 fd:01 160186                         /usr/lib64/libresolv-2.15.so
394e815000-394e816000 r--p 00015000 fd:01 160186                         /usr/lib64/libresolv-2.15.so
394e816000-394e817000 rw-p 00016000 fd:01 160186                         /usr/lib64/libresolv-2.15.so
394e817000-394e819000 rw-p 00000000 00:00 0 
394fe00000-394fe02000 r-xp 00000000 fd:01 165636                         /usr/lib64/libXau.so.6.0.0
394fe02000-3950002000 ---p 00002000 fd:01 165636                         /usr/lib64/libXau.so.6.0.0
3950002000-3950003000 r--p 00002000 fd:01 165636                         /usr/lib64/libXau.so.6.0.0
3950003000-3950004000 rw-p 00003000 fd:01 165636                         /usr/lib64/libXau.so.6.0.0
3950200000-3950334000 r-xp 00000000 fd:01 167814                         /usr/lib64/libX11.so.6.3.0
3950334000-3950534000 ---p 00134000 fd:01 167814                         /usr/lib64/libX11.so.6.3.0
3950534000-3950535000 r--p 00134000 fd:01 167814                         /usr/lib64/libX11.so.6.3.0
3950535000-395053a000 rw-p 00135000 fd:01 167814                         /usr/lib64/libX11.so.6.3.0
3950600000-395061d000 r-xp 00000000 fd:01 167409                         /usr/lib64/libxcb.so.1.1.0
395061d000-395081c000 ---p 0001d000 fd:01 167409                         /usr/lib64/libxcb.so.1.1.0
395081c000-395081d000 r--p 0001c000 fd:01 167409                         /usr/lib64/libxcb.so.1.1.0
395081d000-395081e000 rw-p 0001d000 fd:01 167409                         /usr/lib64/libxcb.so.1.1.0
3950a00000-3950a10000 r-xp 00000000 fd:01 170834                         /usr/lib64/libXext.so.6.4.0
3950a10000-3950c10000 ---p 00010000 fd:01 170834                         /usr/lib64/libXext.so.6.4.0
3950c10000-3950c11000 r--p 00010000 fd:01 170834                         /usr/lib64/libXext.so.6.4.0
3950c11000-3950c12000 rw-p 00011000 fd:01 170834                         /usr/lib64/libXext.so.6.4.0
3950e00000-3950e15000 r-xp 00000000 fd:01 163917                         /usr/lib64/libgcc_s-4.7.2-20120921.so.1
3950e15000-3951014000 ---p 00015000 fd:01 163917                         /usr/lib64/libgcc_s-4.7.2-20120921.so.1
3951014000-3951015000 rw-p 00014000 fd:01 163917                         /usr/lib64/libgcc_s-4.7.2-20120921.so.1
3951200000-3951243000 r-xp 00000000 fd:01 171703                         /usr/lib64/libdbus-1.so.3.5.6
3951243000-3951442000 ---p 00043000 fd:01 171703                         /usr/lib64/libdbus-1.so.3.5.6
3951442000-3951443000 r--p 00042000 fd:01 171703                         /usr/lib64/libdbus-1.so.3.5.6
3951443000-3951444000 rw-p 00043000 fd:01 171703                         /usr/lib64/libdbus-1.so.3.5.6
3951600000-3951609000 r-xp 00000000 fd:01 167820                         /usr/lib64/libXrender.so.1.3.0
3951609000-3951808000 ---p 00009000 fd:01 167820                         /usr/lib64/libXrender.so.1.3.0
3951808000-3951809000 r--p 00008000 fd:01 167820                         /usr/lib64/libXrender.so.1.3.0
3951809000-395180a000 rw-p 00009000 fd:01 167820                         /usr/lib64/libXrender.so.1.3.0
3952200000-3952207000 r-xp 00000000 fd:01 171184                         /usr/lib64/libXrandr.so.2.2.0
3952207000-3952406000 ---p 00007000 fd:01 171184                         /usr/lib64/libXrandr.so.2.2.0
3952406000-3952407000 r--p 00006000 fd:01 171184                         /usr/lib64/libXrandr.so.2.2.0
3952407000-3952408000 rw-p 00007000 fd:01 171184                         /usr/lib64/libXrandr.so.2.2.0
3953200000-395320e000 r-xp 00000000 fd:01 171172                         /usr/lib64/libXi.so.6.1.0
395320e000-395340d000 ---p 0000e000 fd:01 171172                         /usr/lib64/libXi.so.6.1.0
395340d000-395340e000 r--p 0000d000 fd:01 171172                         /usr/lib64/libXi.so.6.1.0
395340e000-395340f000 rw-p 0000e000 fd:01 171172                         /usr/lib64/libXi.so.6.1.0
3954200000-3954209000 r-xp 00000000 fd:01 171299                         /usr/lib64/libXcursor.so.1.0.2
3954209000-3954409000 ---p 00009000 fd:01 171299                         /usr/lib64/libXcursor.so.1.0.2
3954409000-395440a000 r--p 00009000 fd:01 171299                         /usr/lib64/libXcursor.so.1.0.2
395440a000-395440b000 rw-p 0000a000 fd:01 171299                         /usr/lib64/libXcursor.so.1.0.2
3954e00000-3954e05000 r-xp 00000000 fd:01 171185                         /usr/lib64/libXfixes.so.3.1.0
3954e05000-3955004000 ---p 00005000 fd:01 171185                         /usr/lib64/libXfixes.so.3.1.0
3955004000-3955005000 r--p 00004000 fd:01 171185                         /usr/lib64/libXfixes.so.3.1.0
3955005000-3955006000 rw-p 00005000 fd:01 171185                         /usr/lib64/libXfixes.so.3.1.0
3956600000-3956604000 r-xp 00000000 fd:01 136950                         /usr/lib64/libuuid.so.1.3.0
3956604000-3956803000 ---p 00004000 fd:01 136950                         /usr/lib64/libuuid.so.1.3.0
3956803000-3956804000 r--p 00003000 fd:01 136950                         /usr/lib64/libuuid.so.1.3.0
3956804000-3956805000 rw-p 00004000 fd:01 136950                         /usr/lib64/libuuid.so.1.3.0
3959200000-39592e5000 r-xp 00000000 fd:01 153523                         /usr/lib64/libstdc++.so.6.0.17
39592e5000-39594e4000 ---p 000e5000 fd:01 153523                         /usr/lib64/libstdc++.so.6.0.17
39594e4000-39594ec000 r--p 000e4000 fd:01 153523                         /usr/lib64/libstdc++.so.6.0.17
39594ec000-39594ee000 rw-p 000ec000 fd:01 153523                         /usr/lib64/libstdc++.so.6.0.17
39594ee000-3959503000 rw-p 00000000 00:00 0 
395be00000-395be06000 r-xp 00000000 fd:01 171722                         /usr/lib64/libogg.so.0.8.0
395be06000-395c005000 ---p 00006000 fd:01 171722                         /usr/lib64/libogg.so.0.8.0
395c005000-395c006000 r--p 00005000 fd:01 171722                         /usr/lib64/libogg.so.0.8.0
395c006000-395c007000 rw-p 00006000 fd:01 171722                         /usr/lib64/libogg.so.0.8.0
395ea00000-395ea17000 r-xp 00000000 fd:01 150637                         /usr/lib64/libICE.so.6.3.0
395ea17000-395ec16000 ---p 00017000 fd:01 150637                         /usr/lib64/libICE.so.6.3.0
395ec16000-395ec17000 r--p 00016000 fd:01 150637                         /usr/lib64/libICE.so.6.3.0
395ec17000-395ec18000 rw-p 00017000 fd:01 150637                         /usr/lib64/libICE.so.6.3.0
395ec18000-395ec1c000 rw-p 00000000 00:00 0 
395ee00000-395ee2c000 r-xp 00000000 fd:01 171724                         /usr/lib64/libvorbis.so.0.4.6
395ee2c000-395f02b000 ---p 0002c000 fd:01 171724                         /usr/lib64/libvorbis.so.0.4.6
395f02b000-395f02c000 r--p 0002b000 fd:01 171724                         /usr/lib64/libvorbis.so.0.4.6
395f02c000-395f02d000 rw-p 0002c000 fd:01 171724                         /usr/lib64/libvorbis.so.0.4.6
395f200000-395f207000 r-xp 00000000 fd:01 171746                         /usr/lib64/libSM.so.6.0.1
395f207000-395f406000 ---p 00007000 fd:01 171746                         /usr/lib64/libSM.so.6.0.1
395f406000-395f407000 r--p 00006000 fd:01 171746                         /usr/lib64/libSM.so.6.0.1
395f407000-395f408000 rw-p 00007000 fd:01 171746                         /usr/lib64/libSM.so.6.0.1
3961200000-3961201000 r-xp 00000000 fd:01 171707                         /usr/lib64/libX11-xcb.so.1.0.0
3961201000-3961400000 ---p 00001000 fd:01 171707                         /usr/lib64/libX11-xcb.so.1.0.0
3961400000-3961401000 r--p 00000000 fd:01 171707                         /usr/lib64/libX11-xcb.so.1.0.0
3961401000-3961402000 rw-p 00001000 fd:01 171707                         /usr/lib64/libX11-xcb.so.1.0.0
3961600000-3961616000 r-xp 00000000 fd:01 171751                         /usr/lib64/libnsl-2.15.so
3961616000-3961815000 ---p 00016000 fd:01 171751                         /usr/lib64/libnsl-2.15.so
3961815000-3961816000 r--p 00015000 fd:01 171751                         /usr/lib64/libnsl-2.15.so
3961816000-3961817000 rw-p 00016000 fd:01 171751                         /usr/lib64/libnsl-2.15.so
3961817000-3961819000 rw-p 00000000 00:00 0 
3962a00000-3962a05000 r-xp 00000000 fd:01 171750                         /usr/lib64/libXtst.so.6.1.0
3962a05000-3962c04000 ---p 00005000 fd:01 171750                         /usr/lib64/libXtst.so.6.1.0
3962c04000-3962c05000 r--p 00004000 fd:01 171750                         /usr/lib64/libXtst.so.6.1.0
3962c05000-3962c06000 rw-p 00005000 fd:01 171750                         /usr/lib64/libXtst.so.6.1.0
3962e00000-3962e0b000 r-xp 00000000 fd:01 153313                         /usr/lib64/libgsm.so.1.0.12
3962e0b000-396300a000 ---p 0000b000 fd:01 153313                         /usr/lib64/libgsm.so.1.0.12
396300a000-396300b000 rw-p 0000a000 fd:01 153313                         /usr/lib64/libgsm.so.1.0.12
3963a00000-3963a39000 r-xp 00000000 fd:01 171723                         /usr/lib64/libFLAC.so.8.2.0
3963a39000-3963c38000 ---p 00039000 fd:01 171723                         /usr/lib64/libFLAC.so.8.2.0
3963c38000-3963c39000 r--p 00038000 fd:01 171723                         /usr/lib64/libFLAC.so.8.2.0
3963c39000-3963c3a000 rw-p 00039000 fd:01 171723                         /usr/lib64/libFLAC.so.8.2.0
3964600000-39648b3000 r-xp 00000000 fd:01 171725                         /usr/lib64/libvorbisenc.so.2.0.9
39648b3000-3964ab2000 ---p 002b3000 fd:01 171725                         /usr/lib64/libvorbisenc.so.2.0.9
3964ab2000-3964ace000 r--p 002b2000 fd:01 171725                         /usr/lib64/libvorbisenc.so.2.0.9
3964ace000-3964acf000 rw-p 002ce000 fd:01 171725                         /usr/lib64/libvorbisenc.so.2.0.9
3964c00000-3964c07000 r-xp 00000000 fd:01 135356                         /usr/lib64/libjson.so.0.0.1
3964c07000-3964e06000 ---p 00007000 fd:01 135356                         /usr/lib64/libjson.so.0.0.1
3964e06000-3964e07000 r--p 00006000 fd:01 135356                         /usr/lib64/libjson.so.0.0.1
3964e07000-3964e08000 rw-p 00007000 fd:01 135356                         /usr/lib64/libjson.so.0.0.1
3965000000-3965055000 r-xp 00000000 fd:01 171726                         /usr/lib64/libsndfile.so.1.0.25
3965055000-3965255000 ---p 00055000 fd:01 171726                         /usr/lib64/libsndfile.so.1.0.25
3965255000-3965257000 r--p 00055000 fd:01 171726                         /usr/lib64/libsndfile.so.1.0.25
3965257000-3965258000 rw-p 00057000 fd:01 171726                         /usr/lib64/libsndfile.so.1.0.25
3965258000-396525c000 rw-p 00000000 00:00 0 
3965c00000-3965c60000 r-xp 00000000 fd:01 171754                         /usr/lib64/libpulsecommon-1.1.so
3965c60000-3965e5f000 ---p 00060000 fd:01 171754                         /usr/lib64/libpulsecommon-1.1.so
3965e5f000-3965e60000 r--p 0005f000 fd:01 171754                         /usr/lib64/libpulsecommon-1.1.so
3965e60000-3965e62000 rw-p 00060000 fd:01 171754                         /usr/lib64/libpulsecommon-1.1.so
3966000000-3966047000 r-xp 00000000 fd:01 171755                         /usr/lib64/libpulse.so.0.13.5
3966047000-3966246000 ---p 00047000 fd:01 171755                         /usr/lib64/libpulse.so.0.13.5
3966246000-3966247000 r--p 00046000 fd:01 171755                         /usr/lib64/libpulse.so.0.13.5
3966247000-3966248000 rw-p 00047000 fd:01 171755                         /usr/lib64/libpulse.so.0.13.5
3966400000-3966405000 r-xp 00000000 fd:01 171753                         /usr/lib64/libasyncns.so.0.3.1
3966405000-3966604000 ---p 00005000 fd:01 171753                         /usr/lib64/libasyncns.so.0.3.1
3966604000-3966605000 r--p 00004000 fd:01 171753                         /usr/lib64/libasyncns.so.0.3.1
3966605000-3966606000 rw-p 00005000 fd:01 171753                         /usr/lib64/libasyncns.so.0.3.1
3966800000-3966809000 r-xp 00000000 fd:01 171752                         /usr/lib64/libwrap.so.0.7.6
3966809000-3966a08000 ---p 00009000 fd:01 171752                         /usr/lib64/libwrap.so.0.7.6
3966a08000-3966a09000 r--p 00008000 fd:01 171752                         /usr/lib64/libwrap.so.0.7.6
3966a09000-3966a0a000 rw-p 00009000 fd:01 171752                         /usr/lib64/libwrap.so.0.7.6
3966a0a000-3966a0b000 rw-p 00000000 00:00 0 
3969400000-3969403000 r-xp 00000000 fd:01 399014                         /usr/lib64/nvidia/tls/libnvidia-tls.so.304.64
3969403000-3969602000 ---p 00003000 fd:01 399014                         /usr/lib64/nvidia/tls/libnvidia-tls.so.304.64
3969602000-3969603000 rw-p 00002000 fd:01 399014                         /usr/lib64/nvidia/tls/libnvidia-tls.so.304.64
3969800000-396b1d0000 r-xp 00000000 fd:01 399016                         /usr/lib64/nvidia/libnvidia-glcore.so.304.64
396b1d0000-396b3cf000 ---p 019d0000 fd:01 399016                         /usr/lib64/nvidia/libnvidia-glcore.so.304.64
396b3cf000-396bbd0000 rwxp 019cf000 fd:01 399016                         /usr/lib64/nvidia/libnvidia-glcore.so.304.64
396bbd0000-396bbea000 rwxp 00000000 00:00 0 
396da00000-396daca000 r-xp 00000000 fd:01 399032                         /usr/lib64/nvidia/libGL.so.304.64
396daca000-396dcca000 ---p 000ca000 fd:01 399032                         /usr/lib64/nvidia/libGL.so.304.64
396dcca000-396dd07000 rwxp 000ca000 fd:01 399032                         /usr/lib64/nvidia/libGL.so.304.64
396dd07000-396dd1d000 rwxp 00000000 00:00 0 
3c28800000-3c28817000 r-xp 00000000 fd:01 136784                         /usr/lib64/libz.so.1.2.5
3c28817000-3c28a16000 ---p 00017000 fd:01 136784                         /usr/lib64/libz.so.1.2.5
3c28a16000-3c28a17000 rw-p 00016000 fd:01 136784                         /usr/lib64/libz.so.1.2.5
3c2a000000-3c2a004000 r-xp 00000000 fd:01 155523                         /usr/lib64/libXxf86vm.so.1.0.0
3c2a004000-3c2a204000 ---p 00004000 fd:01 155523                         /usr/lib64/libXxf86vm.so.1.0.0
3c2a204000-3c2a205000 r--p 00004000 fd:01 155523                         /usr/lib64/libXxf86vm.so.1.0.0
3c2a205000-3c2a206000 rw-p 00005000 fd:01 155523                         /usr/lib64/libXxf86vm.so.1.0.0
7fb39c000000-7fb39c021000 rw-p 00000000 00:00 0 
7fb39c021000-7fb3a0000000 ---p 00000000 00:00 0 
7fb3a4000000-7fb3a4021000 rw-p 00000000 00:00 0 
7fb3a4021000-7fb3a8000000 ---p 00000000 00:00 0 
7fb3abfff000-7fb3b0000000 rw-s 00000000 00:0f 65322                      /dev/shm/pulse-shm-2073910764
7fb3b0000000-7fb3b0021000 rw-p 00000000 00:00 0 
7fb3b0021000-7fb3b4000000 ---p 00000000 00:00 0 
7fb3b4000000-7fb3b4021000 rw-p 00000000 00:00 0 
7fb3b4021000-7fb3b8000000 ---p 00000000 00:00 0 
7fb3b8000000-7fb3b8021000 rw-p 00000000 00:00 0 
7fb3b8021000-7fb3bc000000 ---p 00000000 00:00 0 
7fb3bc000000-7fb3bc021000 rw-p 00000000 00:00 0 
7fb3bc021000-7fb3c0000000 ---p 00000000 00:00 0 
7fb3c0000000-7fb3c0703000 rw-p 00000000 00:00 0 
7fb3c0703000-7fb3c4000000 ---p 00000000 00:00 0 
7fb3c4000000-7fb3c4021000 rw-p 00000000 00:00 0 
7fb3c4021000-7fb3c8000000 ---p 00000000 00:00 0 
7fb3c8000000-7fb3c8851000 rw-p 00000000 00:00 0 
7fb3c8851000-7fb3cc000000 ---p 00000000 00:00 0 
7fb3cdbd3000-7fb3d4000000 r--p 00000000 fd:01 171543                     /usr/lib/locale/locale-archive
7fb3d4000000-7fb3d4021000 rw-p 00000000 00:00 0 
7fb3d4021000-7fb3d8000000 ---p 00000000 00:00 0 
7fb3d8000000-7fb3d8021000 rw-p 00000000 00:00 0 
7fb3d8021000-7fb3dc000000 ---p 00000000 00:00 0 
7fb3dc000000-7fb3dc021000 rw-p 00000000 00:00 0 
7fb3dc021000-7fb3e0000000 ---p 00000000 00:00 0 
7fb3e0000000-7fb3e0021000 rw-p 00000000 00:00 0 
7fb3e0021000-7fb3e4000000 ---p 00000000 00:00 0 
7fb3e4000000-7fb3e4021000 rw-p 00000000 00:00 0 
7fb3e4021000-7fb3e8000000 ---p 00000000 00:00 0 
7fb3e8000000-7fb3e8021000 rw-p 00000000 00:00 0 
7fb3e8021000-7fb3ec000000 ---p 00000000 00:00 0 
7fb3ec000000-7fb3ec021000 rw-p 00000000 00:00 0 
7fb3ec021000-7fb3f0000000 ---p 00000000 00:00 0 
7fb3f0000000-7fb3f0021000 rw-p 00000000 00:00 0 
7fb3f0021000-7fb3f4000000 ---p 00000000 00:00 0 
7fb3f5a05000-7fb3f5b06000 rw-p 00000000 00:00 0 
7fb3f5b06000-7fb3f5f06000 rw-s 130ef4000 00:05 16800                     /dev/nvidia0
7fb3f6007000-7fb3f6108000 rw-p 00000000 00:00 0 
7fb3f6209000-7fb3f630a000 rw-p 00000000 00:00 0 
7fb3f630a000-7fb3f630b000 ---p 00000000 00:00 0 
7fb3f630b000-7fb3f6b0b000 rw-p 00000000 00:00 0                          [stack:9925]
7fb3f6b0b000-7fb3f6b0c000 ---p 00000000 00:00 0 
7fb3f6b0c000-7fb3f8000000 rw-p 00000000 00:00 0                          [stack:9924]
7fb3f8000000-7fb3f8021000 rw-p 00000000 00:00 0 
7fb3f8021000-7fb3fc000000 ---p 00000000 00:00 0 
7fb3fc1bd000-7fb3fc2be000 rw-p 00000000 00:00 0 
7fb3fc2be000-7fb3fc4be000 rw-s 15b9f0000 00:05 16800                     /dev/nvidia0
7fb3fc5bf000-7fb3fc6c0000 rw-p 00000000 00:00 0 
7fb3fc7c1000-7fb3fc815000 r-xp 00000000 fd:02 5374964                    /home/inferno/Development/12D Client/lib/lwjgl_native/linux/libopenal64.so
7fb3fc815000-7fb3fca15000 ---p 00054000 fd:02 5374964                    /home/inferno/Development/12D Client/lib/lwjgl_native/linux/libopenal64.so
7fb3fca15000-7fb3fca17000 r--p 00054000 fd:02 5374964                    /home/inferno/Development/12D Client/lib/lwjgl_native/linux/libopenal64.so
7fb3fca17000-7fb3fca18000 rw-p 00056000 fd:02 5374964                    /home/inferno/Development/12D Client/lib/lwjgl_native/linux/libopenal64.so
7fb3fca18000-7fb3fca19000 rw-p 00000000 00:00 0 
7fb3fca19000-7fb3fca2f000 r-xp 00000000 fd:01 395444                     /usr/lib/jvm/java-1.7.0-openjdk-1.7.0.9.x86_64/jre/lib/amd64/libnet.so
7fb3fca2f000-7fb3fcc2f000 ---p 00016000 fd:01 395444                     /usr/lib/jvm/java-1.7.0-openjdk-1.7.0.9.x86_64/jre/lib/amd64/libnet.so
7fb3fcc2f000-7fb3fcc30000 rw-p 00016000 fd:01 395444                     /usr/lib/jvm/java-1.7.0-openjdk-1.7.0.9.x86_64/jre/lib/amd64/libnet.so
7fb3fcc30000-7fb400000000 rw-p 00000000 00:00 0 
7fb400000000-7fb400021000 rw-p 00000000 00:00 0 
7fb400021000-7fb404000000 ---p 00000000 00:00 0 
7fb404000000-7fb404021000 rw-p 00000000 00:00 0 
7fb404021000-7fb408000000 ---p 00000000 00:00 0 
7fb408000000-7fb408021000 rw-p 00000000 00:00 0 
7fb408021000-7fb40c000000 ---p 00000000 00:00 0 
7fb40c0b8000-7fb40c0bf000 r--s 00000000 fd:01 3373                       /usr/lib64/gconv/gconv-modules.cache
7fb40c0bf000-7fb40c0d0000 r-xp 00000000 fd:01 395445                     /usr/lib/jvm/java-1.7.0-openjdk-1.7.0.9.x86_64/jre/lib/amd64/libnio.so
7fb40c0d0000-7fb40c2cf000 ---p 00011000 fd:01 395445                     /usr/lib/jvm/java-1.7.0-openjdk-1.7.0.9.x86_64/jre/lib/amd64/libnio.so
7fb40c2cf000-7fb40c2d0000 rw-p 00010000 fd:01 395445                     /usr/lib/jvm/java-1.7.0-openjdk-1.7.0.9.x86_64/jre/lib/amd64/libnio.so
7fb40c2d0000-7fb40c4d0000 rw-s 1d248c000 00:05 16800                     /dev/nvidia0
7fb40c4d0000-7fb40c6d0000 rw-s 15b87c000 00:05 16800                     /dev/nvidia0
7fb40c6d0000-7fb40c8d0000 rw-s 16bfd7000 00:05 16800                     /dev/nvidia0
7fb40c8d0000-7fb40c9d0000 rw-s 12e871000 00:05 16800                     /dev/nvidia0
7fb40c9d0000-7fb40c9d4000 rw-s 1517c1000 00:05 16800                     /dev/nvidia0
7fb40c9d4000-7fb40c9f4000 rw-s c8060000 00:05 16800                      /dev/nvidia0
7fb40c9f4000-7fb40cb5b000 rw-p 00000000 00:00 0 
7fb40cb5b000-7fb40cbcf000 rw-p 00000000 00:00 0 
7fb40cbd3000-7fb40cc13000 rw-s 151596000 00:05 16800                     /dev/nvidia0
7fb40cc13000-7fb40cc33000 rw-s 15bad6000 00:05 16800                     /dev/nvidia0
7fb40cc33000-7fb40cc34000 rw-s cfee5000 00:05 16800                      /dev/nvidia0
7fb40cc34000-7fb40cc74000 rw-s 1517c3000 00:05 16800                     /dev/nvidia0
7fb40cc74000-7fb40cc94000 rw-s 16bc84000 00:05 16800                     /dev/nvidia0
7fb40cc94000-7fb40ccb1000 rw-s 1ba210000 00:05 16800                     /dev/nvidia0
7fb40ccb1000-7fb40ccb3000 r--s 00002000 fd:02 5374941                    /home/inferno/Development/12D Client/lib/12Packets.jar
7fb40ccb3000-7fb40ccb6000 r--s 0001b000 fd:02 5374935                    /home/inferno/Development/12D Client/lib/xpp3-1.1.4c.jar
7fb40ccb6000-7fb40ccc3000 r--s 000aa000 fd:02 5374940                    /home/inferno/Development/12D Client/lib/TWL.jar
7fb40ccc3000-7fb40cd00000 rw-p 00000000 00:00 0 
7fb40cd00000-7fb40cd66000 r-xp 00000000 fd:02 5374962                    /home/inferno/Development/12D Client/lib/lwjgl_native/linux/liblwjgl64.so
7fb40cd66000-7fb40cf65000 ---p 00066000 fd:02 5374962                    /home/inferno/Development/12D Client/lib/lwjgl_native/linux/liblwjgl64.so
7fb40cf65000-7fb40cf67000 r--p 00065000 fd:02 5374962                    /home/inferno/Development/12D Client/lib/lwjgl_native/linux/liblwjgl64.so
7fb40cf67000-7fb40cf68000 rw-p 00067000 fd:02 5374962                    /home/inferno/Development/12D Client/lib/lwjgl_native/linux/liblwjgl64.so
7fb40cf68000-7fb40cf69000 r-xp 00000000 fd:01 395436                     /usr/lib/jvm/java-1.7.0-openjdk-1.7.0.9.x86_64/jre/lib/amd64/libjawt.so
7fb40cf69000-7fb40d168000 ---p 00001000 fd:01 395436                     /usr/lib/jvm/java-1.7.0-openjdk-1.7.0.9.x86_64/jre/lib/amd64/libjawt.so
7fb40d168000-7fb40d169000 rw-p 00000000 fd:01 395436                     /usr/lib/jvm/java-1.7.0-openjdk-1.7.0.9.x86_64/jre/lib/amd64/libjawt.so
7fb40d169000-7fb40d16c000 ---p 00000000 00:00 0 
7fb40d16c000-7fb40d191000 rw-p 00000000 00:00 0                          [stack:9917]
7fb40d191000-7fb40d194000 ---p 00000000 00:00 0 
7fb40d194000-7fb40d292000 rw-p 00000000 00:00 0                          [stack:9915]
7fb40d292000-7fb40d295000 ---p 00000000 00:00 0 
7fb40d295000-7fb40d393000 rw-p 00000000 00:00 0                          [stack:9914]
7fb40d393000-7fb40d3e6000 r-xp 00000000 fd:01 395461                     /usr/lib/jvm/java-1.7.0-openjdk-1.7.0.9.x86_64/jre/lib/amd64/xawt/libmawt.so
7fb40d3e6000-7fb40d5e6000 ---p 00053000 fd:01 395461                     /usr/lib/jvm/java-1.7.0-openjdk-1.7.0.9.x86_64/jre/lib/amd64/xawt/libmawt.so
7fb40d5e6000-7fb40d5ea000 rw-p 00053000 fd:01 395461                     /usr/lib/jvm/java-1.7.0-openjdk-1.7.0.9.x86_64/jre/lib/amd64/xawt/libmawt.so
7fb40d5ea000-7fb40d5eb000 rw-p 00000000 00:00 0 
7fb40d5eb000-7fb40d68c000 r-xp 00000000 fd:01 395423                     /usr/lib/jvm/java-1.7.0-openjdk-1.7.0.9.x86_64/jre/lib/amd64/libawt.so
7fb40d68c000-7fb40d88c000 ---p 000a1000 fd:01 395423                     /usr/lib/jvm/java-1.7.0-openjdk-1.7.0.9.x86_64/jre/lib/amd64/libawt.so
7fb40d88c000-7fb40d898000 rw-p 000a1000 fd:01 395423                     /usr/lib/jvm/java-1.7.0-openjdk-1.7.0.9.x86_64/jre/lib/amd64/libawt.so
7fb40d898000-7fb40d8bc000 rw-p 00000000 00:00 0 
7fb40d8bc000-7fb40d8bd000 ---p 00000000 00:00 0 
7fb40d8bd000-7fb40d9bd000 rw-p 00000000 00:00 0                          [stack:9913]
7fb40d9bd000-7fb40d9c0000 ---p 00000000 00:00 0 
7fb40d9c0000-7fb40dabe000 rw-p 00000000 00:00 0                          [stack:9912]
7fb40dabe000-7fb40dac1000 ---p 00000000 00:00 0 
7fb40dac1000-7fb40dbbf000 rw-p 00000000 00:00 0                          [stack:9911]
7fb40dbbf000-7fb40dbc2000 ---p 00000000 00:00 0 
7fb40dbc2000-7fb40dcc0000 rw-p 00000000 00:00 0                          [stack:9910]
7fb40dcc0000-7fb40dcc3000 ---p 00000000 00:00 0 
7fb40dcc3000-7fb40ddc1000 rw-p 00000000 00:00 0                          [stack:9909]
7fb40ddc1000-7fb40ddc4000 ---p 00000000 00:00 0 
7fb40ddc4000-7fb40dec2000 rw-p 00000000 00:00 0                          [stack:9908]
7fb40dec2000-7fb40dec5000 ---p 00000000 00:00 0 
7fb40dec5000-7fb40dfc3000 rw-p 00000000 00:00 0                          [stack:9907]
7fb40dfc3000-7fb40dfc4000 ---p 00000000 00:00 0 
7fb40dfc4000-7fb40fd08000 rw-p 00000000 00:00 0                          [stack:9906]
7fb40fd08000-7fb40feb3000 r--s 03e6c000 fd:01 395522                     /usr/lib/jvm/java-1.7.0-openjdk-1.7.0.9.x86_64/jre/lib/rt.jar
7fb40feb3000-7fb40feb4000 ---p 00000000 00:00 0 
7fb40feb4000-7fb40ffb4000 rw-p 00000000 00:00 0                          [stack:9905]
7fb40ffb4000-7fb40ffb5000 ---p 00000000 00:00 0 
7fb40ffb5000-7fb4100b5000 rw-p 00000000 00:00 0                          [stack:9904]
7fb4100b5000-7fb4100b6000 ---p 00000000 00:00 0 
7fb4100b6000-7fb4101b6000 rw-p 00000000 00:00 0                          [stack:9903]
7fb4101b6000-7fb4101b7000 ---p 00000000 00:00 0 
7fb4101b7000-7fb4102b7000 rw-p 00000000 00:00 0                          [stack:9902]
7fb4102b7000-7fb4102b8000 ---p 00000000 00:00 0 
7fb4102b8000-7fb4103b8000 rw-p 00000000 00:00 0                          [stack:9901]
7fb4103b8000-7fb4103b9000 ---p 00000000 00:00 0 
7fb4103b9000-7fb4104b9000 rw-p 00000000 00:00 0                          [stack:9900]
7fb4104b9000-7fb4104ba000 ---p 00000000 00:00 0 
7fb4104ba000-7fb4105ba000 rw-p 00000000 00:00 0                          [stack:9899]
7fb4105ba000-7fb4105bb000 ---p 00000000 00:00 0 
7fb4105bb000-7fb4106db000 rw-p 00000000 00:00 0                          [stack:9898]
7fb4106db000-7fb4108ad000 rw-p 00000000 00:00 0 
7fb4108ad000-7fb4108b8000 rw-p 00000000 00:00 0 
7fb4108b8000-7fb410900000 rw-p 00000000 00:00 0 
7fb410900000-7fb410920000 rw-p 00000000 00:00 0 
7fb410920000-7fb410af1000 rw-p 00000000 00:00 0 
7fb410af1000-7fb410b27000 rw-p 00000000 00:00 0 
7fb410b27000-7fb410bea000 rw-p 00000000 00:00 0 
7fb410bea000-7fb410beb000 rw-p 00000000 00:00 0 
7fb410beb000-7fb410e5b000 rwxp 00000000 00:00 0 
7fb410e5b000-7fb413beb000 rw-p 00000000 00:00 0 
7fb413beb000-7fb413bf3000 r-xp 00000000 fd:01 395455                     /usr/lib/jvm/java-1.7.0-openjdk-1.7.0.9.x86_64/jre/lib/amd64/libzip.so
7fb413bf3000-7fb413df2000 ---p 00008000 fd:01 395455                     /usr/lib/jvm/java-1.7.0-openjdk-1.7.0.9.x86_64/jre/lib/amd64/libzip.so
7fb413df2000-7fb413df3000 rw-p 00007000 fd:01 395455                     /usr/lib/jvm/java-1.7.0-openjdk-1.7.0.9.x86_64/jre/lib/amd64/libzip.so
7fb413df3000-7fb413dff000 r-xp 00000000 fd:01 163888                     /usr/lib64/libnss_files-2.15.so
7fb413dff000-7fb413ffe000 ---p 0000c000 fd:01 163888                     /usr/lib64/libnss_files-2.15.so
7fb413ffe000-7fb413fff000 r--p 0000b000 fd:01 163888                     /usr/lib64/libnss_files-2.15.so
7fb413fff000-7fb414000000 rw-p 0000c000 fd:01 163888                     /usr/lib64/libnss_files-2.15.so
7fb414000000-7fb414c57000 rw-p 00000000 00:00 0 
7fb414c57000-7fb418000000 ---p 00000000 00:00 0 
7fb418000000-7fb418001000 r--s 00002000 fd:01 395477                     /usr/lib/jvm/java-1.7.0-openjdk-1.7.0.9.x86_64/jre/lib/ext/dnsns.jar
7fb418001000-7fb418003000 rw-p 00000000 00:00 0 
7fb418003000-7fb418005000 rw-s 00000000 fd:01 2003                       /tmp/glHnzA9H (deleted)
7fb418005000-7fb418006000 rw-s 1517c0000 00:05 16800                     /dev/nvidia0
7fb418006000-7fb41800a000 rw-s 1452a2000 00:05 16800                     /dev/nvidia0
7fb41800a000-7fb41800b000 rw-s cfee6000 00:05 16800                      /dev/nvidia0
7fb41800b000-7fb41800c000 rw-s dc642000 00:05 16800                      /dev/nvidia0
7fb41800c000-7fb41800d000 rw-s 1b9071000 00:05 16800                     /dev/nvidia0
7fb41800d000-7fb41800e000 rw-s dc641000 00:05 16800                      /dev/nvidia0
7fb41800e000-7fb41800f000 rw-s 1b9070000 00:05 16800                     /dev/nvidia0
7fb41800f000-7fb418010000 rw-s 1514a4000 00:05 16800                     /dev/nvidia0
7fb418010000-7fb418011000 rw-s dc060000 00:05 16800                      /dev/nvidia0
7fb418011000-7fb418012000 r--p 00000000 00:00 0 
7fb418012000-7fb41801c000 r--s 00263000 fd:01 395520                     /usr/lib/jvm/java-1.7.0-openjdk-1.7.0.9.x86_64/jre/lib/resources.jar
7fb41801c000-7fb418028000 r--s 000d7000 fd:02 5374938                    /home/inferno/Development/12D Client/lib/lwjgl.jar
7fb418028000-7fb41802c000 r--s 00027000 fd:02 5374939                    /home/inferno/Development/12D Client/lib/lwjgl_util.jar
7fb41802c000-7fb41802f000 r--s 0002b000 fd:02 5374936                    /home/inferno/Development/12D Client/lib/jflac-1.3.jar
7fb41802f000-7fb4180ce000 rw-p 00000000 00:00 0 
7fb4180ce000-7fb418116000 rw-p 00000000 00:00 0 
7fb418116000-7fb418120000 rw-p 00000000 00:00 0 
7fb418120000-7fb4181d6000 rw-p 00000000 00:00 0 
7fb4181d6000-7fb418200000 r-xp 00000000 fd:01 395432                     /usr/lib/jvm/java-1.7.0-openjdk-1.7.0.9.x86_64/jre/lib/amd64/libjava.so
7fb418200000-7fb418400000 ---p 0002a000 fd:01 395432                     /usr/lib/jvm/java-1.7.0-openjdk-1.7.0.9.x86_64/jre/lib/amd64/libjava.so
7fb418400000-7fb418402000 rw-p 0002a000 fd:01 395432                     /usr/lib/jvm/java-1.7.0-openjdk-1.7.0.9.x86_64/jre/lib/amd64/libjava.so
7fb418402000-7fb41840f000 r-xp 00000000 fd:01 395454                     /usr/lib/jvm/java-1.7.0-openjdk-1.7.0.9.x86_64/jre/lib/amd64/libverify.so
7fb41840f000-7fb41860e000 ---p 0000d000 fd:01 395454                     /usr/lib/jvm/java-1.7.0-openjdk-1.7.0.9.x86_64/jre/lib/amd64/libverify.so
7fb41860e000-7fb418610000 rw-p 0000c000 fd:01 395454                     /usr/lib/jvm/java-1.7.0-openjdk-1.7.0.9.x86_64/jre/lib/amd64/libverify.so
7fb418610000-7fb418613000 ---p 00000000 00:00 0 
7fb418613000-7fb418711000 rw-p 00000000 00:00 0                          [stack:9897]
7fb418711000-7fb419113000 r-xp 00000000 fd:01 395459                     /usr/lib/jvm/java-1.7.0-openjdk-1.7.0.9.x86_64/jre/lib/amd64/server/libjvm.so
7fb419113000-7fb419312000 ---p 00a02000 fd:01 395459                     /usr/lib/jvm/java-1.7.0-openjdk-1.7.0.9.x86_64/jre/lib/amd64/server/libjvm.so
7fb419312000-7fb4193b3000 rw-p 00a01000 fd:01 395459                     /usr/lib/jvm/java-1.7.0-openjdk-1.7.0.9.x86_64/jre/lib/amd64/server/libjvm.so
7fb4193b3000-7fb4193e3000 rw-p 00000000 00:00 0 
7fb4193e3000-7fb4193e4000 r--s 00001000 fd:02 5374937                    /home/inferno/Development/12D Client/lib/flibitFile.jar
7fb4193e4000-7fb4193e7000 r--s 0000f000 fd:01 395481                     /usr/lib/jvm/java-1.7.0-openjdk-1.7.0.9.x86_64/jre/lib/ext/pulse-java.jar
7fb4193e7000-7fb4193f0000 r--s 00066000 fd:01 395478                     /usr/lib/jvm/java-1.7.0-openjdk-1.7.0.9.x86_64/jre/lib/ext/gnome-java-bridge.jar
7fb4193f0000-7fb4193f8000 rw-s 00000000 fd:01 400932                     /tmp/hsperfdata_inferno/9892
7fb4193f8000-7fb4193f9000 rw-p 00000000 00:00 0 
7fb4193f9000-7fb4193fa000 r--p 00000000 00:00 0 
7fb4193fa000-7fb4193fb000 rw-p 00000000 00:00 0 
7fff3557b000-7fff3559c000 rw-p 00000000 00:00 0                          [stack]
7fff355ff000-7fff35600000 r-xp 00000000 00:00 0                          [vdso]
ffffffffff600000-ffffffffff601000 r-xp 00000000 00:00 0                  [vsyscall]

VM Arguments:
jvm_args: -Djava.library.path=/home/inferno/Development/12D Client/lib/lwjgl_native/linux:/home/inferno/Development/12Snake/lib/lwjgl_native/linux -Dfile.encoding=UTF-8 
java_command: Executable
Launcher Type: SUN_STANDARD

Environment Variables:
PATH=/usr/local/bin:/usr/bin:/bin:/usr/local/sbin:/usr/sbin:/home/inferno/.local/bin:/home/inferno/bin
USERNAME=inferno
SHELL=/bin/bash
DISPLAY=:0.0

Signal Handlers:
SIGSEGV: [libjvm.so+0x85cb80], sa_mask[0]=0x7ffbfeff, sa_flags=0x10000004
SIGBUS: [libjvm.so+0x85cb80], sa_mask[0]=0x7ffbfeff, sa_flags=0x10000004
SIGFPE: [libjvm.so+0x6fe3b0], sa_mask[0]=0x7ffbfeff, sa_flags=0x10000004
SIGPIPE: [libjvm.so+0x6fe3b0], sa_mask[0]=0x7ffbfeff, sa_flags=0x10000004
SIGXFSZ: [libjvm.so+0x6fe3b0], sa_mask[0]=0x7ffbfeff, sa_flags=0x10000004
SIGILL: [libjvm.so+0x6fe3b0], sa_mask[0]=0x7ffbfeff, sa_flags=0x10000004
SIGUSR1: SIG_DFL, sa_mask[0]=0x00000000, sa_flags=0x00000000
SIGUSR2: [libjvm.so+0x6fe5e0], sa_mask[0]=0x00000004, sa_flags=0x10000004
SIGHUP: [libjvm.so+0x6fe720], sa_mask[0]=0x7ffbfeff, sa_flags=0x10000004
SIGINT: [libjvm.so+0x6fe720], sa_mask[0]=0x7ffbfeff, sa_flags=0x10000004
SIGTERM: [libjvm.so+0x6fe720], sa_mask[0]=0x7ffbfeff, sa_flags=0x10000004
SIGQUIT: [libjvm.so+0x6fe720], sa_mask[0]=0x7ffbfeff, sa_flags=0x10000004


---------------  S Y S T E M  ---------------

OS:Fedora release 17 (Beefy Miracle)

uname:Linux 3.6.8-2.fc17.x86_64 #1 SMP Tue Nov 27 19:35:02 UTC 2012 x86_64
libc:glibc 2.15 NPTL 2.15 
rlimit: STACK 8192k, CORE 0k, NPROC 1024, NOFILE 4096, AS infinity
load average:0.98 0.93 0.57

/proc/meminfo:
MemTotal:        6104232 kB
MemFree:         3282440 kB
Buffers:           67648 kB
Cached:          1012288 kB
SwapCached:            0 kB
Active:          1894152 kB
Inactive:         640708 kB
Active(anon):    1456348 kB
Inactive(anon):    11964 kB
Active(file):     437804 kB
Inactive(file):   628744 kB
Unevictable:          16 kB
Mlocked:              16 kB
SwapTotal:       8191996 kB
SwapFree:        8191996 kB
Dirty:               884 kB
Writeback:             0 kB
AnonPages:       1426568 kB
Mapped:           174064 kB
Shmem:             13400 kB
Slab:              94004 kB
SReclaimable:      42908 kB
SUnreclaim:        51096 kB
KernelStack:        3464 kB
PageTables:        34520 kB
NFS_Unstable:          0 kB
Bounce:                0 kB
WritebackTmp:          0 kB
CommitLimit:    11244112 kB
Committed_AS:    3486052 kB
VmallocTotal:   34359738367 kB
VmallocUsed:      364752 kB
VmallocChunk:   34359366460 kB
HardwareCorrupted:     0 kB
AnonHugePages:    651264 kB
HugePages_Total:       0
HugePages_Free:        0
HugePages_Rsvd:        0
HugePages_Surp:        0
Hugepagesize:       2048 kB
DirectMap4k:      167488 kB
DirectMap2M:     6115328 kB


CPU:total 8 (4 cores per cpu, 2 threads per core) family 6 model 26 stepping 5, cmov, cx8, fxsr, mmx, sse, sse2, sse3, ssse3, sse4.1, sse4.2, popcnt, ht, tsc, tscinvbit, tscinv

/proc/cpuinfo:
processor	: 0
vendor_id	: GenuineIntel
cpu family	: 6
model		: 26
model name	: Intel(R) Core(TM) i7 CPU       @ 9200 @ 2.67GHz
stepping	: 5
cpu MHz		: 2661.000
cache size	: 8192 KB
physical id	: 0
siblings	: 8
core id		: 0
cpu cores	: 4
apicid		: 0
initial apicid	: 0
fpu		: yes
fpu_exception	: yes
cpuid level	: 11
wp		: yes
flags		: fpu vme de pse tsc msr pae mce cx8 apic sep mtrr pge mca cmov pat pse36 clflush dts acpi mmx fxsr sse sse2 ss ht tm pbe syscall nx rdtscp lm constant_tsc arch_perfmon pebs bts rep_good nopl xtopology nonstop_tsc aperfmperf pni dtes64 monitor ds_cpl vmx est tm2 ssse3 cx16 xtpr pdcm sse4_1 sse4_2 popcnt lahf_lm ida dtherm tpr_shadow vnmi flexpriority ept vpid
bogomips	: 7141.90
clflush size	: 64
cache_alignment	: 64
address sizes	: 36 bits physical, 48 bits virtual
power management:

processor	: 1
vendor_id	: GenuineIntel
cpu family	: 6
model		: 26
model name	: Intel(R) Core(TM) i7 CPU       @ 9200 @ 2.67GHz
stepping	: 5
cpu MHz		: 1596.000
cache size	: 8192 KB
physical id	: 0
siblings	: 8
core id		: 3
cpu cores	: 4
apicid		: 6
initial apicid	: 6
fpu		: yes
fpu_exception	: yes
cpuid level	: 11
wp		: yes
flags		: fpu vme de pse tsc msr pae mce cx8 apic sep mtrr pge mca cmov pat pse36 clflush dts acpi mmx fxsr sse sse2 ss ht tm pbe syscall nx rdtscp lm constant_tsc arch_perfmon pebs bts rep_good nopl xtopology nonstop_tsc aperfmperf pni dtes64 monitor ds_cpl vmx est tm2 ssse3 cx16 xtpr pdcm sse4_1 sse4_2 popcnt lahf_lm ida dtherm tpr_shadow vnmi flexpriority ept vpid
bogomips	: 7141.90
clflush size	: 64
cache_alignment	: 64
address sizes	: 36 bits physical, 48 bits virtual
power management:

processor	: 2
vendor_id	: GenuineIntel
cpu family	: 6
model		: 26
model name	: Intel(R) Core(TM) i7 CPU       @ 9200 @ 2.67GHz
stepping	: 5
cpu MHz		: 1596.000
cache size	: 8192 KB
physical id	: 0
siblings	: 8
core id		: 1
cpu cores	: 4
apicid		: 2
initial apicid	: 2
fpu		: yes
fpu_exception	: yes
cpuid level	: 11
wp		: yes
flags		: fpu vme de pse tsc msr pae mce cx8 apic sep mtrr pge mca cmov pat pse36 clflush dts acpi mmx fxsr sse sse2 ss ht tm pbe syscall nx rdtscp lm constant_tsc arch_perfmon pebs bts rep_good nopl xtopology nonstop_tsc aperfmperf pni dtes64 monitor ds_cpl vmx est tm2 ssse3 cx16 xtpr pdcm sse4_1 sse4_2 popcnt lahf_lm ida dtherm tpr_shadow vnmi flexpriority ept vpid
bogomips	: 7141.90
clflush size	: 64
cache_alignment	: 64
address sizes	: 36 bits physical, 48 bits virtual
power management:

processor	: 3
vendor_id	: GenuineIntel
cpu family	: 6
model		: 26
model name	: Intel(R) Core(TM) i7 CPU       @ 9200 @ 2.67GHz
stepping	: 5
cpu MHz		: 1862.000
cache size	: 8192 KB
physical id	: 0
siblings	: 8
core id		: 2
cpu cores	: 4
apicid		: 4
initial apicid	: 4
fpu		: yes
fpu_exception	: yes
cpuid level	: 11
wp		: yes
flags		: fpu vme de pse tsc msr pae mce cx8 apic sep mtrr pge mca cmov pat pse36 clflush dts acpi mmx fxsr sse sse2 ss ht tm pbe syscall nx rdtscp lm constant_tsc arch_perfmon pebs bts rep_good nopl xtopology nonstop_tsc aperfmperf pni dtes64 monitor ds_cpl vmx est tm2 ssse3 cx16 xtpr pdcm sse4_1 sse4_2 popcnt lahf_lm ida dtherm tpr_shadow vnmi flexpriority ept vpid
bogomips	: 7141.90
clflush size	: 64
cache_alignment	: 64
address sizes	: 36 bits physical, 48 bits virtual
power management:

processor	: 4
vendor_id	: GenuineIntel
cpu family	: 6
model		: 26
model name	: Intel(R) Core(TM) i7 CPU       @ 9200 @ 2.67GHz
stepping	: 5
cpu MHz		: 1596.000
cache size	: 8192 KB
physical id	: 0
siblings	: 8
core id		: 3
cpu cores	: 4
apicid		: 7
initial apicid	: 7
fpu		: yes
fpu_exception	: yes
cpuid level	: 11
wp		: yes
flags		: fpu vme de pse tsc msr pae mce cx8 apic sep mtrr pge mca cmov pat pse36 clflush dts acpi mmx fxsr sse sse2 ss ht tm pbe syscall nx rdtscp lm constant_tsc arch_perfmon pebs bts rep_good nopl xtopology nonstop_tsc aperfmperf pni dtes64 monitor ds_cpl vmx est tm2 ssse3 cx16 xtpr pdcm sse4_1 sse4_2 popcnt lahf_lm ida dtherm tpr_shadow vnmi flexpriority ept vpid
bogomips	: 7141.90
clflush size	: 64
cache_alignment	: 64
address sizes	: 36 bits physical, 48 bits virtual
power management:

processor	: 5
vendor_id	: GenuineIntel
cpu family	: 6
model		: 26
model name	: Intel(R) Core(TM) i7 CPU       @ 9200 @ 2.67GHz
stepping	: 5
cpu MHz		: 2661.000
cache size	: 8192 KB
physical id	: 0
siblings	: 8
core id		: 1
cpu cores	: 4
apicid		: 3
initial apicid	: 3
fpu		: yes
fpu_exception	: yes
cpuid level	: 11
wp		: yes
flags		: fpu vme de pse tsc msr pae mce cx8 apic sep mtrr pge mca cmov pat pse36 clflush dts acpi mmx fxsr sse sse2 ss ht tm pbe syscall nx rdtscp lm constant_tsc arch_perfmon pebs bts rep_good nopl xtopology nonstop_tsc aperfmperf pni dtes64 monitor ds_cpl vmx est tm2 ssse3 cx16 xtpr pdcm sse4_1 sse4_2 popcnt lahf_lm ida dtherm tpr_shadow vnmi flexpriority ept vpid
bogomips	: 7141.90
clflush size	: 64
cache_alignment	: 64
address sizes	: 36 bits physical, 48 bits virtual
power management:

processor	: 6
vendor_id	: GenuineIntel
cpu family	: 6
model		: 26
model name	: Intel(R) Core(TM) i7 CPU       @ 9200 @ 2.67GHz
stepping	: 5
cpu MHz		: 2661.000
cache size	: 8192 KB
physical id	: 0
siblings	: 8
core id		: 2
cpu cores	: 4
apicid		: 5
initial apicid	: 5
fpu		: yes
fpu_exception	: yes
cpuid level	: 11
wp		: yes
flags		: fpu vme de pse tsc msr pae mce cx8 apic sep mtrr pge mca cmov pat pse36 clflush dts acpi mmx fxsr sse sse2 ss ht tm pbe syscall nx rdtscp lm constant_tsc arch_perfmon pebs bts rep_good nopl xtopology nonstop_tsc aperfmperf pni dtes64 monitor ds_cpl vmx est tm2 ssse3 cx16 xtpr pdcm sse4_1 sse4_2 popcnt lahf_lm ida dtherm tpr_shadow vnmi flexpriority ept vpid
bogomips	: 7141.90
clflush size	: 64
cache_alignment	: 64
address sizes	: 36 bits physical, 48 bits virtual
power management:

processor	: 7
vendor_id	: GenuineIntel
cpu family	: 6
model		: 26
model name	: Intel(R) Core(TM) i7 CPU       @ 9200 @ 2.67GHz
stepping	: 5
cpu MHz		: 1596.000
cache size	: 8192 KB
physical id	: 0
siblings	: 8
core id		: 0
cpu cores	: 4
apicid		: 1
initial apicid	: 1
fpu		: yes
fpu_exception	: yes
cpuid level	: 11
wp		: yes
flags		: fpu vme de pse tsc msr pae mce cx8 apic sep mtrr pge mca cmov pat pse36 clflush dts acpi mmx fxsr sse sse2 ss ht tm pbe syscall nx rdtscp lm constant_tsc arch_perfmon pebs bts rep_good nopl xtopology nonstop_tsc aperfmperf pni dtes64 monitor ds_cpl vmx est tm2 ssse3 cx16 xtpr pdcm sse4_1 sse4_2 popcnt lahf_lm ida dtherm tpr_shadow vnmi flexpriority ept vpid
bogomips	: 7141.90
clflush size	: 64
cache_alignment	: 64
address sizes	: 36 bits physical, 48 bits virtual
power management:



Memory: 4k page, physical 6104232k(3282440k free), swap 8191996k(8191996k free)

vm_info: OpenJDK 64-Bit Server VM (23.2-b09) for linux-amd64 JRE (1.7.0_09-icedtea-mockbuild_2012_10_17_15_53-b00), built on Oct 17 2012 16:01:41 by "mockbuild" with gcc 4.7.2 20120921 (Red Hat 4.7.2-2)

time: Wed Mar 20 20:49:57 2013
elapsed time: 1 seconds

