#
# A fatal error has been detected by the Java Runtime Environment:
#
#  SIGSEGV (0xb) at pc=0x0000000040cefdb4, pid=4190, tid=139917148112640
#
# JRE version: 7.0_09
# Java VM: OpenJDK 64-Bit Server VM (23.2-b09 mixed mode linux-amd64 compressed oops)
# Problematic frame:
# C  0x0000000040cefdb4
#
# Failed to write core dump. Core dumps have been disabled. To enable core dumping, try "ulimit -c unlimited" before starting Java again
#
# If you would like to submit a bug report, please include
# instructions on how to reproduce the bug and visit:
#   http://icedtea.classpath.org/bugzilla
# The crash happened outside the Java Virtual Machine in native code.
# See problematic frame for where to report the bug.
#

---------------  T H R E A D  ---------------

Current thread (0x00007f40f8008000):  JavaThread "main" [_thread_in_native, id=4196, stack(0x00007f40ffd94000,0x00007f40ffe95000)]

siginfo:si_signo=SIGSEGV: si_errno=0, si_code=1 (SEGV_MAPERR), si_addr=0x0000000000000000

Registers:
RAX=0x00007f40dde0403c, RBX=0x0000000041e41000, RCX=0x0000000000000000, RDX=0x000000000000085b
RSP=0x00007f40ffe934e8, RBP=0x00007f40ffe93500, RSI=0x0000000000000000, RDI=0x0000000000000000
R8 =0x00007f40f4181010, R9 =0x0000000008ab0000, R10=0x0000000000000007, R11=0x0000000000000000
R12=0x000000000000085b, R13=0x00007f40f4205638, R14=0x0000000000000000, R15=0x0000000000000000
RIP=0x0000000040cefdb4, EFLAGS=0x0000000000010246, CSGSFS=0x0000000000000033, ERR=0x0000000000000004
  TRAPNO=0x000000000000000e

Top of Stack: (sp=0x00007f40ffe934e8)
0x00007f40ffe934e8:   0000000041e41000 00007f40dde0403c
0x00007f40ffe934f8:   0000000000014e38 0000000041e41000
0x00007f40ffe93508:   000000396ad60e8f 00007f40f4181010
0x00007f40ffe93518:   000000040000085b 0000000041e87618
0x00007f40ffe93528:   0000000000000004 00007f40f8008000
0x00007f40ffe93538:   000000396ad627d8 00007f40dde0403c
0x00007f40ffe93548:   0000000098c632f8 00007f40ffe935f0
0x00007f40ffe93558:   0000000000000000 0000000098c632f8
0x00007f40ffe93568:   00007f40ffe93630 00007f40f8008000
0x00007f40ffe93578:   00007f40fc53ff90 00007f40fffffffe
0x00007f40ffe93588:   00007f40ffe935d0 00007f40ffe93610
0x00007f40ffe93598:   00007f40fc54b023 00007f40fc533410
0x00007f40ffe935a8:   0000000b00000000 00007f40ffe935b0
0x00007f40ffe935b8:   0000000098c632f8 00007f40ffe93630
0x00007f40ffe935c8:   0000000098c80cd8 0000000000000000
0x00007f40ffe935d8:   0000000098c632f8 0000000000000000
0x00007f40ffe935e8:   00007f40ffe93610 00007f40ffe93678
0x00007f40ffe935f8:   00007f40fc534158 00000000e3ddc010
0x00007f40ffe93608:   00007f40fc53cdd8 000000396dcf8f20
0x00007f40ffe93618:   00007f40ffe93678 000000000000085b
0x00007f40ffe93628:   0000000000000000 0000000000000004
0x00007f40ffe93638:   00007f40ffe93638 0000000098c631dc
0x00007f40ffe93648:   00007f40ffe936b0 0000000098c80cd8
0x00007f40ffe93658:   0000000000000000 0000000098c63228
0x00007f40ffe93668:   00007f40ffe93610 00007f40ffe936a0
0x00007f40ffe93678:   00007f40ffe936f8 00007f40fc534158
0x00007f40ffe93688:   000000396dcf8f20 0000000000000000
0x00007f40ffe93698:   00000000e3d84280 000000000000085b
0x00007f40ffe936a8:   0000000000000000 0000000000000004
0x00007f40ffe936b8:   00007f40ffe936b8 0000000098f33bb6
0x00007f40ffe936c8:   00007f40ffe93720 0000000098f356b0
0x00007f40ffe936d8:   0000000000000000 0000000098f33c90 

Instructions: (pc=0x0000000040cefdb4)
0x0000000040cefd94:   8b cb 48 be 98 80 e8 41 00 00 00 00 48 8b 36 48
0x0000000040cefda4:   8b b6 88 03 00 00 48 8b f9 48 c1 e7 04 48 03 f7
0x0000000040cefdb4:   8b 3e 8b 6e 04 89 38 89 68 04 8b 7e 08 8b 6e 0c
0x0000000040cefdc4:   89 78 08 89 68 0c 48 be 98 80 e8 41 00 00 00 00 

Register to memory mapping:

RAX=0x00007f40dde0403c is an unknown value
RBX=0x0000000041e41000 is an unknown value
RCX=0x0000000000000000 is an unknown value
RDX=0x000000000000085b is an unknown value
RSP=0x00007f40ffe934e8 is pointing into the stack for thread: 0x00007f40f8008000
RBP=0x00007f40ffe93500 is pointing into the stack for thread: 0x00007f40f8008000
RSI=0x0000000000000000 is an unknown value
RDI=0x0000000000000000 is an unknown value
R8 =0x00007f40f4181010 is an unknown value
R9 =0x0000000008ab0000 is an unknown value
R10=0x0000000000000007 is an unknown value
R11=0x0000000000000000 is an unknown value
R12=0x000000000000085b is an unknown value
R13=0x00007f40f4205638 is an unknown value
R14=0x0000000000000000 is an unknown value
R15=0x0000000000000000 is an unknown value


Stack: [0x00007f40ffd94000,0x00007f40ffe95000],  sp=0x00007f40ffe934e8,  free space=1021k
Native frames: (J=compiled Java code, j=interpreted, Vv=VM code, C=native code)
C  0x0000000040cefdb4

Java frames: (J=compiled Java code, j=interpreted, Vv=VM code)
j  org.lwjgl.opengl.GL11.nglDrawArrays(IIIJ)V+0
j  org.lwjgl.opengl.GL11.glDrawArrays(III)V+20
j  twelveengine.graphics.Model.draw()V+646
j  twelveengine.bsp.BSP.draw()V+11
j  twelveengine.Game.drawMap()V+4
j  twelveengine.Game.drawGame()V+1
j  twelveengine.graphics.GraphicsCore.renderGraphics()V+100
j  twelveengine.Engine.renderGame()V+11
j  twelveengine.Engine.run()V+73
j  Executable.main([Ljava/lang/String;)V+13
v  ~StubRoutines::call_stub

---------------  P R O C E S S  ---------------

Java Threads: ( => current thread )
  0x00007f40f8287800 JavaThread "process reaper" daemon [_thread_blocked, id=4216, stack(0x00007f40fc017000,0x00007f40fc03f000)]
  0x00007f40f8268800 JavaThread "AWT-XAWT" daemon [_thread_in_native, id=4214, stack(0x00007f40f48e4000,0x00007f40f49e5000)]
  0x00007f40f8231800 JavaThread "Java2D Disposer" daemon [_thread_blocked, id=4213, stack(0x00007f40f49e5000,0x00007f40f4ae6000)]
  0x00007f40f8116000 JavaThread "Service Thread" daemon [_thread_blocked, id=4211, stack(0x00007f40f5110000,0x00007f40f5211000)]
  0x00007f40f8114000 JavaThread "C2 CompilerThread1" daemon [_thread_blocked, id=4210, stack(0x00007f40f5211000,0x00007f40f5312000)]
  0x00007f40f8111000 JavaThread "C2 CompilerThread0" daemon [_thread_in_native, id=4209, stack(0x00007f40f5312000,0x00007f40f5413000)]
  0x00007f40f810f000 JavaThread "Signal Dispatcher" daemon [_thread_blocked, id=4208, stack(0x00007f40f5413000,0x00007f40f5514000)]
  0x00007f40f80b9000 JavaThread "Finalizer" daemon [_thread_blocked, id=4207, stack(0x00007f40f5514000,0x00007f40f5615000)]
  0x00007f40f80b7000 JavaThread "Reference Handler" daemon [_thread_blocked, id=4206, stack(0x00007f40f5615000,0x00007f40f5716000)]
=>0x00007f40f8008000 JavaThread "main" [_thread_in_native, id=4196, stack(0x00007f40ffd94000,0x00007f40ffe95000)]

Other Threads:
  0x00007f40f80ae800 VMThread [stack: 0x00007f40f5716000,0x00007f40f5817000] [id=4205]
  0x00007f40f8121000 WatcherThread [stack: 0x00007f40f500f000,0x00007f40f5110000] [id=4212]

VM state:not at safepoint (normal execution)

VM Mutex/Monitor currently owned by a thread: None

Heap
 PSYoungGen      total 51712K, used 46989K [0x00000000e0eb0000, 0x00000000e7550000, 0x0000000100000000)
  eden space 47744K, 90% used [0x00000000e0eb0000,0x00000000e38b40e0,0x00000000e3d50000)
  from space 3968K, 99% used [0x00000000e3d50000,0x00000000e412f480,0x00000000e4130000)
  to   space 4800K, 0% used [0x00000000e70a0000,0x00000000e70a0000,0x00000000e7550000)
 ParOldGen       total 63616K, used 744K [0x00000000a2c00000, 0x00000000a6a20000, 0x00000000e0eb0000)
  object space 63616K, 1% used [0x00000000a2c00000,0x00000000a2cba000,0x00000000a6a20000)
 PSPermGen       total 21248K, used 9656K [0x0000000098600000, 0x0000000099ac0000, 0x00000000a2c00000)
  object space 21248K, 45% used [0x0000000098600000,0x0000000098f6e278,0x0000000099ac0000)

Card table byte_map: [0x00007f40fc130000,0x00007f40fc46e000] byte_map_base: 0x00007f40fbc6d000

Polling page: 0x00007f4100b7d000

Code Cache  [0x00007f40fc52e000, 0x00007f40fc79e000, 0x00007f40ff52e000)
 total_blobs=614 nmethods=146 adapters=419 free_code_cache=48179Kb largest_free_block=49310976

Compilation events (10 events):
Event: 1.505 Thread 0x00007f40f8111000 nmethod 135 0x00007f40fc6169d0 code [0x00007f40fc616b00, 0x00007f40fc616b98]
Event: 1.516 Thread 0x00007f40f8114000  136             twelveengine.bsp.Chunk::gen (123 bytes)
Event: 1.519 Thread 0x00007f40f8114000 nmethod 136 0x00007f40fc60e090 code [0x00007f40fc60e240, 0x00007f40fc60e5c8]
Event: 1.519 Thread 0x00007f40f8111000    8 %           twelveengine.bsp.Chunk::gen @ 7 (123 bytes)
Event: 1.526 Thread 0x00007f40f8111000 nmethod 8% 0x00007f40fc6181d0 code [0x00007f40fc6183a0, 0x00007f40fc618848]
Event: 1.536 Thread 0x00007f40f8114000    9 %           twelveengine.graphics.Model::tbjImport @ 63 (1149 bytes)
Event: 1.542 Thread 0x00007f40f8114000 nmethod 9% 0x00007f40fc61b890 code [0x00007f40fc61ba20, 0x00007f40fc61c0e8]
Event: 1.572 Thread 0x00007f40f8111000   10 %           twelveengine.graphics.Model::tbjImport @ 237 (1149 bytes)
Event: 1.603 Thread 0x00007f40f8114000  137             twelveengine.data.Vertex::addWeight (119 bytes)
Event: 1.605 Thread 0x00007f40f8114000 nmethod 137 0x00007f40fc60d990 code [0x00007f40fc60db00, 0x00007f40fc60de98]

GC Heap History (10 events):
Event: 1.176 GC heap before
{Heap before GC invocations=1 (full 0):
 PSYoungGen      total 27840K, used 23872K [0x00000000e0eb0000, 0x00000000e2dc0000, 0x0000000100000000)
  eden space 23872K, 100% used [0x00000000e0eb0000,0x00000000e2600000,0x00000000e2600000)
  from space 3968K, 0% used [0x00000000e29e0000,0x00000000e29e0000,0x00000000e2dc0000)
  to   space 3968K, 0% used [0x00000000e2600000,0x00000000e2600000,0x00000000e29e0000)
 ParOldGen       total 63616K, used 0K [0x00000000a2c00000, 0x00000000a6a20000, 0x00000000e0eb0000)
  object space 63616K, 0% used [0x00000000a2c00000,0x00000000a2c00000,0x00000000a6a20000)
 PSPermGen       total 21248K, used 9480K [0x0000000098600000, 0x0000000099ac0000, 0x00000000a2c00000)
  object space 21248K, 44% used [0x0000000098600000,0x0000000098f42290,0x0000000099ac0000)
Event: 1.182 GC heap after
Heap after GC invocations=1 (full 0):
 PSYoungGen      total 27840K, used 3817K [0x00000000e0eb0000, 0x00000000e2dc0000, 0x0000000100000000)
  eden space 23872K, 0% used [0x00000000e0eb0000,0x00000000e0eb0000,0x00000000e2600000)
  from space 3968K, 96% used [0x00000000e2600000,0x00000000e29ba530,0x00000000e29e0000)
  to   space 3968K, 0% used [0x00000000e29e0000,0x00000000e29e0000,0x00000000e2dc0000)
 ParOldGen       total 63616K, used 8K [0x00000000a2c00000, 0x00000000a6a20000, 0x00000000e0eb0000)
  object space 63616K, 0% used [0x00000000a2c00000,0x00000000a2c02000,0x00000000a6a20000)
 PSPermGen       total 21248K, used 9480K [0x0000000098600000, 0x0000000099ac0000, 0x00000000a2c00000)
  object space 21248K, 44% used [0x0000000098600000,0x0000000098f42290,0x0000000099ac0000)
}
Event: 1.238 GC heap before
{Heap before GC invocations=2 (full 0):
 PSYoungGen      total 27840K, used 27689K [0x00000000e0eb0000, 0x00000000e2dc0000, 0x0000000100000000)
  eden space 23872K, 100% used [0x00000000e0eb0000,0x00000000e2600000,0x00000000e2600000)
  from space 3968K, 96% used [0x00000000e2600000,0x00000000e29ba530,0x00000000e29e0000)
  to   space 3968K, 0% used [0x00000000e29e0000,0x00000000e29e0000,0x00000000e2dc0000)
 ParOldGen       total 63616K, used 8K [0x00000000a2c00000, 0x00000000a6a20000, 0x00000000e0eb0000)
  object space 63616K, 0% used [0x00000000a2c00000,0x00000000a2c02000,0x00000000a6a20000)
 PSPermGen       total 21248K, used 9480K [0x0000000098600000, 0x0000000099ac0000, 0x00000000a2c00000)
  object space 21248K, 44% used [0x0000000098600000,0x0000000098f42358,0x0000000099ac0000)
Event: 1.242 GC heap after
Heap after GC invocations=2 (full 0):
 PSYoungGen      total 27840K, used 2644K [0x00000000e0eb0000, 0x00000000e4510000, 0x0000000100000000)
  eden space 23872K, 0% used [0x00000000e0eb0000,0x00000000e0eb0000,0x00000000e2600000)
  from space 3968K, 66% used [0x00000000e29e0000,0x00000000e2c75388,0x00000000e2dc0000)
  to   space 3968K, 0% used [0x00000000e2600000,0x00000000e2600000,0x00000000e29e0000)
 ParOldGen       total 63616K, used 16K [0x00000000a2c00000, 0x00000000a6a20000, 0x00000000e0eb0000)
  object space 63616K, 0% used [0x00000000a2c00000,0x00000000a2c04000,0x00000000a6a20000)
 PSPermGen       total 21248K, used 9480K [0x0000000098600000, 0x0000000099ac0000, 0x00000000a2c00000)
  object space 21248K, 44% used [0x0000000098600000,0x0000000098f42358,0x0000000099ac0000)
}
Event: 1.454 GC heap before
{Heap before GC invocations=3 (full 0):
 PSYoungGen      total 27840K, used 26516K [0x00000000e0eb0000, 0x00000000e4510000, 0x0000000100000000)
  eden space 23872K, 100% used [0x00000000e0eb0000,0x00000000e2600000,0x00000000e2600000)
  from space 3968K, 66% used [0x00000000e29e0000,0x00000000e2c75388,0x00000000e2dc0000)
  to   space 3968K, 0% used [0x00000000e2600000,0x00000000e2600000,0x00000000e29e0000)
 ParOldGen       total 63616K, used 16K [0x00000000a2c00000, 0x00000000a6a20000, 0x00000000e0eb0000)
  object space 63616K, 0% used [0x00000000a2c00000,0x00000000a2c04000,0x00000000a6a20000)
 PSPermGen       total 21248K, used 9531K [0x0000000098600000, 0x0000000099ac0000, 0x00000000a2c00000)
  object space 21248K, 44% used [0x0000000098600000,0x0000000098f4ef30,0x0000000099ac0000)
Event: 1.457 GC heap after
Heap after GC invocations=3 (full 0):
 PSYoungGen      total 27840K, used 3081K [0x00000000e0eb0000, 0x00000000e4510000, 0x0000000100000000)
  eden space 23872K, 0% used [0x00000000e0eb0000,0x00000000e0eb0000,0x00000000e2600000)
  from space 3968K, 77% used [0x00000000e2600000,0x00000000e29026f0,0x00000000e29e0000)
  to   space 3968K, 0% used [0x00000000e4130000,0x00000000e4130000,0x00000000e4510000)
 ParOldGen       total 63616K, used 24K [0x00000000a2c00000, 0x00000000a6a20000, 0x00000000e0eb0000)
  object space 63616K, 0% used [0x00000000a2c00000,0x00000000a2c06000,0x00000000a6a20000)
 PSPermGen       total 21248K, used 9531K [0x0000000098600000, 0x0000000099ac0000, 0x00000000a2c00000)
  object space 21248K, 44% used [0x0000000098600000,0x0000000098f4ef30,0x0000000099ac0000)
}
Event: 1.494 GC heap before
{Heap before GC invocations=4 (full 0):
 PSYoungGen      total 27840K, used 26953K [0x00000000e0eb0000, 0x00000000e4510000, 0x0000000100000000)
  eden space 23872K, 100% used [0x00000000e0eb0000,0x00000000e2600000,0x00000000e2600000)
  from space 3968K, 77% used [0x00000000e2600000,0x00000000e29026f0,0x00000000e29e0000)
  to   space 3968K, 0% used [0x00000000e4130000,0x00000000e4130000,0x00000000e4510000)
 ParOldGen       total 63616K, used 24K [0x00000000a2c00000, 0x00000000a6a20000, 0x00000000e0eb0000)
  object space 63616K, 0% used [0x00000000a2c00000,0x00000000a2c06000,0x00000000a6a20000)
 PSPermGen       total 21248K, used 9533K [0x0000000098600000, 0x0000000099ac0000, 0x00000000a2c00000)
  object space 21248K, 44% used [0x0000000098600000,0x0000000098f4f410,0x0000000099ac0000)
Event: 1.498 GC heap after
Heap after GC invocations=4 (full 0):
 PSYoungGen      total 51712K, used 3486K [0x00000000e0eb0000, 0x00000000e4510000, 0x0000000100000000)
  eden space 47744K, 0% used [0x00000000e0eb0000,0x00000000e0eb0000,0x00000000e3d50000)
  from space 3968K, 87% used [0x00000000e4130000,0x00000000e4497a58,0x00000000e4510000)
  to   space 3968K, 0% used [0x00000000e3d50000,0x00000000e3d50000,0x00000000e4130000)
 ParOldGen       total 63616K, used 32K [0x00000000a2c00000, 0x00000000a6a20000, 0x00000000e0eb0000)
  object space 63616K, 0% used [0x00000000a2c00000,0x00000000a2c08000,0x00000000a6a20000)
 PSPermGen       total 21248K, used 9533K [0x0000000098600000, 0x0000000099ac0000, 0x00000000a2c00000)
  object space 21248K, 44% used [0x0000000098600000,0x0000000098f4f410,0x0000000099ac0000)
}
Event: 1.595 GC heap before
{Heap before GC invocations=5 (full 0):
 PSYoungGen      total 51712K, used 51230K [0x00000000e0eb0000, 0x00000000e4510000, 0x0000000100000000)
  eden space 47744K, 100% used [0x00000000e0eb0000,0x00000000e3d50000,0x00000000e3d50000)
  from space 3968K, 87% used [0x00000000e4130000,0x00000000e4497a58,0x00000000e4510000)
  to   space 3968K, 0% used [0x00000000e3d50000,0x00000000e3d50000,0x00000000e4130000)
 ParOldGen       total 63616K, used 32K [0x00000000a2c00000, 0x00000000a6a20000, 0x00000000e0eb0000)
  object space 63616K, 0% used [0x00000000a2c00000,0x00000000a2c08000,0x00000000a6a20000)
 PSPermGen       total 21248K, used 9596K [0x0000000098600000, 0x0000000099ac0000, 0x00000000a2c00000)
  object space 21248K, 45% used [0x0000000098600000,0x0000000098f5f388,0x0000000099ac0000)
Event: 1.599 GC heap after
Heap after GC invocations=5 (full 0):
 PSYoungGen      total 51712K, used 3965K [0x00000000e0eb0000, 0x00000000e7550000, 0x0000000100000000)
  eden space 47744K, 0% used [0x00000000e0eb0000,0x00000000e0eb0000,0x00000000e3d50000)
  from space 3968K, 99% used [0x00000000e3d50000,0x00000000e412f480,0x00000000e4130000)
  to   space 4800K, 0% used [0x00000000e70a0000,0x00000000e70a0000,0x00000000e7550000)
 ParOldGen       total 63616K, used 744K [0x00000000a2c00000, 0x00000000a6a20000, 0x00000000e0eb0000)
  object space 63616K, 1% used [0x00000000a2c00000,0x00000000a2cba000,0x00000000a6a20000)
 PSPermGen       total 21248K, used 9596K [0x0000000098600000, 0x0000000099ac0000, 0x00000000a2c00000)
  object space 21248K, 45% used [0x0000000098600000,0x0000000098f5f388,0x0000000099ac0000)
}

Deoptimization events (10 events):
Event: 1.248 Thread 0x00007f40f8008000 Uncommon trap -34 fr.pc 0x00007f40fc604328
Event: 1.248 Thread 0x00007f40f8008000 Uncommon trap -34 fr.pc 0x00007f40fc5cf978
Event: 1.248 Thread 0x00007f40f8008000 Uncommon trap -34 fr.pc 0x00007f40fc604328
Event: 1.248 Thread 0x00007f40f8008000 Uncommon trap -34 fr.pc 0x00007f40fc5cf978
Event: 1.248 Thread 0x00007f40f8008000 Uncommon trap -34 fr.pc 0x00007f40fc5cf978
Event: 1.262 Thread 0x00007f40f8008000 Uncommon trap -34 fr.pc 0x00007f40fc604328
Event: 1.262 Thread 0x00007f40f8008000 Uncommon trap -34 fr.pc 0x00007f40fc5cf978
Event: 1.281 Thread 0x00007f40f8008000 Uncommon trap -34 fr.pc 0x00007f40fc604328
Event: 1.430 Thread 0x00007f40f8008000 Uncommon trap -83 fr.pc 0x00007f40fc611870
Event: 1.503 Thread 0x00007f40f8008000 Uncommon trap -75 fr.pc 0x00007f40fc6224fc

Internal exceptions (10 events):
Event: 1.451 Thread 0x00007f40f8008000 Threw 0x00000000e24e46f8 at /builddir/build/BUILD/java-1.7.0-openjdk/openjdk/hotspot/src/share/vm/prims/jvm.cpp:1166
Event: 1.452 Thread 0x00007f40f8008000 Threw 0x00000000e24f4668 at /builddir/build/BUILD/java-1.7.0-openjdk/openjdk/hotspot/src/share/vm/prims/jvm.cpp:1166
Event: 1.513 Thread 0x00007f40f8008000 Threw 0x00000000e14063f8 at /builddir/build/BUILD/java-1.7.0-openjdk/openjdk/hotspot/src/share/vm/prims/jvm.cpp:1166
Event: 1.528 Thread 0x00007f40f8008000 Threw 0x00000000e14ad3c8 at /builddir/build/BUILD/java-1.7.0-openjdk/openjdk/hotspot/src/share/vm/prims/jvm.cpp:1166
Event: 1.528 Thread 0x00007f40f8008000 Threw 0x00000000e14aeeb0 at /builddir/build/BUILD/java-1.7.0-openjdk/openjdk/hotspot/src/share/vm/prims/jvm.cpp:1166
Event: 1.640 Thread 0x00007f40f8008000 Threw 0x00000000e2616c60 at /builddir/build/BUILD/java-1.7.0-openjdk/openjdk/hotspot/src/share/vm/prims/jvm.cpp:1166
Event: 1.642 Thread 0x00007f40f8008000 Threw 0x00000000e2709488 at /builddir/build/BUILD/java-1.7.0-openjdk/openjdk/hotspot/src/share/vm/prims/jvm.cpp:1166
Event: 1.643 Thread 0x00007f40f8008000 Threw 0x00000000e2715bd0 at /builddir/build/BUILD/java-1.7.0-openjdk/openjdk/hotspot/src/share/vm/prims/jvm.cpp:1166
Event: 1.643 Thread 0x00007f40f8008000 Threw 0x00000000e27199e0 at /builddir/build/BUILD/java-1.7.0-openjdk/openjdk/hotspot/src/share/vm/prims/jvm.cpp:1166
Event: 1.664 Thread 0x00007f40f8008000 Threw 0x00000000e37bb848 at /builddir/build/BUILD/java-1.7.0-openjdk/openjdk/hotspot/src/share/vm/prims/jvm.cpp:1166

Events (10 events):
Event: 1.640 loading class 0x00007f40f87e17f0
Event: 1.640 loading class 0x00007f40f87e17f0 done
Event: 1.642 loading class 0x00007f40f87e1a00
Event: 1.642 loading class 0x00007f40f87e1a00 done
Event: 1.643 loading class 0x00007f40f87dd2e0
Event: 1.643 loading class 0x00007f40f87dd2e0 done
Event: 1.643 loading class 0x00007f40f87dd380
Event: 1.643 loading class 0x00007f40f87dd380 done
Event: 1.664 loading class 0x00007f40f84a7f20
Event: 1.664 loading class 0x00007f40f84a7f20 done


Dynamic libraries:
00400000-00401000 r-xp 00000000 fd:01 399012                             /usr/lib/jvm/java-1.7.0-openjdk-1.7.0.9.x86_64/bin/java
00600000-00602000 rw-p 00000000 fd:01 399012                             /usr/lib/jvm/java-1.7.0-openjdk-1.7.0.9.x86_64/bin/java
00bf4000-00c15000 rw-p 00000000 00:00 0                                  [heap]
40cee000-40cf0000 r-xs 00000000 fd:01 902                                /tmp/glULHPjH (deleted)
41e41000-41ebf000 rw-p 00000000 00:00 0 
98600000-99ac0000 rw-p 00000000 00:00 0 
99ac0000-a2c00000 rw-p 00000000 00:00 0 
a2c00000-a6a20000 rw-p 00000000 00:00 0 
a6a20000-e0eb0000 rw-p 00000000 00:00 0 
e0eb0000-e7550000 rw-p 00000000 00:00 0 
e7550000-100000000 rw-p 00000000 00:00 0 
324e400000-324e40c000 r-xp 00000000 fd:01 398177                         /usr/lib/jvm/java-1.7.0-openjdk-1.7.0.9.x86_64/jre/lib/amd64/jli/libjli.so
324e40c000-324e60c000 ---p 0000c000 fd:01 398177                         /usr/lib/jvm/java-1.7.0-openjdk-1.7.0.9.x86_64/jre/lib/amd64/jli/libjli.so
324e60c000-324e60d000 rw-p 0000c000 fd:01 398177                         /usr/lib/jvm/java-1.7.0-openjdk-1.7.0.9.x86_64/jre/lib/amd64/jli/libjli.so
394c200000-394c220000 r-xp 00000000 fd:01 132915                         /usr/lib64/ld-2.15.so
394c41f000-394c420000 r--p 0001f000 fd:01 132915                         /usr/lib64/ld-2.15.so
394c420000-394c421000 rw-p 00020000 fd:01 132915                         /usr/lib64/ld-2.15.so
394c421000-394c422000 rw-p 00000000 00:00 0 
394c600000-394c7ac000 r-xp 00000000 fd:01 153144                         /usr/lib64/libc-2.15.so
394c7ac000-394c9ac000 ---p 001ac000 fd:01 153144                         /usr/lib64/libc-2.15.so
394c9ac000-394c9b0000 r--p 001ac000 fd:01 153144                         /usr/lib64/libc-2.15.so
394c9b0000-394c9b2000 rw-p 001b0000 fd:01 153144                         /usr/lib64/libc-2.15.so
394c9b2000-394c9b7000 rw-p 00000000 00:00 0 
394ca00000-394ca16000 r-xp 00000000 fd:01 154797                         /usr/lib64/libpthread-2.15.so
394ca16000-394cc16000 ---p 00016000 fd:01 154797                         /usr/lib64/libpthread-2.15.so
394cc16000-394cc17000 r--p 00016000 fd:01 154797                         /usr/lib64/libpthread-2.15.so
394cc17000-394cc18000 rw-p 00017000 fd:01 154797                         /usr/lib64/libpthread-2.15.so
394cc18000-394cc1c000 rw-p 00000000 00:00 0 
394ce00000-394ce03000 r-xp 00000000 fd:01 153297                         /usr/lib64/libdl-2.15.so
394ce03000-394d002000 ---p 00003000 fd:01 153297                         /usr/lib64/libdl-2.15.so
394d002000-394d003000 r--p 00002000 fd:01 153297                         /usr/lib64/libdl-2.15.so
394d003000-394d004000 rw-p 00003000 fd:01 153297                         /usr/lib64/libdl-2.15.so
394d200000-394d207000 r-xp 00000000 fd:01 154929                         /usr/lib64/librt-2.15.so
394d207000-394d406000 ---p 00007000 fd:01 154929                         /usr/lib64/librt-2.15.so
394d406000-394d407000 r--p 00006000 fd:01 154929                         /usr/lib64/librt-2.15.so
394d407000-394d408000 rw-p 00007000 fd:01 154929                         /usr/lib64/librt-2.15.so
394da00000-394dafa000 r-xp 00000000 fd:01 163524                         /usr/lib64/libm-2.15.so
394dafa000-394dcf9000 ---p 000fa000 fd:01 163524                         /usr/lib64/libm-2.15.so
394dcf9000-394dcfa000 r--p 000f9000 fd:01 163524                         /usr/lib64/libm-2.15.so
394dcfa000-394dcfb000 rw-p 000fa000 fd:01 163524                         /usr/lib64/libm-2.15.so
394e600000-394e616000 r-xp 00000000 fd:01 160186                         /usr/lib64/libresolv-2.15.so
394e616000-394e815000 ---p 00016000 fd:01 160186                         /usr/lib64/libresolv-2.15.so
394e815000-394e816000 r--p 00015000 fd:01 160186                         /usr/lib64/libresolv-2.15.so
394e816000-394e817000 rw-p 00016000 fd:01 160186                         /usr/lib64/libresolv-2.15.so
394e817000-394e819000 rw-p 00000000 00:00 0 
394fe00000-394fe02000 r-xp 00000000 fd:01 165636                         /usr/lib64/libXau.so.6.0.0
394fe02000-3950002000 ---p 00002000 fd:01 165636                         /usr/lib64/libXau.so.6.0.0
3950002000-3950003000 r--p 00002000 fd:01 165636                         /usr/lib64/libXau.so.6.0.0
3950003000-3950004000 rw-p 00003000 fd:01 165636                         /usr/lib64/libXau.so.6.0.0
3950200000-3950334000 r-xp 00000000 fd:01 167814                         /usr/lib64/libX11.so.6.3.0
3950334000-3950534000 ---p 00134000 fd:01 167814                         /usr/lib64/libX11.so.6.3.0
3950534000-3950535000 r--p 00134000 fd:01 167814                         /usr/lib64/libX11.so.6.3.0
3950535000-395053a000 rw-p 00135000 fd:01 167814                         /usr/lib64/libX11.so.6.3.0
3950600000-395061d000 r-xp 00000000 fd:01 167409                         /usr/lib64/libxcb.so.1.1.0
395061d000-395081c000 ---p 0001d000 fd:01 167409                         /usr/lib64/libxcb.so.1.1.0
395081c000-395081d000 r--p 0001c000 fd:01 167409                         /usr/lib64/libxcb.so.1.1.0
395081d000-395081e000 rw-p 0001d000 fd:01 167409                         /usr/lib64/libxcb.so.1.1.0
3950a00000-3950a10000 r-xp 00000000 fd:01 170834                         /usr/lib64/libXext.so.6.4.0
3950a10000-3950c10000 ---p 00010000 fd:01 170834                         /usr/lib64/libXext.so.6.4.0
3950c10000-3950c11000 r--p 00010000 fd:01 170834                         /usr/lib64/libXext.so.6.4.0
3950c11000-3950c12000 rw-p 00011000 fd:01 170834                         /usr/lib64/libXext.so.6.4.0
3950e00000-3950e15000 r-xp 00000000 fd:01 163917                         /usr/lib64/libgcc_s-4.7.2-20120921.so.1
3950e15000-3951014000 ---p 00015000 fd:01 163917                         /usr/lib64/libgcc_s-4.7.2-20120921.so.1
3951014000-3951015000 rw-p 00014000 fd:01 163917                         /usr/lib64/libgcc_s-4.7.2-20120921.so.1
3951200000-3951243000 r-xp 00000000 fd:01 171703                         /usr/lib64/libdbus-1.so.3.5.6
3951243000-3951442000 ---p 00043000 fd:01 171703                         /usr/lib64/libdbus-1.so.3.5.6
3951442000-3951443000 r--p 00042000 fd:01 171703                         /usr/lib64/libdbus-1.so.3.5.6
3951443000-3951444000 rw-p 00043000 fd:01 171703                         /usr/lib64/libdbus-1.so.3.5.6
3951600000-3951609000 r-xp 00000000 fd:01 167820                         /usr/lib64/libXrender.so.1.3.0
3951609000-3951808000 ---p 00009000 fd:01 167820                         /usr/lib64/libXrender.so.1.3.0
3951808000-3951809000 r--p 00008000 fd:01 167820                         /usr/lib64/libXrender.so.1.3.0
3951809000-395180a000 rw-p 00009000 fd:01 167820                         /usr/lib64/libXrender.so.1.3.0
3952200000-3952207000 r-xp 00000000 fd:01 171184                         /usr/lib64/libXrandr.so.2.2.0
3952207000-3952406000 ---p 00007000 fd:01 171184                         /usr/lib64/libXrandr.so.2.2.0
3952406000-3952407000 r--p 00006000 fd:01 171184                         /usr/lib64/libXrandr.so.2.2.0
3952407000-3952408000 rw-p 00007000 fd:01 171184                         /usr/lib64/libXrandr.so.2.2.0
3953200000-395320e000 r-xp 00000000 fd:01 171172                         /usr/lib64/libXi.so.6.1.0
395320e000-395340d000 ---p 0000e000 fd:01 171172                         /usr/lib64/libXi.so.6.1.0
395340d000-395340e000 r--p 0000d000 fd:01 171172                         /usr/lib64/libXi.so.6.1.0
395340e000-395340f000 rw-p 0000e000 fd:01 171172                         /usr/lib64/libXi.so.6.1.0
3954200000-3954209000 r-xp 00000000 fd:01 171299                         /usr/lib64/libXcursor.so.1.0.2
3954209000-3954409000 ---p 00009000 fd:01 171299                         /usr/lib64/libXcursor.so.1.0.2
3954409000-395440a000 r--p 00009000 fd:01 171299                         /usr/lib64/libXcursor.so.1.0.2
395440a000-395440b000 rw-p 0000a000 fd:01 171299                         /usr/lib64/libXcursor.so.1.0.2
3954e00000-3954e05000 r-xp 00000000 fd:01 171185                         /usr/lib64/libXfixes.so.3.1.0
3954e05000-3955004000 ---p 00005000 fd:01 171185                         /usr/lib64/libXfixes.so.3.1.0
3955004000-3955005000 r--p 00004000 fd:01 171185                         /usr/lib64/libXfixes.so.3.1.0
3955005000-3955006000 rw-p 00005000 fd:01 171185                         /usr/lib64/libXfixes.so.3.1.0
3956600000-3956604000 r-xp 00000000 fd:01 136950                         /usr/lib64/libuuid.so.1.3.0
3956604000-3956803000 ---p 00004000 fd:01 136950                         /usr/lib64/libuuid.so.1.3.0
3956803000-3956804000 r--p 00003000 fd:01 136950                         /usr/lib64/libuuid.so.1.3.0
3956804000-3956805000 rw-p 00004000 fd:01 136950                         /usr/lib64/libuuid.so.1.3.0
3959200000-39592e5000 r-xp 00000000 fd:01 153523                         /usr/lib64/libstdc++.so.6.0.17
39592e5000-39594e4000 ---p 000e5000 fd:01 153523                         /usr/lib64/libstdc++.so.6.0.17
39594e4000-39594ec000 r--p 000e4000 fd:01 153523                         /usr/lib64/libstdc++.so.6.0.17
39594ec000-39594ee000 rw-p 000ec000 fd:01 153523                         /usr/lib64/libstdc++.so.6.0.17
39594ee000-3959503000 rw-p 00000000 00:00 0 
395be00000-395be06000 r-xp 00000000 fd:01 171722                         /usr/lib64/libogg.so.0.8.0
395be06000-395c005000 ---p 00006000 fd:01 171722                         /usr/lib64/libogg.so.0.8.0
395c005000-395c006000 r--p 00005000 fd:01 171722                         /usr/lib64/libogg.so.0.8.0
395c006000-395c007000 rw-p 00006000 fd:01 171722                         /usr/lib64/libogg.so.0.8.0
395ea00000-395ea17000 r-xp 00000000 fd:01 150637                         /usr/lib64/libICE.so.6.3.0
395ea17000-395ec16000 ---p 00017000 fd:01 150637                         /usr/lib64/libICE.so.6.3.0
395ec16000-395ec17000 r--p 00016000 fd:01 150637                         /usr/lib64/libICE.so.6.3.0
395ec17000-395ec18000 rw-p 00017000 fd:01 150637                         /usr/lib64/libICE.so.6.3.0
395ec18000-395ec1c000 rw-p 00000000 00:00 0 
395ee00000-395ee2c000 r-xp 00000000 fd:01 171724                         /usr/lib64/libvorbis.so.0.4.6
395ee2c000-395f02b000 ---p 0002c000 fd:01 171724                         /usr/lib64/libvorbis.so.0.4.6
395f02b000-395f02c000 r--p 0002b000 fd:01 171724                         /usr/lib64/libvorbis.so.0.4.6
395f02c000-395f02d000 rw-p 0002c000 fd:01 171724                         /usr/lib64/libvorbis.so.0.4.6
395f200000-395f207000 r-xp 00000000 fd:01 171746                         /usr/lib64/libSM.so.6.0.1
395f207000-395f406000 ---p 00007000 fd:01 171746                         /usr/lib64/libSM.so.6.0.1
395f406000-395f407000 r--p 00006000 fd:01 171746                         /usr/lib64/libSM.so.6.0.1
395f407000-395f408000 rw-p 00007000 fd:01 171746                         /usr/lib64/libSM.so.6.0.1
3961200000-3961201000 r-xp 00000000 fd:01 171707                         /usr/lib64/libX11-xcb.so.1.0.0
3961201000-3961400000 ---p 00001000 fd:01 171707                         /usr/lib64/libX11-xcb.so.1.0.0
3961400000-3961401000 r--p 00000000 fd:01 171707                         /usr/lib64/libX11-xcb.so.1.0.0
3961401000-3961402000 rw-p 00001000 fd:01 171707                         /usr/lib64/libX11-xcb.so.1.0.0
3961600000-3961616000 r-xp 00000000 fd:01 171751                         /usr/lib64/libnsl-2.15.so
3961616000-3961815000 ---p 00016000 fd:01 171751                         /usr/lib64/libnsl-2.15.so
3961815000-3961816000 r--p 00015000 fd:01 171751                         /usr/lib64/libnsl-2.15.so
3961816000-3961817000 rw-p 00016000 fd:01 171751                         /usr/lib64/libnsl-2.15.so
3961817000-3961819000 rw-p 00000000 00:00 0 
3962a00000-3962a05000 r-xp 00000000 fd:01 171750                         /usr/lib64/libXtst.so.6.1.0
3962a05000-3962c04000 ---p 00005000 fd:01 171750                         /usr/lib64/libXtst.so.6.1.0
3962c04000-3962c05000 r--p 00004000 fd:01 171750                         /usr/lib64/libXtst.so.6.1.0
3962c05000-3962c06000 rw-p 00005000 fd:01 171750                         /usr/lib64/libXtst.so.6.1.0
3962e00000-3962e0b000 r-xp 00000000 fd:01 153313                         /usr/lib64/libgsm.so.1.0.12
3962e0b000-396300a000 ---p 0000b000 fd:01 153313                         /usr/lib64/libgsm.so.1.0.12
396300a000-396300b000 rw-p 0000a000 fd:01 153313                         /usr/lib64/libgsm.so.1.0.12
3963a00000-3963a39000 r-xp 00000000 fd:01 171723                         /usr/lib64/libFLAC.so.8.2.0
3963a39000-3963c38000 ---p 00039000 fd:01 171723                         /usr/lib64/libFLAC.so.8.2.0
3963c38000-3963c39000 r--p 00038000 fd:01 171723                         /usr/lib64/libFLAC.so.8.2.0
3963c39000-3963c3a000 rw-p 00039000 fd:01 171723                         /usr/lib64/libFLAC.so.8.2.0
3964600000-39648b3000 r-xp 00000000 fd:01 171725                         /usr/lib64/libvorbisenc.so.2.0.9
39648b3000-3964ab2000 ---p 002b3000 fd:01 171725                         /usr/lib64/libvorbisenc.so.2.0.9
3964ab2000-3964ace000 r--p 002b2000 fd:01 171725                         /usr/lib64/libvorbisenc.so.2.0.9
3964ace000-3964acf000 rw-p 002ce000 fd:01 171725                         /usr/lib64/libvorbisenc.so.2.0.9
3964c00000-3964c07000 r-xp 00000000 fd:01 135356                         /usr/lib64/libjson.so.0.0.1
3964c07000-3964e06000 ---p 00007000 fd:01 135356                         /usr/lib64/libjson.so.0.0.1
3964e06000-3964e07000 r--p 00006000 fd:01 135356                         /usr/lib64/libjson.so.0.0.1
3964e07000-3964e08000 rw-p 00007000 fd:01 135356                         /usr/lib64/libjson.so.0.0.1
3965000000-3965055000 r-xp 00000000 fd:01 171726                         /usr/lib64/libsndfile.so.1.0.25
3965055000-3965255000 ---p 00055000 fd:01 171726                         /usr/lib64/libsndfile.so.1.0.25
3965255000-3965257000 r--p 00055000 fd:01 171726                         /usr/lib64/libsndfile.so.1.0.25
3965257000-3965258000 rw-p 00057000 fd:01 171726                         /usr/lib64/libsndfile.so.1.0.25
3965258000-396525c000 rw-p 00000000 00:00 0 
3965c00000-3965c60000 r-xp 00000000 fd:01 171754                         /usr/lib64/libpulsecommon-1.1.so
3965c60000-3965e5f000 ---p 00060000 fd:01 171754                         /usr/lib64/libpulsecommon-1.1.so
3965e5f000-3965e60000 r--p 0005f000 fd:01 171754                         /usr/lib64/libpulsecommon-1.1.so
3965e60000-3965e62000 rw-p 00060000 fd:01 171754                         /usr/lib64/libpulsecommon-1.1.so
3966000000-3966047000 r-xp 00000000 fd:01 171755                         /usr/lib64/libpulse.so.0.13.5
3966047000-3966246000 ---p 00047000 fd:01 171755                         /usr/lib64/libpulse.so.0.13.5
3966246000-3966247000 r--p 00046000 fd:01 171755                         /usr/lib64/libpulse.so.0.13.5
3966247000-3966248000 rw-p 00047000 fd:01 171755                         /usr/lib64/libpulse.so.0.13.5
3966400000-3966405000 r-xp 00000000 fd:01 171753                         /usr/lib64/libasyncns.so.0.3.1
3966405000-3966604000 ---p 00005000 fd:01 171753                         /usr/lib64/libasyncns.so.0.3.1
3966604000-3966605000 r--p 00004000 fd:01 171753                         /usr/lib64/libasyncns.so.0.3.1
3966605000-3966606000 rw-p 00005000 fd:01 171753                         /usr/lib64/libasyncns.so.0.3.1
3966800000-3966809000 r-xp 00000000 fd:01 171752                         /usr/lib64/libwrap.so.0.7.6
3966809000-3966a08000 ---p 00009000 fd:01 171752                         /usr/lib64/libwrap.so.0.7.6
3966a08000-3966a09000 r--p 00008000 fd:01 171752                         /usr/lib64/libwrap.so.0.7.6
3966a09000-3966a0a000 rw-p 00009000 fd:01 171752                         /usr/lib64/libwrap.so.0.7.6
3966a0a000-3966a0b000 rw-p 00000000 00:00 0 
3969400000-3969403000 r-xp 00000000 fd:01 399014                         /usr/lib64/nvidia/tls/libnvidia-tls.so.304.64
3969403000-3969602000 ---p 00003000 fd:01 399014                         /usr/lib64/nvidia/tls/libnvidia-tls.so.304.64
3969602000-3969603000 rw-p 00002000 fd:01 399014                         /usr/lib64/nvidia/tls/libnvidia-tls.so.304.64
3969800000-396b1d0000 r-xp 00000000 fd:01 399016                         /usr/lib64/nvidia/libnvidia-glcore.so.304.64
396b1d0000-396b3cf000 ---p 019d0000 fd:01 399016                         /usr/lib64/nvidia/libnvidia-glcore.so.304.64
396b3cf000-396bbd0000 rwxp 019cf000 fd:01 399016                         /usr/lib64/nvidia/libnvidia-glcore.so.304.64
396bbd0000-396bbea000 rwxp 00000000 00:00 0 
396da00000-396daca000 r-xp 00000000 fd:01 399032                         /usr/lib64/nvidia/libGL.so.304.64
396daca000-396dcca000 ---p 000ca000 fd:01 399032                         /usr/lib64/nvidia/libGL.so.304.64
396dcca000-396dd07000 rwxp 000ca000 fd:01 399032                         /usr/lib64/nvidia/libGL.so.304.64
396dd07000-396dd1d000 rwxp 00000000 00:00 0 
3c28800000-3c28817000 r-xp 00000000 fd:01 136784                         /usr/lib64/libz.so.1.2.5
3c28817000-3c28a16000 ---p 00017000 fd:01 136784                         /usr/lib64/libz.so.1.2.5
3c28a16000-3c28a17000 rw-p 00016000 fd:01 136784                         /usr/lib64/libz.so.1.2.5
3c2a000000-3c2a004000 r-xp 00000000 fd:01 155523                         /usr/lib64/libXxf86vm.so.1.0.0
3c2a004000-3c2a204000 ---p 00004000 fd:01 155523                         /usr/lib64/libXxf86vm.so.1.0.0
3c2a204000-3c2a205000 r--p 00004000 fd:01 155523                         /usr/lib64/libXxf86vm.so.1.0.0
3c2a205000-3c2a206000 rw-p 00005000 fd:01 155523                         /usr/lib64/libXxf86vm.so.1.0.0
7f407c000000-7f407c021000 rw-p 00000000 00:00 0 
7f407c021000-7f4080000000 ---p 00000000 00:00 0 
7f4084000000-7f4084021000 rw-p 00000000 00:00 0 
7f4084021000-7f4088000000 ---p 00000000 00:00 0 
7f408bfff000-7f4090000000 rw-s 00000000 00:0f 33144                      /dev/shm/pulse-shm-1694496758
7f4090000000-7f4090021000 rw-p 00000000 00:00 0 
7f4090021000-7f4094000000 ---p 00000000 00:00 0 
7f4094000000-7f4094021000 rw-p 00000000 00:00 0 
7f4094021000-7f4098000000 ---p 00000000 00:00 0 
7f4098000000-7f4098021000 rw-p 00000000 00:00 0 
7f4098021000-7f409c000000 ---p 00000000 00:00 0 
7f409c000000-7f409c021000 rw-p 00000000 00:00 0 
7f409c021000-7f40a0000000 ---p 00000000 00:00 0 
7f40a0000000-7f40a06ad000 rw-p 00000000 00:00 0 
7f40a06ad000-7f40a4000000 ---p 00000000 00:00 0 
7f40a4000000-7f40a4021000 rw-p 00000000 00:00 0 
7f40a4021000-7f40a8000000 ---p 00000000 00:00 0 
7f40a8000000-7f40a880d000 rw-p 00000000 00:00 0 
7f40a880d000-7f40ac000000 ---p 00000000 00:00 0 
7f40adbd3000-7f40b4000000 r--p 00000000 fd:01 171543                     /usr/lib/locale/locale-archive
7f40b4000000-7f40b4021000 rw-p 00000000 00:00 0 
7f40b4021000-7f40b8000000 ---p 00000000 00:00 0 
7f40b8000000-7f40b8021000 rw-p 00000000 00:00 0 
7f40b8021000-7f40bc000000 ---p 00000000 00:00 0 
7f40bc000000-7f40bc021000 rw-p 00000000 00:00 0 
7f40bc021000-7f40c0000000 ---p 00000000 00:00 0 
7f40c0000000-7f40c0021000 rw-p 00000000 00:00 0 
7f40c0021000-7f40c4000000 ---p 00000000 00:00 0 
7f40c4000000-7f40c4021000 rw-p 00000000 00:00 0 
7f40c4021000-7f40c8000000 ---p 00000000 00:00 0 
7f40c8000000-7f40c8021000 rw-p 00000000 00:00 0 
7f40c8021000-7f40cc000000 ---p 00000000 00:00 0 
7f40d0000000-7f40d0021000 rw-p 00000000 00:00 0 
7f40d0021000-7f40d4000000 ---p 00000000 00:00 0 
7f40d8000000-7f40d8021000 rw-p 00000000 00:00 0 
7f40d8021000-7f40dc000000 ---p 00000000 00:00 0 
7f40dd6aa000-7f40dd7ab000 rw-p 00000000 00:00 0 
7f40dd8ac000-7f40dd9ad000 rw-p 00000000 00:00 0 
7f40ddaae000-7f40ddbaf000 rw-p 00000000 00:00 0 
7f40ddcb0000-7f40dddb1000 rw-p 00000000 00:00 0 
7f40dddb1000-7f40ddfb1000 rw-s 1a4ee4000 00:05 20586                     /dev/nvidia0
7f40de0b2000-7f40de0b3000 ---p 00000000 00:00 0 
7f40de0b3000-7f40de8b3000 rw-p 00000000 00:00 0                          [stack:4224]
7f40de8b3000-7f40de8b4000 ---p 00000000 00:00 0 
7f40de8b4000-7f40df0b4000 rw-p 00000000 00:00 0                          [stack:4223]
7f40df0b4000-7f40df108000 r-xp 00000000 fd:02 5374964                    /home/inferno/Development/12D Client/lib/lwjgl_native/linux/libopenal64.so
7f40df108000-7f40df308000 ---p 00054000 fd:02 5374964                    /home/inferno/Development/12D Client/lib/lwjgl_native/linux/libopenal64.so
7f40df308000-7f40df30a000 r--p 00054000 fd:02 5374964                    /home/inferno/Development/12D Client/lib/lwjgl_native/linux/libopenal64.so
7f40df30a000-7f40df30b000 rw-p 00056000 fd:02 5374964                    /home/inferno/Development/12D Client/lib/lwjgl_native/linux/libopenal64.so
7f40df30b000-7f40e0000000 rw-p 00000000 00:00 0 
7f40e0000000-7f40e0021000 rw-p 00000000 00:00 0 
7f40e0021000-7f40e4000000 ---p 00000000 00:00 0 
7f40e4004000-7f40e4105000 rw-p 00000000 00:00 0 
7f40e4206000-7f40e421c000 r-xp 00000000 fd:01 395444                     /usr/lib/jvm/java-1.7.0-openjdk-1.7.0.9.x86_64/jre/lib/amd64/libnet.so
7f40e421c000-7f40e441c000 ---p 00016000 fd:01 395444                     /usr/lib/jvm/java-1.7.0-openjdk-1.7.0.9.x86_64/jre/lib/amd64/libnet.so
7f40e441c000-7f40e441d000 rw-p 00016000 fd:01 395444                     /usr/lib/jvm/java-1.7.0-openjdk-1.7.0.9.x86_64/jre/lib/amd64/libnet.so
7f40e441d000-7f40e442e000 r-xp 00000000 fd:01 395445                     /usr/lib/jvm/java-1.7.0-openjdk-1.7.0.9.x86_64/jre/lib/amd64/libnio.so
7f40e442e000-7f40e462d000 ---p 00011000 fd:01 395445                     /usr/lib/jvm/java-1.7.0-openjdk-1.7.0.9.x86_64/jre/lib/amd64/libnio.so
7f40e462d000-7f40e462e000 rw-p 00010000 fd:01 395445                     /usr/lib/jvm/java-1.7.0-openjdk-1.7.0.9.x86_64/jre/lib/amd64/libnio.so
7f40e462e000-7f40e4630000 rw-p 00000000 00:00 0 
7f40e4630000-7f40e4830000 rw-s 153980000 00:05 20586                     /dev/nvidia0
7f40e4830000-7f40e4a30000 rw-s 1aec6d000 00:05 20586                     /dev/nvidia0
7f40e4a30000-7f40e4c30000 rw-s 15107e000 00:05 20586                     /dev/nvidia0
7f40e4c30000-7f40e8000000 rw-p 00000000 00:00 0 
7f40e8000000-7f40e8021000 rw-p 00000000 00:00 0 
7f40e8021000-7f40ec000000 ---p 00000000 00:00 0 
7f40ec000000-7f40ec021000 rw-p 00000000 00:00 0 
7f40ec021000-7f40f0000000 ---p 00000000 00:00 0 
7f40f0000000-7f40f0021000 rw-p 00000000 00:00 0 
7f40f0021000-7f40f4000000 ---p 00000000 00:00 0 
7f40f4053000-7f40f405a000 r--s 00000000 fd:01 3373                       /usr/lib64/gconv/gconv-modules.cache
7f40f405a000-7f40f405b000 r--s 00002000 fd:01 395477                     /usr/lib/jvm/java-1.7.0-openjdk-1.7.0.9.x86_64/jre/lib/ext/dnsns.jar
7f40f405b000-7f40f405d000 rw-s 00000000 fd:01 902                        /tmp/glULHPjH (deleted)
7f40f405d000-7f40f415d000 rw-s 153b05000 00:05 20586                     /dev/nvidia0
7f40f415d000-7f40f4161000 rw-s 1534c9000 00:05 20586                     /dev/nvidia0
7f40f4161000-7f40f4181000 rw-s c8040000 00:05 20586                      /dev/nvidia0
7f40f4181000-7f40f42e8000 rw-p 00000000 00:00 0 
7f40f42e8000-7f40f435c000 rw-p 00000000 00:00 0 
7f40f435c000-7f40f4360000 rw-s 15349c000 00:05 20586                     /dev/nvidia0
7f40f4360000-7f40f4361000 rw-s cfee4000 00:05 20586                      /dev/nvidia0
7f40f4361000-7f40f43a1000 rw-s 1d2264000 00:05 20586                     /dev/nvidia0
7f40f43a1000-7f40f43c1000 rw-s 1535c0000 00:05 20586                     /dev/nvidia0
7f40f43c1000-7f40f4401000 rw-s 1a4cc3000 00:05 20586                     /dev/nvidia0
7f40f4401000-7f40f4421000 rw-s 15119b000 00:05 20586                     /dev/nvidia0
7f40f4421000-7f40f443e000 rw-s 1d3d63000 00:05 20586                     /dev/nvidia0
7f40f443e000-7f40f447b000 rw-p 00000000 00:00 0 
7f40f447b000-7f40f44e1000 r-xp 00000000 fd:02 5374962                    /home/inferno/Development/12D Client/lib/lwjgl_native/linux/liblwjgl64.so
7f40f44e1000-7f40f46e0000 ---p 00066000 fd:02 5374962                    /home/inferno/Development/12D Client/lib/lwjgl_native/linux/liblwjgl64.so
7f40f46e0000-7f40f46e2000 r--p 00065000 fd:02 5374962                    /home/inferno/Development/12D Client/lib/lwjgl_native/linux/liblwjgl64.so
7f40f46e2000-7f40f46e3000 rw-p 00067000 fd:02 5374962                    /home/inferno/Development/12D Client/lib/lwjgl_native/linux/liblwjgl64.so
7f40f46e3000-7f40f46e4000 r-xp 00000000 fd:01 395436                     /usr/lib/jvm/java-1.7.0-openjdk-1.7.0.9.x86_64/jre/lib/amd64/libjawt.so
7f40f46e4000-7f40f48e3000 ---p 00001000 fd:01 395436                     /usr/lib/jvm/java-1.7.0-openjdk-1.7.0.9.x86_64/jre/lib/amd64/libjawt.so
7f40f48e3000-7f40f48e4000 rw-p 00000000 fd:01 395436                     /usr/lib/jvm/java-1.7.0-openjdk-1.7.0.9.x86_64/jre/lib/amd64/libjawt.so
7f40f48e4000-7f40f48e7000 ---p 00000000 00:00 0 
7f40f48e7000-7f40f49e5000 rw-p 00000000 00:00 0                          [stack:4214]
7f40f49e5000-7f40f49e8000 ---p 00000000 00:00 0 
7f40f49e8000-7f40f4ae6000 rw-p 00000000 00:00 0                          [stack:4213]
7f40f4ae6000-7f40f4b39000 r-xp 00000000 fd:01 395461                     /usr/lib/jvm/java-1.7.0-openjdk-1.7.0.9.x86_64/jre/lib/amd64/xawt/libmawt.so
7f40f4b39000-7f40f4d39000 ---p 00053000 fd:01 395461                     /usr/lib/jvm/java-1.7.0-openjdk-1.7.0.9.x86_64/jre/lib/amd64/xawt/libmawt.so
7f40f4d39000-7f40f4d3d000 rw-p 00053000 fd:01 395461                     /usr/lib/jvm/java-1.7.0-openjdk-1.7.0.9.x86_64/jre/lib/amd64/xawt/libmawt.so
7f40f4d3d000-7f40f4d3e000 rw-p 00000000 00:00 0 
7f40f4d3e000-7f40f4ddf000 r-xp 00000000 fd:01 395423                     /usr/lib/jvm/java-1.7.0-openjdk-1.7.0.9.x86_64/jre/lib/amd64/libawt.so
7f40f4ddf000-7f40f4fdf000 ---p 000a1000 fd:01 395423                     /usr/lib/jvm/java-1.7.0-openjdk-1.7.0.9.x86_64/jre/lib/amd64/libawt.so
7f40f4fdf000-7f40f4feb000 rw-p 000a1000 fd:01 395423                     /usr/lib/jvm/java-1.7.0-openjdk-1.7.0.9.x86_64/jre/lib/amd64/libawt.so
7f40f4feb000-7f40f500f000 rw-p 00000000 00:00 0 
7f40f500f000-7f40f5010000 ---p 00000000 00:00 0 
7f40f5010000-7f40f5110000 rw-p 00000000 00:00 0                          [stack:4212]
7f40f5110000-7f40f5113000 ---p 00000000 00:00 0 
7f40f5113000-7f40f5211000 rw-p 00000000 00:00 0                          [stack:4211]
7f40f5211000-7f40f5214000 ---p 00000000 00:00 0 
7f40f5214000-7f40f5312000 rw-p 00000000 00:00 0                          [stack:4210]
7f40f5312000-7f40f5315000 ---p 00000000 00:00 0 
7f40f5315000-7f40f5413000 rw-p 00000000 00:00 0                          [stack:4209]
7f40f5413000-7f40f5416000 ---p 00000000 00:00 0 
7f40f5416000-7f40f5514000 rw-p 00000000 00:00 0                          [stack:4208]
7f40f5514000-7f40f5517000 ---p 00000000 00:00 0 
7f40f5517000-7f40f5615000 rw-p 00000000 00:00 0                          [stack:4207]
7f40f5615000-7f40f5618000 ---p 00000000 00:00 0 
7f40f5618000-7f40f5716000 rw-p 00000000 00:00 0                          [stack:4206]
7f40f5716000-7f40f5717000 ---p 00000000 00:00 0 
7f40f5717000-7f40f745b000 rw-p 00000000 00:00 0                          [stack:4205]
7f40f745b000-7f40f7606000 r--s 03e6c000 fd:01 395522                     /usr/lib/jvm/java-1.7.0-openjdk-1.7.0.9.x86_64/jre/lib/rt.jar
7f40f7606000-7f40f7607000 ---p 00000000 00:00 0 
7f40f7607000-7f40f7707000 rw-p 00000000 00:00 0                          [stack:4204]
7f40f7707000-7f40f7708000 ---p 00000000 00:00 0 
7f40f7708000-7f40f7808000 rw-p 00000000 00:00 0                          [stack:4203]
7f40f7808000-7f40f7809000 ---p 00000000 00:00 0 
7f40f7809000-7f40f7909000 rw-p 00000000 00:00 0                          [stack:4202]
7f40f7909000-7f40f790a000 ---p 00000000 00:00 0 
7f40f790a000-7f40f7a0a000 rw-p 00000000 00:00 0                          [stack:4201]
7f40f7a0a000-7f40f7a0b000 ---p 00000000 00:00 0 
7f40f7a0b000-7f40f7b0b000 rw-p 00000000 00:00 0                          [stack:4200]
7f40f7b0b000-7f40f7b0c000 ---p 00000000 00:00 0 
7f40f7b0c000-7f40f7c0c000 rw-p 00000000 00:00 0                          [stack:4199]
7f40f7c0c000-7f40f7c0d000 ---p 00000000 00:00 0 
7f40f7c0d000-7f40f7d0d000 rw-p 00000000 00:00 0                          [stack:4198]
7f40f7d0d000-7f40f7d0e000 ---p 00000000 00:00 0 
7f40f7d0e000-7f40f7e2e000 rw-p 00000000 00:00 0                          [stack:4197]
7f40f7e2e000-7f40f8c2f000 rw-p 00000000 00:00 0 
7f40f8c2f000-7f40fc000000 ---p 00000000 00:00 0 
7f40fc000000-7f40fc001000 rw-s 1534c8000 00:05 20586                     /dev/nvidia0
7f40fc001000-7f40fc002000 rw-s cfee3000 00:05 20586                      /dev/nvidia0
7f40fc002000-7f40fc003000 rw-s dc642000 00:05 20586                      /dev/nvidia0
7f40fc003000-7f40fc004000 rw-s 1d4af3000 00:05 20586                     /dev/nvidia0
7f40fc004000-7f40fc005000 rw-s dc641000 00:05 20586                      /dev/nvidia0
7f40fc005000-7f40fc006000 rw-s 1d4af2000 00:05 20586                     /dev/nvidia0
7f40fc006000-7f40fc007000 rw-s 1aec5e000 00:05 20586                     /dev/nvidia0
7f40fc007000-7f40fc008000 rw-s dc060000 00:05 20586                      /dev/nvidia0
7f40fc008000-7f40fc00a000 r--s 00002000 fd:02 5374941                    /home/inferno/Development/12D Client/lib/12Packets.jar
7f40fc00a000-7f40fc017000 r--s 000aa000 fd:02 5374940                    /home/inferno/Development/12D Client/lib/TWL.jar
7f40fc017000-7f40fc01a000 ---p 00000000 00:00 0 
7f40fc01a000-7f40fc03f000 rw-p 00000000 00:00 0                          [stack:4216]
7f40fc03f000-7f40fc049000 r--s 00263000 fd:01 395520                     /usr/lib/jvm/java-1.7.0-openjdk-1.7.0.9.x86_64/jre/lib/resources.jar
7f40fc049000-7f40fc0e8000 rw-p 00000000 00:00 0 
7f40fc0e8000-7f40fc130000 rw-p 00000000 00:00 0 
7f40fc130000-7f40fc13b000 rw-p 00000000 00:00 0 
7f40fc13b000-7f40fc183000 rw-p 00000000 00:00 0 
7f40fc183000-7f40fc1a3000 rw-p 00000000 00:00 0 
7f40fc1a3000-7f40fc374000 rw-p 00000000 00:00 0 
7f40fc374000-7f40fc3a8000 rw-p 00000000 00:00 0 
7f40fc3a8000-7f40fc46d000 rw-p 00000000 00:00 0 
7f40fc46d000-7f40fc478000 rw-p 00000000 00:00 0 
7f40fc478000-7f40fc52e000 rw-p 00000000 00:00 0 
7f40fc52e000-7f40fc79e000 rwxp 00000000 00:00 0 
7f40fc79e000-7f40ff52e000 rw-p 00000000 00:00 0 
7f40ff52e000-7f40ff536000 r-xp 00000000 fd:01 395455                     /usr/lib/jvm/java-1.7.0-openjdk-1.7.0.9.x86_64/jre/lib/amd64/libzip.so
7f40ff536000-7f40ff735000 ---p 00008000 fd:01 395455                     /usr/lib/jvm/java-1.7.0-openjdk-1.7.0.9.x86_64/jre/lib/amd64/libzip.so
7f40ff735000-7f40ff736000 rw-p 00007000 fd:01 395455                     /usr/lib/jvm/java-1.7.0-openjdk-1.7.0.9.x86_64/jre/lib/amd64/libzip.so
7f40ff736000-7f40ff742000 r-xp 00000000 fd:01 163888                     /usr/lib64/libnss_files-2.15.so
7f40ff742000-7f40ff941000 ---p 0000c000 fd:01 163888                     /usr/lib64/libnss_files-2.15.so
7f40ff941000-7f40ff942000 r--p 0000b000 fd:01 163888                     /usr/lib64/libnss_files-2.15.so
7f40ff942000-7f40ff943000 rw-p 0000c000 fd:01 163888                     /usr/lib64/libnss_files-2.15.so
7f40ff943000-7f40ff946000 r--s 0001b000 fd:02 5374935                    /home/inferno/Development/12D Client/lib/xpp3-1.1.4c.jar
7f40ff946000-7f40ff952000 r--s 000d7000 fd:02 5374938                    /home/inferno/Development/12D Client/lib/lwjgl.jar
7f40ff952000-7f40ff95a000 rw-s 00000000 fd:01 400941                     /tmp/hsperfdata_inferno/4190
7f40ff95a000-7f40ff984000 r-xp 00000000 fd:01 395432                     /usr/lib/jvm/java-1.7.0-openjdk-1.7.0.9.x86_64/jre/lib/amd64/libjava.so
7f40ff984000-7f40ffb84000 ---p 0002a000 fd:01 395432                     /usr/lib/jvm/java-1.7.0-openjdk-1.7.0.9.x86_64/jre/lib/amd64/libjava.so
7f40ffb84000-7f40ffb86000 rw-p 0002a000 fd:01 395432                     /usr/lib/jvm/java-1.7.0-openjdk-1.7.0.9.x86_64/jre/lib/amd64/libjava.so
7f40ffb86000-7f40ffb93000 r-xp 00000000 fd:01 395454                     /usr/lib/jvm/java-1.7.0-openjdk-1.7.0.9.x86_64/jre/lib/amd64/libverify.so
7f40ffb93000-7f40ffd92000 ---p 0000d000 fd:01 395454                     /usr/lib/jvm/java-1.7.0-openjdk-1.7.0.9.x86_64/jre/lib/amd64/libverify.so
7f40ffd92000-7f40ffd94000 rw-p 0000c000 fd:01 395454                     /usr/lib/jvm/java-1.7.0-openjdk-1.7.0.9.x86_64/jre/lib/amd64/libverify.so
7f40ffd94000-7f40ffd97000 ---p 00000000 00:00 0 
7f40ffd97000-7f40ffe95000 rw-p 00000000 00:00 0                          [stack:4196]
7f40ffe95000-7f4100897000 r-xp 00000000 fd:01 395459                     /usr/lib/jvm/java-1.7.0-openjdk-1.7.0.9.x86_64/jre/lib/amd64/server/libjvm.so
7f4100897000-7f4100a96000 ---p 00a02000 fd:01 395459                     /usr/lib/jvm/java-1.7.0-openjdk-1.7.0.9.x86_64/jre/lib/amd64/server/libjvm.so
7f4100a96000-7f4100b37000 rw-p 00a01000 fd:01 395459                     /usr/lib/jvm/java-1.7.0-openjdk-1.7.0.9.x86_64/jre/lib/amd64/server/libjvm.so
7f4100b37000-7f4100b67000 rw-p 00000000 00:00 0 
7f4100b67000-7f4100b68000 r--p 00000000 00:00 0 
7f4100b68000-7f4100b6c000 r--s 00027000 fd:02 5374939                    /home/inferno/Development/12D Client/lib/lwjgl_util.jar
7f4100b6c000-7f4100b6f000 r--s 0002b000 fd:02 5374936                    /home/inferno/Development/12D Client/lib/jflac-1.3.jar
7f4100b6f000-7f4100b70000 r--s 00001000 fd:02 5374937                    /home/inferno/Development/12D Client/lib/flibitFile.jar
7f4100b70000-7f4100b73000 r--s 0000f000 fd:01 395481                     /usr/lib/jvm/java-1.7.0-openjdk-1.7.0.9.x86_64/jre/lib/ext/pulse-java.jar
7f4100b73000-7f4100b7c000 r--s 00066000 fd:01 395478                     /usr/lib/jvm/java-1.7.0-openjdk-1.7.0.9.x86_64/jre/lib/ext/gnome-java-bridge.jar
7f4100b7c000-7f4100b7d000 rw-p 00000000 00:00 0 
7f4100b7d000-7f4100b7e000 r--p 00000000 00:00 0 
7f4100b7e000-7f4100b7f000 rw-p 00000000 00:00 0 
7fffdcd56000-7fffdcd77000 rw-p 00000000 00:00 0                          [stack]
7fffdcdff000-7fffdce00000 r-xp 00000000 00:00 0                          [vdso]
ffffffffff600000-ffffffffff601000 r-xp 00000000 00:00 0                  [vsyscall]

VM Arguments:
jvm_args: -Djava.library.path=/home/inferno/Development/12D Client/lib/lwjgl_native/linux:/home/inferno/Development/12Snake/lib/lwjgl_native/linux -Dfile.encoding=UTF-8 
java_command: Executable
Launcher Type: SUN_STANDARD

Environment Variables:
PATH=/usr/local/bin:/usr/bin:/bin:/usr/local/sbin:/usr/sbin:/home/inferno/.local/bin:/home/inferno/bin
USERNAME=inferno
SHELL=/bin/bash
DISPLAY=:0.0

Signal Handlers:
SIGSEGV: [libjvm.so+0x85cb80], sa_mask[0]=0x7ffbfeff, sa_flags=0x10000004
SIGBUS: [libjvm.so+0x85cb80], sa_mask[0]=0x7ffbfeff, sa_flags=0x10000004
SIGFPE: [libjvm.so+0x6fe3b0], sa_mask[0]=0x7ffbfeff, sa_flags=0x10000004
SIGPIPE: [libjvm.so+0x6fe3b0], sa_mask[0]=0x7ffbfeff, sa_flags=0x10000004
SIGXFSZ: [libjvm.so+0x6fe3b0], sa_mask[0]=0x7ffbfeff, sa_flags=0x10000004
SIGILL: [libjvm.so+0x6fe3b0], sa_mask[0]=0x7ffbfeff, sa_flags=0x10000004
SIGUSR1: SIG_DFL, sa_mask[0]=0x00000000, sa_flags=0x00000000
SIGUSR2: [libjvm.so+0x6fe5e0], sa_mask[0]=0x00000004, sa_flags=0x10000004
SIGHUP: [libjvm.so+0x6fe720], sa_mask[0]=0x7ffbfeff, sa_flags=0x10000004
SIGINT: [libjvm.so+0x6fe720], sa_mask[0]=0x7ffbfeff, sa_flags=0x10000004
SIGTERM: [libjvm.so+0x6fe720], sa_mask[0]=0x7ffbfeff, sa_flags=0x10000004
SIGQUIT: [libjvm.so+0x6fe720], sa_mask[0]=0x7ffbfeff, sa_flags=0x10000004


---------------  S Y S T E M  ---------------

OS:Fedora release 17 (Beefy Miracle)

uname:Linux 3.6.8-2.fc17.x86_64 #1 SMP Tue Nov 27 19:35:02 UTC 2012 x86_64
libc:glibc 2.15 NPTL 2.15 
rlimit: STACK 8192k, CORE 0k, NPROC 1024, NOFILE 4096, AS infinity
load average:0.11 0.22 0.24

/proc/meminfo:
MemTotal:        6104232 kB
MemFree:         3995232 kB
Buffers:          105528 kB
Cached:           638360 kB
SwapCached:            0 kB
Active:          1373968 kB
Inactive:         461008 kB
Active(anon):    1091376 kB
Inactive(anon):     6644 kB
Active(file):     282592 kB
Inactive(file):   454364 kB
Unevictable:           0 kB
Mlocked:               0 kB
SwapTotal:       8191996 kB
SwapFree:        8191996 kB
Dirty:               808 kB
Writeback:             0 kB
AnonPages:       1052224 kB
Mapped:           132760 kB
Shmem:              6936 kB
Slab:             107736 kB
SReclaimable:      58152 kB
SUnreclaim:        49584 kB
KernelStack:        3160 kB
PageTables:        28140 kB
NFS_Unstable:          0 kB
Bounce:                0 kB
WritebackTmp:          0 kB
CommitLimit:    11244112 kB
Committed_AS:    2682744 kB
VmallocTotal:   34359738367 kB
VmallocUsed:      364876 kB
VmallocChunk:   34359352316 kB
HardwareCorrupted:     0 kB
AnonHugePages:    624640 kB
HugePages_Total:       0
HugePages_Free:        0
HugePages_Rsvd:        0
HugePages_Surp:        0
Hugepagesize:       2048 kB
DirectMap4k:      144960 kB
DirectMap2M:     6137856 kB


CPU:total 8 (4 cores per cpu, 2 threads per core) family 6 model 26 stepping 5, cmov, cx8, fxsr, mmx, sse, sse2, sse3, ssse3, sse4.1, sse4.2, popcnt, ht, tsc, tscinvbit, tscinv

/proc/cpuinfo:
processor	: 0
vendor_id	: GenuineIntel
cpu family	: 6
model		: 26
model name	: Intel(R) Core(TM) i7 CPU       @ 9200 @ 2.67GHz
stepping	: 5
cpu MHz		: 1596.000
cache size	: 8192 KB
physical id	: 0
siblings	: 8
core id		: 0
cpu cores	: 4
apicid		: 0
initial apicid	: 0
fpu		: yes
fpu_exception	: yes
cpuid level	: 11
wp		: yes
flags		: fpu vme de pse tsc msr pae mce cx8 apic sep mtrr pge mca cmov pat pse36 clflush dts acpi mmx fxsr sse sse2 ss ht tm pbe syscall nx rdtscp lm constant_tsc arch_perfmon pebs bts rep_good nopl xtopology nonstop_tsc aperfmperf pni dtes64 monitor ds_cpl vmx est tm2 ssse3 cx16 xtpr pdcm sse4_1 sse4_2 popcnt lahf_lm ida dtherm tpr_shadow vnmi flexpriority ept vpid
bogomips	: 7141.94
clflush size	: 64
cache_alignment	: 64
address sizes	: 36 bits physical, 48 bits virtual
power management:

processor	: 1
vendor_id	: GenuineIntel
cpu family	: 6
model		: 26
model name	: Intel(R) Core(TM) i7 CPU       @ 9200 @ 2.67GHz
stepping	: 5
cpu MHz		: 1596.000
cache size	: 8192 KB
physical id	: 0
siblings	: 8
core id		: 3
cpu cores	: 4
apicid		: 6
initial apicid	: 6
fpu		: yes
fpu_exception	: yes
cpuid level	: 11
wp		: yes
flags		: fpu vme de pse tsc msr pae mce cx8 apic sep mtrr pge mca cmov pat pse36 clflush dts acpi mmx fxsr sse sse2 ss ht tm pbe syscall nx rdtscp lm constant_tsc arch_perfmon pebs bts rep_good nopl xtopology nonstop_tsc aperfmperf pni dtes64 monitor ds_cpl vmx est tm2 ssse3 cx16 xtpr pdcm sse4_1 sse4_2 popcnt lahf_lm ida dtherm tpr_shadow vnmi flexpriority ept vpid
bogomips	: 7141.94
clflush size	: 64
cache_alignment	: 64
address sizes	: 36 bits physical, 48 bits virtual
power management:

processor	: 2
vendor_id	: GenuineIntel
cpu family	: 6
model		: 26
model name	: Intel(R) Core(TM) i7 CPU       @ 9200 @ 2.67GHz
stepping	: 5
cpu MHz		: 1862.000
cache size	: 8192 KB
physical id	: 0
siblings	: 8
core id		: 1
cpu cores	: 4
apicid		: 2
initial apicid	: 2
fpu		: yes
fpu_exception	: yes
cpuid level	: 11
wp		: yes
flags		: fpu vme de pse tsc msr pae mce cx8 apic sep mtrr pge mca cmov pat pse36 clflush dts acpi mmx fxsr sse sse2 ss ht tm pbe syscall nx rdtscp lm constant_tsc arch_perfmon pebs bts rep_good nopl xtopology nonstop_tsc aperfmperf pni dtes64 monitor ds_cpl vmx est tm2 ssse3 cx16 xtpr pdcm sse4_1 sse4_2 popcnt lahf_lm ida dtherm tpr_shadow vnmi flexpriority ept vpid
bogomips	: 7141.94
clflush size	: 64
cache_alignment	: 64
address sizes	: 36 bits physical, 48 bits virtual
power management:

processor	: 3
vendor_id	: GenuineIntel
cpu family	: 6
model		: 26
model name	: Intel(R) Core(TM) i7 CPU       @ 9200 @ 2.67GHz
stepping	: 5
cpu MHz		: 1862.000
cache size	: 8192 KB
physical id	: 0
siblings	: 8
core id		: 2
cpu cores	: 4
apicid		: 4
initial apicid	: 4
fpu		: yes
fpu_exception	: yes
cpuid level	: 11
wp		: yes
flags		: fpu vme de pse tsc msr pae mce cx8 apic sep mtrr pge mca cmov pat pse36 clflush dts acpi mmx fxsr sse sse2 ss ht tm pbe syscall nx rdtscp lm constant_tsc arch_perfmon pebs bts rep_good nopl xtopology nonstop_tsc aperfmperf pni dtes64 monitor ds_cpl vmx est tm2 ssse3 cx16 xtpr pdcm sse4_1 sse4_2 popcnt lahf_lm ida dtherm tpr_shadow vnmi flexpriority ept vpid
bogomips	: 7141.94
clflush size	: 64
cache_alignment	: 64
address sizes	: 36 bits physical, 48 bits virtual
power management:

processor	: 4
vendor_id	: GenuineIntel
cpu family	: 6
model		: 26
model name	: Intel(R) Core(TM) i7 CPU       @ 9200 @ 2.67GHz
stepping	: 5
cpu MHz		: 1596.000
cache size	: 8192 KB
physical id	: 0
siblings	: 8
core id		: 3
cpu cores	: 4
apicid		: 7
initial apicid	: 7
fpu		: yes
fpu_exception	: yes
cpuid level	: 11
wp		: yes
flags		: fpu vme de pse tsc msr pae mce cx8 apic sep mtrr pge mca cmov pat pse36 clflush dts acpi mmx fxsr sse sse2 ss ht tm pbe syscall nx rdtscp lm constant_tsc arch_perfmon pebs bts rep_good nopl xtopology nonstop_tsc aperfmperf pni dtes64 monitor ds_cpl vmx est tm2 ssse3 cx16 xtpr pdcm sse4_1 sse4_2 popcnt lahf_lm ida dtherm tpr_shadow vnmi flexpriority ept vpid
bogomips	: 7141.94
clflush size	: 64
cache_alignment	: 64
address sizes	: 36 bits physical, 48 bits virtual
power management:

processor	: 5
vendor_id	: GenuineIntel
cpu family	: 6
model		: 26
model name	: Intel(R) Core(TM) i7 CPU       @ 9200 @ 2.67GHz
stepping	: 5
cpu MHz		: 1596.000
cache size	: 8192 KB
physical id	: 0
siblings	: 8
core id		: 1
cpu cores	: 4
apicid		: 3
initial apicid	: 3
fpu		: yes
fpu_exception	: yes
cpuid level	: 11
wp		: yes
flags		: fpu vme de pse tsc msr pae mce cx8 apic sep mtrr pge mca cmov pat pse36 clflush dts acpi mmx fxsr sse sse2 ss ht tm pbe syscall nx rdtscp lm constant_tsc arch_perfmon pebs bts rep_good nopl xtopology nonstop_tsc aperfmperf pni dtes64 monitor ds_cpl vmx est tm2 ssse3 cx16 xtpr pdcm sse4_1 sse4_2 popcnt lahf_lm ida dtherm tpr_shadow vnmi flexpriority ept vpid
bogomips	: 7141.94
clflush size	: 64
cache_alignment	: 64
address sizes	: 36 bits physical, 48 bits virtual
power management:

processor	: 6
vendor_id	: GenuineIntel
cpu family	: 6
model		: 26
model name	: Intel(R) Core(TM) i7 CPU       @ 9200 @ 2.67GHz
stepping	: 5
cpu MHz		: 2661.000
cache size	: 8192 KB
physical id	: 0
siblings	: 8
core id		: 2
cpu cores	: 4
apicid		: 5
initial apicid	: 5
fpu		: yes
fpu_exception	: yes
cpuid level	: 11
wp		: yes
flags		: fpu vme de pse tsc msr pae mce cx8 apic sep mtrr pge mca cmov pat pse36 clflush dts acpi mmx fxsr sse sse2 ss ht tm pbe syscall nx rdtscp lm constant_tsc arch_perfmon pebs bts rep_good nopl xtopology nonstop_tsc aperfmperf pni dtes64 monitor ds_cpl vmx est tm2 ssse3 cx16 xtpr pdcm sse4_1 sse4_2 popcnt lahf_lm ida dtherm tpr_shadow vnmi flexpriority ept vpid
bogomips	: 7141.94
clflush size	: 64
cache_alignment	: 64
address sizes	: 36 bits physical, 48 bits virtual
power management:

processor	: 7
vendor_id	: GenuineIntel
cpu family	: 6
model		: 26
model name	: Intel(R) Core(TM) i7 CPU       @ 9200 @ 2.67GHz
stepping	: 5
cpu MHz		: 2661.000
cache size	: 8192 KB
physical id	: 0
siblings	: 8
core id		: 0
cpu cores	: 4
apicid		: 1
initial apicid	: 1
fpu		: yes
fpu_exception	: yes
cpuid level	: 11
wp		: yes
flags		: fpu vme de pse tsc msr pae mce cx8 apic sep mtrr pge mca cmov pat pse36 clflush dts acpi mmx fxsr sse sse2 ss ht tm pbe syscall nx rdtscp lm constant_tsc arch_perfmon pebs bts rep_good nopl xtopology nonstop_tsc aperfmperf pni dtes64 monitor ds_cpl vmx est tm2 ssse3 cx16 xtpr pdcm sse4_1 sse4_2 popcnt lahf_lm ida dtherm tpr_shadow vnmi flexpriority ept vpid
bogomips	: 7141.94
clflush size	: 64
cache_alignment	: 64
address sizes	: 36 bits physical, 48 bits virtual
power management:



Memory: 4k page, physical 6104232k(3995232k free), swap 8191996k(8191996k free)

vm_info: OpenJDK 64-Bit Server VM (23.2-b09) for linux-amd64 JRE (1.7.0_09-icedtea-mockbuild_2012_10_17_15_53-b00), built on Oct 17 2012 16:01:41 by "mockbuild" with gcc 4.7.2 20120921 (Red Hat 4.7.2-2)

time: Thu Mar 21 19:53:01 2013
elapsed time: 1 seconds

