#
# A fatal error has been detected by the Java Runtime Environment:
#
#  SIGSEGV (0xb) at pc=0x0000000041458d1d, pid=2438, tid=140408522635008
#
# JRE version: 7.0_09
# Java VM: OpenJDK 64-Bit Server VM (23.2-b09 mixed mode linux-amd64 compressed oops)
# Problematic frame:
# C  0x0000000041458d1d
#
# Failed to write core dump. Core dumps have been disabled. To enable core dumping, try "ulimit -c unlimited" before starting Java again
#
# If you would like to submit a bug report, please include
# instructions on how to reproduce the bug and visit:
#   http://icedtea.classpath.org/bugzilla
# The crash happened outside the Java Virtual Machine in native code.
# See problematic frame for where to report the bug.
#

---------------  T H R E A D  ---------------

Current thread (0x00007fb364008000):  JavaThread "main" [_thread_in_native, id=2443, stack(0x00007fb3680d7000,0x00007fb3681d8000)]

siginfo:si_signo=SIGSEGV: si_errno=0, si_code=1 (SEGV_MAPERR), si_addr=0x0000000000000000

Registers:
RAX=0x00007fb34e109f70, RBX=0x00000000406ca000, RCX=0x0000000000000000, RDX=0x000000000000300c
RSP=0x00007fb3681d64e8, RBP=0x00000000c071244a, RSI=0x0000000000000000, RDI=0x0000000000000000
R8 =0x00007fb35c4c9010, R9 =0x0000000008ab0000, R10=0x0000000000000007, R11=0x0000000000000000
R12=0x000000000000300c, R13=0x00007fb35c54d638, R14=0x0000000000000000, R15=0x0000000000000000
RIP=0x0000000041458d1d, EFLAGS=0x0000000000010246, CSGSFS=0x0000000000000033, ERR=0x0000000000000004
  TRAPNO=0x000000000000000e

Top of Stack: (sp=0x00007fb3681d64e8)
0x00007fb3681d64e8:   00000000406ca000 00007fb34e109f70
0x00007fb3681d64f8:   00000000000a82a0 00000000406ca000
0x00007fb3681d6508:   000000396ad60e8f 00007fb35c4c9010
0x00007fb3681d6518:   000000040000300c 0000000040710618
0x00007fb3681d6528:   0000000000000004 00007fb364008000
0x00007fb3681d6538:   000000396ad627d8 00007fb34e109f70
0x00007fb3681d6548:   0000000098c63170 00007fb3681d65f0
0x00007fb3681d6558:   0000000000000000 0000000098c63170
0x00007fb3681d6568:   00007fb3681d6630 00007fb364008000
0x00007fb3681d6578:   00007fb3607c2f90 0000000000000000
0x00007fb3681d6588:   00007fb3681d65d0 00000000986c5ec0
0x00007fb3681d6598:   0000000000000000 0000000098639810
0x00007fb3681d65a8:   0000000000000000 00007fb3681d65b0
0x00007fb3681d65b8:   0000000000000000 00007fb3681d6630
0x00007fb3681d65c8:   0000000098c80b50 0000000000000000
0x00007fb3681d65d8:   0000000098c63170 0000000000000000
0x00007fb3681d65e8:   00007fb3681d6610 00007fb3681d6678
0x00007fb3681d65f8:   00007fb3607b7158 00000000e3dd15e8
0x00007fb3681d6608:   00007fb3607bfdd8 000000396dcf8f20
0x00007fb3681d6618:   00007fb3681d6678 000000000000300c
0x00007fb3681d6628:   0000000000000000 0000000000000004
0x00007fb3681d6638:   00007fb3681d6638 0000000098c63054
0x00007fb3681d6648:   00007fb3681d66b0 0000000098c80b50
0x00007fb3681d6658:   0000000000000000 0000000098c630a0
0x00007fb3681d6668:   00007fb3681d6610 00007fb3681d66a0
0x00007fb3681d6678:   00007fb3681d66f8 00007fb3607b7158
0x00007fb3681d6688:   000000396dcf8f20 0000000000000000
0x00007fb3681d6698:   00000000e3d70270 000000000000300c
0x00007fb3681d66a8:   0000000000000000 0000000000000004
0x00007fb3681d66b8:   00007fb3681d66b8 0000000098f2401e
0x00007fb3681d66c8:   00007fb3681d6720 0000000098f25c60
0x00007fb3681d66d8:   0000000000000000 0000000098f24198 

Instructions: (pc=0x0000000041458d1d)
0x0000000041458cfd:   78 08 48 be 98 10 71 40 00 00 00 00 48 8b 36 48
0x0000000041458d0d:   8b b6 c0 03 00 00 48 8b f9 48 c1 e7 04 48 03 f7
0x0000000041458d1d:   8b 3e 8b 6e 04 89 78 0c 89 68 10 8b 7e 08 8b 6e
0x0000000041458d2d:   0c 89 78 14 89 68 18 48 be 98 10 71 40 00 00 00 

Register to memory mapping:

RAX=0x00007fb34e109f70 is an unknown value
RBX=0x00000000406ca000 is an unknown value
RCX=0x0000000000000000 is an unknown value
RDX=0x000000000000300c is an unknown value
RSP=0x00007fb3681d64e8 is pointing into the stack for thread: 0x00007fb364008000
RBP=0x00000000c071244a is an unallocated location in the heap
RSI=0x0000000000000000 is an unknown value
RDI=0x0000000000000000 is an unknown value
R8 =0x00007fb35c4c9010 is an unknown value
R9 =0x0000000008ab0000 is an unknown value
R10=0x0000000000000007 is an unknown value
R11=0x0000000000000000 is an unknown value
R12=0x000000000000300c is an unknown value
R13=0x00007fb35c54d638 is an unknown value
R14=0x0000000000000000 is an unknown value
R15=0x0000000000000000 is an unknown value


Stack: [0x00007fb3680d7000,0x00007fb3681d8000],  sp=0x00007fb3681d64e8,  free space=1021k
Native frames: (J=compiled Java code, j=interpreted, Vv=VM code, C=native code)
C  0x0000000041458d1d

Java frames: (J=compiled Java code, j=interpreted, Vv=VM code)
j  org.lwjgl.opengl.GL11.nglDrawArrays(IIIJ)V+0
j  org.lwjgl.opengl.GL11.glDrawArrays(III)V+20
j  twelveengine.graphics.Model.draw()V+486
j  twelveengine.actors.Bender.draw()V+8
j  twelveengine.Game.drawActors()V+23
j  twelveengine.Game.drawGame()V+5
j  twelveengine.graphics.GraphicsCore.renderGraphics()V+100
j  twelveengine.Engine.renderGame()V+11
j  twelveengine.Engine.run()V+73
j  Executable.main([Ljava/lang/String;)V+13
v  ~StubRoutines::call_stub

---------------  P R O C E S S  ---------------

Java Threads: ( => current thread )
  0x00007fb36427f800 JavaThread "process reaper" daemon [_thread_blocked, id=2464, stack(0x00007fb35cc3e000,0x00007fb35cc66000)]
  0x00007fb364260800 JavaThread "AWT-XAWT" daemon [_thread_in_native, id=2462, stack(0x00007fb35cc66000,0x00007fb35cd67000)]
  0x00007fb364229800 JavaThread "Java2D Disposer" daemon [_thread_blocked, id=2461, stack(0x00007fb35cd67000,0x00007fb35ce68000)]
  0x00007fb364116000 JavaThread "Service Thread" daemon [_thread_blocked, id=2458, stack(0x00007fb35d49c000,0x00007fb35d59d000)]
  0x00007fb364114000 JavaThread "C2 CompilerThread1" daemon [_thread_in_native, id=2457, stack(0x00007fb35d59d000,0x00007fb35d69e000)]
  0x00007fb364111000 JavaThread "C2 CompilerThread0" daemon [_thread_in_native, id=2456, stack(0x00007fb35d69e000,0x00007fb35d79f000)]
  0x00007fb36410f000 JavaThread "Signal Dispatcher" daemon [_thread_blocked, id=2455, stack(0x00007fb35d79f000,0x00007fb35d8a0000)]
  0x00007fb3640b9000 JavaThread "Finalizer" daemon [_thread_blocked, id=2454, stack(0x00007fb35d8a0000,0x00007fb35d9a1000)]
  0x00007fb3640b7000 JavaThread "Reference Handler" daemon [_thread_blocked, id=2453, stack(0x00007fb35d9a1000,0x00007fb35daa2000)]
=>0x00007fb364008000 JavaThread "main" [_thread_in_native, id=2443, stack(0x00007fb3680d7000,0x00007fb3681d8000)]

Other Threads:
  0x00007fb3640ae800 VMThread [stack: 0x00007fb35daa2000,0x00007fb35dba3000] [id=2452]
  0x00007fb364121000 WatcherThread [stack: 0x00007fb35d39b000,0x00007fb35d49c000] [id=2459]

VM state:not at safepoint (normal execution)

VM Mutex/Monitor currently owned by a thread: None

Heap
 PSYoungGen      total 51712K, used 39451K [0x00000000e0eb0000, 0x00000000e7550000, 0x0000000100000000)
  eden space 47744K, 74% used [0x00000000e0eb0000,0x00000000e3157820,0x00000000e3d50000)
  from space 3968K, 99% used [0x00000000e3d50000,0x00000000e412f450,0x00000000e4130000)
  to   space 4800K, 0% used [0x00000000e70a0000,0x00000000e70a0000,0x00000000e7550000)
 ParOldGen       total 63616K, used 712K [0x00000000a2c00000, 0x00000000a6a20000, 0x00000000e0eb0000)
  object space 63616K, 1% used [0x00000000a2c00000,0x00000000a2cb2000,0x00000000a6a20000)
 PSPermGen       total 21248K, used 9652K [0x0000000098600000, 0x0000000099ac0000, 0x00000000a2c00000)
  object space 21248K, 45% used [0x0000000098600000,0x0000000098f6d140,0x0000000099ac0000)

Card table byte_map: [0x00007fb360473000,0x00007fb3607b1000] byte_map_base: 0x00007fb35ffb0000

Polling page: 0x00007fb368ec0000

Code Cache  [0x00007fb3607b1000, 0x00007fb360a21000, 0x00007fb3637b1000)
 total_blobs=612 nmethods=146 adapters=419 free_code_cache=48200Kb largest_free_block=49334912

Compilation events (10 events):
Event: 1.808 Thread 0x00007fb364114000  135             twelveengine.bsp.Chunk::gen (123 bytes)
Event: 1.813 Thread 0x00007fb364114000 nmethod 135 0x00007fb36088afd0 code [0x00007fb36088b180, 0x00007fb36088b508]
Event: 1.813 Thread 0x00007fb364111000    9 %           twelveengine.bsp.Chunk::gen @ 7 (123 bytes)
Event: 1.817 Thread 0x00007fb364111000 nmethod 9% 0x00007fb36088df10 code [0x00007fb36088e0e0, 0x00007fb36088e588]
Event: 1.828 Thread 0x00007fb364114000   10 %           twelveengine.graphics.Model::tbjImport @ 68 (1154 bytes)
Event: 1.838 Thread 0x00007fb364114000 nmethod 10% 0x00007fb36089c490 code [0x00007fb36089c620, 0x00007fb36089cce8]
Event: 1.868 Thread 0x00007fb364111000   11 %           twelveengine.graphics.Model::tbjImport @ 242 (1154 bytes)
Event: 1.888 Thread 0x00007fb364114000  136             twelveengine.data.Vertex::addWeight (119 bytes)
Event: 1.890 Thread 0x00007fb364114000 nmethod 136 0x00007fb3608a2990 code [0x00007fb3608a2b00, 0x00007fb3608a2e98]
Event: 1.904 Thread 0x00007fb364114000  137             twelveengine.graphics.Model::createBuffers (811 bytes)

GC Heap History (10 events):
Event: 1.526 GC heap before
{Heap before GC invocations=1 (full 0):
 PSYoungGen      total 27840K, used 23872K [0x00000000e0eb0000, 0x00000000e2dc0000, 0x0000000100000000)
  eden space 23872K, 100% used [0x00000000e0eb0000,0x00000000e2600000,0x00000000e2600000)
  from space 3968K, 0% used [0x00000000e29e0000,0x00000000e29e0000,0x00000000e2dc0000)
  to   space 3968K, 0% used [0x00000000e2600000,0x00000000e2600000,0x00000000e29e0000)
 ParOldGen       total 63616K, used 0K [0x00000000a2c00000, 0x00000000a6a20000, 0x00000000e0eb0000)
  object space 63616K, 0% used [0x00000000a2c00000,0x00000000a2c00000,0x00000000a6a20000)
 PSPermGen       total 21248K, used 9418K [0x0000000098600000, 0x0000000099ac0000, 0x00000000a2c00000)
  object space 21248K, 44% used [0x0000000098600000,0x0000000098f32840,0x0000000099ac0000)
Event: 1.532 GC heap after
Heap after GC invocations=1 (full 0):
 PSYoungGen      total 27840K, used 3776K [0x00000000e0eb0000, 0x00000000e2dc0000, 0x0000000100000000)
  eden space 23872K, 0% used [0x00000000e0eb0000,0x00000000e0eb0000,0x00000000e2600000)
  from space 3968K, 95% used [0x00000000e2600000,0x00000000e29b0398,0x00000000e29e0000)
  to   space 3968K, 0% used [0x00000000e29e0000,0x00000000e29e0000,0x00000000e2dc0000)
 ParOldGen       total 63616K, used 8K [0x00000000a2c00000, 0x00000000a6a20000, 0x00000000e0eb0000)
  object space 63616K, 0% used [0x00000000a2c00000,0x00000000a2c02000,0x00000000a6a20000)
 PSPermGen       total 21248K, used 9418K [0x0000000098600000, 0x0000000099ac0000, 0x00000000a2c00000)
  object space 21248K, 44% used [0x0000000098600000,0x0000000098f32840,0x0000000099ac0000)
}
Event: 1.588 GC heap before
{Heap before GC invocations=2 (full 0):
 PSYoungGen      total 27840K, used 27648K [0x00000000e0eb0000, 0x00000000e2dc0000, 0x0000000100000000)
  eden space 23872K, 100% used [0x00000000e0eb0000,0x00000000e2600000,0x00000000e2600000)
  from space 3968K, 95% used [0x00000000e2600000,0x00000000e29b0398,0x00000000e29e0000)
  to   space 3968K, 0% used [0x00000000e29e0000,0x00000000e29e0000,0x00000000e2dc0000)
 ParOldGen       total 63616K, used 8K [0x00000000a2c00000, 0x00000000a6a20000, 0x00000000e0eb0000)
  object space 63616K, 0% used [0x00000000a2c00000,0x00000000a2c02000,0x00000000a6a20000)
 PSPermGen       total 21248K, used 9418K [0x0000000098600000, 0x0000000099ac0000, 0x00000000a2c00000)
  object space 21248K, 44% used [0x0000000098600000,0x0000000098f32908,0x0000000099ac0000)
Event: 1.592 GC heap after
Heap after GC invocations=2 (full 0):
 PSYoungGen      total 27840K, used 2585K [0x00000000e0eb0000, 0x00000000e4510000, 0x0000000100000000)
  eden space 23872K, 0% used [0x00000000e0eb0000,0x00000000e0eb0000,0x00000000e2600000)
  from space 3968K, 65% used [0x00000000e29e0000,0x00000000e2c66700,0x00000000e2dc0000)
  to   space 3968K, 0% used [0x00000000e2600000,0x00000000e2600000,0x00000000e29e0000)
 ParOldGen       total 63616K, used 16K [0x00000000a2c00000, 0x00000000a6a20000, 0x00000000e0eb0000)
  object space 63616K, 0% used [0x00000000a2c00000,0x00000000a2c04000,0x00000000a6a20000)
 PSPermGen       total 21248K, used 9418K [0x0000000098600000, 0x0000000099ac0000, 0x00000000a2c00000)
  object space 21248K, 44% used [0x0000000098600000,0x0000000098f32908,0x0000000099ac0000)
}
Event: 1.757 GC heap before
{Heap before GC invocations=3 (full 0):
 PSYoungGen      total 27840K, used 26457K [0x00000000e0eb0000, 0x00000000e4510000, 0x0000000100000000)
  eden space 23872K, 100% used [0x00000000e0eb0000,0x00000000e2600000,0x00000000e2600000)
  from space 3968K, 65% used [0x00000000e29e0000,0x00000000e2c66700,0x00000000e2dc0000)
  to   space 3968K, 0% used [0x00000000e2600000,0x00000000e2600000,0x00000000e29e0000)
 ParOldGen       total 63616K, used 16K [0x00000000a2c00000, 0x00000000a6a20000, 0x00000000e0eb0000)
  object space 63616K, 0% used [0x00000000a2c00000,0x00000000a2c04000,0x00000000a6a20000)
 PSPermGen       total 21248K, used 9469K [0x0000000098600000, 0x0000000099ac0000, 0x00000000a2c00000)
  object space 21248K, 44% used [0x0000000098600000,0x0000000098f3f4e0,0x0000000099ac0000)
Event: 1.760 GC heap after
Heap after GC invocations=3 (full 0):
 PSYoungGen      total 27840K, used 2944K [0x00000000e0eb0000, 0x00000000e4510000, 0x0000000100000000)
  eden space 23872K, 0% used [0x00000000e0eb0000,0x00000000e0eb0000,0x00000000e2600000)
  from space 3968K, 74% used [0x00000000e2600000,0x00000000e28e0020,0x00000000e29e0000)
  to   space 3968K, 0% used [0x00000000e4130000,0x00000000e4130000,0x00000000e4510000)
 ParOldGen       total 63616K, used 24K [0x00000000a2c00000, 0x00000000a6a20000, 0x00000000e0eb0000)
  object space 63616K, 0% used [0x00000000a2c00000,0x00000000a2c06000,0x00000000a6a20000)
 PSPermGen       total 21248K, used 9469K [0x0000000098600000, 0x0000000099ac0000, 0x00000000a2c00000)
  object space 21248K, 44% used [0x0000000098600000,0x0000000098f3f4e0,0x0000000099ac0000)
}
Event: 1.785 GC heap before
{Heap before GC invocations=4 (full 0):
 PSYoungGen      total 27840K, used 26816K [0x00000000e0eb0000, 0x00000000e4510000, 0x0000000100000000)
  eden space 23872K, 100% used [0x00000000e0eb0000,0x00000000e2600000,0x00000000e2600000)
  from space 3968K, 74% used [0x00000000e2600000,0x00000000e28e0020,0x00000000e29e0000)
  to   space 3968K, 0% used [0x00000000e4130000,0x00000000e4130000,0x00000000e4510000)
 ParOldGen       total 63616K, used 24K [0x00000000a2c00000, 0x00000000a6a20000, 0x00000000e0eb0000)
  object space 63616K, 0% used [0x00000000a2c00000,0x00000000a2c06000,0x00000000a6a20000)
 PSPermGen       total 21248K, used 9470K [0x0000000098600000, 0x0000000099ac0000, 0x00000000a2c00000)
  object space 21248K, 44% used [0x0000000098600000,0x0000000098f3f9c0,0x0000000099ac0000)
Event: 1.789 GC heap after
Heap after GC invocations=4 (full 0):
 PSYoungGen      total 51712K, used 3406K [0x00000000e0eb0000, 0x00000000e4510000, 0x0000000100000000)
  eden space 47744K, 0% used [0x00000000e0eb0000,0x00000000e0eb0000,0x00000000e3d50000)
  from space 3968K, 85% used [0x00000000e4130000,0x00000000e4483a68,0x00000000e4510000)
  to   space 3968K, 0% used [0x00000000e3d50000,0x00000000e3d50000,0x00000000e4130000)
 ParOldGen       total 63616K, used 32K [0x00000000a2c00000, 0x00000000a6a20000, 0x00000000e0eb0000)
  object space 63616K, 0% used [0x00000000a2c00000,0x00000000a2c08000,0x00000000a6a20000)
 PSPermGen       total 21248K, used 9470K [0x0000000098600000, 0x0000000099ac0000, 0x00000000a2c00000)
  object space 21248K, 44% used [0x0000000098600000,0x0000000098f3f9c0,0x0000000099ac0000)
}
Event: 1.881 GC heap before
{Heap before GC invocations=5 (full 0):
 PSYoungGen      total 51712K, used 51150K [0x00000000e0eb0000, 0x00000000e4510000, 0x0000000100000000)
  eden space 47744K, 100% used [0x00000000e0eb0000,0x00000000e3d50000,0x00000000e3d50000)
  from space 3968K, 85% used [0x00000000e4130000,0x00000000e4483a68,0x00000000e4510000)
  to   space 3968K, 0% used [0x00000000e3d50000,0x00000000e3d50000,0x00000000e4130000)
 ParOldGen       total 63616K, used 32K [0x00000000a2c00000, 0x00000000a6a20000, 0x00000000e0eb0000)
  object space 63616K, 0% used [0x00000000a2c00000,0x00000000a2c08000,0x00000000a6a20000)
 PSPermGen       total 21248K, used 9534K [0x0000000098600000, 0x0000000099ac0000, 0x00000000a2c00000)
  object space 21248K, 44% used [0x0000000098600000,0x0000000098f4f938,0x0000000099ac0000)
Event: 1.885 GC heap after
Heap after GC invocations=5 (full 0):
 PSYoungGen      total 51712K, used 3965K [0x00000000e0eb0000, 0x00000000e7550000, 0x0000000100000000)
  eden space 47744K, 0% used [0x00000000e0eb0000,0x00000000e0eb0000,0x00000000e3d50000)
  from space 3968K, 99% used [0x00000000e3d50000,0x00000000e412f450,0x00000000e4130000)
  to   space 4800K, 0% used [0x00000000e70a0000,0x00000000e70a0000,0x00000000e7550000)
 ParOldGen       total 63616K, used 712K [0x00000000a2c00000, 0x00000000a6a20000, 0x00000000e0eb0000)
  object space 63616K, 1% used [0x00000000a2c00000,0x00000000a2cb2000,0x00000000a6a20000)
 PSPermGen       total 21248K, used 9534K [0x0000000098600000, 0x0000000099ac0000, 0x00000000a2c00000)
  object space 21248K, 44% used [0x0000000098600000,0x0000000098f4f938,0x0000000099ac0000)
}

Deoptimization events (10 events):
Event: 1.596 Thread 0x00007fb364008000 Uncommon trap -34 fr.pc 0x00007fb360883128
Event: 1.596 Thread 0x00007fb364008000 Uncommon trap -34 fr.pc 0x00007fb360866a88
Event: 1.596 Thread 0x00007fb364008000 Uncommon trap -34 fr.pc 0x00007fb360883128
Event: 1.596 Thread 0x00007fb364008000 Uncommon trap -34 fr.pc 0x00007fb360866a88
Event: 1.596 Thread 0x00007fb364008000 Uncommon trap -34 fr.pc 0x00007fb360866a88
Event: 1.604 Thread 0x00007fb364008000 Uncommon trap -34 fr.pc 0x00007fb360883128
Event: 1.604 Thread 0x00007fb364008000 Uncommon trap -34 fr.pc 0x00007fb360866a88
Event: 1.616 Thread 0x00007fb364008000 Uncommon trap -34 fr.pc 0x00007fb360883128
Event: 1.740 Thread 0x00007fb364008000 Uncommon trap -83 fr.pc 0x00007fb3608925b0
Event: 1.795 Thread 0x00007fb364008000 Uncommon trap -75 fr.pc 0x00007fb36089de3c

Internal exceptions (10 events):
Event: 1.756 Thread 0x00007fb364008000 Threw 0x00000000e2557fa8 at /builddir/build/BUILD/java-1.7.0-openjdk/openjdk/hotspot/src/share/vm/prims/jvm.cpp:1166
Event: 1.805 Thread 0x00007fb364008000 Threw 0x00000000e1469c50 at /builddir/build/BUILD/java-1.7.0-openjdk/openjdk/hotspot/src/share/vm/prims/jvm.cpp:1166
Event: 1.819 Thread 0x00007fb364008000 Threw 0x00000000e15103d0 at /builddir/build/BUILD/java-1.7.0-openjdk/openjdk/hotspot/src/share/vm/prims/jvm.cpp:1166
Event: 1.820 Thread 0x00007fb364008000 Threw 0x00000000e1511eb8 at /builddir/build/BUILD/java-1.7.0-openjdk/openjdk/hotspot/src/share/vm/prims/jvm.cpp:1166
Event: 1.906 Thread 0x00007fb364008000 Threw 0x00000000e2676208 at /builddir/build/BUILD/java-1.7.0-openjdk/openjdk/hotspot/src/share/vm/prims/jvm.cpp:1166
Event: 1.907 Thread 0x00007fb364008000 Threw 0x00000000e26ee6e8 at /builddir/build/BUILD/java-1.7.0-openjdk/openjdk/hotspot/src/share/vm/prims/jvm.cpp:1166
Event: 1.907 Thread 0x00007fb364008000 Threw 0x00000000e26faeb0 at /builddir/build/BUILD/java-1.7.0-openjdk/openjdk/hotspot/src/share/vm/prims/jvm.cpp:1166
Event: 1.908 Thread 0x00007fb364008000 Threw 0x00000000e26fecb8 at /builddir/build/BUILD/java-1.7.0-openjdk/openjdk/hotspot/src/share/vm/prims/jvm.cpp:1166
Event: 1.915 Thread 0x00007fb364008000 Threw 0x00000000e306af20 at /builddir/build/BUILD/java-1.7.0-openjdk/openjdk/hotspot/src/share/vm/prims/jvm.cpp:1166
Event: 1.917 Thread 0x00007fb364008000 Threw 0x00000000e30819a0 at /builddir/build/BUILD/java-1.7.0-openjdk/openjdk/hotspot/src/share/vm/prims/jvm.cpp:1166

Events (10 events):
Event: 1.907 loading class 0x00007fb364806170
Event: 1.907 loading class 0x00007fb364806170 done
Event: 1.907 loading class 0x00007fb3648153e0
Event: 1.907 loading class 0x00007fb3648153e0 done
Event: 1.908 loading class 0x00007fb364815480
Event: 1.908 loading class 0x00007fb364815480 done
Event: 1.915 loading class 0x00007fb364815530
Event: 1.915 loading class 0x00007fb364815530 done
Event: 1.917 loading class 0x00007fb3644931c0
Event: 1.917 loading class 0x00007fb3644931c0 done


Dynamic libraries:
00400000-00401000 r-xp 00000000 fd:01 399012                             /usr/lib/jvm/java-1.7.0-openjdk-1.7.0.9.x86_64/bin/java
00600000-00602000 rw-p 00000000 fd:01 399012                             /usr/lib/jvm/java-1.7.0-openjdk-1.7.0.9.x86_64/bin/java
00885000-008a6000 rw-p 00000000 00:00 0                                  [heap]
406ca000-40748000 rw-p 00000000 00:00 0 
41457000-41459000 r-xs 00000000 fd:01 2003                               /tmp/glUOHZwY (deleted)
98600000-99ac0000 rw-p 00000000 00:00 0 
99ac0000-a2c00000 rw-p 00000000 00:00 0 
a2c00000-a6a20000 rw-p 00000000 00:00 0 
a6a20000-e0eb0000 rw-p 00000000 00:00 0 
e0eb0000-e7550000 rw-p 00000000 00:00 0 
e7550000-100000000 rw-p 00000000 00:00 0 
324e400000-324e40c000 r-xp 00000000 fd:01 398177                         /usr/lib/jvm/java-1.7.0-openjdk-1.7.0.9.x86_64/jre/lib/amd64/jli/libjli.so
324e40c000-324e60c000 ---p 0000c000 fd:01 398177                         /usr/lib/jvm/java-1.7.0-openjdk-1.7.0.9.x86_64/jre/lib/amd64/jli/libjli.so
324e60c000-324e60d000 rw-p 0000c000 fd:01 398177                         /usr/lib/jvm/java-1.7.0-openjdk-1.7.0.9.x86_64/jre/lib/amd64/jli/libjli.so
394c200000-394c220000 r-xp 00000000 fd:01 132915                         /usr/lib64/ld-2.15.so
394c41f000-394c420000 r--p 0001f000 fd:01 132915                         /usr/lib64/ld-2.15.so
394c420000-394c421000 rw-p 00020000 fd:01 132915                         /usr/lib64/ld-2.15.so
394c421000-394c422000 rw-p 00000000 00:00 0 
394c600000-394c7ac000 r-xp 00000000 fd:01 153144                         /usr/lib64/libc-2.15.so
394c7ac000-394c9ac000 ---p 001ac000 fd:01 153144                         /usr/lib64/libc-2.15.so
394c9ac000-394c9b0000 r--p 001ac000 fd:01 153144                         /usr/lib64/libc-2.15.so
394c9b0000-394c9b2000 rw-p 001b0000 fd:01 153144                         /usr/lib64/libc-2.15.so
394c9b2000-394c9b7000 rw-p 00000000 00:00 0 
394ca00000-394ca16000 r-xp 00000000 fd:01 154797                         /usr/lib64/libpthread-2.15.so
394ca16000-394cc16000 ---p 00016000 fd:01 154797                         /usr/lib64/libpthread-2.15.so
394cc16000-394cc17000 r--p 00016000 fd:01 154797                         /usr/lib64/libpthread-2.15.so
394cc17000-394cc18000 rw-p 00017000 fd:01 154797                         /usr/lib64/libpthread-2.15.so
394cc18000-394cc1c000 rw-p 00000000 00:00 0 
394ce00000-394ce03000 r-xp 00000000 fd:01 153297                         /usr/lib64/libdl-2.15.so
394ce03000-394d002000 ---p 00003000 fd:01 153297                         /usr/lib64/libdl-2.15.so
394d002000-394d003000 r--p 00002000 fd:01 153297                         /usr/lib64/libdl-2.15.so
394d003000-394d004000 rw-p 00003000 fd:01 153297                         /usr/lib64/libdl-2.15.so
394d200000-394d207000 r-xp 00000000 fd:01 154929                         /usr/lib64/librt-2.15.so
394d207000-394d406000 ---p 00007000 fd:01 154929                         /usr/lib64/librt-2.15.so
394d406000-394d407000 r--p 00006000 fd:01 154929                         /usr/lib64/librt-2.15.so
394d407000-394d408000 rw-p 00007000 fd:01 154929                         /usr/lib64/librt-2.15.so
394da00000-394dafa000 r-xp 00000000 fd:01 163524                         /usr/lib64/libm-2.15.so
394dafa000-394dcf9000 ---p 000fa000 fd:01 163524                         /usr/lib64/libm-2.15.so
394dcf9000-394dcfa000 r--p 000f9000 fd:01 163524                         /usr/lib64/libm-2.15.so
394dcfa000-394dcfb000 rw-p 000fa000 fd:01 163524                         /usr/lib64/libm-2.15.so
394e600000-394e616000 r-xp 00000000 fd:01 160186                         /usr/lib64/libresolv-2.15.so
394e616000-394e815000 ---p 00016000 fd:01 160186                         /usr/lib64/libresolv-2.15.so
394e815000-394e816000 r--p 00015000 fd:01 160186                         /usr/lib64/libresolv-2.15.so
394e816000-394e817000 rw-p 00016000 fd:01 160186                         /usr/lib64/libresolv-2.15.so
394e817000-394e819000 rw-p 00000000 00:00 0 
394fe00000-394fe02000 r-xp 00000000 fd:01 165636                         /usr/lib64/libXau.so.6.0.0
394fe02000-3950002000 ---p 00002000 fd:01 165636                         /usr/lib64/libXau.so.6.0.0
3950002000-3950003000 r--p 00002000 fd:01 165636                         /usr/lib64/libXau.so.6.0.0
3950003000-3950004000 rw-p 00003000 fd:01 165636                         /usr/lib64/libXau.so.6.0.0
3950200000-3950334000 r-xp 00000000 fd:01 167814                         /usr/lib64/libX11.so.6.3.0
3950334000-3950534000 ---p 00134000 fd:01 167814                         /usr/lib64/libX11.so.6.3.0
3950534000-3950535000 r--p 00134000 fd:01 167814                         /usr/lib64/libX11.so.6.3.0
3950535000-395053a000 rw-p 00135000 fd:01 167814                         /usr/lib64/libX11.so.6.3.0
3950600000-395061d000 r-xp 00000000 fd:01 167409                         /usr/lib64/libxcb.so.1.1.0
395061d000-395081c000 ---p 0001d000 fd:01 167409                         /usr/lib64/libxcb.so.1.1.0
395081c000-395081d000 r--p 0001c000 fd:01 167409                         /usr/lib64/libxcb.so.1.1.0
395081d000-395081e000 rw-p 0001d000 fd:01 167409                         /usr/lib64/libxcb.so.1.1.0
3950a00000-3950a10000 r-xp 00000000 fd:01 170834                         /usr/lib64/libXext.so.6.4.0
3950a10000-3950c10000 ---p 00010000 fd:01 170834                         /usr/lib64/libXext.so.6.4.0
3950c10000-3950c11000 r--p 00010000 fd:01 170834                         /usr/lib64/libXext.so.6.4.0
3950c11000-3950c12000 rw-p 00011000 fd:01 170834                         /usr/lib64/libXext.so.6.4.0
3950e00000-3950e15000 r-xp 00000000 fd:01 163917                         /usr/lib64/libgcc_s-4.7.2-20120921.so.1
3950e15000-3951014000 ---p 00015000 fd:01 163917                         /usr/lib64/libgcc_s-4.7.2-20120921.so.1
3951014000-3951015000 rw-p 00014000 fd:01 163917                         /usr/lib64/libgcc_s-4.7.2-20120921.so.1
3951200000-3951243000 r-xp 00000000 fd:01 171703                         /usr/lib64/libdbus-1.so.3.5.6
3951243000-3951442000 ---p 00043000 fd:01 171703                         /usr/lib64/libdbus-1.so.3.5.6
3951442000-3951443000 r--p 00042000 fd:01 171703                         /usr/lib64/libdbus-1.so.3.5.6
3951443000-3951444000 rw-p 00043000 fd:01 171703                         /usr/lib64/libdbus-1.so.3.5.6
3951600000-3951609000 r-xp 00000000 fd:01 167820                         /usr/lib64/libXrender.so.1.3.0
3951609000-3951808000 ---p 00009000 fd:01 167820                         /usr/lib64/libXrender.so.1.3.0
3951808000-3951809000 r--p 00008000 fd:01 167820                         /usr/lib64/libXrender.so.1.3.0
3951809000-395180a000 rw-p 00009000 fd:01 167820                         /usr/lib64/libXrender.so.1.3.0
3952200000-3952207000 r-xp 00000000 fd:01 171184                         /usr/lib64/libXrandr.so.2.2.0
3952207000-3952406000 ---p 00007000 fd:01 171184                         /usr/lib64/libXrandr.so.2.2.0
3952406000-3952407000 r--p 00006000 fd:01 171184                         /usr/lib64/libXrandr.so.2.2.0
3952407000-3952408000 rw-p 00007000 fd:01 171184                         /usr/lib64/libXrandr.so.2.2.0
3953200000-395320e000 r-xp 00000000 fd:01 171172                         /usr/lib64/libXi.so.6.1.0
395320e000-395340d000 ---p 0000e000 fd:01 171172                         /usr/lib64/libXi.so.6.1.0
395340d000-395340e000 r--p 0000d000 fd:01 171172                         /usr/lib64/libXi.so.6.1.0
395340e000-395340f000 rw-p 0000e000 fd:01 171172                         /usr/lib64/libXi.so.6.1.0
3954200000-3954209000 r-xp 00000000 fd:01 171299                         /usr/lib64/libXcursor.so.1.0.2
3954209000-3954409000 ---p 00009000 fd:01 171299                         /usr/lib64/libXcursor.so.1.0.2
3954409000-395440a000 r--p 00009000 fd:01 171299                         /usr/lib64/libXcursor.so.1.0.2
395440a000-395440b000 rw-p 0000a000 fd:01 171299                         /usr/lib64/libXcursor.so.1.0.2
3954e00000-3954e05000 r-xp 00000000 fd:01 171185                         /usr/lib64/libXfixes.so.3.1.0
3954e05000-3955004000 ---p 00005000 fd:01 171185                         /usr/lib64/libXfixes.so.3.1.0
3955004000-3955005000 r--p 00004000 fd:01 171185                         /usr/lib64/libXfixes.so.3.1.0
3955005000-3955006000 rw-p 00005000 fd:01 171185                         /usr/lib64/libXfixes.so.3.1.0
3956600000-3956604000 r-xp 00000000 fd:01 136950                         /usr/lib64/libuuid.so.1.3.0
3956604000-3956803000 ---p 00004000 fd:01 136950                         /usr/lib64/libuuid.so.1.3.0
3956803000-3956804000 r--p 00003000 fd:01 136950                         /usr/lib64/libuuid.so.1.3.0
3956804000-3956805000 rw-p 00004000 fd:01 136950                         /usr/lib64/libuuid.so.1.3.0
3959200000-39592e5000 r-xp 00000000 fd:01 153523                         /usr/lib64/libstdc++.so.6.0.17
39592e5000-39594e4000 ---p 000e5000 fd:01 153523                         /usr/lib64/libstdc++.so.6.0.17
39594e4000-39594ec000 r--p 000e4000 fd:01 153523                         /usr/lib64/libstdc++.so.6.0.17
39594ec000-39594ee000 rw-p 000ec000 fd:01 153523                         /usr/lib64/libstdc++.so.6.0.17
39594ee000-3959503000 rw-p 00000000 00:00 0 
395be00000-395be06000 r-xp 00000000 fd:01 171722                         /usr/lib64/libogg.so.0.8.0
395be06000-395c005000 ---p 00006000 fd:01 171722                         /usr/lib64/libogg.so.0.8.0
395c005000-395c006000 r--p 00005000 fd:01 171722                         /usr/lib64/libogg.so.0.8.0
395c006000-395c007000 rw-p 00006000 fd:01 171722                         /usr/lib64/libogg.so.0.8.0
395ea00000-395ea17000 r-xp 00000000 fd:01 150637                         /usr/lib64/libICE.so.6.3.0
395ea17000-395ec16000 ---p 00017000 fd:01 150637                         /usr/lib64/libICE.so.6.3.0
395ec16000-395ec17000 r--p 00016000 fd:01 150637                         /usr/lib64/libICE.so.6.3.0
395ec17000-395ec18000 rw-p 00017000 fd:01 150637                         /usr/lib64/libICE.so.6.3.0
395ec18000-395ec1c000 rw-p 00000000 00:00 0 
395ee00000-395ee2c000 r-xp 00000000 fd:01 171724                         /usr/lib64/libvorbis.so.0.4.6
395ee2c000-395f02b000 ---p 0002c000 fd:01 171724                         /usr/lib64/libvorbis.so.0.4.6
395f02b000-395f02c000 r--p 0002b000 fd:01 171724                         /usr/lib64/libvorbis.so.0.4.6
395f02c000-395f02d000 rw-p 0002c000 fd:01 171724                         /usr/lib64/libvorbis.so.0.4.6
395f200000-395f207000 r-xp 00000000 fd:01 171746                         /usr/lib64/libSM.so.6.0.1
395f207000-395f406000 ---p 00007000 fd:01 171746                         /usr/lib64/libSM.so.6.0.1
395f406000-395f407000 r--p 00006000 fd:01 171746                         /usr/lib64/libSM.so.6.0.1
395f407000-395f408000 rw-p 00007000 fd:01 171746                         /usr/lib64/libSM.so.6.0.1
3961200000-3961201000 r-xp 00000000 fd:01 171707                         /usr/lib64/libX11-xcb.so.1.0.0
3961201000-3961400000 ---p 00001000 fd:01 171707                         /usr/lib64/libX11-xcb.so.1.0.0
3961400000-3961401000 r--p 00000000 fd:01 171707                         /usr/lib64/libX11-xcb.so.1.0.0
3961401000-3961402000 rw-p 00001000 fd:01 171707                         /usr/lib64/libX11-xcb.so.1.0.0
3961600000-3961616000 r-xp 00000000 fd:01 171751                         /usr/lib64/libnsl-2.15.so
3961616000-3961815000 ---p 00016000 fd:01 171751                         /usr/lib64/libnsl-2.15.so
3961815000-3961816000 r--p 00015000 fd:01 171751                         /usr/lib64/libnsl-2.15.so
3961816000-3961817000 rw-p 00016000 fd:01 171751                         /usr/lib64/libnsl-2.15.so
3961817000-3961819000 rw-p 00000000 00:00 0 
3962a00000-3962a05000 r-xp 00000000 fd:01 171750                         /usr/lib64/libXtst.so.6.1.0
3962a05000-3962c04000 ---p 00005000 fd:01 171750                         /usr/lib64/libXtst.so.6.1.0
3962c04000-3962c05000 r--p 00004000 fd:01 171750                         /usr/lib64/libXtst.so.6.1.0
3962c05000-3962c06000 rw-p 00005000 fd:01 171750                         /usr/lib64/libXtst.so.6.1.0
3962e00000-3962e0b000 r-xp 00000000 fd:01 153313                         /usr/lib64/libgsm.so.1.0.12
3962e0b000-396300a000 ---p 0000b000 fd:01 153313                         /usr/lib64/libgsm.so.1.0.12
396300a000-396300b000 rw-p 0000a000 fd:01 153313                         /usr/lib64/libgsm.so.1.0.12
3963a00000-3963a39000 r-xp 00000000 fd:01 171723                         /usr/lib64/libFLAC.so.8.2.0
3963a39000-3963c38000 ---p 00039000 fd:01 171723                         /usr/lib64/libFLAC.so.8.2.0
3963c38000-3963c39000 r--p 00038000 fd:01 171723                         /usr/lib64/libFLAC.so.8.2.0
3963c39000-3963c3a000 rw-p 00039000 fd:01 171723                         /usr/lib64/libFLAC.so.8.2.0
3964600000-39648b3000 r-xp 00000000 fd:01 171725                         /usr/lib64/libvorbisenc.so.2.0.9
39648b3000-3964ab2000 ---p 002b3000 fd:01 171725                         /usr/lib64/libvorbisenc.so.2.0.9
3964ab2000-3964ace000 r--p 002b2000 fd:01 171725                         /usr/lib64/libvorbisenc.so.2.0.9
3964ace000-3964acf000 rw-p 002ce000 fd:01 171725                         /usr/lib64/libvorbisenc.so.2.0.9
3964c00000-3964c07000 r-xp 00000000 fd:01 135356                         /usr/lib64/libjson.so.0.0.1
3964c07000-3964e06000 ---p 00007000 fd:01 135356                         /usr/lib64/libjson.so.0.0.1
3964e06000-3964e07000 r--p 00006000 fd:01 135356                         /usr/lib64/libjson.so.0.0.1
3964e07000-3964e08000 rw-p 00007000 fd:01 135356                         /usr/lib64/libjson.so.0.0.1
3965000000-3965055000 r-xp 00000000 fd:01 171726                         /usr/lib64/libsndfile.so.1.0.25
3965055000-3965255000 ---p 00055000 fd:01 171726                         /usr/lib64/libsndfile.so.1.0.25
3965255000-3965257000 r--p 00055000 fd:01 171726                         /usr/lib64/libsndfile.so.1.0.25
3965257000-3965258000 rw-p 00057000 fd:01 171726                         /usr/lib64/libsndfile.so.1.0.25
3965258000-396525c000 rw-p 00000000 00:00 0 
3965c00000-3965c60000 r-xp 00000000 fd:01 171754                         /usr/lib64/libpulsecommon-1.1.so
3965c60000-3965e5f000 ---p 00060000 fd:01 171754                         /usr/lib64/libpulsecommon-1.1.so
3965e5f000-3965e60000 r--p 0005f000 fd:01 171754                         /usr/lib64/libpulsecommon-1.1.so
3965e60000-3965e62000 rw-p 00060000 fd:01 171754                         /usr/lib64/libpulsecommon-1.1.so
3966000000-3966047000 r-xp 00000000 fd:01 171755                         /usr/lib64/libpulse.so.0.13.5
3966047000-3966246000 ---p 00047000 fd:01 171755                         /usr/lib64/libpulse.so.0.13.5
3966246000-3966247000 r--p 00046000 fd:01 171755                         /usr/lib64/libpulse.so.0.13.5
3966247000-3966248000 rw-p 00047000 fd:01 171755                         /usr/lib64/libpulse.so.0.13.5
3966400000-3966405000 r-xp 00000000 fd:01 171753                         /usr/lib64/libasyncns.so.0.3.1
3966405000-3966604000 ---p 00005000 fd:01 171753                         /usr/lib64/libasyncns.so.0.3.1
3966604000-3966605000 r--p 00004000 fd:01 171753                         /usr/lib64/libasyncns.so.0.3.1
3966605000-3966606000 rw-p 00005000 fd:01 171753                         /usr/lib64/libasyncns.so.0.3.1
3966800000-3966809000 r-xp 00000000 fd:01 171752                         /usr/lib64/libwrap.so.0.7.6
3966809000-3966a08000 ---p 00009000 fd:01 171752                         /usr/lib64/libwrap.so.0.7.6
3966a08000-3966a09000 r--p 00008000 fd:01 171752                         /usr/lib64/libwrap.so.0.7.6
3966a09000-3966a0a000 rw-p 00009000 fd:01 171752                         /usr/lib64/libwrap.so.0.7.6
3966a0a000-3966a0b000 rw-p 00000000 00:00 0 
3969400000-3969403000 r-xp 00000000 fd:01 399014                         /usr/lib64/nvidia/tls/libnvidia-tls.so.304.64
3969403000-3969602000 ---p 00003000 fd:01 399014                         /usr/lib64/nvidia/tls/libnvidia-tls.so.304.64
3969602000-3969603000 rw-p 00002000 fd:01 399014                         /usr/lib64/nvidia/tls/libnvidia-tls.so.304.64
3969800000-396b1d0000 r-xp 00000000 fd:01 399016                         /usr/lib64/nvidia/libnvidia-glcore.so.304.64
396b1d0000-396b3cf000 ---p 019d0000 fd:01 399016                         /usr/lib64/nvidia/libnvidia-glcore.so.304.64
396b3cf000-396bbd0000 rwxp 019cf000 fd:01 399016                         /usr/lib64/nvidia/libnvidia-glcore.so.304.64
396bbd0000-396bbea000 rwxp 00000000 00:00 0 
396da00000-396daca000 r-xp 00000000 fd:01 399032                         /usr/lib64/nvidia/libGL.so.304.64
396daca000-396dcca000 ---p 000ca000 fd:01 399032                         /usr/lib64/nvidia/libGL.so.304.64
396dcca000-396dd07000 rwxp 000ca000 fd:01 399032                         /usr/lib64/nvidia/libGL.so.304.64
396dd07000-396dd1d000 rwxp 00000000 00:00 0 
3c28800000-3c28817000 r-xp 00000000 fd:01 136784                         /usr/lib64/libz.so.1.2.5
3c28817000-3c28a16000 ---p 00017000 fd:01 136784                         /usr/lib64/libz.so.1.2.5
3c28a16000-3c28a17000 rw-p 00016000 fd:01 136784                         /usr/lib64/libz.so.1.2.5
3c2a000000-3c2a004000 r-xp 00000000 fd:01 155523                         /usr/lib64/libXxf86vm.so.1.0.0
3c2a004000-3c2a204000 ---p 00004000 fd:01 155523                         /usr/lib64/libXxf86vm.so.1.0.0
3c2a204000-3c2a205000 r--p 00004000 fd:01 155523                         /usr/lib64/libXxf86vm.so.1.0.0
3c2a205000-3c2a206000 rw-p 00005000 fd:01 155523                         /usr/lib64/libXxf86vm.so.1.0.0
7fb2d8000000-7fb2d8021000 rw-p 00000000 00:00 0 
7fb2d8021000-7fb2dc000000 ---p 00000000 00:00 0 
7fb2e0000000-7fb2e0021000 rw-p 00000000 00:00 0 
7fb2e0021000-7fb2e4000000 ---p 00000000 00:00 0 
7fb2e7fff000-7fb2ec000000 rw-s 00000000 00:0f 18052                      /dev/shm/pulse-shm-3749038746
7fb2ec000000-7fb2ec021000 rw-p 00000000 00:00 0 
7fb2ec021000-7fb2f0000000 ---p 00000000 00:00 0 
7fb2f0000000-7fb2f0021000 rw-p 00000000 00:00 0 
7fb2f0021000-7fb2f4000000 ---p 00000000 00:00 0 
7fb2f4000000-7fb2f4021000 rw-p 00000000 00:00 0 
7fb2f4021000-7fb2f8000000 ---p 00000000 00:00 0 
7fb2f8000000-7fb2f8021000 rw-p 00000000 00:00 0 
7fb2f8021000-7fb2fc000000 ---p 00000000 00:00 0 
7fb2fc000000-7fb2fc701000 rw-p 00000000 00:00 0 
7fb2fc701000-7fb300000000 ---p 00000000 00:00 0 
7fb300000000-7fb300021000 rw-p 00000000 00:00 0 
7fb300021000-7fb304000000 ---p 00000000 00:00 0 
7fb304000000-7fb304760000 rw-p 00000000 00:00 0 
7fb304760000-7fb308000000 ---p 00000000 00:00 0 
7fb309bd3000-7fb310000000 r--p 00000000 fd:01 171543                     /usr/lib/locale/locale-archive
7fb310000000-7fb310021000 rw-p 00000000 00:00 0 
7fb310021000-7fb314000000 ---p 00000000 00:00 0 
7fb314000000-7fb314021000 rw-p 00000000 00:00 0 
7fb314021000-7fb318000000 ---p 00000000 00:00 0 
7fb318000000-7fb318021000 rw-p 00000000 00:00 0 
7fb318021000-7fb31c000000 ---p 00000000 00:00 0 
7fb31c000000-7fb31c021000 rw-p 00000000 00:00 0 
7fb31c021000-7fb320000000 ---p 00000000 00:00 0 
7fb320000000-7fb320021000 rw-p 00000000 00:00 0 
7fb320021000-7fb324000000 ---p 00000000 00:00 0 
7fb328000000-7fb328021000 rw-p 00000000 00:00 0 
7fb328021000-7fb32c000000 ---p 00000000 00:00 0 
7fb330000000-7fb330021000 rw-p 00000000 00:00 0 
7fb330021000-7fb334000000 ---p 00000000 00:00 0 
7fb338000000-7fb338021000 rw-p 00000000 00:00 0 
7fb338021000-7fb33c000000 ---p 00000000 00:00 0 
7fb340000000-7fb340021000 rw-p 00000000 00:00 0 
7fb340021000-7fb344000000 ---p 00000000 00:00 0 
7fb348000000-7fb348021000 rw-p 00000000 00:00 0 
7fb348021000-7fb34c000000 ---p 00000000 00:00 0 
7fb34d902000-7fb34da03000 rw-p 00000000 00:00 0 
7fb34db04000-7fb34dc05000 rw-p 00000000 00:00 0 
7fb34dd06000-7fb34de07000 rw-p 00000000 00:00 0 
7fb34df08000-7fb34e009000 rw-p 00000000 00:00 0 
7fb34e009000-7fb34e209000 rw-s 153b61000 00:05 20586                     /dev/nvidia0
7fb34e30a000-7fb34e30b000 ---p 00000000 00:00 0 
7fb34e30b000-7fb34eb0b000 rw-p 00000000 00:00 0                          [stack:2472]
7fb34eb0b000-7fb34eb0c000 ---p 00000000 00:00 0 
7fb34eb0c000-7fb350000000 rw-p 00000000 00:00 0                          [stack:2471]
7fb350000000-7fb350021000 rw-p 00000000 00:00 0 
7fb350021000-7fb354000000 ---p 00000000 00:00 0 
7fb3540ad000-7fb3541ae000 rw-p 00000000 00:00 0 
7fb3541ae000-7fb354202000 r-xp 00000000 fd:02 5374964                    /home/inferno/Development/12D Client/lib/lwjgl_native/linux/libopenal64.so
7fb354202000-7fb354402000 ---p 00054000 fd:02 5374964                    /home/inferno/Development/12D Client/lib/lwjgl_native/linux/libopenal64.so
7fb354402000-7fb354404000 r--p 00054000 fd:02 5374964                    /home/inferno/Development/12D Client/lib/lwjgl_native/linux/libopenal64.so
7fb354404000-7fb354405000 rw-p 00056000 fd:02 5374964                    /home/inferno/Development/12D Client/lib/lwjgl_native/linux/libopenal64.so
7fb354405000-7fb354406000 rw-p 00000000 00:00 0 
7fb354406000-7fb35441c000 r-xp 00000000 fd:01 395444                     /usr/lib/jvm/java-1.7.0-openjdk-1.7.0.9.x86_64/jre/lib/amd64/libnet.so
7fb35441c000-7fb35461c000 ---p 00016000 fd:01 395444                     /usr/lib/jvm/java-1.7.0-openjdk-1.7.0.9.x86_64/jre/lib/amd64/libnet.so
7fb35461c000-7fb35461d000 rw-p 00016000 fd:01 395444                     /usr/lib/jvm/java-1.7.0-openjdk-1.7.0.9.x86_64/jre/lib/amd64/libnet.so
7fb35461d000-7fb35462e000 r-xp 00000000 fd:01 395445                     /usr/lib/jvm/java-1.7.0-openjdk-1.7.0.9.x86_64/jre/lib/amd64/libnio.so
7fb35462e000-7fb35482d000 ---p 00011000 fd:01 395445                     /usr/lib/jvm/java-1.7.0-openjdk-1.7.0.9.x86_64/jre/lib/amd64/libnio.so
7fb35482d000-7fb35482e000 rw-p 00010000 fd:01 395445                     /usr/lib/jvm/java-1.7.0-openjdk-1.7.0.9.x86_64/jre/lib/amd64/libnio.so
7fb35482e000-7fb354830000 rw-p 00000000 00:00 0 
7fb354830000-7fb354a30000 rw-s 1be233000 00:05 20586                     /dev/nvidia0
7fb354a30000-7fb354c30000 rw-s 1538d9000 00:05 20586                     /dev/nvidia0
7fb354c30000-7fb358000000 rw-p 00000000 00:00 0 
7fb358000000-7fb358021000 rw-p 00000000 00:00 0 
7fb358021000-7fb35c000000 ---p 00000000 00:00 0 
7fb35c196000-7fb35c19d000 r--s 00000000 fd:01 3373                       /usr/lib64/gconv/gconv-modules.cache
7fb35c19d000-7fb35c19e000 r--s 00002000 fd:01 395477                     /usr/lib/jvm/java-1.7.0-openjdk-1.7.0.9.x86_64/jre/lib/ext/dnsns.jar
7fb35c19e000-7fb35c1a0000 rw-s 00000000 fd:01 2003                       /tmp/glUOHZwY (deleted)
7fb35c1a0000-7fb35c3a0000 rw-s 1aeaf6000 00:05 20586                     /dev/nvidia0
7fb35c3a0000-7fb35c4a0000 rw-s 1aec87000 00:05 20586                     /dev/nvidia0
7fb35c4a0000-7fb35c4a4000 rw-s 1aedf0000 00:05 20586                     /dev/nvidia0
7fb35c4a4000-7fb35c4c4000 rw-s c8040000 00:05 20586                      /dev/nvidia0
7fb35c4c4000-7fb35c4c5000 rw-s 1a9a87000 00:05 20586                     /dev/nvidia0
7fb35c4c5000-7fb35c4c9000 rw-s 153b2b000 00:05 20586                     /dev/nvidia0
7fb35c4c9000-7fb35c630000 rw-p 00000000 00:00 0 
7fb35c630000-7fb35c6a4000 rw-p 00000000 00:00 0 
7fb35c6a4000-7fb35c6a5000 rw-s cfee4000 00:05 20586                      /dev/nvidia0
7fb35c6a5000-7fb35c6e5000 rw-s 1a9ab9000 00:05 20586                     /dev/nvidia0
7fb35c6e5000-7fb35c705000 rw-s 1d2265000 00:05 20586                     /dev/nvidia0
7fb35c705000-7fb35c706000 rw-s cfee3000 00:05 20586                      /dev/nvidia0
7fb35c706000-7fb35c746000 rw-s 1a9b47000 00:05 20586                     /dev/nvidia0
7fb35c746000-7fb35c766000 rw-s 1513db000 00:05 20586                     /dev/nvidia0
7fb35c766000-7fb35c767000 rw-s dc642000 00:05 20586                      /dev/nvidia0
7fb35c767000-7fb35c768000 rw-s 1d4af3000 00:05 20586                     /dev/nvidia0
7fb35c768000-7fb35c769000 rw-s dc641000 00:05 20586                      /dev/nvidia0
7fb35c769000-7fb35c786000 rw-s 1d3d63000 00:05 20586                     /dev/nvidia0
7fb35c786000-7fb35c788000 r--s 00002000 fd:02 5374941                    /home/inferno/Development/12D Client/lib/12Packets.jar
7fb35c788000-7fb35c78b000 r--s 0001b000 fd:02 5374935                    /home/inferno/Development/12D Client/lib/xpp3-1.1.4c.jar
7fb35c78b000-7fb35c798000 r--s 000aa000 fd:02 5374940                    /home/inferno/Development/12D Client/lib/TWL.jar
7fb35c798000-7fb35c7d5000 rw-p 00000000 00:00 0 
7fb35c7d5000-7fb35c83b000 r-xp 00000000 fd:02 5374962                    /home/inferno/Development/12D Client/lib/lwjgl_native/linux/liblwjgl64.so
7fb35c83b000-7fb35ca3a000 ---p 00066000 fd:02 5374962                    /home/inferno/Development/12D Client/lib/lwjgl_native/linux/liblwjgl64.so
7fb35ca3a000-7fb35ca3c000 r--p 00065000 fd:02 5374962                    /home/inferno/Development/12D Client/lib/lwjgl_native/linux/liblwjgl64.so
7fb35ca3c000-7fb35ca3d000 rw-p 00067000 fd:02 5374962                    /home/inferno/Development/12D Client/lib/lwjgl_native/linux/liblwjgl64.so
7fb35ca3d000-7fb35ca3e000 r-xp 00000000 fd:01 395436                     /usr/lib/jvm/java-1.7.0-openjdk-1.7.0.9.x86_64/jre/lib/amd64/libjawt.so
7fb35ca3e000-7fb35cc3d000 ---p 00001000 fd:01 395436                     /usr/lib/jvm/java-1.7.0-openjdk-1.7.0.9.x86_64/jre/lib/amd64/libjawt.so
7fb35cc3d000-7fb35cc3e000 rw-p 00000000 fd:01 395436                     /usr/lib/jvm/java-1.7.0-openjdk-1.7.0.9.x86_64/jre/lib/amd64/libjawt.so
7fb35cc3e000-7fb35cc41000 ---p 00000000 00:00 0 
7fb35cc41000-7fb35cc66000 rw-p 00000000 00:00 0                          [stack:2464]
7fb35cc66000-7fb35cc69000 ---p 00000000 00:00 0 
7fb35cc69000-7fb35cd67000 rw-p 00000000 00:00 0                          [stack:2462]
7fb35cd67000-7fb35cd6a000 ---p 00000000 00:00 0 
7fb35cd6a000-7fb35ce68000 rw-p 00000000 00:00 0                          [stack:2461]
7fb35ce68000-7fb35ce72000 r--s 00263000 fd:01 395520                     /usr/lib/jvm/java-1.7.0-openjdk-1.7.0.9.x86_64/jre/lib/resources.jar
7fb35ce72000-7fb35cec5000 r-xp 00000000 fd:01 395461                     /usr/lib/jvm/java-1.7.0-openjdk-1.7.0.9.x86_64/jre/lib/amd64/xawt/libmawt.so
7fb35cec5000-7fb35d0c5000 ---p 00053000 fd:01 395461                     /usr/lib/jvm/java-1.7.0-openjdk-1.7.0.9.x86_64/jre/lib/amd64/xawt/libmawt.so
7fb35d0c5000-7fb35d0c9000 rw-p 00053000 fd:01 395461                     /usr/lib/jvm/java-1.7.0-openjdk-1.7.0.9.x86_64/jre/lib/amd64/xawt/libmawt.so
7fb35d0c9000-7fb35d0ca000 rw-p 00000000 00:00 0 
7fb35d0ca000-7fb35d16b000 r-xp 00000000 fd:01 395423                     /usr/lib/jvm/java-1.7.0-openjdk-1.7.0.9.x86_64/jre/lib/amd64/libawt.so
7fb35d16b000-7fb35d36b000 ---p 000a1000 fd:01 395423                     /usr/lib/jvm/java-1.7.0-openjdk-1.7.0.9.x86_64/jre/lib/amd64/libawt.so
7fb35d36b000-7fb35d377000 rw-p 000a1000 fd:01 395423                     /usr/lib/jvm/java-1.7.0-openjdk-1.7.0.9.x86_64/jre/lib/amd64/libawt.so
7fb35d377000-7fb35d39b000 rw-p 00000000 00:00 0 
7fb35d39b000-7fb35d39c000 ---p 00000000 00:00 0 
7fb35d39c000-7fb35d49c000 rw-p 00000000 00:00 0                          [stack:2459]
7fb35d49c000-7fb35d49f000 ---p 00000000 00:00 0 
7fb35d49f000-7fb35d59d000 rw-p 00000000 00:00 0                          [stack:2458]
7fb35d59d000-7fb35d5a0000 ---p 00000000 00:00 0 
7fb35d5a0000-7fb35d69e000 rw-p 00000000 00:00 0                          [stack:2457]
7fb35d69e000-7fb35d6a1000 ---p 00000000 00:00 0 
7fb35d6a1000-7fb35d79f000 rw-p 00000000 00:00 0                          [stack:2456]
7fb35d79f000-7fb35d7a2000 ---p 00000000 00:00 0 
7fb35d7a2000-7fb35d8a0000 rw-p 00000000 00:00 0                          [stack:2455]
7fb35d8a0000-7fb35d8a3000 ---p 00000000 00:00 0 
7fb35d8a3000-7fb35d9a1000 rw-p 00000000 00:00 0                          [stack:2454]
7fb35d9a1000-7fb35d9a4000 ---p 00000000 00:00 0 
7fb35d9a4000-7fb35daa2000 rw-p 00000000 00:00 0                          [stack:2453]
7fb35daa2000-7fb35daa3000 ---p 00000000 00:00 0 
7fb35daa3000-7fb35f853000 rw-p 00000000 00:00 0                          [stack:2452]
7fb35f853000-7fb35f9fe000 r--s 03e6c000 fd:01 395522                     /usr/lib/jvm/java-1.7.0-openjdk-1.7.0.9.x86_64/jre/lib/rt.jar
7fb35f9fe000-7fb35fa26000 rw-p 00000000 00:00 0 
7fb35fa26000-7fb35fa27000 ---p 00000000 00:00 0 
7fb35fa27000-7fb35fb27000 rw-p 00000000 00:00 0                          [stack:2451]
7fb35fb27000-7fb35fb28000 ---p 00000000 00:00 0 
7fb35fb28000-7fb35fc28000 rw-p 00000000 00:00 0                          [stack:2450]
7fb35fc28000-7fb35fc29000 ---p 00000000 00:00 0 
7fb35fc29000-7fb35fd29000 rw-p 00000000 00:00 0                          [stack:2449]
7fb35fd29000-7fb35fd2a000 ---p 00000000 00:00 0 
7fb35fd2a000-7fb35fe2a000 rw-p 00000000 00:00 0                          [stack:2448]
7fb35fe2a000-7fb35fe2b000 ---p 00000000 00:00 0 
7fb35fe2b000-7fb35ff2b000 rw-p 00000000 00:00 0                          [stack:2447]
7fb35ff2b000-7fb35ff2c000 ---p 00000000 00:00 0 
7fb35ff2c000-7fb36002c000 rw-p 00000000 00:00 0                          [stack:2446]
7fb36002c000-7fb36002d000 ---p 00000000 00:00 0 
7fb36002d000-7fb36012d000 rw-p 00000000 00:00 0                          [stack:2445]
7fb36012d000-7fb36012e000 ---p 00000000 00:00 0 
7fb36012e000-7fb360239000 rw-p 00000000 00:00 0                          [stack:2444]
7fb360239000-7fb360281000 rw-p 00000000 00:00 0 
7fb360281000-7fb3602a1000 rw-p 00000000 00:00 0 
7fb3602a1000-7fb360473000 rw-p 00000000 00:00 0 
7fb360473000-7fb36047e000 rw-p 00000000 00:00 0 
7fb36047e000-7fb3604c6000 rw-p 00000000 00:00 0 
7fb3604c6000-7fb3604e6000 rw-p 00000000 00:00 0 
7fb3604e6000-7fb3606b7000 rw-p 00000000 00:00 0 
7fb3606b7000-7fb3606eb000 rw-p 00000000 00:00 0 
7fb3606eb000-7fb3607b0000 rw-p 00000000 00:00 0 
7fb3607b0000-7fb3607b1000 rw-p 00000000 00:00 0 
7fb3607b1000-7fb360a21000 rwxp 00000000 00:00 0 
7fb360a21000-7fb3637b1000 rw-p 00000000 00:00 0 
7fb3637b1000-7fb3637b9000 r-xp 00000000 fd:01 395455                     /usr/lib/jvm/java-1.7.0-openjdk-1.7.0.9.x86_64/jre/lib/amd64/libzip.so
7fb3637b9000-7fb3639b8000 ---p 00008000 fd:01 395455                     /usr/lib/jvm/java-1.7.0-openjdk-1.7.0.9.x86_64/jre/lib/amd64/libzip.so
7fb3639b8000-7fb3639b9000 rw-p 00007000 fd:01 395455                     /usr/lib/jvm/java-1.7.0-openjdk-1.7.0.9.x86_64/jre/lib/amd64/libzip.so
7fb3639b9000-7fb3639c5000 r-xp 00000000 fd:01 163888                     /usr/lib64/libnss_files-2.15.so
7fb3639c5000-7fb363bc4000 ---p 0000c000 fd:01 163888                     /usr/lib64/libnss_files-2.15.so
7fb363bc4000-7fb363bc5000 r--p 0000b000 fd:01 163888                     /usr/lib64/libnss_files-2.15.so
7fb363bc5000-7fb363bc6000 rw-p 0000c000 fd:01 163888                     /usr/lib64/libnss_files-2.15.so
7fb363bc6000-7fb363bf0000 r-xp 00000000 fd:01 395432                     /usr/lib/jvm/java-1.7.0-openjdk-1.7.0.9.x86_64/jre/lib/amd64/libjava.so
7fb363bf0000-7fb363df0000 ---p 0002a000 fd:01 395432                     /usr/lib/jvm/java-1.7.0-openjdk-1.7.0.9.x86_64/jre/lib/amd64/libjava.so
7fb363df0000-7fb363df2000 rw-p 0002a000 fd:01 395432                     /usr/lib/jvm/java-1.7.0-openjdk-1.7.0.9.x86_64/jre/lib/amd64/libjava.so
7fb363df2000-7fb363dff000 r-xp 00000000 fd:01 395454                     /usr/lib/jvm/java-1.7.0-openjdk-1.7.0.9.x86_64/jre/lib/amd64/libverify.so
7fb363dff000-7fb363ffe000 ---p 0000d000 fd:01 395454                     /usr/lib/jvm/java-1.7.0-openjdk-1.7.0.9.x86_64/jre/lib/amd64/libverify.so
7fb363ffe000-7fb364000000 rw-p 0000c000 fd:01 395454                     /usr/lib/jvm/java-1.7.0-openjdk-1.7.0.9.x86_64/jre/lib/amd64/libverify.so
7fb364000000-7fb364c47000 rw-p 00000000 00:00 0 
7fb364c47000-7fb368000000 ---p 00000000 00:00 0 
7fb368000000-7fb368001000 rw-s 1d4af2000 00:05 20586                     /dev/nvidia0
7fb368001000-7fb368002000 rw-s 153966000 00:05 20586                     /dev/nvidia0
7fb368002000-7fb368003000 rw-s dc060000 00:05 20586                      /dev/nvidia0
7fb368003000-7fb368004000 r--p 00000000 00:00 0 
7fb368004000-7fb368010000 r--s 000d7000 fd:02 5374938                    /home/inferno/Development/12D Client/lib/lwjgl.jar
7fb368010000-7fb368014000 r--s 00027000 fd:02 5374939                    /home/inferno/Development/12D Client/lib/lwjgl_util.jar
7fb368014000-7fb368017000 r--s 0002b000 fd:02 5374936                    /home/inferno/Development/12D Client/lib/jflac-1.3.jar
7fb368017000-7fb368021000 rw-p 00000000 00:00 0 
7fb368021000-7fb3680d7000 rw-p 00000000 00:00 0 
7fb3680d7000-7fb3680da000 ---p 00000000 00:00 0 
7fb3680da000-7fb3681d8000 rw-p 00000000 00:00 0                          [stack:2443]
7fb3681d8000-7fb368bda000 r-xp 00000000 fd:01 395459                     /usr/lib/jvm/java-1.7.0-openjdk-1.7.0.9.x86_64/jre/lib/amd64/server/libjvm.so
7fb368bda000-7fb368dd9000 ---p 00a02000 fd:01 395459                     /usr/lib/jvm/java-1.7.0-openjdk-1.7.0.9.x86_64/jre/lib/amd64/server/libjvm.so
7fb368dd9000-7fb368e7a000 rw-p 00a01000 fd:01 395459                     /usr/lib/jvm/java-1.7.0-openjdk-1.7.0.9.x86_64/jre/lib/amd64/server/libjvm.so
7fb368e7a000-7fb368eaa000 rw-p 00000000 00:00 0 
7fb368eaa000-7fb368eab000 r--s 00001000 fd:02 5374937                    /home/inferno/Development/12D Client/lib/flibitFile.jar
7fb368eab000-7fb368eae000 r--s 0000f000 fd:01 395481                     /usr/lib/jvm/java-1.7.0-openjdk-1.7.0.9.x86_64/jre/lib/ext/pulse-java.jar
7fb368eae000-7fb368eb7000 r--s 00066000 fd:01 395478                     /usr/lib/jvm/java-1.7.0-openjdk-1.7.0.9.x86_64/jre/lib/ext/gnome-java-bridge.jar
7fb368eb7000-7fb368ebf000 rw-s 00000000 fd:01 400941                     /tmp/hsperfdata_inferno/2438
7fb368ebf000-7fb368ec0000 rw-p 00000000 00:00 0 
7fb368ec0000-7fb368ec1000 r--p 00000000 00:00 0 
7fb368ec1000-7fb368ec2000 rw-p 00000000 00:00 0 
7fff9e7aa000-7fff9e7cb000 rw-p 00000000 00:00 0                          [stack]
7fff9e7ff000-7fff9e800000 r-xp 00000000 00:00 0                          [vdso]
ffffffffff600000-ffffffffff601000 r-xp 00000000 00:00 0                  [vsyscall]

VM Arguments:
jvm_args: -Djava.library.path=/home/inferno/Development/12D Client/lib/lwjgl_native/linux:/home/inferno/Development/12Snake/lib/lwjgl_native/linux -Dfile.encoding=UTF-8 
java_command: Executable
Launcher Type: SUN_STANDARD

Environment Variables:
PATH=/usr/local/bin:/usr/bin:/bin:/usr/local/sbin:/usr/sbin:/home/inferno/.local/bin:/home/inferno/bin
USERNAME=inferno
SHELL=/bin/bash
DISPLAY=:0.0

Signal Handlers:
SIGSEGV: [libjvm.so+0x85cb80], sa_mask[0]=0x7ffbfeff, sa_flags=0x10000004
SIGBUS: [libjvm.so+0x85cb80], sa_mask[0]=0x7ffbfeff, sa_flags=0x10000004
SIGFPE: [libjvm.so+0x6fe3b0], sa_mask[0]=0x7ffbfeff, sa_flags=0x10000004
SIGPIPE: [libjvm.so+0x6fe3b0], sa_mask[0]=0x7ffbfeff, sa_flags=0x10000004
SIGXFSZ: [libjvm.so+0x6fe3b0], sa_mask[0]=0x7ffbfeff, sa_flags=0x10000004
SIGILL: [libjvm.so+0x6fe3b0], sa_mask[0]=0x7ffbfeff, sa_flags=0x10000004
SIGUSR1: SIG_DFL, sa_mask[0]=0x00000000, sa_flags=0x00000000
SIGUSR2: [libjvm.so+0x6fe5e0], sa_mask[0]=0x00000004, sa_flags=0x10000004
SIGHUP: [libjvm.so+0x6fe720], sa_mask[0]=0x7ffbfeff, sa_flags=0x10000004
SIGINT: [libjvm.so+0x6fe720], sa_mask[0]=0x7ffbfeff, sa_flags=0x10000004
SIGTERM: [libjvm.so+0x6fe720], sa_mask[0]=0x7ffbfeff, sa_flags=0x10000004
SIGQUIT: [libjvm.so+0x6fe720], sa_mask[0]=0x7ffbfeff, sa_flags=0x10000004


---------------  S Y S T E M  ---------------

OS:Fedora release 17 (Beefy Miracle)

uname:Linux 3.6.8-2.fc17.x86_64 #1 SMP Tue Nov 27 19:35:02 UTC 2012 x86_64
libc:glibc 2.15 NPTL 2.15 
rlimit: STACK 8192k, CORE 0k, NPROC 1024, NOFILE 4096, AS infinity
load average:0.14 0.16 0.10

/proc/meminfo:
MemTotal:        6104232 kB
MemFree:         4185672 kB
Buffers:           43324 kB
Cached:           575000 kB
SwapCached:            0 kB
Active:          1272436 kB
Inactive:         402900 kB
Active(anon):    1058612 kB
Inactive(anon):     5344 kB
Active(file):     213824 kB
Inactive(file):   397556 kB
Unevictable:           0 kB
Mlocked:               0 kB
SwapTotal:       8191996 kB
SwapFree:        8191996 kB
Dirty:               804 kB
Writeback:             0 kB
AnonPages:       1036964 kB
Mapped:           132708 kB
Shmem:              6956 kB
Slab:              79144 kB
SReclaimable:      31816 kB
SUnreclaim:        47328 kB
KernelStack:        3152 kB
PageTables:        27976 kB
NFS_Unstable:          0 kB
Bounce:                0 kB
WritebackTmp:          0 kB
CommitLimit:    11244112 kB
Committed_AS:    2677544 kB
VmallocTotal:   34359738367 kB
VmallocUsed:      364876 kB
VmallocChunk:   34359352316 kB
HardwareCorrupted:     0 kB
AnonHugePages:    571392 kB
HugePages_Total:       0
HugePages_Free:        0
HugePages_Rsvd:        0
HugePages_Surp:        0
Hugepagesize:       2048 kB
DirectMap4k:      140864 kB
DirectMap2M:     6141952 kB


CPU:total 8 (4 cores per cpu, 2 threads per core) family 6 model 26 stepping 5, cmov, cx8, fxsr, mmx, sse, sse2, sse3, ssse3, sse4.1, sse4.2, popcnt, ht, tsc, tscinvbit, tscinv

/proc/cpuinfo:
processor	: 0
vendor_id	: GenuineIntel
cpu family	: 6
model		: 26
model name	: Intel(R) Core(TM) i7 CPU       @ 9200 @ 2.67GHz
stepping	: 5
cpu MHz		: 2661.000
cache size	: 8192 KB
physical id	: 0
siblings	: 8
core id		: 0
cpu cores	: 4
apicid		: 0
initial apicid	: 0
fpu		: yes
fpu_exception	: yes
cpuid level	: 11
wp		: yes
flags		: fpu vme de pse tsc msr pae mce cx8 apic sep mtrr pge mca cmov pat pse36 clflush dts acpi mmx fxsr sse sse2 ss ht tm pbe syscall nx rdtscp lm constant_tsc arch_perfmon pebs bts rep_good nopl xtopology nonstop_tsc aperfmperf pni dtes64 monitor ds_cpl vmx est tm2 ssse3 cx16 xtpr pdcm sse4_1 sse4_2 popcnt lahf_lm ida dtherm tpr_shadow vnmi flexpriority ept vpid
bogomips	: 7141.94
clflush size	: 64
cache_alignment	: 64
address sizes	: 36 bits physical, 48 bits virtual
power management:

processor	: 1
vendor_id	: GenuineIntel
cpu family	: 6
model		: 26
model name	: Intel(R) Core(TM) i7 CPU       @ 9200 @ 2.67GHz
stepping	: 5
cpu MHz		: 2661.000
cache size	: 8192 KB
physical id	: 0
siblings	: 8
core id		: 3
cpu cores	: 4
apicid		: 6
initial apicid	: 6
fpu		: yes
fpu_exception	: yes
cpuid level	: 11
wp		: yes
flags		: fpu vme de pse tsc msr pae mce cx8 apic sep mtrr pge mca cmov pat pse36 clflush dts acpi mmx fxsr sse sse2 ss ht tm pbe syscall nx rdtscp lm constant_tsc arch_perfmon pebs bts rep_good nopl xtopology nonstop_tsc aperfmperf pni dtes64 monitor ds_cpl vmx est tm2 ssse3 cx16 xtpr pdcm sse4_1 sse4_2 popcnt lahf_lm ida dtherm tpr_shadow vnmi flexpriority ept vpid
bogomips	: 7141.94
clflush size	: 64
cache_alignment	: 64
address sizes	: 36 bits physical, 48 bits virtual
power management:

processor	: 2
vendor_id	: GenuineIntel
cpu family	: 6
model		: 26
model name	: Intel(R) Core(TM) i7 CPU       @ 9200 @ 2.67GHz
stepping	: 5
cpu MHz		: 1596.000
cache size	: 8192 KB
physical id	: 0
siblings	: 8
core id		: 1
cpu cores	: 4
apicid		: 2
initial apicid	: 2
fpu		: yes
fpu_exception	: yes
cpuid level	: 11
wp		: yes
flags		: fpu vme de pse tsc msr pae mce cx8 apic sep mtrr pge mca cmov pat pse36 clflush dts acpi mmx fxsr sse sse2 ss ht tm pbe syscall nx rdtscp lm constant_tsc arch_perfmon pebs bts rep_good nopl xtopology nonstop_tsc aperfmperf pni dtes64 monitor ds_cpl vmx est tm2 ssse3 cx16 xtpr pdcm sse4_1 sse4_2 popcnt lahf_lm ida dtherm tpr_shadow vnmi flexpriority ept vpid
bogomips	: 7141.94
clflush size	: 64
cache_alignment	: 64
address sizes	: 36 bits physical, 48 bits virtual
power management:

processor	: 3
vendor_id	: GenuineIntel
cpu family	: 6
model		: 26
model name	: Intel(R) Core(TM) i7 CPU       @ 9200 @ 2.67GHz
stepping	: 5
cpu MHz		: 2661.000
cache size	: 8192 KB
physical id	: 0
siblings	: 8
core id		: 2
cpu cores	: 4
apicid		: 4
initial apicid	: 4
fpu		: yes
fpu_exception	: yes
cpuid level	: 11
wp		: yes
flags		: fpu vme de pse tsc msr pae mce cx8 apic sep mtrr pge mca cmov pat pse36 clflush dts acpi mmx fxsr sse sse2 ss ht tm pbe syscall nx rdtscp lm constant_tsc arch_perfmon pebs bts rep_good nopl xtopology nonstop_tsc aperfmperf pni dtes64 monitor ds_cpl vmx est tm2 ssse3 cx16 xtpr pdcm sse4_1 sse4_2 popcnt lahf_lm ida dtherm tpr_shadow vnmi flexpriority ept vpid
bogomips	: 7141.94
clflush size	: 64
cache_alignment	: 64
address sizes	: 36 bits physical, 48 bits virtual
power management:

processor	: 4
vendor_id	: GenuineIntel
cpu family	: 6
model		: 26
model name	: Intel(R) Core(TM) i7 CPU       @ 9200 @ 2.67GHz
stepping	: 5
cpu MHz		: 2661.000
cache size	: 8192 KB
physical id	: 0
siblings	: 8
core id		: 3
cpu cores	: 4
apicid		: 7
initial apicid	: 7
fpu		: yes
fpu_exception	: yes
cpuid level	: 11
wp		: yes
flags		: fpu vme de pse tsc msr pae mce cx8 apic sep mtrr pge mca cmov pat pse36 clflush dts acpi mmx fxsr sse sse2 ss ht tm pbe syscall nx rdtscp lm constant_tsc arch_perfmon pebs bts rep_good nopl xtopology nonstop_tsc aperfmperf pni dtes64 monitor ds_cpl vmx est tm2 ssse3 cx16 xtpr pdcm sse4_1 sse4_2 popcnt lahf_lm ida dtherm tpr_shadow vnmi flexpriority ept vpid
bogomips	: 7141.94
clflush size	: 64
cache_alignment	: 64
address sizes	: 36 bits physical, 48 bits virtual
power management:

processor	: 5
vendor_id	: GenuineIntel
cpu family	: 6
model		: 26
model name	: Intel(R) Core(TM) i7 CPU       @ 9200 @ 2.67GHz
stepping	: 5
cpu MHz		: 2661.000
cache size	: 8192 KB
physical id	: 0
siblings	: 8
core id		: 1
cpu cores	: 4
apicid		: 3
initial apicid	: 3
fpu		: yes
fpu_exception	: yes
cpuid level	: 11
wp		: yes
flags		: fpu vme de pse tsc msr pae mce cx8 apic sep mtrr pge mca cmov pat pse36 clflush dts acpi mmx fxsr sse sse2 ss ht tm pbe syscall nx rdtscp lm constant_tsc arch_perfmon pebs bts rep_good nopl xtopology nonstop_tsc aperfmperf pni dtes64 monitor ds_cpl vmx est tm2 ssse3 cx16 xtpr pdcm sse4_1 sse4_2 popcnt lahf_lm ida dtherm tpr_shadow vnmi flexpriority ept vpid
bogomips	: 7141.94
clflush size	: 64
cache_alignment	: 64
address sizes	: 36 bits physical, 48 bits virtual
power management:

processor	: 6
vendor_id	: GenuineIntel
cpu family	: 6
model		: 26
model name	: Intel(R) Core(TM) i7 CPU       @ 9200 @ 2.67GHz
stepping	: 5
cpu MHz		: 1596.000
cache size	: 8192 KB
physical id	: 0
siblings	: 8
core id		: 2
cpu cores	: 4
apicid		: 5
initial apicid	: 5
fpu		: yes
fpu_exception	: yes
cpuid level	: 11
wp		: yes
flags		: fpu vme de pse tsc msr pae mce cx8 apic sep mtrr pge mca cmov pat pse36 clflush dts acpi mmx fxsr sse sse2 ss ht tm pbe syscall nx rdtscp lm constant_tsc arch_perfmon pebs bts rep_good nopl xtopology nonstop_tsc aperfmperf pni dtes64 monitor ds_cpl vmx est tm2 ssse3 cx16 xtpr pdcm sse4_1 sse4_2 popcnt lahf_lm ida dtherm tpr_shadow vnmi flexpriority ept vpid
bogomips	: 7141.94
clflush size	: 64
cache_alignment	: 64
address sizes	: 36 bits physical, 48 bits virtual
power management:

processor	: 7
vendor_id	: GenuineIntel
cpu family	: 6
model		: 26
model name	: Intel(R) Core(TM) i7 CPU       @ 9200 @ 2.67GHz
stepping	: 5
cpu MHz		: 1596.000
cache size	: 8192 KB
physical id	: 0
siblings	: 8
core id		: 0
cpu cores	: 4
apicid		: 1
initial apicid	: 1
fpu		: yes
fpu_exception	: yes
cpuid level	: 11
wp		: yes
flags		: fpu vme de pse tsc msr pae mce cx8 apic sep mtrr pge mca cmov pat pse36 clflush dts acpi mmx fxsr sse sse2 ss ht tm pbe syscall nx rdtscp lm constant_tsc arch_perfmon pebs bts rep_good nopl xtopology nonstop_tsc aperfmperf pni dtes64 monitor ds_cpl vmx est tm2 ssse3 cx16 xtpr pdcm sse4_1 sse4_2 popcnt lahf_lm ida dtherm tpr_shadow vnmi flexpriority ept vpid
bogomips	: 7141.94
clflush size	: 64
cache_alignment	: 64
address sizes	: 36 bits physical, 48 bits virtual
power management:



Memory: 4k page, physical 6104232k(4185672k free), swap 8191996k(8191996k free)

vm_info: OpenJDK 64-Bit Server VM (23.2-b09) for linux-amd64 JRE (1.7.0_09-icedtea-mockbuild_2012_10_17_15_53-b00), built on Oct 17 2012 16:01:41 by "mockbuild" with gcc 4.7.2 20120921 (Red Hat 4.7.2-2)

time: Thu Mar 21 19:15:36 2013
elapsed time: 1 seconds

