#
# A fatal error has been detected by the Java Runtime Environment:
#
#  SIGSEGV (0xb) at pc=0x0000000041314cd8, pid=9810, tid=140686422148864
#
# JRE version: 7.0_09
# Java VM: OpenJDK 64-Bit Server VM (23.2-b09 mixed mode linux-amd64 compressed oops)
# Problematic frame:
# C  0x0000000041314cd8
#
# Failed to write core dump. Core dumps have been disabled. To enable core dumping, try "ulimit -c unlimited" before starting Java again
#
# If you would like to submit a bug report, please include
# instructions on how to reproduce the bug and visit:
#   http://icedtea.classpath.org/bugzilla
# The crash happened outside the Java Virtual Machine in native code.
# See problematic frame for where to report the bug.
#

---------------  T H R E A D  ---------------

Current thread (0x00007ff418008000):  JavaThread "main" [_thread_in_native, id=9816, stack(0x00007ff41c278000,0x00007ff41c379000)]

siginfo:si_signo=SIGSEGV: si_errno=0, si_code=1 (SEGV_MAPERR), si_addr=0x0000000000000000

Registers:
RAX=0x00007ff3ea14a9a8, RBX=0x000000004180f000, RCX=0x0000000000000000, RDX=0x0000000000000003
RSP=0x00007ff41c3774a8, RBP=0x000000003d3fe975, RSI=0x0000000000000000, RDI=0x0000000000000000
R8 =0x00007ff410652010, R9 =0x0000000008ab0000, R10=0x0000000000000007, R11=0x0000000000000000
R12=0x0000000000000003, R13=0x00007ff4106d6638, R14=0x0000000000000000, R15=0x0000000000000000
RIP=0x0000000041314cd8, EFLAGS=0x0000000000010282, CSGSFS=0x0000000000000033, ERR=0x0000000000000004
  TRAPNO=0x000000000000000e

Top of Stack: (sp=0x00007ff41c3774a8)
0x00007ff41c3774a8:   000000004180f000 00007ff3ea14a9a8
0x00007ff41c3774b8:   0000000000000048 000000004180f000
0x00007ff41c3774c8:   000000396ad60e8f 00007ff410652010
0x00007ff41c3774d8:   0000000400000003 0000000041855618
0x00007ff41c3774e8:   0000000000000004 00007ff418008000
0x00007ff41c3774f8:   000000396ad627d8 00007ff3ea14a9a8
0x00007ff41c377508:   0000000098c63210 00007ff41c3775a8
0x00007ff41c377518:   0000000000000000 0000000098c63210
0x00007ff41c377528:   00007ff41c3775e8 00007ff418008000
0x00007ff41c377538:   00007ff4149d0f90 00007ff4fffffffe
0x00007ff41c377548:   00000000fffffffe 00007ff41c3775c8
0x00007ff41c377558:   00007ff4149dc023 00007ff4149c4410
0x00007ff41c377568:   00007ff41c377568 0000000098c63210
0x00007ff41c377578:   00007ff41c3775e8 0000000098c80bf0
0x00007ff41c377588:   0000000000000000 0000000098c63210
0x00007ff41c377598:   0000000000000000 00007ff41c3775c8
0x00007ff41c3775a8:   00007ff41c377630 00007ff4149c5158
0x00007ff41c3775b8:   00000000e3e990d8 00007ff4149cddd8
0x00007ff41c3775c8:   000000396dcf8f20 00007ff41c377630
0x00007ff41c3775d8:   0000000000000003 0000000000000000
0x00007ff41c3775e8:   0000000000000004 00007ff41c3775f0
0x00007ff41c3775f8:   0000000098c630f4 00007ff41c377668
0x00007ff41c377608:   0000000098c80bf0 0000000000000000
0x00007ff41c377618:   0000000098c63140 00007ff41c3775c8
0x00007ff41c377628:   00007ff41c377658 00007ff41c3776b0
0x00007ff41c377638:   00007ff4149c5158 000000396dcf8f20
0x00007ff41c377648:   0000000000000000 00000000e3e1ac50
0x00007ff41c377658:   0000000000000003 0000000000000000
0x00007ff41c377668:   0000000000000004 00007ff41c377670
0x00007ff41c377678:   0000000098f27655 00007ff41c3776c0
0x00007ff41c377688:   0000000098f31ea0 0000000000000000
0x00007ff41c377698:   0000000098f27680 00007ff41c377658 

Instructions: (pc=0x0000000041314cd8)
0x0000000041314cb8:   04 8b 7e 08 89 78 08 48 be 98 60 85 41 00 00 00
0x0000000041314cc8:   00 48 8b 36 48 8b 76 40 48 8d 3c 49 48 8d 34 be
0x0000000041314cd8:   8b 3e 8b 6e 04 89 78 0c 89 68 10 8b 7e 08 89 78
0x0000000041314ce8:   14 48 83 c0 18 ff c1 ff ca 75 a3 5f 5e 5b 5d c3 

Register to memory mapping:

RAX=0x00007ff3ea14a9a8 is an unknown value
RBX=0x000000004180f000 is an unknown value
RCX=0x0000000000000000 is an unknown value
RDX=0x0000000000000003 is an unknown value
RSP=0x00007ff41c3774a8 is pointing into the stack for thread: 0x00007ff418008000
RBP=0x000000003d3fe975 is an unknown value
RSI=0x0000000000000000 is an unknown value
RDI=0x0000000000000000 is an unknown value
R8 =0x00007ff410652010 is an unknown value
R9 =0x0000000008ab0000 is an unknown value
R10=0x0000000000000007 is an unknown value
R11=0x0000000000000000 is an unknown value
R12=0x0000000000000003 is an unknown value
R13=0x00007ff4106d6638 is an unknown value
R14=0x0000000000000000 is an unknown value
R15=0x0000000000000000 is an unknown value


Stack: [0x00007ff41c278000,0x00007ff41c379000],  sp=0x00007ff41c3774a8,  free space=1021k
Native frames: (J=compiled Java code, j=interpreted, Vv=VM code, C=native code)
C  0x0000000041314cd8

Java frames: (J=compiled Java code, j=interpreted, Vv=VM code)
j  org.lwjgl.opengl.GL11.nglDrawArrays(IIIJ)V+0
j  org.lwjgl.opengl.GL11.glDrawArrays(III)V+20
j  twelveengine.graphics.Triangle.drawSkinned()V+109
j  twelveengine.graphics.Model.draw()V+301
j  twelveengine.actors.Bender.draw()V+8
j  twelveengine.Game.drawActors()V+23
j  twelveengine.Game.drawGame()V+5
j  twelveengine.graphics.GraphicsCore.renderGraphics()V+100
j  twelveengine.Engine.renderGame()V+11
j  twelveengine.Engine.run()V+73
j  Executable.main([Ljava/lang/String;)V+13
v  ~StubRoutines::call_stub

---------------  P R O C E S S  ---------------

Java Threads: ( => current thread )
  0x00007ff41827f800 JavaThread "process reaper" daemon [_thread_blocked, id=9836, stack(0x00007ff410db5000,0x00007ff410ddd000)]
  0x00007ff418260800 JavaThread "AWT-XAWT" daemon [_thread_in_native, id=9834, stack(0x00007ff410ddd000,0x00007ff410ede000)]
  0x00007ff418229800 JavaThread "Java2D Disposer" daemon [_thread_blocked, id=9833, stack(0x00007ff410ede000,0x00007ff410fdf000)]
  0x00007ff418116000 JavaThread "Service Thread" daemon [_thread_blocked, id=9831, stack(0x00007ff411633000,0x00007ff411734000)]
  0x00007ff418114000 JavaThread "C2 CompilerThread1" daemon [_thread_blocked, id=9830, stack(0x00007ff411734000,0x00007ff411835000)]
  0x00007ff418111000 JavaThread "C2 CompilerThread0" daemon [_thread_blocked, id=9829, stack(0x00007ff411835000,0x00007ff411936000)]
  0x00007ff41810f000 JavaThread "Signal Dispatcher" daemon [_thread_blocked, id=9828, stack(0x00007ff411936000,0x00007ff411a37000)]
  0x00007ff4180b9000 JavaThread "Finalizer" daemon [_thread_blocked, id=9827, stack(0x00007ff411a37000,0x00007ff411b38000)]
  0x00007ff4180b7000 JavaThread "Reference Handler" daemon [_thread_blocked, id=9826, stack(0x00007ff411b38000,0x00007ff411c39000)]
=>0x00007ff418008000 JavaThread "main" [_thread_in_native, id=9816, stack(0x00007ff41c278000,0x00007ff41c379000)]

Other Threads:
  0x00007ff4180ae800 VMThread [stack: 0x00007ff411c39000,0x00007ff411d3a000] [id=9825]
  0x00007ff418121000 WatcherThread [stack: 0x00007ff411532000,0x00007ff411633000] [id=9832]

VM state:not at safepoint (normal execution)

VM Mutex/Monitor currently owned by a thread: None

Heap
 PSYoungGen      total 51712K, used 43289K [0x00000000e0eb0000, 0x00000000e77f0000, 0x0000000100000000)
  eden space 47744K, 82% used [0x00000000e0eb0000,0x00000000e3517fa0,0x00000000e3d50000)
  from space 3968K, 99% used [0x00000000e3d50000,0x00000000e412e7b0,0x00000000e4130000)
  to   space 6144K, 0% used [0x00000000e71f0000,0x00000000e71f0000,0x00000000e77f0000)
 ParOldGen       total 63616K, used 2594K [0x00000000a2c00000, 0x00000000a6a20000, 0x00000000e0eb0000)
  object space 63616K, 4% used [0x00000000a2c00000,0x00000000a2e88b78,0x00000000a6a20000)
 PSPermGen       total 21248K, used 9658K [0x0000000098600000, 0x0000000099ac0000, 0x00000000a2c00000)
  object space 21248K, 45% used [0x0000000098600000,0x0000000098f6eae0,0x0000000099ac0000)

Card table byte_map: [0x00007ff4145c1000,0x00007ff4148ff000] byte_map_base: 0x00007ff4140fe000

Polling page: 0x00007ff41d061000

Code Cache  [0x00007ff4149bf000, 0x00007ff414c2f000, 0x00007ff4179bf000)
 total_blobs=645 nmethods=179 adapters=419 free_code_cache=48127Kb largest_free_block=49246656

Compilation events (10 events):
Event: 1.746 Thread 0x00007ff418111000 nmethod 164 0x00007ff414aa92d0 code [0x00007ff414aa9420, 0x00007ff414aa9518]
Event: 1.746 Thread 0x00007ff418111000  165             java.nio.FloatBuffer::<init> (22 bytes)
Event: 1.746 Thread 0x00007ff418111000 nmethod 165 0x00007ff414aa8ed0 code [0x00007ff414aa9020, 0x00007ff414aa9158]
Event: 1.746 Thread 0x00007ff418111000  166             java.nio.Buffer::rewind (12 bytes)
Event: 1.746 Thread 0x00007ff418111000 nmethod 166 0x00007ff414aa7d90 code [0x00007ff414aa7ec0, 0x00007ff414aa7f18]
Event: 1.779 Thread 0x00007ff418111000  168             org.lwjgl.opengl.GLContext::getCapabilities (23 bytes)
Event: 1.780 Thread 0x00007ff418111000 nmethod 168 0x00007ff414ab51d0 code [0x00007ff414ab5320, 0x00007ff414ab53b8]
Event: 1.780 Thread 0x00007ff418111000  169             org.lwjgl.BufferChecks::checkFunctionAddress (23 bytes)
Event: 1.780 Thread 0x00007ff418111000 nmethod 169 0x00007ff414aad550 code [0x00007ff414aad680, 0x00007ff414aad6d8]
Event: 1.785 Thread 0x00007ff418114000 nmethod 10% 0x00007ff414abba90 code [0x00007ff414abc3c0, 0x00007ff414abf490]

GC Heap History (10 events):
Event: 1.304 GC heap before
{Heap before GC invocations=1 (full 0):
 PSYoungGen      total 27840K, used 23872K [0x00000000e0eb0000, 0x00000000e2dc0000, 0x0000000100000000)
  eden space 23872K, 100% used [0x00000000e0eb0000,0x00000000e2600000,0x00000000e2600000)
  from space 3968K, 0% used [0x00000000e29e0000,0x00000000e29e0000,0x00000000e2dc0000)
  to   space 3968K, 0% used [0x00000000e2600000,0x00000000e2600000,0x00000000e29e0000)
 ParOldGen       total 63616K, used 0K [0x00000000a2c00000, 0x00000000a6a20000, 0x00000000e0eb0000)
  object space 63616K, 0% used [0x00000000a2c00000,0x00000000a2c00000,0x00000000a6a20000)
 PSPermGen       total 21248K, used 9415K [0x0000000098600000, 0x0000000099ac0000, 0x00000000a2c00000)
  object space 21248K, 44% used [0x0000000098600000,0x0000000098f31dd8,0x0000000099ac0000)
Event: 1.310 GC heap after
Heap after GC invocations=1 (full 0):
 PSYoungGen      total 27840K, used 3801K [0x00000000e0eb0000, 0x00000000e2dc0000, 0x0000000100000000)
  eden space 23872K, 0% used [0x00000000e0eb0000,0x00000000e0eb0000,0x00000000e2600000)
  from space 3968K, 95% used [0x00000000e2600000,0x00000000e29b6458,0x00000000e29e0000)
  to   space 3968K, 0% used [0x00000000e29e0000,0x00000000e29e0000,0x00000000e2dc0000)
 ParOldGen       total 63616K, used 8K [0x00000000a2c00000, 0x00000000a6a20000, 0x00000000e0eb0000)
  object space 63616K, 0% used [0x00000000a2c00000,0x00000000a2c02000,0x00000000a6a20000)
 PSPermGen       total 21248K, used 9415K [0x0000000098600000, 0x0000000099ac0000, 0x00000000a2c00000)
  object space 21248K, 44% used [0x0000000098600000,0x0000000098f31dd8,0x0000000099ac0000)
}
Event: 1.369 GC heap before
{Heap before GC invocations=2 (full 0):
 PSYoungGen      total 27840K, used 27673K [0x00000000e0eb0000, 0x00000000e2dc0000, 0x0000000100000000)
  eden space 23872K, 100% used [0x00000000e0eb0000,0x00000000e2600000,0x00000000e2600000)
  from space 3968K, 95% used [0x00000000e2600000,0x00000000e29b6458,0x00000000e29e0000)
  to   space 3968K, 0% used [0x00000000e29e0000,0x00000000e29e0000,0x00000000e2dc0000)
 ParOldGen       total 63616K, used 8K [0x00000000a2c00000, 0x00000000a6a20000, 0x00000000e0eb0000)
  object space 63616K, 0% used [0x00000000a2c00000,0x00000000a2c02000,0x00000000a6a20000)
 PSPermGen       total 21248K, used 9415K [0x0000000098600000, 0x0000000099ac0000, 0x00000000a2c00000)
  object space 21248K, 44% used [0x0000000098600000,0x0000000098f31ea0,0x0000000099ac0000)
Event: 1.372 GC heap after
Heap after GC invocations=2 (full 0):
 PSYoungGen      total 27840K, used 2649K [0x00000000e0eb0000, 0x00000000e4510000, 0x0000000100000000)
  eden space 23872K, 0% used [0x00000000e0eb0000,0x00000000e0eb0000,0x00000000e2600000)
  from space 3968K, 66% used [0x00000000e29e0000,0x00000000e2c76700,0x00000000e2dc0000)
  to   space 3968K, 0% used [0x00000000e2600000,0x00000000e2600000,0x00000000e29e0000)
 ParOldGen       total 63616K, used 16K [0x00000000a2c00000, 0x00000000a6a20000, 0x00000000e0eb0000)
  object space 63616K, 0% used [0x00000000a2c00000,0x00000000a2c04000,0x00000000a6a20000)
 PSPermGen       total 21248K, used 9415K [0x0000000098600000, 0x0000000099ac0000, 0x00000000a2c00000)
  object space 21248K, 44% used [0x0000000098600000,0x0000000098f31ea0,0x0000000099ac0000)
}
Event: 1.588 GC heap before
{Heap before GC invocations=3 (full 0):
 PSYoungGen      total 27840K, used 26521K [0x00000000e0eb0000, 0x00000000e4510000, 0x0000000100000000)
  eden space 23872K, 100% used [0x00000000e0eb0000,0x00000000e2600000,0x00000000e2600000)
  from space 3968K, 66% used [0x00000000e29e0000,0x00000000e2c76700,0x00000000e2dc0000)
  to   space 3968K, 0% used [0x00000000e2600000,0x00000000e2600000,0x00000000e29e0000)
 ParOldGen       total 63616K, used 16K [0x00000000a2c00000, 0x00000000a6a20000, 0x00000000e0eb0000)
  object space 63616K, 0% used [0x00000000a2c00000,0x00000000a2c04000,0x00000000a6a20000)
 PSPermGen       total 21248K, used 9453K [0x0000000098600000, 0x0000000099ac0000, 0x00000000a2c00000)
  object space 21248K, 44% used [0x0000000098600000,0x0000000098f3b4e0,0x0000000099ac0000)
Event: 1.591 GC heap after
Heap after GC invocations=3 (full 0):
 PSYoungGen      total 27840K, used 3950K [0x00000000e0eb0000, 0x00000000e4510000, 0x0000000100000000)
  eden space 23872K, 0% used [0x00000000e0eb0000,0x00000000e0eb0000,0x00000000e2600000)
  from space 3968K, 99% used [0x00000000e2600000,0x00000000e29dba48,0x00000000e29e0000)
  to   space 3968K, 0% used [0x00000000e4130000,0x00000000e4130000,0x00000000e4510000)
 ParOldGen       total 63616K, used 768K [0x00000000a2c00000, 0x00000000a6a20000, 0x00000000e0eb0000)
  object space 63616K, 1% used [0x00000000a2c00000,0x00000000a2cc0000,0x00000000a6a20000)
 PSPermGen       total 21248K, used 9453K [0x0000000098600000, 0x0000000099ac0000, 0x00000000a2c00000)
  object space 21248K, 44% used [0x0000000098600000,0x0000000098f3b4e0,0x0000000099ac0000)
}
Event: 1.630 GC heap before
{Heap before GC invocations=4 (full 0):
 PSYoungGen      total 27840K, used 27822K [0x00000000e0eb0000, 0x00000000e4510000, 0x0000000100000000)
  eden space 23872K, 100% used [0x00000000e0eb0000,0x00000000e2600000,0x00000000e2600000)
  from space 3968K, 99% used [0x00000000e2600000,0x00000000e29dba48,0x00000000e29e0000)
  to   space 3968K, 0% used [0x00000000e4130000,0x00000000e4130000,0x00000000e4510000)
 ParOldGen       total 63616K, used 768K [0x00000000a2c00000, 0x00000000a6a20000, 0x00000000e0eb0000)
  object space 63616K, 1% used [0x00000000a2c00000,0x00000000a2cc0000,0x00000000a6a20000)
 PSPermGen       total 21248K, used 9473K [0x0000000098600000, 0x0000000099ac0000, 0x00000000a2c00000)
  object space 21248K, 44% used [0x0000000098600000,0x0000000098f404f8,0x0000000099ac0000)
Event: 1.635 GC heap after
Heap after GC invocations=4 (full 0):
 PSYoungGen      total 51712K, used 3945K [0x00000000e0eb0000, 0x00000000e4510000, 0x0000000100000000)
  eden space 47744K, 0% used [0x00000000e0eb0000,0x00000000e0eb0000,0x00000000e3d50000)
  from space 3968K, 99% used [0x00000000e4130000,0x00000000e450a6d0,0x00000000e4510000)
  to   space 3968K, 0% used [0x00000000e3d50000,0x00000000e3d50000,0x00000000e4130000)
 ParOldGen       total 63616K, used 1232K [0x00000000a2c00000, 0x00000000a6a20000, 0x00000000e0eb0000)
  object space 63616K, 1% used [0x00000000a2c00000,0x00000000a2d34000,0x00000000a6a20000)
 PSPermGen       total 21248K, used 9473K [0x0000000098600000, 0x0000000099ac0000, 0x00000000a2c00000)
  object space 21248K, 44% used [0x0000000098600000,0x0000000098f404f8,0x0000000099ac0000)
}
Event: 1.728 GC heap before
{Heap before GC invocations=5 (full 0):
 PSYoungGen      total 51712K, used 51689K [0x00000000e0eb0000, 0x00000000e4510000, 0x0000000100000000)
  eden space 47744K, 100% used [0x00000000e0eb0000,0x00000000e3d50000,0x00000000e3d50000)
  from space 3968K, 99% used [0x00000000e4130000,0x00000000e450a6d0,0x00000000e4510000)
  to   space 3968K, 0% used [0x00000000e3d50000,0x00000000e3d50000,0x00000000e4130000)
 ParOldGen       total 63616K, used 1232K [0x00000000a2c00000, 0x00000000a6a20000, 0x00000000e0eb0000)
  object space 63616K, 1% used [0x00000000a2c00000,0x00000000a2d34000,0x00000000a6a20000)
 PSPermGen       total 21248K, used 9537K [0x0000000098600000, 0x0000000099ac0000, 0x00000000a2c00000)
  object space 21248K, 44% used [0x0000000098600000,0x0000000098f50530,0x0000000099ac0000)
Event: 1.734 GC heap after
Heap after GC invocations=5 (full 0):
 PSYoungGen      total 51712K, used 3961K [0x00000000e0eb0000, 0x00000000e77f0000, 0x0000000100000000)
  eden space 47744K, 0% used [0x00000000e0eb0000,0x00000000e0eb0000,0x00000000e3d50000)
  from space 3968K, 99% used [0x00000000e3d50000,0x00000000e412e7b0,0x00000000e4130000)
  to   space 6144K, 0% used [0x00000000e71f0000,0x00000000e71f0000,0x00000000e77f0000)
 ParOldGen       total 63616K, used 2594K [0x00000000a2c00000, 0x00000000a6a20000, 0x00000000e0eb0000)
  object space 63616K, 4% used [0x00000000a2c00000,0x00000000a2e88b78,0x00000000a6a20000)
 PSPermGen       total 21248K, used 9537K [0x0000000098600000, 0x0000000099ac0000, 0x00000000a2c00000)
  object space 21248K, 44% used [0x0000000098600000,0x0000000098f50530,0x0000000099ac0000)
}

Deoptimization events (10 events):
Event: 1.376 Thread 0x00007ff418008000 Uncommon trap -34 fr.pc 0x00007ff414a609b8
Event: 1.376 Thread 0x00007ff418008000 Uncommon trap -34 fr.pc 0x00007ff414a90fe8
Event: 1.376 Thread 0x00007ff418008000 Uncommon trap -34 fr.pc 0x00007ff414a609b8
Event: 1.376 Thread 0x00007ff418008000 Uncommon trap -34 fr.pc 0x00007ff414a609b8
Event: 1.397 Thread 0x00007ff418008000 Uncommon trap -34 fr.pc 0x00007ff414a90fe8
Event: 1.397 Thread 0x00007ff418008000 Uncommon trap -34 fr.pc 0x00007ff414a609b8
Event: 1.429 Thread 0x00007ff418008000 Uncommon trap -34 fr.pc 0x00007ff414a90fe8
Event: 1.585 Thread 0x00007ff418008000 Uncommon trap -83 fr.pc 0x00007ff414aa2f78
Event: 1.644 Thread 0x00007ff418008000 Uncommon trap -75 fr.pc 0x00007ff414ab267c
Event: 1.654 Thread 0x00007ff418008000 Uncommon trap -83 fr.pc 0x00007ff414a96570

Internal exceptions (10 events):
Event: 1.594 Thread 0x00007ff418008000 Threw 0x00000000e0fd5078 at /builddir/build/BUILD/java-1.7.0-openjdk/openjdk/hotspot/src/share/vm/prims/jvm.cpp:1166
Event: 1.654 Thread 0x00007ff418008000 Threw 0x00000000e1636cb8 at /builddir/build/BUILD/java-1.7.0-openjdk/openjdk/hotspot/src/share/vm/prims/jvm.cpp:1166
Event: 1.669 Thread 0x00007ff418008000 Threw 0x00000000e16dd438 at /builddir/build/BUILD/java-1.7.0-openjdk/openjdk/hotspot/src/share/vm/prims/jvm.cpp:1166
Event: 1.669 Thread 0x00007ff418008000 Threw 0x00000000e16def20 at /builddir/build/BUILD/java-1.7.0-openjdk/openjdk/hotspot/src/share/vm/prims/jvm.cpp:1166
Event: 1.763 Thread 0x00007ff418008000 Threw 0x00000000e2a93c08 at /builddir/build/BUILD/java-1.7.0-openjdk/openjdk/hotspot/src/share/vm/prims/jvm.cpp:1166
Event: 1.764 Thread 0x00007ff418008000 Threw 0x00000000e2b0c8f0 at /builddir/build/BUILD/java-1.7.0-openjdk/openjdk/hotspot/src/share/vm/prims/jvm.cpp:1166
Event: 1.764 Thread 0x00007ff418008000 Threw 0x00000000e2b190b8 at /builddir/build/BUILD/java-1.7.0-openjdk/openjdk/hotspot/src/share/vm/prims/jvm.cpp:1166
Event: 1.765 Thread 0x00007ff418008000 Threw 0x00000000e2b1cec0 at /builddir/build/BUILD/java-1.7.0-openjdk/openjdk/hotspot/src/share/vm/prims/jvm.cpp:1166
Event: 1.772 Thread 0x00007ff418008000 Threw 0x00000000e34891d8 at /builddir/build/BUILD/java-1.7.0-openjdk/openjdk/hotspot/src/share/vm/prims/jvm.cpp:1166
Event: 1.774 Thread 0x00007ff418008000 Threw 0x00000000e349fbe0 at /builddir/build/BUILD/java-1.7.0-openjdk/openjdk/hotspot/src/share/vm/prims/jvm.cpp:1166

Events (10 events):
Event: 1.764 loading class 0x00007ff4187fc780
Event: 1.764 loading class 0x00007ff4187fc780 done
Event: 1.764 loading class 0x00007ff41880a700
Event: 1.764 loading class 0x00007ff41880a700 done
Event: 1.764 loading class 0x00007ff41880a7a0
Event: 1.764 loading class 0x00007ff41880a7a0 done
Event: 1.772 loading class 0x00007ff41880a850
Event: 1.772 loading class 0x00007ff41880a850 done
Event: 1.774 loading class 0x00007ff4187cd910
Event: 1.774 loading class 0x00007ff4187cd910 done


Dynamic libraries:
00400000-00401000 r-xp 00000000 fd:01 399012                             /usr/lib/jvm/java-1.7.0-openjdk-1.7.0.9.x86_64/bin/java
00600000-00602000 rw-p 00000000 fd:01 399012                             /usr/lib/jvm/java-1.7.0-openjdk-1.7.0.9.x86_64/bin/java
019bd000-019de000 rw-p 00000000 00:00 0                                  [heap]
41313000-41315000 r-xs 00000000 fd:01 2003                               /tmp/glGHOTaF (deleted)
4180f000-4188d000 rw-p 00000000 00:00 0 
98600000-99ac0000 rw-p 00000000 00:00 0 
99ac0000-a2c00000 rw-p 00000000 00:00 0 
a2c00000-a6a20000 rw-p 00000000 00:00 0 
a6a20000-e0eb0000 rw-p 00000000 00:00 0 
e0eb0000-e77f0000 rw-p 00000000 00:00 0 
e77f0000-100000000 rw-p 00000000 00:00 0 
324e400000-324e40c000 r-xp 00000000 fd:01 398177                         /usr/lib/jvm/java-1.7.0-openjdk-1.7.0.9.x86_64/jre/lib/amd64/jli/libjli.so
324e40c000-324e60c000 ---p 0000c000 fd:01 398177                         /usr/lib/jvm/java-1.7.0-openjdk-1.7.0.9.x86_64/jre/lib/amd64/jli/libjli.so
324e60c000-324e60d000 rw-p 0000c000 fd:01 398177                         /usr/lib/jvm/java-1.7.0-openjdk-1.7.0.9.x86_64/jre/lib/amd64/jli/libjli.so
394c200000-394c220000 r-xp 00000000 fd:01 132915                         /usr/lib64/ld-2.15.so
394c41f000-394c420000 r--p 0001f000 fd:01 132915                         /usr/lib64/ld-2.15.so
394c420000-394c421000 rw-p 00020000 fd:01 132915                         /usr/lib64/ld-2.15.so
394c421000-394c422000 rw-p 00000000 00:00 0 
394c600000-394c7ac000 r-xp 00000000 fd:01 153144                         /usr/lib64/libc-2.15.so
394c7ac000-394c9ac000 ---p 001ac000 fd:01 153144                         /usr/lib64/libc-2.15.so
394c9ac000-394c9b0000 r--p 001ac000 fd:01 153144                         /usr/lib64/libc-2.15.so
394c9b0000-394c9b2000 rw-p 001b0000 fd:01 153144                         /usr/lib64/libc-2.15.so
394c9b2000-394c9b7000 rw-p 00000000 00:00 0 
394ca00000-394ca16000 r-xp 00000000 fd:01 154797                         /usr/lib64/libpthread-2.15.so
394ca16000-394cc16000 ---p 00016000 fd:01 154797                         /usr/lib64/libpthread-2.15.so
394cc16000-394cc17000 r--p 00016000 fd:01 154797                         /usr/lib64/libpthread-2.15.so
394cc17000-394cc18000 rw-p 00017000 fd:01 154797                         /usr/lib64/libpthread-2.15.so
394cc18000-394cc1c000 rw-p 00000000 00:00 0 
394ce00000-394ce03000 r-xp 00000000 fd:01 153297                         /usr/lib64/libdl-2.15.so
394ce03000-394d002000 ---p 00003000 fd:01 153297                         /usr/lib64/libdl-2.15.so
394d002000-394d003000 r--p 00002000 fd:01 153297                         /usr/lib64/libdl-2.15.so
394d003000-394d004000 rw-p 00003000 fd:01 153297                         /usr/lib64/libdl-2.15.so
394d200000-394d207000 r-xp 00000000 fd:01 154929                         /usr/lib64/librt-2.15.so
394d207000-394d406000 ---p 00007000 fd:01 154929                         /usr/lib64/librt-2.15.so
394d406000-394d407000 r--p 00006000 fd:01 154929                         /usr/lib64/librt-2.15.so
394d407000-394d408000 rw-p 00007000 fd:01 154929                         /usr/lib64/librt-2.15.so
394da00000-394dafa000 r-xp 00000000 fd:01 163524                         /usr/lib64/libm-2.15.so
394dafa000-394dcf9000 ---p 000fa000 fd:01 163524                         /usr/lib64/libm-2.15.so
394dcf9000-394dcfa000 r--p 000f9000 fd:01 163524                         /usr/lib64/libm-2.15.so
394dcfa000-394dcfb000 rw-p 000fa000 fd:01 163524                         /usr/lib64/libm-2.15.so
394e600000-394e616000 r-xp 00000000 fd:01 160186                         /usr/lib64/libresolv-2.15.so
394e616000-394e815000 ---p 00016000 fd:01 160186                         /usr/lib64/libresolv-2.15.so
394e815000-394e816000 r--p 00015000 fd:01 160186                         /usr/lib64/libresolv-2.15.so
394e816000-394e817000 rw-p 00016000 fd:01 160186                         /usr/lib64/libresolv-2.15.so
394e817000-394e819000 rw-p 00000000 00:00 0 
394fe00000-394fe02000 r-xp 00000000 fd:01 165636                         /usr/lib64/libXau.so.6.0.0
394fe02000-3950002000 ---p 00002000 fd:01 165636                         /usr/lib64/libXau.so.6.0.0
3950002000-3950003000 r--p 00002000 fd:01 165636                         /usr/lib64/libXau.so.6.0.0
3950003000-3950004000 rw-p 00003000 fd:01 165636                         /usr/lib64/libXau.so.6.0.0
3950200000-3950334000 r-xp 00000000 fd:01 167814                         /usr/lib64/libX11.so.6.3.0
3950334000-3950534000 ---p 00134000 fd:01 167814                         /usr/lib64/libX11.so.6.3.0
3950534000-3950535000 r--p 00134000 fd:01 167814                         /usr/lib64/libX11.so.6.3.0
3950535000-395053a000 rw-p 00135000 fd:01 167814                         /usr/lib64/libX11.so.6.3.0
3950600000-395061d000 r-xp 00000000 fd:01 167409                         /usr/lib64/libxcb.so.1.1.0
395061d000-395081c000 ---p 0001d000 fd:01 167409                         /usr/lib64/libxcb.so.1.1.0
395081c000-395081d000 r--p 0001c000 fd:01 167409                         /usr/lib64/libxcb.so.1.1.0
395081d000-395081e000 rw-p 0001d000 fd:01 167409                         /usr/lib64/libxcb.so.1.1.0
3950a00000-3950a10000 r-xp 00000000 fd:01 170834                         /usr/lib64/libXext.so.6.4.0
3950a10000-3950c10000 ---p 00010000 fd:01 170834                         /usr/lib64/libXext.so.6.4.0
3950c10000-3950c11000 r--p 00010000 fd:01 170834                         /usr/lib64/libXext.so.6.4.0
3950c11000-3950c12000 rw-p 00011000 fd:01 170834                         /usr/lib64/libXext.so.6.4.0
3950e00000-3950e15000 r-xp 00000000 fd:01 163917                         /usr/lib64/libgcc_s-4.7.2-20120921.so.1
3950e15000-3951014000 ---p 00015000 fd:01 163917                         /usr/lib64/libgcc_s-4.7.2-20120921.so.1
3951014000-3951015000 rw-p 00014000 fd:01 163917                         /usr/lib64/libgcc_s-4.7.2-20120921.so.1
3951200000-3951243000 r-xp 00000000 fd:01 171703                         /usr/lib64/libdbus-1.so.3.5.6
3951243000-3951442000 ---p 00043000 fd:01 171703                         /usr/lib64/libdbus-1.so.3.5.6
3951442000-3951443000 r--p 00042000 fd:01 171703                         /usr/lib64/libdbus-1.so.3.5.6
3951443000-3951444000 rw-p 00043000 fd:01 171703                         /usr/lib64/libdbus-1.so.3.5.6
3951600000-3951609000 r-xp 00000000 fd:01 167820                         /usr/lib64/libXrender.so.1.3.0
3951609000-3951808000 ---p 00009000 fd:01 167820                         /usr/lib64/libXrender.so.1.3.0
3951808000-3951809000 r--p 00008000 fd:01 167820                         /usr/lib64/libXrender.so.1.3.0
3951809000-395180a000 rw-p 00009000 fd:01 167820                         /usr/lib64/libXrender.so.1.3.0
3952200000-3952207000 r-xp 00000000 fd:01 171184                         /usr/lib64/libXrandr.so.2.2.0
3952207000-3952406000 ---p 00007000 fd:01 171184                         /usr/lib64/libXrandr.so.2.2.0
3952406000-3952407000 r--p 00006000 fd:01 171184                         /usr/lib64/libXrandr.so.2.2.0
3952407000-3952408000 rw-p 00007000 fd:01 171184                         /usr/lib64/libXrandr.so.2.2.0
3953200000-395320e000 r-xp 00000000 fd:01 171172                         /usr/lib64/libXi.so.6.1.0
395320e000-395340d000 ---p 0000e000 fd:01 171172                         /usr/lib64/libXi.so.6.1.0
395340d000-395340e000 r--p 0000d000 fd:01 171172                         /usr/lib64/libXi.so.6.1.0
395340e000-395340f000 rw-p 0000e000 fd:01 171172                         /usr/lib64/libXi.so.6.1.0
3954200000-3954209000 r-xp 00000000 fd:01 171299                         /usr/lib64/libXcursor.so.1.0.2
3954209000-3954409000 ---p 00009000 fd:01 171299                         /usr/lib64/libXcursor.so.1.0.2
3954409000-395440a000 r--p 00009000 fd:01 171299                         /usr/lib64/libXcursor.so.1.0.2
395440a000-395440b000 rw-p 0000a000 fd:01 171299                         /usr/lib64/libXcursor.so.1.0.2
3954e00000-3954e05000 r-xp 00000000 fd:01 171185                         /usr/lib64/libXfixes.so.3.1.0
3954e05000-3955004000 ---p 00005000 fd:01 171185                         /usr/lib64/libXfixes.so.3.1.0
3955004000-3955005000 r--p 00004000 fd:01 171185                         /usr/lib64/libXfixes.so.3.1.0
3955005000-3955006000 rw-p 00005000 fd:01 171185                         /usr/lib64/libXfixes.so.3.1.0
3956600000-3956604000 r-xp 00000000 fd:01 136950                         /usr/lib64/libuuid.so.1.3.0
3956604000-3956803000 ---p 00004000 fd:01 136950                         /usr/lib64/libuuid.so.1.3.0
3956803000-3956804000 r--p 00003000 fd:01 136950                         /usr/lib64/libuuid.so.1.3.0
3956804000-3956805000 rw-p 00004000 fd:01 136950                         /usr/lib64/libuuid.so.1.3.0
3959200000-39592e5000 r-xp 00000000 fd:01 153523                         /usr/lib64/libstdc++.so.6.0.17
39592e5000-39594e4000 ---p 000e5000 fd:01 153523                         /usr/lib64/libstdc++.so.6.0.17
39594e4000-39594ec000 r--p 000e4000 fd:01 153523                         /usr/lib64/libstdc++.so.6.0.17
39594ec000-39594ee000 rw-p 000ec000 fd:01 153523                         /usr/lib64/libstdc++.so.6.0.17
39594ee000-3959503000 rw-p 00000000 00:00 0 
395be00000-395be06000 r-xp 00000000 fd:01 171722                         /usr/lib64/libogg.so.0.8.0
395be06000-395c005000 ---p 00006000 fd:01 171722                         /usr/lib64/libogg.so.0.8.0
395c005000-395c006000 r--p 00005000 fd:01 171722                         /usr/lib64/libogg.so.0.8.0
395c006000-395c007000 rw-p 00006000 fd:01 171722                         /usr/lib64/libogg.so.0.8.0
395ea00000-395ea17000 r-xp 00000000 fd:01 150637                         /usr/lib64/libICE.so.6.3.0
395ea17000-395ec16000 ---p 00017000 fd:01 150637                         /usr/lib64/libICE.so.6.3.0
395ec16000-395ec17000 r--p 00016000 fd:01 150637                         /usr/lib64/libICE.so.6.3.0
395ec17000-395ec18000 rw-p 00017000 fd:01 150637                         /usr/lib64/libICE.so.6.3.0
395ec18000-395ec1c000 rw-p 00000000 00:00 0 
395ee00000-395ee2c000 r-xp 00000000 fd:01 171724                         /usr/lib64/libvorbis.so.0.4.6
395ee2c000-395f02b000 ---p 0002c000 fd:01 171724                         /usr/lib64/libvorbis.so.0.4.6
395f02b000-395f02c000 r--p 0002b000 fd:01 171724                         /usr/lib64/libvorbis.so.0.4.6
395f02c000-395f02d000 rw-p 0002c000 fd:01 171724                         /usr/lib64/libvorbis.so.0.4.6
395f200000-395f207000 r-xp 00000000 fd:01 171746                         /usr/lib64/libSM.so.6.0.1
395f207000-395f406000 ---p 00007000 fd:01 171746                         /usr/lib64/libSM.so.6.0.1
395f406000-395f407000 r--p 00006000 fd:01 171746                         /usr/lib64/libSM.so.6.0.1
395f407000-395f408000 rw-p 00007000 fd:01 171746                         /usr/lib64/libSM.so.6.0.1
3961200000-3961201000 r-xp 00000000 fd:01 171707                         /usr/lib64/libX11-xcb.so.1.0.0
3961201000-3961400000 ---p 00001000 fd:01 171707                         /usr/lib64/libX11-xcb.so.1.0.0
3961400000-3961401000 r--p 00000000 fd:01 171707                         /usr/lib64/libX11-xcb.so.1.0.0
3961401000-3961402000 rw-p 00001000 fd:01 171707                         /usr/lib64/libX11-xcb.so.1.0.0
3961600000-3961616000 r-xp 00000000 fd:01 171751                         /usr/lib64/libnsl-2.15.so
3961616000-3961815000 ---p 00016000 fd:01 171751                         /usr/lib64/libnsl-2.15.so
3961815000-3961816000 r--p 00015000 fd:01 171751                         /usr/lib64/libnsl-2.15.so
3961816000-3961817000 rw-p 00016000 fd:01 171751                         /usr/lib64/libnsl-2.15.so
3961817000-3961819000 rw-p 00000000 00:00 0 
3962a00000-3962a05000 r-xp 00000000 fd:01 171750                         /usr/lib64/libXtst.so.6.1.0
3962a05000-3962c04000 ---p 00005000 fd:01 171750                         /usr/lib64/libXtst.so.6.1.0
3962c04000-3962c05000 r--p 00004000 fd:01 171750                         /usr/lib64/libXtst.so.6.1.0
3962c05000-3962c06000 rw-p 00005000 fd:01 171750                         /usr/lib64/libXtst.so.6.1.0
3962e00000-3962e0b000 r-xp 00000000 fd:01 153313                         /usr/lib64/libgsm.so.1.0.12
3962e0b000-396300a000 ---p 0000b000 fd:01 153313                         /usr/lib64/libgsm.so.1.0.12
396300a000-396300b000 rw-p 0000a000 fd:01 153313                         /usr/lib64/libgsm.so.1.0.12
3963a00000-3963a39000 r-xp 00000000 fd:01 171723                         /usr/lib64/libFLAC.so.8.2.0
3963a39000-3963c38000 ---p 00039000 fd:01 171723                         /usr/lib64/libFLAC.so.8.2.0
3963c38000-3963c39000 r--p 00038000 fd:01 171723                         /usr/lib64/libFLAC.so.8.2.0
3963c39000-3963c3a000 rw-p 00039000 fd:01 171723                         /usr/lib64/libFLAC.so.8.2.0
3964600000-39648b3000 r-xp 00000000 fd:01 171725                         /usr/lib64/libvorbisenc.so.2.0.9
39648b3000-3964ab2000 ---p 002b3000 fd:01 171725                         /usr/lib64/libvorbisenc.so.2.0.9
3964ab2000-3964ace000 r--p 002b2000 fd:01 171725                         /usr/lib64/libvorbisenc.so.2.0.9
3964ace000-3964acf000 rw-p 002ce000 fd:01 171725                         /usr/lib64/libvorbisenc.so.2.0.9
3964c00000-3964c07000 r-xp 00000000 fd:01 135356                         /usr/lib64/libjson.so.0.0.1
3964c07000-3964e06000 ---p 00007000 fd:01 135356                         /usr/lib64/libjson.so.0.0.1
3964e06000-3964e07000 r--p 00006000 fd:01 135356                         /usr/lib64/libjson.so.0.0.1
3964e07000-3964e08000 rw-p 00007000 fd:01 135356                         /usr/lib64/libjson.so.0.0.1
3965000000-3965055000 r-xp 00000000 fd:01 171726                         /usr/lib64/libsndfile.so.1.0.25
3965055000-3965255000 ---p 00055000 fd:01 171726                         /usr/lib64/libsndfile.so.1.0.25
3965255000-3965257000 r--p 00055000 fd:01 171726                         /usr/lib64/libsndfile.so.1.0.25
3965257000-3965258000 rw-p 00057000 fd:01 171726                         /usr/lib64/libsndfile.so.1.0.25
3965258000-396525c000 rw-p 00000000 00:00 0 
3965c00000-3965c60000 r-xp 00000000 fd:01 171754                         /usr/lib64/libpulsecommon-1.1.so
3965c60000-3965e5f000 ---p 00060000 fd:01 171754                         /usr/lib64/libpulsecommon-1.1.so
3965e5f000-3965e60000 r--p 0005f000 fd:01 171754                         /usr/lib64/libpulsecommon-1.1.so
3965e60000-3965e62000 rw-p 00060000 fd:01 171754                         /usr/lib64/libpulsecommon-1.1.so
3966000000-3966047000 r-xp 00000000 fd:01 171755                         /usr/lib64/libpulse.so.0.13.5
3966047000-3966246000 ---p 00047000 fd:01 171755                         /usr/lib64/libpulse.so.0.13.5
3966246000-3966247000 r--p 00046000 fd:01 171755                         /usr/lib64/libpulse.so.0.13.5
3966247000-3966248000 rw-p 00047000 fd:01 171755                         /usr/lib64/libpulse.so.0.13.5
3966400000-3966405000 r-xp 00000000 fd:01 171753                         /usr/lib64/libasyncns.so.0.3.1
3966405000-3966604000 ---p 00005000 fd:01 171753                         /usr/lib64/libasyncns.so.0.3.1
3966604000-3966605000 r--p 00004000 fd:01 171753                         /usr/lib64/libasyncns.so.0.3.1
3966605000-3966606000 rw-p 00005000 fd:01 171753                         /usr/lib64/libasyncns.so.0.3.1
3966800000-3966809000 r-xp 00000000 fd:01 171752                         /usr/lib64/libwrap.so.0.7.6
3966809000-3966a08000 ---p 00009000 fd:01 171752                         /usr/lib64/libwrap.so.0.7.6
3966a08000-3966a09000 r--p 00008000 fd:01 171752                         /usr/lib64/libwrap.so.0.7.6
3966a09000-3966a0a000 rw-p 00009000 fd:01 171752                         /usr/lib64/libwrap.so.0.7.6
3966a0a000-3966a0b000 rw-p 00000000 00:00 0 
3969400000-3969403000 r-xp 00000000 fd:01 399014                         /usr/lib64/nvidia/tls/libnvidia-tls.so.304.64
3969403000-3969602000 ---p 00003000 fd:01 399014                         /usr/lib64/nvidia/tls/libnvidia-tls.so.304.64
3969602000-3969603000 rw-p 00002000 fd:01 399014                         /usr/lib64/nvidia/tls/libnvidia-tls.so.304.64
3969800000-396b1d0000 r-xp 00000000 fd:01 399016                         /usr/lib64/nvidia/libnvidia-glcore.so.304.64
396b1d0000-396b3cf000 ---p 019d0000 fd:01 399016                         /usr/lib64/nvidia/libnvidia-glcore.so.304.64
396b3cf000-396bbd0000 rwxp 019cf000 fd:01 399016                         /usr/lib64/nvidia/libnvidia-glcore.so.304.64
396bbd0000-396bbea000 rwxp 00000000 00:00 0 
396da00000-396daca000 r-xp 00000000 fd:01 399032                         /usr/lib64/nvidia/libGL.so.304.64
396daca000-396dcca000 ---p 000ca000 fd:01 399032                         /usr/lib64/nvidia/libGL.so.304.64
396dcca000-396dd07000 rwxp 000ca000 fd:01 399032                         /usr/lib64/nvidia/libGL.so.304.64
396dd07000-396dd1d000 rwxp 00000000 00:00 0 
3c28800000-3c28817000 r-xp 00000000 fd:01 136784                         /usr/lib64/libz.so.1.2.5
3c28817000-3c28a16000 ---p 00017000 fd:01 136784                         /usr/lib64/libz.so.1.2.5
3c28a16000-3c28a17000 rw-p 00016000 fd:01 136784                         /usr/lib64/libz.so.1.2.5
3c2a000000-3c2a004000 r-xp 00000000 fd:01 155523                         /usr/lib64/libXxf86vm.so.1.0.0
3c2a004000-3c2a204000 ---p 00004000 fd:01 155523                         /usr/lib64/libXxf86vm.so.1.0.0
3c2a204000-3c2a205000 r--p 00004000 fd:01 155523                         /usr/lib64/libXxf86vm.so.1.0.0
3c2a205000-3c2a206000 rw-p 00005000 fd:01 155523                         /usr/lib64/libXxf86vm.so.1.0.0
7ff3a4000000-7ff3a4021000 rw-p 00000000 00:00 0 
7ff3a4021000-7ff3a8000000 ---p 00000000 00:00 0 
7ff3abfff000-7ff3b0000000 rw-s 00000000 00:0f 50035                      /dev/shm/pulse-shm-2991593636
7ff3b0000000-7ff3b0021000 rw-p 00000000 00:00 0 
7ff3b0021000-7ff3b4000000 ---p 00000000 00:00 0 
7ff3b4000000-7ff3b4021000 rw-p 00000000 00:00 0 
7ff3b4021000-7ff3b8000000 ---p 00000000 00:00 0 
7ff3b8000000-7ff3b8021000 rw-p 00000000 00:00 0 
7ff3b8021000-7ff3bc000000 ---p 00000000 00:00 0 
7ff3bc000000-7ff3bc021000 rw-p 00000000 00:00 0 
7ff3bc021000-7ff3c0000000 ---p 00000000 00:00 0 
7ff3c0000000-7ff3c0021000 rw-p 00000000 00:00 0 
7ff3c0021000-7ff3c4000000 ---p 00000000 00:00 0 
7ff3c4000000-7ff3c4021000 rw-p 00000000 00:00 0 
7ff3c4021000-7ff3c8000000 ---p 00000000 00:00 0 
7ff3c8000000-7ff3c86a8000 rw-p 00000000 00:00 0 
7ff3c86a8000-7ff3cc000000 ---p 00000000 00:00 0 
7ff3cc000000-7ff3cc821000 rw-p 00000000 00:00 0 
7ff3cc821000-7ff3d0000000 ---p 00000000 00:00 0 
7ff3d0000000-7ff3d0021000 rw-p 00000000 00:00 0 
7ff3d0021000-7ff3d4000000 ---p 00000000 00:00 0 
7ff3d5bd3000-7ff3dc000000 r--p 00000000 fd:01 171543                     /usr/lib/locale/locale-archive
7ff3dc000000-7ff3dc021000 rw-p 00000000 00:00 0 
7ff3dc021000-7ff3e0000000 ---p 00000000 00:00 0 
7ff3e0000000-7ff3e0021000 rw-p 00000000 00:00 0 
7ff3e0021000-7ff3e4000000 ---p 00000000 00:00 0 
7ff3e4000000-7ff3e4021000 rw-p 00000000 00:00 0 
7ff3e4021000-7ff3e8000000 ---p 00000000 00:00 0 
7ff3e9b04000-7ff3e9c05000 rw-p 00000000 00:00 0 
7ff3e9d06000-7ff3e9e07000 rw-p 00000000 00:00 0 
7ff3e9f08000-7ff3ea009000 rw-p 00000000 00:00 0 
7ff3ea10a000-7ff3ea30a000 rw-s 1d2345000 00:05 16800                     /dev/nvidia0
7ff3ea30a000-7ff3ea30b000 ---p 00000000 00:00 0 
7ff3ea30b000-7ff3eab0b000 rw-p 00000000 00:00 0                          [stack:9843]
7ff3eab0b000-7ff3eab0c000 ---p 00000000 00:00 0 
7ff3eab0c000-7ff3ec000000 rw-p 00000000 00:00 0                          [stack:9842]
7ff3ec000000-7ff3ec021000 rw-p 00000000 00:00 0 
7ff3ec021000-7ff3f0000000 ---p 00000000 00:00 0 
7ff3f0000000-7ff3f0021000 rw-p 00000000 00:00 0 
7ff3f0021000-7ff3f4000000 ---p 00000000 00:00 0 
7ff3f4000000-7ff3f4021000 rw-p 00000000 00:00 0 
7ff3f4021000-7ff3f8000000 ---p 00000000 00:00 0 
7ff3f8000000-7ff3f8021000 rw-p 00000000 00:00 0 
7ff3f8021000-7ff3fc000000 ---p 00000000 00:00 0 
7ff3fc000000-7ff3fc021000 rw-p 00000000 00:00 0 
7ff3fc021000-7ff400000000 ---p 00000000 00:00 0 
7ff4000ad000-7ff4001ae000 rw-p 00000000 00:00 0 
7ff4002af000-7ff4003b0000 rw-p 00000000 00:00 0 
7ff4003b0000-7ff400404000 r-xp 00000000 fd:02 5374964                    /home/inferno/Development/12D Client/lib/lwjgl_native/linux/libopenal64.so
7ff400404000-7ff400604000 ---p 00054000 fd:02 5374964                    /home/inferno/Development/12D Client/lib/lwjgl_native/linux/libopenal64.so
7ff400604000-7ff400606000 r--p 00054000 fd:02 5374964                    /home/inferno/Development/12D Client/lib/lwjgl_native/linux/libopenal64.so
7ff400606000-7ff400607000 rw-p 00056000 fd:02 5374964                    /home/inferno/Development/12D Client/lib/lwjgl_native/linux/libopenal64.so
7ff400607000-7ff400608000 rw-p 00000000 00:00 0 
7ff400608000-7ff40061e000 r-xp 00000000 fd:01 395444                     /usr/lib/jvm/java-1.7.0-openjdk-1.7.0.9.x86_64/jre/lib/amd64/libnet.so
7ff40061e000-7ff40081e000 ---p 00016000 fd:01 395444                     /usr/lib/jvm/java-1.7.0-openjdk-1.7.0.9.x86_64/jre/lib/amd64/libnet.so
7ff40081e000-7ff40081f000 rw-p 00016000 fd:01 395444                     /usr/lib/jvm/java-1.7.0-openjdk-1.7.0.9.x86_64/jre/lib/amd64/libnet.so
7ff40081f000-7ff400830000 r-xp 00000000 fd:01 395445                     /usr/lib/jvm/java-1.7.0-openjdk-1.7.0.9.x86_64/jre/lib/amd64/libnio.so
7ff400830000-7ff400a2f000 ---p 00011000 fd:01 395445                     /usr/lib/jvm/java-1.7.0-openjdk-1.7.0.9.x86_64/jre/lib/amd64/libnio.so
7ff400a2f000-7ff400a30000 rw-p 00010000 fd:01 395445                     /usr/lib/jvm/java-1.7.0-openjdk-1.7.0.9.x86_64/jre/lib/amd64/libnio.so
7ff400a30000-7ff400c30000 rw-s 1d3cb2000 00:05 16800                     /dev/nvidia0
7ff400c30000-7ff404000000 rw-p 00000000 00:00 0 
7ff404000000-7ff404021000 rw-p 00000000 00:00 0 
7ff404021000-7ff408000000 ---p 00000000 00:00 0 
7ff408000000-7ff408021000 rw-p 00000000 00:00 0 
7ff408021000-7ff40c000000 ---p 00000000 00:00 0 
7ff40c000000-7ff40c021000 rw-p 00000000 00:00 0 
7ff40c021000-7ff410000000 ---p 00000000 00:00 0 
7ff41012e000-7ff41032e000 rw-s 12e946000 00:05 16800                     /dev/nvidia0
7ff41032e000-7ff41052e000 rw-s 16be8d000 00:05 16800                     /dev/nvidia0
7ff41052e000-7ff41062e000 rw-s 15b85e000 00:05 16800                     /dev/nvidia0
7ff41062e000-7ff410632000 rw-s 130f3c000 00:05 16800                     /dev/nvidia0
7ff410632000-7ff410652000 rw-s c8060000 00:05 16800                      /dev/nvidia0
7ff410652000-7ff4107b9000 rw-p 00000000 00:00 0 
7ff4107b9000-7ff41082d000 rw-p 00000000 00:00 0 
7ff410832000-7ff410872000 rw-s 151533000 00:05 16800                     /dev/nvidia0
7ff410872000-7ff410892000 rw-s 1516f5000 00:05 16800                     /dev/nvidia0
7ff410892000-7ff4108d2000 rw-s 16bffb000 00:05 16800                     /dev/nvidia0
7ff4108d2000-7ff4108f2000 rw-s 15bb0b000 00:05 16800                     /dev/nvidia0
7ff4108f2000-7ff41090f000 rw-s 1ba210000 00:05 16800                     /dev/nvidia0
7ff41090f000-7ff41094c000 rw-p 00000000 00:00 0 
7ff41094c000-7ff4109b2000 r-xp 00000000 fd:02 5374962                    /home/inferno/Development/12D Client/lib/lwjgl_native/linux/liblwjgl64.so
7ff4109b2000-7ff410bb1000 ---p 00066000 fd:02 5374962                    /home/inferno/Development/12D Client/lib/lwjgl_native/linux/liblwjgl64.so
7ff410bb1000-7ff410bb3000 r--p 00065000 fd:02 5374962                    /home/inferno/Development/12D Client/lib/lwjgl_native/linux/liblwjgl64.so
7ff410bb3000-7ff410bb4000 rw-p 00067000 fd:02 5374962                    /home/inferno/Development/12D Client/lib/lwjgl_native/linux/liblwjgl64.so
7ff410bb4000-7ff410bb5000 r-xp 00000000 fd:01 395436                     /usr/lib/jvm/java-1.7.0-openjdk-1.7.0.9.x86_64/jre/lib/amd64/libjawt.so
7ff410bb5000-7ff410db4000 ---p 00001000 fd:01 395436                     /usr/lib/jvm/java-1.7.0-openjdk-1.7.0.9.x86_64/jre/lib/amd64/libjawt.so
7ff410db4000-7ff410db5000 rw-p 00000000 fd:01 395436                     /usr/lib/jvm/java-1.7.0-openjdk-1.7.0.9.x86_64/jre/lib/amd64/libjawt.so
7ff410db5000-7ff410db8000 ---p 00000000 00:00 0 
7ff410db8000-7ff410ddd000 rw-p 00000000 00:00 0                          [stack:9836]
7ff410ddd000-7ff410de0000 ---p 00000000 00:00 0 
7ff410de0000-7ff410ede000 rw-p 00000000 00:00 0                          [stack:9834]
7ff410ede000-7ff410ee1000 ---p 00000000 00:00 0 
7ff410ee1000-7ff410fdf000 rw-p 00000000 00:00 0                          [stack:9833]
7ff410fdf000-7ff410fe9000 r--s 00263000 fd:01 395520                     /usr/lib/jvm/java-1.7.0-openjdk-1.7.0.9.x86_64/jre/lib/resources.jar
7ff410fe9000-7ff41103c000 r-xp 00000000 fd:01 395461                     /usr/lib/jvm/java-1.7.0-openjdk-1.7.0.9.x86_64/jre/lib/amd64/xawt/libmawt.so
7ff41103c000-7ff41123c000 ---p 00053000 fd:01 395461                     /usr/lib/jvm/java-1.7.0-openjdk-1.7.0.9.x86_64/jre/lib/amd64/xawt/libmawt.so
7ff41123c000-7ff411240000 rw-p 00053000 fd:01 395461                     /usr/lib/jvm/java-1.7.0-openjdk-1.7.0.9.x86_64/jre/lib/amd64/xawt/libmawt.so
7ff411240000-7ff411241000 rw-p 00000000 00:00 0 
7ff411241000-7ff4112e2000 r-xp 00000000 fd:01 395423                     /usr/lib/jvm/java-1.7.0-openjdk-1.7.0.9.x86_64/jre/lib/amd64/libawt.so
7ff4112e2000-7ff4114e2000 ---p 000a1000 fd:01 395423                     /usr/lib/jvm/java-1.7.0-openjdk-1.7.0.9.x86_64/jre/lib/amd64/libawt.so
7ff4114e2000-7ff4114ee000 rw-p 000a1000 fd:01 395423                     /usr/lib/jvm/java-1.7.0-openjdk-1.7.0.9.x86_64/jre/lib/amd64/libawt.so
7ff4114ee000-7ff411512000 rw-p 00000000 00:00 0 
7ff411512000-7ff41151e000 r--s 000d7000 fd:02 5374938                    /home/inferno/Development/12D Client/lib/lwjgl.jar
7ff41151e000-7ff411522000 r--s 00027000 fd:02 5374939                    /home/inferno/Development/12D Client/lib/lwjgl_util.jar
7ff411522000-7ff411525000 r--s 0002b000 fd:02 5374936                    /home/inferno/Development/12D Client/lib/jflac-1.3.jar
7ff411525000-7ff411526000 r--s 00001000 fd:02 5374937                    /home/inferno/Development/12D Client/lib/flibitFile.jar
7ff411526000-7ff411529000 r--s 0000f000 fd:01 395481                     /usr/lib/jvm/java-1.7.0-openjdk-1.7.0.9.x86_64/jre/lib/ext/pulse-java.jar
7ff411529000-7ff411532000 r--s 00066000 fd:01 395478                     /usr/lib/jvm/java-1.7.0-openjdk-1.7.0.9.x86_64/jre/lib/ext/gnome-java-bridge.jar
7ff411532000-7ff411533000 ---p 00000000 00:00 0 
7ff411533000-7ff411633000 rw-p 00000000 00:00 0                          [stack:9832]
7ff411633000-7ff411636000 ---p 00000000 00:00 0 
7ff411636000-7ff411734000 rw-p 00000000 00:00 0                          [stack:9831]
7ff411734000-7ff411737000 ---p 00000000 00:00 0 
7ff411737000-7ff411835000 rw-p 00000000 00:00 0                          [stack:9830]
7ff411835000-7ff411838000 ---p 00000000 00:00 0 
7ff411838000-7ff411936000 rw-p 00000000 00:00 0                          [stack:9829]
7ff411936000-7ff411939000 ---p 00000000 00:00 0 
7ff411939000-7ff411a37000 rw-p 00000000 00:00 0                          [stack:9828]
7ff411a37000-7ff411a3a000 ---p 00000000 00:00 0 
7ff411a3a000-7ff411b38000 rw-p 00000000 00:00 0                          [stack:9827]
7ff411b38000-7ff411b3b000 ---p 00000000 00:00 0 
7ff411b3b000-7ff411c39000 rw-p 00000000 00:00 0                          [stack:9826]
7ff411c39000-7ff411c3a000 ---p 00000000 00:00 0 
7ff411c3a000-7ff4139c9000 rw-p 00000000 00:00 0                          [stack:9825]
7ff4139c9000-7ff413b74000 r--s 03e6c000 fd:01 395522                     /usr/lib/jvm/java-1.7.0-openjdk-1.7.0.9.x86_64/jre/lib/rt.jar
7ff413b74000-7ff413b75000 ---p 00000000 00:00 0 
7ff413b75000-7ff413c75000 rw-p 00000000 00:00 0                          [stack:9824]
7ff413c75000-7ff413c76000 ---p 00000000 00:00 0 
7ff413c76000-7ff413d76000 rw-p 00000000 00:00 0                          [stack:9823]
7ff413d76000-7ff413d77000 ---p 00000000 00:00 0 
7ff413d77000-7ff413e77000 rw-p 00000000 00:00 0                          [stack:9822]
7ff413e77000-7ff413e78000 ---p 00000000 00:00 0 
7ff413e78000-7ff413f78000 rw-p 00000000 00:00 0                          [stack:9821]
7ff413f78000-7ff413f79000 ---p 00000000 00:00 0 
7ff413f79000-7ff414079000 rw-p 00000000 00:00 0                          [stack:9820]
7ff414079000-7ff41407a000 ---p 00000000 00:00 0 
7ff41407a000-7ff41417a000 rw-p 00000000 00:00 0                          [stack:9819]
7ff41417a000-7ff41417b000 ---p 00000000 00:00 0 
7ff41417b000-7ff41427b000 rw-p 00000000 00:00 0                          [stack:9818]
7ff41427b000-7ff41427c000 ---p 00000000 00:00 0 
7ff41427c000-7ff414387000 rw-p 00000000 00:00 0                          [stack:9817]
7ff414387000-7ff4143cf000 rw-p 00000000 00:00 0 
7ff4143cf000-7ff4143ef000 rw-p 00000000 00:00 0 
7ff4143ef000-7ff4145c1000 rw-p 00000000 00:00 0 
7ff4145c1000-7ff4145cc000 rw-p 00000000 00:00 0 
7ff4145cc000-7ff414614000 rw-p 00000000 00:00 0 
7ff414614000-7ff414634000 rw-p 00000000 00:00 0 
7ff414634000-7ff414805000 rw-p 00000000 00:00 0 
7ff414805000-7ff41483a000 rw-p 00000000 00:00 0 
7ff41483a000-7ff4148fe000 rw-p 00000000 00:00 0 
7ff4148fe000-7ff414909000 rw-p 00000000 00:00 0 
7ff414909000-7ff4149bf000 rw-p 00000000 00:00 0 
7ff4149bf000-7ff414c2f000 rwxp 00000000 00:00 0 
7ff414c2f000-7ff4179bf000 rw-p 00000000 00:00 0 
7ff4179bf000-7ff4179c7000 r-xp 00000000 fd:01 395455                     /usr/lib/jvm/java-1.7.0-openjdk-1.7.0.9.x86_64/jre/lib/amd64/libzip.so
7ff4179c7000-7ff417bc6000 ---p 00008000 fd:01 395455                     /usr/lib/jvm/java-1.7.0-openjdk-1.7.0.9.x86_64/jre/lib/amd64/libzip.so
7ff417bc6000-7ff417bc7000 rw-p 00007000 fd:01 395455                     /usr/lib/jvm/java-1.7.0-openjdk-1.7.0.9.x86_64/jre/lib/amd64/libzip.so
7ff417bc7000-7ff417bd3000 r-xp 00000000 fd:01 163888                     /usr/lib64/libnss_files-2.15.so
7ff417bd3000-7ff417dd2000 ---p 0000c000 fd:01 163888                     /usr/lib64/libnss_files-2.15.so
7ff417dd2000-7ff417dd3000 r--p 0000b000 fd:01 163888                     /usr/lib64/libnss_files-2.15.so
7ff417dd3000-7ff417dd4000 rw-p 0000c000 fd:01 163888                     /usr/lib64/libnss_files-2.15.so
7ff417dd4000-7ff417dfe000 r-xp 00000000 fd:01 395432                     /usr/lib/jvm/java-1.7.0-openjdk-1.7.0.9.x86_64/jre/lib/amd64/libjava.so
7ff417dfe000-7ff417ffe000 ---p 0002a000 fd:01 395432                     /usr/lib/jvm/java-1.7.0-openjdk-1.7.0.9.x86_64/jre/lib/amd64/libjava.so
7ff417ffe000-7ff418000000 rw-p 0002a000 fd:01 395432                     /usr/lib/jvm/java-1.7.0-openjdk-1.7.0.9.x86_64/jre/lib/amd64/libjava.so
7ff418000000-7ff418c38000 rw-p 00000000 00:00 0 
7ff418c38000-7ff41c000000 ---p 00000000 00:00 0 
7ff41c002000-7ff41c009000 r--s 00000000 fd:01 3373                       /usr/lib64/gconv/gconv-modules.cache
7ff41c009000-7ff41c00a000 r--s 00002000 fd:01 395477                     /usr/lib/jvm/java-1.7.0-openjdk-1.7.0.9.x86_64/jre/lib/ext/dnsns.jar
7ff41c00a000-7ff41c00c000 rw-p 00000000 00:00 0 
7ff41c00c000-7ff41c00e000 rw-s 00000000 fd:01 2003                       /tmp/glGHOTaF (deleted)
7ff41c00e000-7ff41c00f000 rw-s 151713000 00:05 16800                     /dev/nvidia0
7ff41c00f000-7ff41c011000 r--s 00002000 fd:02 5374941                    /home/inferno/Development/12D Client/lib/12Packets.jar
7ff41c011000-7ff41c014000 r--s 0001b000 fd:02 5374935                    /home/inferno/Development/12D Client/lib/xpp3-1.1.4c.jar
7ff41c014000-7ff41c021000 r--s 000aa000 fd:02 5374940                    /home/inferno/Development/12D Client/lib/TWL.jar
7ff41c021000-7ff41c06a000 rw-p 00000000 00:00 0 
7ff41c06a000-7ff41c077000 r-xp 00000000 fd:01 395454                     /usr/lib/jvm/java-1.7.0-openjdk-1.7.0.9.x86_64/jre/lib/amd64/libverify.so
7ff41c077000-7ff41c276000 ---p 0000d000 fd:01 395454                     /usr/lib/jvm/java-1.7.0-openjdk-1.7.0.9.x86_64/jre/lib/amd64/libverify.so
7ff41c276000-7ff41c278000 rw-p 0000c000 fd:01 395454                     /usr/lib/jvm/java-1.7.0-openjdk-1.7.0.9.x86_64/jre/lib/amd64/libverify.so
7ff41c278000-7ff41c27b000 ---p 00000000 00:00 0 
7ff41c27b000-7ff41c379000 rw-p 00000000 00:00 0                          [stack:9816]
7ff41c379000-7ff41cd7b000 r-xp 00000000 fd:01 395459                     /usr/lib/jvm/java-1.7.0-openjdk-1.7.0.9.x86_64/jre/lib/amd64/server/libjvm.so
7ff41cd7b000-7ff41cf7a000 ---p 00a02000 fd:01 395459                     /usr/lib/jvm/java-1.7.0-openjdk-1.7.0.9.x86_64/jre/lib/amd64/server/libjvm.so
7ff41cf7a000-7ff41d01b000 rw-p 00a01000 fd:01 395459                     /usr/lib/jvm/java-1.7.0-openjdk-1.7.0.9.x86_64/jre/lib/amd64/server/libjvm.so
7ff41d01b000-7ff41d04b000 rw-p 00000000 00:00 0 
7ff41d04b000-7ff41d04f000 rw-s 12e9a7000 00:05 16800                     /dev/nvidia0
7ff41d04f000-7ff41d050000 rw-s cfee6000 00:05 16800                      /dev/nvidia0
7ff41d050000-7ff41d051000 rw-s cfee5000 00:05 16800                      /dev/nvidia0
7ff41d051000-7ff41d052000 rw-s dc642000 00:05 16800                      /dev/nvidia0
7ff41d052000-7ff41d053000 rw-s 1b9071000 00:05 16800                     /dev/nvidia0
7ff41d053000-7ff41d054000 rw-s dc641000 00:05 16800                      /dev/nvidia0
7ff41d054000-7ff41d055000 rw-s 1b9070000 00:05 16800                     /dev/nvidia0
7ff41d055000-7ff41d056000 rw-s 16bd26000 00:05 16800                     /dev/nvidia0
7ff41d056000-7ff41d057000 rw-s dc060000 00:05 16800                      /dev/nvidia0
7ff41d057000-7ff41d058000 r--p 00000000 00:00 0 
7ff41d058000-7ff41d060000 rw-s 00000000 fd:01 400932                     /tmp/hsperfdata_inferno/9810
7ff41d060000-7ff41d061000 rw-p 00000000 00:00 0 
7ff41d061000-7ff41d062000 r--p 00000000 00:00 0 
7ff41d062000-7ff41d063000 rw-p 00000000 00:00 0 
7fff183e3000-7fff18404000 rw-p 00000000 00:00 0                          [stack]
7fff18444000-7fff18445000 r-xp 00000000 00:00 0                          [vdso]
ffffffffff600000-ffffffffff601000 r-xp 00000000 00:00 0                  [vsyscall]

VM Arguments:
jvm_args: -Djava.library.path=/home/inferno/Development/12D Client/lib/lwjgl_native/linux:/home/inferno/Development/12Snake/lib/lwjgl_native/linux -Dfile.encoding=UTF-8 
java_command: Executable
Launcher Type: SUN_STANDARD

Environment Variables:
PATH=/usr/local/bin:/usr/bin:/bin:/usr/local/sbin:/usr/sbin:/home/inferno/.local/bin:/home/inferno/bin
USERNAME=inferno
SHELL=/bin/bash
DISPLAY=:0.0

Signal Handlers:
SIGSEGV: [libjvm.so+0x85cb80], sa_mask[0]=0x7ffbfeff, sa_flags=0x10000004
SIGBUS: [libjvm.so+0x85cb80], sa_mask[0]=0x7ffbfeff, sa_flags=0x10000004
SIGFPE: [libjvm.so+0x6fe3b0], sa_mask[0]=0x7ffbfeff, sa_flags=0x10000004
SIGPIPE: [libjvm.so+0x6fe3b0], sa_mask[0]=0x7ffbfeff, sa_flags=0x10000004
SIGXFSZ: [libjvm.so+0x6fe3b0], sa_mask[0]=0x7ffbfeff, sa_flags=0x10000004
SIGILL: [libjvm.so+0x6fe3b0], sa_mask[0]=0x7ffbfeff, sa_flags=0x10000004
SIGUSR1: SIG_DFL, sa_mask[0]=0x00000000, sa_flags=0x00000000
SIGUSR2: [libjvm.so+0x6fe5e0], sa_mask[0]=0x00000004, sa_flags=0x10000004
SIGHUP: [libjvm.so+0x6fe720], sa_mask[0]=0x7ffbfeff, sa_flags=0x10000004
SIGINT: [libjvm.so+0x6fe720], sa_mask[0]=0x7ffbfeff, sa_flags=0x10000004
SIGTERM: [libjvm.so+0x6fe720], sa_mask[0]=0x7ffbfeff, sa_flags=0x10000004
SIGQUIT: [libjvm.so+0x6fe720], sa_mask[0]=0x7ffbfeff, sa_flags=0x10000004


---------------  S Y S T E M  ---------------

OS:Fedora release 17 (Beefy Miracle)

uname:Linux 3.6.8-2.fc17.x86_64 #1 SMP Tue Nov 27 19:35:02 UTC 2012 x86_64
libc:glibc 2.15 NPTL 2.15 
rlimit: STACK 8192k, CORE 0k, NPROC 1024, NOFILE 4096, AS infinity
load average:0.53 0.73 0.48

/proc/meminfo:
MemTotal:        6104232 kB
MemFree:         3279124 kB
Buffers:           67536 kB
Cached:          1009132 kB
SwapCached:            0 kB
Active:          1919080 kB
Inactive:         640380 kB
Active(anon):    1484312 kB
Inactive(anon):    11932 kB
Active(file):     434768 kB
Inactive(file):   628448 kB
Unevictable:          16 kB
Mlocked:              16 kB
SwapTotal:       8191996 kB
SwapFree:        8191996 kB
Dirty:               940 kB
Writeback:             0 kB
AnonPages:       1439904 kB
Mapped:           170100 kB
Shmem:             13464 kB
Slab:              93564 kB
SReclaimable:      42792 kB
SUnreclaim:        50772 kB
KernelStack:        3496 kB
PageTables:        34416 kB
NFS_Unstable:          0 kB
Bounce:                0 kB
WritebackTmp:          0 kB
CommitLimit:    11244112 kB
Committed_AS:    3484592 kB
VmallocTotal:   34359738367 kB
VmallocUsed:      364752 kB
VmallocChunk:   34359366460 kB
HardwareCorrupted:     0 kB
AnonHugePages:    653312 kB
HugePages_Total:       0
HugePages_Free:        0
HugePages_Rsvd:        0
HugePages_Surp:        0
Hugepagesize:       2048 kB
DirectMap4k:      167488 kB
DirectMap2M:     6115328 kB


CPU:total 8 (4 cores per cpu, 2 threads per core) family 6 model 26 stepping 5, cmov, cx8, fxsr, mmx, sse, sse2, sse3, ssse3, sse4.1, sse4.2, popcnt, ht, tsc, tscinvbit, tscinv

/proc/cpuinfo:
processor	: 0
vendor_id	: GenuineIntel
cpu family	: 6
model		: 26
model name	: Intel(R) Core(TM) i7 CPU       @ 9200 @ 2.67GHz
stepping	: 5
cpu MHz		: 2661.000
cache size	: 8192 KB
physical id	: 0
siblings	: 8
core id		: 0
cpu cores	: 4
apicid		: 0
initial apicid	: 0
fpu		: yes
fpu_exception	: yes
cpuid level	: 11
wp		: yes
flags		: fpu vme de pse tsc msr pae mce cx8 apic sep mtrr pge mca cmov pat pse36 clflush dts acpi mmx fxsr sse sse2 ss ht tm pbe syscall nx rdtscp lm constant_tsc arch_perfmon pebs bts rep_good nopl xtopology nonstop_tsc aperfmperf pni dtes64 monitor ds_cpl vmx est tm2 ssse3 cx16 xtpr pdcm sse4_1 sse4_2 popcnt lahf_lm ida dtherm tpr_shadow vnmi flexpriority ept vpid
bogomips	: 7141.90
clflush size	: 64
cache_alignment	: 64
address sizes	: 36 bits physical, 48 bits virtual
power management:

processor	: 1
vendor_id	: GenuineIntel
cpu family	: 6
model		: 26
model name	: Intel(R) Core(TM) i7 CPU       @ 9200 @ 2.67GHz
stepping	: 5
cpu MHz		: 1995.000
cache size	: 8192 KB
physical id	: 0
siblings	: 8
core id		: 3
cpu cores	: 4
apicid		: 6
initial apicid	: 6
fpu		: yes
fpu_exception	: yes
cpuid level	: 11
wp		: yes
flags		: fpu vme de pse tsc msr pae mce cx8 apic sep mtrr pge mca cmov pat pse36 clflush dts acpi mmx fxsr sse sse2 ss ht tm pbe syscall nx rdtscp lm constant_tsc arch_perfmon pebs bts rep_good nopl xtopology nonstop_tsc aperfmperf pni dtes64 monitor ds_cpl vmx est tm2 ssse3 cx16 xtpr pdcm sse4_1 sse4_2 popcnt lahf_lm ida dtherm tpr_shadow vnmi flexpriority ept vpid
bogomips	: 7141.90
clflush size	: 64
cache_alignment	: 64
address sizes	: 36 bits physical, 48 bits virtual
power management:

processor	: 2
vendor_id	: GenuineIntel
cpu family	: 6
model		: 26
model name	: Intel(R) Core(TM) i7 CPU       @ 9200 @ 2.67GHz
stepping	: 5
cpu MHz		: 1596.000
cache size	: 8192 KB
physical id	: 0
siblings	: 8
core id		: 1
cpu cores	: 4
apicid		: 2
initial apicid	: 2
fpu		: yes
fpu_exception	: yes
cpuid level	: 11
wp		: yes
flags		: fpu vme de pse tsc msr pae mce cx8 apic sep mtrr pge mca cmov pat pse36 clflush dts acpi mmx fxsr sse sse2 ss ht tm pbe syscall nx rdtscp lm constant_tsc arch_perfmon pebs bts rep_good nopl xtopology nonstop_tsc aperfmperf pni dtes64 monitor ds_cpl vmx est tm2 ssse3 cx16 xtpr pdcm sse4_1 sse4_2 popcnt lahf_lm ida dtherm tpr_shadow vnmi flexpriority ept vpid
bogomips	: 7141.90
clflush size	: 64
cache_alignment	: 64
address sizes	: 36 bits physical, 48 bits virtual
power management:

processor	: 3
vendor_id	: GenuineIntel
cpu family	: 6
model		: 26
model name	: Intel(R) Core(TM) i7 CPU       @ 9200 @ 2.67GHz
stepping	: 5
cpu MHz		: 1596.000
cache size	: 8192 KB
physical id	: 0
siblings	: 8
core id		: 2
cpu cores	: 4
apicid		: 4
initial apicid	: 4
fpu		: yes
fpu_exception	: yes
cpuid level	: 11
wp		: yes
flags		: fpu vme de pse tsc msr pae mce cx8 apic sep mtrr pge mca cmov pat pse36 clflush dts acpi mmx fxsr sse sse2 ss ht tm pbe syscall nx rdtscp lm constant_tsc arch_perfmon pebs bts rep_good nopl xtopology nonstop_tsc aperfmperf pni dtes64 monitor ds_cpl vmx est tm2 ssse3 cx16 xtpr pdcm sse4_1 sse4_2 popcnt lahf_lm ida dtherm tpr_shadow vnmi flexpriority ept vpid
bogomips	: 7141.90
clflush size	: 64
cache_alignment	: 64
address sizes	: 36 bits physical, 48 bits virtual
power management:

processor	: 4
vendor_id	: GenuineIntel
cpu family	: 6
model		: 26
model name	: Intel(R) Core(TM) i7 CPU       @ 9200 @ 2.67GHz
stepping	: 5
cpu MHz		: 1596.000
cache size	: 8192 KB
physical id	: 0
siblings	: 8
core id		: 3
cpu cores	: 4
apicid		: 7
initial apicid	: 7
fpu		: yes
fpu_exception	: yes
cpuid level	: 11
wp		: yes
flags		: fpu vme de pse tsc msr pae mce cx8 apic sep mtrr pge mca cmov pat pse36 clflush dts acpi mmx fxsr sse sse2 ss ht tm pbe syscall nx rdtscp lm constant_tsc arch_perfmon pebs bts rep_good nopl xtopology nonstop_tsc aperfmperf pni dtes64 monitor ds_cpl vmx est tm2 ssse3 cx16 xtpr pdcm sse4_1 sse4_2 popcnt lahf_lm ida dtherm tpr_shadow vnmi flexpriority ept vpid
bogomips	: 7141.90
clflush size	: 64
cache_alignment	: 64
address sizes	: 36 bits physical, 48 bits virtual
power management:

processor	: 5
vendor_id	: GenuineIntel
cpu family	: 6
model		: 26
model name	: Intel(R) Core(TM) i7 CPU       @ 9200 @ 2.67GHz
stepping	: 5
cpu MHz		: 1596.000
cache size	: 8192 KB
physical id	: 0
siblings	: 8
core id		: 1
cpu cores	: 4
apicid		: 3
initial apicid	: 3
fpu		: yes
fpu_exception	: yes
cpuid level	: 11
wp		: yes
flags		: fpu vme de pse tsc msr pae mce cx8 apic sep mtrr pge mca cmov pat pse36 clflush dts acpi mmx fxsr sse sse2 ss ht tm pbe syscall nx rdtscp lm constant_tsc arch_perfmon pebs bts rep_good nopl xtopology nonstop_tsc aperfmperf pni dtes64 monitor ds_cpl vmx est tm2 ssse3 cx16 xtpr pdcm sse4_1 sse4_2 popcnt lahf_lm ida dtherm tpr_shadow vnmi flexpriority ept vpid
bogomips	: 7141.90
clflush size	: 64
cache_alignment	: 64
address sizes	: 36 bits physical, 48 bits virtual
power management:

processor	: 6
vendor_id	: GenuineIntel
cpu family	: 6
model		: 26
model name	: Intel(R) Core(TM) i7 CPU       @ 9200 @ 2.67GHz
stepping	: 5
cpu MHz		: 2661.000
cache size	: 8192 KB
physical id	: 0
siblings	: 8
core id		: 2
cpu cores	: 4
apicid		: 5
initial apicid	: 5
fpu		: yes
fpu_exception	: yes
cpuid level	: 11
wp		: yes
flags		: fpu vme de pse tsc msr pae mce cx8 apic sep mtrr pge mca cmov pat pse36 clflush dts acpi mmx fxsr sse sse2 ss ht tm pbe syscall nx rdtscp lm constant_tsc arch_perfmon pebs bts rep_good nopl xtopology nonstop_tsc aperfmperf pni dtes64 monitor ds_cpl vmx est tm2 ssse3 cx16 xtpr pdcm sse4_1 sse4_2 popcnt lahf_lm ida dtherm tpr_shadow vnmi flexpriority ept vpid
bogomips	: 7141.90
clflush size	: 64
cache_alignment	: 64
address sizes	: 36 bits physical, 48 bits virtual
power management:

processor	: 7
vendor_id	: GenuineIntel
cpu family	: 6
model		: 26
model name	: Intel(R) Core(TM) i7 CPU       @ 9200 @ 2.67GHz
stepping	: 5
cpu MHz		: 2661.000
cache size	: 8192 KB
physical id	: 0
siblings	: 8
core id		: 0
cpu cores	: 4
apicid		: 1
initial apicid	: 1
fpu		: yes
fpu_exception	: yes
cpuid level	: 11
wp		: yes
flags		: fpu vme de pse tsc msr pae mce cx8 apic sep mtrr pge mca cmov pat pse36 clflush dts acpi mmx fxsr sse sse2 ss ht tm pbe syscall nx rdtscp lm constant_tsc arch_perfmon pebs bts rep_good nopl xtopology nonstop_tsc aperfmperf pni dtes64 monitor ds_cpl vmx est tm2 ssse3 cx16 xtpr pdcm sse4_1 sse4_2 popcnt lahf_lm ida dtherm tpr_shadow vnmi flexpriority ept vpid
bogomips	: 7141.90
clflush size	: 64
cache_alignment	: 64
address sizes	: 36 bits physical, 48 bits virtual
power management:



Memory: 4k page, physical 6104232k(3279124k free), swap 8191996k(8191996k free)

vm_info: OpenJDK 64-Bit Server VM (23.2-b09) for linux-amd64 JRE (1.7.0_09-icedtea-mockbuild_2012_10_17_15_53-b00), built on Oct 17 2012 16:01:41 by "mockbuild" with gcc 4.7.2 20120921 (Red Hat 4.7.2-2)

time: Wed Mar 20 20:48:57 2013
elapsed time: 1 seconds

